{"level":"debug","Logging":"info","time":"2024-02-26T00:50:16+08:00","message":"Config"}
{"level":"debug","UseTLS":false,"time":"2024-02-26T00:50:16+08:00","message":"Config"}
{"level":"debug","CACertFile":"tls-data/ca.pem","time":"2024-02-26T00:50:16+08:00","message":"Config"}
{"level":"debug","KeyFile":"tls-data/auth.key","time":"2024-02-26T00:50:16+08:00","message":"Config"}
{"level":"debug","CertFile":"tls-data/auth.pem","time":"2024-02-26T00:50:16+08:00","message":"Config"}
{"level":"debug","PriorityConnections":2,"time":"2024-02-26T00:50:16+08:00","message":"Config"}
{"level":"debug","BasicConnections":4,"time":"2024-02-26T00:50:16+08:00","message":"Config"}
{"level":"debug","TestConnections":false,"time":"2024-02-26T00:50:16+08:00","message":"Config"}
{"level":"debug","ExcessConnections":1,"time":"2024-02-26T00:50:16+08:00","message":"Config"}
{"level":"debug","ConnectionTestMsgs":4,"time":"2024-02-26T00:50:16+08:00","message":"Config"}
{"level":"debug","ConnectionTestPayload":131072,"time":"2024-02-26T00:50:16+08:00","message":"Config"}
{"level":"debug","OutMessageBufsize":1024,"time":"2024-02-26T00:50:16+08:00","message":"Config"}
{"level":"debug","OutMessageBufsize":1,"time":"2024-02-26T00:50:16+08:00","message":"Config"}
{"level":"debug","ThroughputCap":131072000,"time":"2024-02-26T00:50:16+08:00","message":"Config"}
{"level":"debug","StragglerTolerance":1000,"time":"2024-02-26T00:50:16+08:00","message":"Config"}
{"level":"debug","BatchSizeIncrement":256,"time":"2024-02-26T00:50:16+08:00","message":"Config"}
{"level":"debug","Orderer":"Pbft","time":"2024-02-26T00:50:16+08:00","message":"Config"}
{"level":"debug","Manager":"Mir","time":"2024-02-26T00:50:16+08:00","message":"Config"}
{"level":"debug","Failures":0,"time":"2024-02-26T00:50:16+08:00","message":"Config"}
{"level":"debug","CrashTiming":"EpochStart","time":"2024-02-26T00:50:16+08:00","message":"Config"}
{"level":"debug","CheckpointInterval":256,"time":"2024-02-26T00:50:16+08:00","message":"Config"}
{"level":"debug","WatermarkWindowSize":256,"time":"2024-02-26T00:50:16+08:00","message":"Config"}
{"level":"debug","EpochLength":256,"time":"2024-02-26T00:50:16+08:00","message":"Config"}
{"level":"debug","SegmentLength":64,"time":"2024-02-26T00:50:16+08:00","message":"Config"}
{"level":"debug","WaitForCheckpoints":true,"time":"2024-02-26T00:50:16+08:00","message":"Config"}
{"level":"debug","ClientWatermarkWindowSize":4194304,"time":"2024-02-26T00:50:16+08:00","message":"Config"}
{"level":"debug","ClientRequestBacklogSize":4194304,"time":"2024-02-26T00:50:16+08:00","message":"Config"}
{"level":"debug","RandomSeed":26660,"time":"2024-02-26T00:50:16+08:00","message":"Config"}
{"level":"debug","NodeToLeaderRatio":1,"time":"2024-02-26T00:50:16+08:00","message":"Config"}
{"level":"debug","LeaderPolicy":"Simple","time":"2024-02-26T00:50:16+08:00","message":"Config"}
{"level":"debug","DefaultLeaderBan":2,"time":"2024-02-26T00:50:16+08:00","message":"Config"}
{"level":"debug","NumBuckets":64,"time":"2024-02-26T00:50:16+08:00","message":"Config"}
{"level":"debug","BatchSize":1000,"time":"2024-02-26T00:50:16+08:00","message":"Config"}
{"level":"debug","DisabledViewChange":false,"time":"2024-02-26T00:50:16+08:00","message":"Config"}
{"level":"debug","ViewChangeTimeout":60000,"time":"2024-02-26T00:50:16+08:00","message":"Config"}
{"level":"debug","ClientTraceSampling":10,"time":"2024-02-26T00:50:16+08:00","message":"Config"}
{"level":"debug","EventBufferSize":2097152,"time":"2024-02-26T00:50:16+08:00","message":"Config"}
{"level":"debug","TraceSampling":1,"time":"2024-02-26T00:50:16+08:00","message":"Config"}
{"level":"debug","ClientsPerProcess":1,"time":"2024-02-26T00:50:16+08:00","message":"Config"}
{"level":"debug","RequestsPerClient":15360,"time":"2024-02-26T00:50:16+08:00","message":"Config"}
{"level":"debug","ClientRunTime":30000,"time":"2024-02-26T00:50:16+08:00","message":"Config"}
{"level":"debug","RequestRate":256,"time":"2024-02-26T00:50:16+08:00","message":"Config"}
{"level":"debug","HardRequestRateLimit":false,"time":"2024-02-26T00:50:16+08:00","message":"Config"}
{"level":"debug","RequestPayloadSize":500,"time":"2024-02-26T00:50:16+08:00","message":"Config"}
{"level":"debug","SignRequests":true,"time":"2024-02-26T00:50:16+08:00","message":"Config"}
{"level":"debug","ClientPrivKeyFile":"tls-data/client-ecdsa-256.key","time":"2024-02-26T00:50:16+08:00","message":"Config"}
{"level":"debug","ClientPubKeyFile":"tls-data/client-ecdsa-256.pem","time":"2024-02-26T00:50:16+08:00","message":"Config"}
{"level":"debug","PrecomputeRequests":false,"time":"2024-02-26T00:50:16+08:00","message":"Config"}
{"level":"debug","RequestHandlerThreads":32,"time":"2024-02-26T00:50:16+08:00","message":"Config"}
{"level":"debug","RequestInputChannelBuffer":8192,"time":"2024-02-26T00:50:16+08:00","message":"Config"}
{"level":"debug","BatchVerifier":"external","time":"2024-02-26T00:50:16+08:00","message":"Config"}
00:50:16.399 INF Registered with discovery server. numPeers=4 ownID=2
00:50:16.400 INF Profiling enabled.
00:50:16.401 INF Setting up profiling.
00:50:16.402 INF Started Profiler: CPU
00:50:16.402 INF Started Profiler: BLOCK
00:50:16.402 INF Started Profiler: MUTEX
00:50:16.402 INF Profiler will stop on signal. exit=true
00:50:16.424 INF Tracing will stop on signal. exit=false
00:50:16.424 INF Started tracing. traceFile=experiment-output/0001/slave-001/peer.trc
00:50:16.427 INF Connecting to peer. addr=127.0.0.1:10011 basicConns=4 priorityConns=2
00:50:16.428 INF Connecting to peer. addr=127.0.0.1:10022 basicConns=4 priorityConns=2
00:50:16.428 INF Listening for connections. port=10022 useTLS=false
00:50:16.428 INF Connecting to peer. addr=127.0.0.1:10033 basicConns=4 priorityConns=2
00:50:16.429 INF Connecting to peer. addr=127.0.0.1:10000 basicConns=4 priorityConns=2
00:50:16.504 INF Incoming connection for protocol messages. addr=127.0.0.1:45660
00:50:16.526 INF Incoming connection for protocol messages. addr=127.0.0.1:45644
00:50:16.544 INF Incoming connection for protocol messages. addr=127.0.0.1:45664
00:50:16.557 INF Incoming connection for protocol messages. addr=127.0.0.1:45672
00:50:16.558 INF Incoming connection for protocol messages. addr=127.0.0.1:45754
00:50:16.562 INF Incoming connection for protocol messages. addr=127.0.0.1:45750
00:50:16.563 INF Incoming connection for protocol messages. addr=127.0.0.1:45710
00:50:16.564 INF Incoming connection for protocol messages. addr=127.0.0.1:45736
00:50:16.583 INF Incoming connection for protocol messages. addr=127.0.0.1:45678
00:50:16.583 INF Incoming connection for protocol messages. addr=127.0.0.1:45788
00:50:16.583 INF Incoming connection for protocol messages. addr=127.0.0.1:45668
00:50:16.583 INF Incoming connection for protocol messages. addr=127.0.0.1:45730
00:50:16.584 INF Incoming connection for protocol messages. addr=127.0.0.1:45714
00:50:16.584 INF Incoming connection for protocol messages. addr=127.0.0.1:45782
00:50:16.585 INF Connected to all peers.
00:50:16.586 INF Incoming connection for protocol messages. addr=127.0.0.1:45682
00:50:16.586 INF Incoming connection for protocol messages. addr=127.0.0.1:45778
00:50:16.594 INF Incoming connection for protocol messages. addr=127.0.0.1:45764
00:50:16.595 INF Incoming connection for protocol messages. addr=127.0.0.1:45810
00:50:16.606 INF Incoming connection for protocol messages. addr=127.0.0.1:45694
00:50:16.607 INF Incoming connection for protocol messages. addr=127.0.0.1:45802
00:50:16.608 INF Incoming connection for protocol messages. addr=127.0.0.1:45762
00:50:16.609 INF Incoming connection for protocol messages. addr=127.0.0.1:45798
00:50:16.610 INF Incoming connection for protocol messages. addr=127.0.0.1:45816
00:50:16.613 INF Incoming connection for protocol messages. addr=127.0.0.1:45820
00:50:17.461 INF All peers finished connecting. Starting ISS.
00:50:17.462 INF PbftOrderer received a new segment: [3 7 11 15 19 23 27 31 35 39 43 47 51 55 59 63 67 71 75 79 83 87 91 95 99 103 107 111 115 119 123 127 131 135 139 143 147 151 155 159 163 167 171 175 179 183 187 191 195 199 203 207 211 215 219 223 227 231 235 239 243 247 251 255] first leader=3 firstSN=3 lastSN=255 len=64 length=64 segId=3
00:50:17.462 INF Starting new view. segID=3 timeout=60000 view=0
00:50:17.463 INF Starting PBFT instance. first=3 last=255 segID=3
00:50:17.464 INF Starting serialized message processing. segID=3
00:50:17.464 INF PbftOrderer received a new segment: [0 4 8 12 16 20 24 28 32 36 40 44 48 52 56 60 64 68 72 76 80 84 88 92 96 100 104 108 112 116 120 124 128 132 136 140 144 148 152 156 160 164 168 172 176 180 184 188 192 196 200 204 208 212 216 220 224 228 232 236 240 244 248 252] first leader=0 firstSN=0 lastSN=252 len=64 length=64 segId=0
00:50:17.465 INF Starting new view. segID=0 timeout=60000 view=0
00:50:17.466 INF Starting PBFT instance. first=0 last=252 segID=0
00:50:17.466 INF Starting serialized message processing. segID=0
00:50:17.476 INF PbftOrderer received a new segment: [1 5 9 13 17 21 25 29 33 37 41 45 49 53 57 61 65 69 73 77 81 85 89 93 97 101 105 109 113 117 121 125 129 133 137 141 145 149 153 157 161 165 169 173 177 181 185 189 193 197 201 205 209 213 217 221 225 229 233 237 241 245 249 253] first leader=1 firstSN=1 lastSN=253 len=64 length=64 segId=1
00:50:17.476 INF Starting new view. segID=1 timeout=60000 view=0
00:50:17.477 INF Starting PBFT instance. first=1 last=253 segID=1
00:50:17.478 INF Starting serialized message processing. segID=1
00:50:17.479 INF PbftOrderer received a new segment: [2 6 10 14 18 22 26 30 34 38 42 46 50 54 58 62 66 70 74 78 82 86 90 94 98 102 106 110 114 118 122 126 130 134 138 142 146 150 154 158 162 166 170 174 178 182 186 190 194 198 202 206 210 214 218 222 226 230 234 238 242 246 250 254] first leader=2 firstSN=2 lastSN=254 len=64 length=64 segId=2
00:50:17.479 INF Starting new view. segID=2 timeout=60000 view=0
00:50:17.481 INF Starting PBFT instance. first=2 last=254 segID=2
00:50:17.482 INF Starting serialized message processing. segID=2
00:50:18.485 INF Sending PREPREPARE. nReq=0 senderID=2 sn=2 view=0
00:50:18.510 INF Handling PREPREPARE. nReq=0 senderID=3 sn=3
00:50:18.511 INF Handling PREPREPARE. nReq=0 senderID=1 sn=1
00:50:18.513 INF Committed entry. latency=0 nReq=0 sn=3
00:50:18.513 INF Committed entry. latency=0 nReq=0 sn=1
00:50:18.525 INF Committed entry. latency=0 nReq=0 sn=2
00:50:18.512 INF Handling PREPREPARE. nReq=0 senderID=0 sn=0
00:50:18.528 INF Committed entry. latency=0 nReq=0 sn=0
00:50:18.532 INF Delivered batch. nReq=0 sn=0
00:50:18.533 INF Delivered batch. nReq=0 sn=1
00:50:18.534 INF Delivered batch. nReq=0 sn=2
00:50:18.535 INF Delivered batch. nReq=0 sn=3
00:50:19.478 INF Handling PREPREPARE. nReq=0 senderID=0 sn=4
00:50:19.486 INF Handling PREPREPARE. nReq=0 senderID=1 sn=5
00:50:19.486 INF Handling PREPREPARE. nReq=0 senderID=3 sn=7
00:50:19.487 INF Committed entry. latency=0 nReq=0 sn=4
00:50:19.487 INF Delivered batch. nReq=0 sn=4
00:50:19.488 INF Sending PREPREPARE. nReq=0 senderID=2 sn=6 view=0
00:50:19.490 INF Committed entry. latency=0 nReq=0 sn=7
00:50:19.495 INF Committed entry. latency=0 nReq=0 sn=5
00:50:19.495 INF Delivered batch. nReq=0 sn=5
00:50:19.496 INF Committed entry. latency=0 nReq=0 sn=6
00:50:19.496 INF Delivered batch. nReq=0 sn=6
00:50:19.496 INF Delivered batch. nReq=0 sn=7
00:50:19.644 INF Incoming connection for requests. addr=127.0.0.1:56348
00:50:20.498 INF Handling PREPREPARE. nReq=45 senderID=0 sn=8
00:50:20.502 INF Sending PREPREPARE. nReq=45 senderID=2 sn=10 view=0
00:50:20.506 INF Handling PREPREPARE. nReq=44 senderID=3 sn=11
00:50:20.553 INF Committed entry. latency=0 nReq=45 sn=8
00:50:20.554 INF Delivered batch. nReq=45 sn=8
00:50:20.567 INF Committed entry. latency=0 nReq=45 sn=10
00:50:20.593 INF Committed entry. latency=0 nReq=44 sn=11
00:50:20.593 INF Handling PREPREPARE. nReq=45 senderID=1 sn=9
00:50:20.620 INF Committed entry. latency=0 nReq=45 sn=9
00:50:20.620 INF Delivered batch. nReq=45 sn=9
00:50:20.622 INF Delivered batch. nReq=45 sn=10
00:50:20.642 INF Delivered batch. nReq=44 sn=11
00:50:21.524 INF Sending PREPREPARE. nReq=64 senderID=2 sn=14 view=0
00:50:21.558 INF Handling PREPREPARE. nReq=64 senderID=1 sn=13
00:50:21.561 INF Handling PREPREPARE. nReq=65 senderID=3 sn=15
00:50:21.631 INF Handling PREPREPARE. nReq=64 senderID=0 sn=12
00:50:21.667 INF Committed entry. latency=0 nReq=64 sn=13
00:50:21.684 INF Committed entry. latency=0 nReq=64 sn=12
00:50:21.684 INF Delivered batch. nReq=64 sn=12
00:50:21.684 INF Delivered batch. nReq=64 sn=13
00:50:21.684 INF Committed entry. latency=0 nReq=65 sn=15
00:50:21.708 INF Committed entry. latency=0 nReq=64 sn=14
00:50:21.708 INF Delivered batch. nReq=64 sn=14
00:50:21.708 INF Delivered batch. nReq=65 sn=15
00:50:22.495 INF Handling PREPREPARE. nReq=64 senderID=0 sn=16
00:50:22.530 INF Sending PREPREPARE. nReq=65 senderID=2 sn=18 view=0
00:50:22.546 INF Handling PREPREPARE. nReq=65 senderID=1 sn=17
00:50:22.580 INF Handling PREPREPARE. nReq=64 senderID=3 sn=19
00:50:22.623 INF Committed entry. latency=0 nReq=64 sn=16
00:50:22.624 INF Delivered batch. nReq=64 sn=16
00:50:22.624 INF Committed entry. latency=0 nReq=65 sn=17
00:50:22.624 INF Delivered batch. nReq=65 sn=17
00:50:22.629 INF Committed entry. latency=0 nReq=64 sn=19
00:50:22.635 INF Committed entry. latency=0 nReq=65 sn=18
00:50:22.635 INF Delivered batch. nReq=65 sn=18
00:50:22.635 INF Delivered batch. nReq=64 sn=19
00:50:23.511 INF Handling PREPREPARE. nReq=64 senderID=0 sn=20
00:50:23.568 INF Sending PREPREPARE. nReq=65 senderID=2 sn=22 view=0
00:50:23.586 INF Handling PREPREPARE. nReq=65 senderID=1 sn=21
00:50:23.592 INF Committed entry. latency=0 nReq=64 sn=20
00:50:23.593 INF Delivered batch. nReq=64 sn=20
00:50:23.626 INF Handling PREPREPARE. nReq=65 senderID=3 sn=23
00:50:23.641 INF Committed entry. latency=0 nReq=65 sn=22
00:50:23.646 INF Committed entry. latency=0 nReq=65 sn=21
00:50:23.646 INF Delivered batch. nReq=65 sn=21
00:50:23.647 INF Delivered batch. nReq=65 sn=22
00:50:23.693 INF Committed entry. latency=0 nReq=65 sn=23
00:50:23.693 INF Delivered batch. nReq=65 sn=23
00:50:24.511 INF Handling PREPREPARE. nReq=65 senderID=0 sn=24
00:50:24.559 INF Sending PREPREPARE. nReq=64 senderID=2 sn=26 view=0
00:50:24.561 INF Handling PREPREPARE. nReq=66 senderID=3 sn=27
00:50:24.578 INF Committed entry. latency=0 nReq=65 sn=24
00:50:24.578 INF Delivered batch. nReq=65 sn=24
00:50:24.592 INF Handling PREPREPARE. nReq=66 senderID=1 sn=25
00:50:24.598 INF Committed entry. latency=0 nReq=66 sn=27
00:50:24.662 INF Committed entry. latency=0 nReq=66 sn=25
00:50:24.663 INF Delivered batch. nReq=66 sn=25
00:50:24.668 INF Committed entry. latency=0 nReq=64 sn=26
00:50:24.669 INF Delivered batch. nReq=64 sn=26
00:50:24.669 INF Delivered batch. nReq=66 sn=27
00:50:25.520 INF Handling PREPREPARE. nReq=64 senderID=0 sn=28
00:50:25.547 INF Committed entry. latency=0 nReq=64 sn=28
00:50:25.556 INF Delivered batch. nReq=64 sn=28
00:50:25.576 INF Sending PREPREPARE. nReq=66 senderID=2 sn=30 view=0
00:50:25.597 INF Handling PREPREPARE. nReq=64 senderID=3 sn=31
00:50:25.631 INF Handling PREPREPARE. nReq=64 senderID=1 sn=29
00:50:25.657 INF Committed entry. latency=0 nReq=66 sn=30
00:50:25.662 INF Committed entry. latency=0 nReq=64 sn=31
00:50:25.667 INF Committed entry. latency=0 nReq=64 sn=29
00:50:25.668 INF Delivered batch. nReq=64 sn=29
00:50:25.668 INF Delivered batch. nReq=66 sn=30
00:50:25.668 INF Delivered batch. nReq=64 sn=31
00:50:26.518 INF Handling PREPREPARE. nReq=65 senderID=0 sn=32
00:50:26.557 INF Committed entry. latency=0 nReq=65 sn=32
00:50:26.557 INF Delivered batch. nReq=65 sn=32
00:50:26.579 INF Sending PREPREPARE. nReq=65 senderID=2 sn=34 view=0
00:50:26.598 INF Handling PREPREPARE. nReq=65 senderID=3 sn=35
00:50:26.602 INF Handling PREPREPARE. nReq=65 senderID=1 sn=33
00:50:26.666 INF Committed entry. latency=0 nReq=65 sn=34
00:50:26.678 INF Committed entry. latency=0 nReq=65 sn=35
00:50:26.699 INF Committed entry. latency=0 nReq=65 sn=33
00:50:26.703 INF Delivered batch. nReq=65 sn=33
00:50:26.703 INF Delivered batch. nReq=65 sn=34
00:50:26.704 INF Delivered batch. nReq=65 sn=35
00:50:27.541 INF Handling PREPREPARE. nReq=64 senderID=0 sn=36
00:50:27.563 INF Committed entry. latency=0 nReq=64 sn=36
00:50:27.563 INF Delivered batch. nReq=64 sn=36
00:50:27.583 INF Sending PREPREPARE. nReq=64 senderID=2 sn=38 view=0
00:50:27.594 INF Handling PREPREPARE. nReq=64 senderID=1 sn=37
00:50:27.649 INF Handling PREPREPARE. nReq=65 senderID=3 sn=39
00:50:27.659 INF Committed entry. latency=0 nReq=64 sn=37
00:50:27.662 INF Delivered batch. nReq=64 sn=37
00:50:27.672 INF Committed entry. latency=0 nReq=64 sn=38
00:50:27.672 INF Delivered batch. nReq=64 sn=38
00:50:27.695 INF Committed entry. latency=0 nReq=65 sn=39
00:50:27.695 INF Delivered batch. nReq=65 sn=39
00:50:28.528 INF Handling PREPREPARE. nReq=64 senderID=0 sn=40
00:50:28.559 INF Committed entry. latency=0 nReq=64 sn=40
00:50:28.560 INF Delivered batch. nReq=64 sn=40
00:50:28.594 INF Sending PREPREPARE. nReq=64 senderID=2 sn=42 view=0
00:50:28.605 INF Handling PREPREPARE. nReq=65 senderID=1 sn=41
00:50:28.658 INF Handling PREPREPARE. nReq=64 senderID=3 sn=43
00:50:28.674 INF Committed entry. latency=0 nReq=64 sn=42
00:50:28.686 INF Committed entry. latency=0 nReq=65 sn=41
00:50:28.686 INF Delivered batch. nReq=65 sn=41
00:50:28.687 INF Delivered batch. nReq=64 sn=42
00:50:28.694 INF Committed entry. latency=0 nReq=64 sn=43
00:50:28.694 INF Delivered batch. nReq=64 sn=43
00:50:29.539 INF Handling PREPREPARE. nReq=64 senderID=0 sn=44
00:50:29.570 INF Committed entry. latency=0 nReq=64 sn=44
00:50:29.570 INF Delivered batch. nReq=64 sn=44
00:50:29.587 INF Sending PREPREPARE. nReq=64 senderID=2 sn=46 view=0
00:50:29.620 INF Handling PREPREPARE. nReq=64 senderID=1 sn=45
00:50:29.658 INF Committed entry. latency=0 nReq=64 sn=46
00:50:29.673 INF Handling PREPREPARE. nReq=65 senderID=3 sn=47
00:50:29.687 INF Committed entry. latency=0 nReq=64 sn=45
00:50:29.687 INF Delivered batch. nReq=64 sn=45
00:50:29.687 INF Delivered batch. nReq=64 sn=46
00:50:29.717 INF Committed entry. latency=0 nReq=65 sn=47
00:50:29.717 INF Delivered batch. nReq=65 sn=47
00:50:30.545 INF Handling PREPREPARE. nReq=64 senderID=0 sn=48
00:50:30.592 INF Committed entry. latency=0 nReq=64 sn=48
00:50:30.592 INF Delivered batch. nReq=64 sn=48
00:50:30.604 INF Sending PREPREPARE. nReq=65 senderID=2 sn=50 view=0
00:50:30.660 INF Committed entry. latency=0 nReq=65 sn=50
00:50:30.680 INF Handling PREPREPARE. nReq=65 senderID=1 sn=49
00:50:30.724 INF Handling PREPREPARE. nReq=65 senderID=3 sn=51
00:50:30.742 INF Committed entry. latency=0 nReq=65 sn=49
00:50:30.743 INF Delivered batch. nReq=65 sn=49
00:50:30.743 INF Delivered batch. nReq=65 sn=50
00:50:30.782 INF Committed entry. latency=0 nReq=65 sn=51
00:50:30.784 INF Delivered batch. nReq=65 sn=51
00:50:31.550 INF Handling PREPREPARE. nReq=65 senderID=0 sn=52
00:50:31.587 INF Committed entry. latency=0 nReq=65 sn=52
00:50:31.587 INF Delivered batch. nReq=65 sn=52
00:50:31.617 INF Sending PREPREPARE. nReq=65 senderID=2 sn=54 view=0
00:50:31.681 INF Committed entry. latency=0 nReq=65 sn=54
00:50:31.682 INF Handling PREPREPARE. nReq=66 senderID=1 sn=53
00:50:31.718 INF Committed entry. latency=0 nReq=66 sn=53
00:50:31.719 INF Delivered batch. nReq=66 sn=53
00:50:31.719 INF Delivered batch. nReq=65 sn=54
00:50:31.749 INF Handling PREPREPARE. nReq=66 senderID=3 sn=55
00:50:31.781 INF Committed entry. latency=0 nReq=66 sn=55
00:50:31.781 INF Delivered batch. nReq=66 sn=55
00:50:32.564 INF Handling PREPREPARE. nReq=64 senderID=0 sn=56
00:50:32.591 INF Committed entry. latency=0 nReq=64 sn=56
00:50:32.592 INF Delivered batch. nReq=64 sn=56
00:50:32.613 INF Sending PREPREPARE. nReq=64 senderID=2 sn=58 view=0
00:50:32.672 INF Committed entry. latency=0 nReq=64 sn=58
00:50:32.688 INF Handling PREPREPARE. nReq=66 senderID=3 sn=59
00:50:32.712 INF Handling PREPREPARE. nReq=66 senderID=1 sn=57
00:50:32.755 INF Committed entry. latency=0 nReq=66 sn=59
00:50:32.773 INF Committed entry. latency=0 nReq=66 sn=57
00:50:32.774 INF Delivered batch. nReq=66 sn=57
00:50:32.776 INF Delivered batch. nReq=64 sn=58
00:50:32.777 INF Delivered batch. nReq=66 sn=59
00:50:33.556 INF Handling PREPREPARE. nReq=65 senderID=0 sn=60
00:50:33.588 INF Committed entry. latency=0 nReq=65 sn=60
00:50:33.588 INF Delivered batch. nReq=65 sn=60
00:50:33.630 INF Sending PREPREPARE. nReq=64 senderID=2 sn=62 view=0
00:50:33.683 INF Committed entry. latency=0 nReq=64 sn=62
00:50:33.701 INF Handling PREPREPARE. nReq=63 senderID=3 sn=63
00:50:33.701 INF Handling PREPREPARE. nReq=63 senderID=1 sn=61
00:50:33.769 INF Committed entry. latency=0 nReq=63 sn=61
00:50:33.770 INF Delivered batch. nReq=63 sn=61
00:50:33.770 INF Delivered batch. nReq=64 sn=62
00:50:33.776 INF Committed entry. latency=0 nReq=63 sn=63
00:50:33.776 INF Delivered batch. nReq=63 sn=63
00:50:34.569 INF Handling PREPREPARE. nReq=64 senderID=0 sn=64
00:50:34.610 INF Committed entry. latency=0 nReq=64 sn=64
00:50:34.617 INF Delivered batch. nReq=64 sn=64
00:50:34.637 INF Sending PREPREPARE. nReq=64 senderID=2 sn=66 view=0
00:50:34.701 INF Committed entry. latency=0 nReq=64 sn=66
00:50:34.715 INF Handling PREPREPARE. nReq=65 senderID=1 sn=65
00:50:34.716 INF Handling PREPREPARE. nReq=64 senderID=3 sn=67
00:50:34.778 INF Committed entry. latency=0 nReq=64 sn=67
00:50:34.800 INF Committed entry. latency=0 nReq=65 sn=65
00:50:34.800 INF Delivered batch. nReq=65 sn=65
00:50:34.800 INF Delivered batch. nReq=64 sn=66
00:50:34.801 INF Delivered batch. nReq=64 sn=67
00:50:35.562 INF Handling PREPREPARE. nReq=64 senderID=0 sn=68
00:50:35.593 INF Committed entry. latency=0 nReq=64 sn=68
00:50:35.593 INF Delivered batch. nReq=64 sn=68
00:50:35.639 INF Sending PREPREPARE. nReq=66 senderID=2 sn=70 view=0
00:50:35.680 INF Committed entry. latency=0 nReq=66 sn=70
00:50:35.705 INF Handling PREPREPARE. nReq=66 senderID=3 sn=71
00:50:35.742 INF Handling PREPREPARE. nReq=66 senderID=1 sn=69
00:50:35.743 INF Committed entry. latency=0 nReq=66 sn=71
00:50:35.805 INF Committed entry. latency=0 nReq=66 sn=69
00:50:35.805 INF Delivered batch. nReq=66 sn=69
00:50:35.807 INF Delivered batch. nReq=66 sn=70
00:50:35.807 INF Delivered batch. nReq=66 sn=71
00:50:36.577 INF Handling PREPREPARE. nReq=65 senderID=0 sn=72
00:50:36.599 INF Committed entry. latency=0 nReq=65 sn=72
00:50:36.600 INF Delivered batch. nReq=65 sn=72
00:50:36.643 INF Sending PREPREPARE. nReq=64 senderID=2 sn=74 view=0
00:50:36.677 INF Committed entry. latency=0 nReq=64 sn=74
00:50:36.705 INF Handling PREPREPARE. nReq=64 senderID=1 sn=73
00:50:36.740 INF Handling PREPREPARE. nReq=64 senderID=3 sn=75
00:50:36.747 INF Committed entry. latency=0 nReq=64 sn=73
00:50:36.748 INF Delivered batch. nReq=64 sn=73
00:50:36.748 INF Delivered batch. nReq=64 sn=74
00:50:36.772 INF Committed entry. latency=0 nReq=64 sn=75
00:50:36.773 INF Delivered batch. nReq=64 sn=75
00:50:37.573 INF Handling PREPREPARE. nReq=64 senderID=0 sn=76
00:50:37.601 INF Committed entry. latency=0 nReq=64 sn=76
00:50:37.602 INF Delivered batch. nReq=64 sn=76
00:50:37.648 INF Sending PREPREPARE. nReq=64 senderID=2 sn=78 view=0
00:50:37.683 INF Committed entry. latency=0 nReq=64 sn=78
00:50:37.713 INF Handling PREPREPARE. nReq=64 senderID=3 sn=79
00:50:37.722 INF Handling PREPREPARE. nReq=64 senderID=1 sn=77
00:50:37.756 INF Committed entry. latency=0 nReq=64 sn=79
00:50:37.774 INF Committed entry. latency=0 nReq=64 sn=77
00:50:37.774 INF Delivered batch. nReq=64 sn=77
00:50:37.775 INF Delivered batch. nReq=64 sn=78
00:50:37.775 INF Delivered batch. nReq=64 sn=79
00:50:38.591 INF Handling PREPREPARE. nReq=64 senderID=0 sn=80
00:50:38.622 INF Committed entry. latency=0 nReq=64 sn=80
00:50:38.622 INF Delivered batch. nReq=64 sn=80
00:50:38.655 INF Sending PREPREPARE. nReq=65 senderID=2 sn=82 view=0
00:50:38.723 INF Committed entry. latency=0 nReq=65 sn=82
00:50:38.746 INF Handling PREPREPARE. nReq=65 senderID=3 sn=83
00:50:38.775 INF Handling PREPREPARE. nReq=65 senderID=1 sn=81
00:50:38.809 INF Committed entry. latency=0 nReq=65 sn=83
00:50:38.839 INF Committed entry. latency=0 nReq=65 sn=81
00:50:38.840 INF Delivered batch. nReq=65 sn=81
00:50:38.840 INF Delivered batch. nReq=65 sn=82
00:50:38.840 INF Delivered batch. nReq=65 sn=83
00:50:39.586 INF Handling PREPREPARE. nReq=65 senderID=0 sn=84
00:50:39.617 INF Committed entry. latency=0 nReq=65 sn=84
00:50:39.617 INF Delivered batch. nReq=65 sn=84
00:50:39.669 INF Sending PREPREPARE. nReq=65 senderID=2 sn=86 view=0
00:50:39.701 INF Committed entry. latency=0 nReq=65 sn=86
00:50:39.736 INF Handling PREPREPARE. nReq=65 senderID=1 sn=85
00:50:39.756 INF Handling PREPREPARE. nReq=65 senderID=3 sn=87
00:50:39.792 INF Committed entry. latency=0 nReq=65 sn=85
00:50:39.792 INF Delivered batch. nReq=65 sn=85
00:50:39.792 INF Delivered batch. nReq=65 sn=86
00:50:39.813 INF Committed entry. latency=0 nReq=65 sn=87
00:50:39.814 INF Delivered batch. nReq=65 sn=87
00:50:40.594 INF Handling PREPREPARE. nReq=64 senderID=0 sn=88
00:50:40.654 INF Committed entry. latency=0 nReq=64 sn=88
00:50:40.654 INF Delivered batch. nReq=64 sn=88
00:50:40.675 INF Sending PREPREPARE. nReq=64 senderID=2 sn=90 view=0
00:50:40.721 INF Committed entry. latency=0 nReq=64 sn=90
00:50:40.763 INF Handling PREPREPARE. nReq=61 senderID=3 sn=91
00:50:40.771 INF Handling PREPREPARE. nReq=60 senderID=1 sn=89
00:50:40.833 INF Committed entry. latency=0 nReq=60 sn=89
00:50:40.833 INF Delivered batch. nReq=60 sn=89
00:50:40.834 INF Delivered batch. nReq=64 sn=90
00:50:40.837 INF Committed entry. latency=0 nReq=61 sn=91
00:50:40.837 INF Delivered batch. nReq=61 sn=91
00:50:41.597 INF Handling PREPREPARE. nReq=64 senderID=0 sn=92
00:50:41.639 INF Committed entry. latency=0 nReq=64 sn=92
00:50:41.639 INF Delivered batch. nReq=64 sn=92
00:50:41.675 INF Sending PREPREPARE. nReq=63 senderID=2 sn=94 view=0
00:50:41.722 INF Committed entry. latency=0 nReq=63 sn=94
00:50:41.764 INF Handling PREPREPARE. nReq=64 senderID=3 sn=95
00:50:41.788 INF Committed entry. latency=0 nReq=64 sn=95
00:50:41.795 INF Handling PREPREPARE. nReq=64 senderID=1 sn=93
00:50:41.830 INF Committed entry. latency=0 nReq=64 sn=93
00:50:41.830 INF Delivered batch. nReq=64 sn=93
00:50:41.831 INF Delivered batch. nReq=63 sn=94
00:50:41.831 INF Delivered batch. nReq=64 sn=95
00:50:42.600 INF Handling PREPREPARE. nReq=65 senderID=0 sn=96
00:50:42.634 INF Committed entry. latency=0 nReq=65 sn=96
00:50:42.634 INF Delivered batch. nReq=65 sn=96
00:50:42.685 INF Sending PREPREPARE. nReq=65 senderID=2 sn=98 view=0
00:50:42.727 INF Committed entry. latency=0 nReq=65 sn=98
00:50:42.761 INF Handling PREPREPARE. nReq=69 senderID=3 sn=99
00:50:42.779 INF Handling PREPREPARE. nReq=69 senderID=1 sn=97
00:50:42.813 INF Committed entry. latency=0 nReq=69 sn=97
00:50:42.814 INF Delivered batch. nReq=69 sn=97
00:50:42.814 INF Delivered batch. nReq=65 sn=98
00:50:42.825 INF Committed entry. latency=0 nReq=69 sn=99
00:50:42.825 INF Delivered batch. nReq=69 sn=99
00:50:43.653 INF Handling PREPREPARE. nReq=64 senderID=0 sn=100
00:50:43.727 INF Committed entry. latency=0 nReq=64 sn=100
00:50:43.737 INF Delivered batch. nReq=64 sn=100
00:50:43.752 INF Sending PREPREPARE. nReq=64 senderID=2 sn=102 view=0
00:50:43.860 INF Handling PREPREPARE. nReq=63 senderID=3 sn=103
00:50:43.866 INF Handling PREPREPARE. nReq=64 senderID=1 sn=101
00:50:44.002 INF Committed entry. latency=0 nReq=64 sn=102
00:50:44.049 INF Committed entry. latency=0 nReq=64 sn=101
00:50:44.049 INF Delivered batch. nReq=64 sn=101
00:50:44.052 INF Committed entry. latency=0 nReq=63 sn=103
00:50:44.054 INF Delivered batch. nReq=64 sn=102
00:50:44.056 INF Delivered batch. nReq=63 sn=103
00:50:44.657 INF Handling PREPREPARE. nReq=65 senderID=0 sn=104
00:50:44.778 INF Committed entry. latency=0 nReq=65 sn=104
00:50:44.778 INF Delivered batch. nReq=65 sn=104
00:50:44.805 INF Sending PREPREPARE. nReq=67 senderID=2 sn=106 view=0
00:50:44.897 INF Handling PREPREPARE. nReq=66 senderID=3 sn=107
00:50:44.908 INF Handling PREPREPARE. nReq=65 senderID=1 sn=105
00:50:45.090 INF Committed entry. latency=0 nReq=65 sn=105
00:50:45.090 INF Delivered batch. nReq=65 sn=105
00:50:45.094 INF Committed entry. latency=0 nReq=66 sn=107
00:50:45.101 INF Committed entry. latency=0 nReq=67 sn=106
00:50:45.104 INF Delivered batch. nReq=67 sn=106
00:50:45.106 INF Delivered batch. nReq=66 sn=107
00:50:45.669 INF Handling PREPREPARE. nReq=64 senderID=0 sn=108
00:50:45.734 INF Committed entry. latency=0 nReq=64 sn=108
00:50:45.735 INF Delivered batch. nReq=64 sn=108
00:50:45.760 INF Sending PREPREPARE. nReq=65 senderID=2 sn=110 view=0
00:50:45.929 INF Handling PREPREPARE. nReq=63 senderID=3 sn=111
00:50:46.011 INF Committed entry. latency=0 nReq=65 sn=110
00:50:46.029 INF Handling PREPREPARE. nReq=64 senderID=1 sn=109
00:50:46.126 INF Committed entry. latency=0 nReq=63 sn=111
00:50:46.156 INF Committed entry. latency=0 nReq=64 sn=109
00:50:46.162 INF Delivered batch. nReq=64 sn=109
00:50:46.162 INF Delivered batch. nReq=65 sn=110
00:50:46.164 INF Delivered batch. nReq=63 sn=111
00:50:46.697 INF Handling PREPREPARE. nReq=48 senderID=0 sn=112
00:50:46.796 INF Sending PREPREPARE. nReq=49 senderID=2 sn=114 view=0
00:50:46.790 INF Committed entry. latency=0 nReq=48 sn=112
00:50:46.811 INF Delivered batch. nReq=48 sn=112
00:50:46.959 INF Handling PREPREPARE. nReq=51 senderID=3 sn=115
00:50:46.960 INF Handling PREPREPARE. nReq=50 senderID=1 sn=113
00:50:47.083 INF Committed entry. latency=0 nReq=49 sn=114
00:50:47.122 INF Committed entry. latency=0 nReq=51 sn=115
00:50:47.132 INF Committed entry. latency=0 nReq=50 sn=113
00:50:47.132 INF Delivered batch. nReq=50 sn=113
00:50:47.133 INF Delivered batch. nReq=49 sn=114
00:50:47.134 INF Delivered batch. nReq=51 sn=115
00:50:47.667 INF Handling PREPREPARE. nReq=82 senderID=0 sn=116
00:50:47.721 INF Committed entry. latency=0 nReq=82 sn=116
00:50:47.721 INF Delivered batch. nReq=82 sn=116
00:50:47.762 INF Sending PREPREPARE. nReq=80 senderID=2 sn=118 view=0
00:50:47.917 INF Committed entry. latency=0 nReq=80 sn=118
00:50:47.927 INF Handling PREPREPARE. nReq=83 senderID=3 sn=119
00:50:47.940 INF Handling PREPREPARE. nReq=83 senderID=1 sn=117
00:50:48.067 INF Committed entry. latency=0 nReq=83 sn=119
00:50:48.116 INF Committed entry. latency=0 nReq=83 sn=117
00:50:48.117 INF Delivered batch. nReq=83 sn=117
00:50:48.118 INF Delivered batch. nReq=80 sn=118
00:50:48.118 INF Delivered batch. nReq=83 sn=119
00:50:48.702 INF Handling PREPREPARE. nReq=64 senderID=0 sn=120
00:50:48.793 INF Committed entry. latency=0 nReq=64 sn=120
00:50:48.794 INF Delivered batch. nReq=64 sn=120
00:50:48.828 INF Sending PREPREPARE. nReq=65 senderID=2 sn=122 view=0
00:50:48.963 INF Handling PREPREPARE. nReq=62 senderID=3 sn=123
00:50:49.056 INF Committed entry. latency=0 nReq=62 sn=123
00:50:49.083 INF Committed entry. latency=0 nReq=65 sn=122
00:50:49.086 INF Handling PREPREPARE. nReq=63 senderID=1 sn=121
00:50:49.171 INF Committed entry. latency=0 nReq=63 sn=121
00:50:49.183 INF Delivered batch. nReq=63 sn=121
00:50:49.185 INF Delivered batch. nReq=65 sn=122
00:50:49.189 INF Delivered batch. nReq=62 sn=123
00:50:49.712 INF Handling PREPREPARE. nReq=65 senderID=0 sn=124
00:50:49.777 INF Committed entry. latency=0 nReq=65 sn=124
00:50:49.778 INF Delivered batch. nReq=65 sn=124
00:50:49.830 INF Sending PREPREPARE. nReq=66 senderID=2 sn=126 view=0
00:50:49.967 INF Committed entry. latency=0 nReq=66 sn=126
00:50:49.994 INF Handling PREPREPARE. nReq=63 senderID=3 sn=127
00:50:50.039 INF Handling PREPREPARE. nReq=62 senderID=1 sn=125
00:50:50.119 INF Committed entry. latency=0 nReq=62 sn=125
00:50:50.123 INF Delivered batch. nReq=62 sn=125
00:50:50.123 INF Delivered batch. nReq=66 sn=126
00:50:50.132 INF Committed entry. latency=0 nReq=63 sn=127
00:50:50.136 INF Delivered batch. nReq=63 sn=127
00:50:50.662 INF Handling PREPREPARE. nReq=8 senderID=0 sn=128
00:50:50.677 INF Committed entry. latency=0 nReq=8 sn=128
00:50:50.677 INF Delivered batch. nReq=8 sn=128
00:50:50.818 INF Finished sending bucket assignments to client. clId=0
00:50:50.826 INF Sending PREPREPARE. nReq=0 senderID=2 sn=130 view=0
00:50:50.825 INF Connection terminated. error="rpc error: code = Canceled desc = context canceled" address=127.0.0.1:56348
00:50:50.842 INF Committed entry. latency=0 nReq=0 sn=130
00:50:50.900 INF Handling PREPREPARE. nReq=0 senderID=3 sn=131
00:50:50.910 INF Committed entry. latency=0 nReq=0 sn=131
00:50:50.919 INF Handling PREPREPARE. nReq=0 senderID=1 sn=129
00:50:50.928 INF Committed entry. latency=0 nReq=0 sn=129
00:50:50.929 INF Delivered batch. nReq=0 sn=129
00:50:50.930 INF Delivered batch. nReq=0 sn=130
00:50:50.930 INF Delivered batch. nReq=0 sn=131
00:50:51.500 INF Stopping profiler.
00:50:51.501 INF Stopping Tracer. events=241 fileName=experiment-output/0001/slave-001/peer.trc
==================
WARNING: DATA RACE
Read at 0x00c0007a2580 by goroutine 89:
  github.com/hyperledger-labs/mirbft/tracing.(*BufferedTrace).Stop()
      /opt/gopath/src/github.com/hyperledger-labs/mirbft/tracing/bufferedtrace.go:238 +0x30e
  github.com/hyperledger-labs/mirbft/tracing.(*BufferedTrace).StopOnSignal.func1()
      /opt/gopath/src/github.com/hyperledger-labs/mirbft/tracing/bufferedtrace.go:299 +0x4e

Previous write at 0x00c0007a2580 by goroutine 88:
  github.com/hyperledger-labs/mirbft/tracing.(*BufferedTrace).Event()
      /opt/gopath/src/github.com/hyperledger-labs/mirbft/tracing/bufferedtrace.go:106 +0x2cd
  github.com/hyperledger-labs/mirbft/profiling.StartCPUTracing.func1()
      /opt/gopath/src/github.com/hyperledger-labs/mirbft/profiling/cpuusage.go:31 +0x95

Goroutine 89 (running) created at:
  github.com/hyperledger-labs/mirbft/tracing.(*BufferedTrace).StopOnSignal()
      /opt/gopath/src/github.com/hyperledger-labs/mirbft/tracing/bufferedtrace.go:293 +0x178
  main.setUpTracing()
      /opt/gopath/src/github.com/hyperledger-labs/mirbft/cmd/orderingpeer/main.go:204 +0xf5
  main.main()
      /opt/gopath/src/github.com/hyperledger-labs/mirbft/cmd/orderingpeer/main.go:98 +0x9e4

Goroutine 88 (running) created at:
  github.com/hyperledger-labs/mirbft/profiling.StartCPUTracing()
      /opt/gopath/src/github.com/hyperledger-labs/mirbft/profiling/cpuusage.go:28 +0xb9
  main.setUpTracing()
      /opt/gopath/src/github.com/hyperledger-labs/mirbft/cmd/orderingpeer/main.go:196 +0x85
  main.main()
      /opt/gopath/src/github.com/hyperledger-labs/mirbft/cmd/orderingpeer/main.go:98 +0x9e4
==================
00:50:51.509 INF Trace data written.
00:50:51.558 INF Profile data written. filename=experiment-output/0001/slave-001/prof.mutex name=mutex
00:50:51.659 INF Handling PREPREPARE. nReq=0 senderID=0 sn=132
00:50:51.662 INF Committed entry. latency=0 nReq=0 sn=132
00:50:51.663 INF Delivered batch. nReq=0 sn=132
00:50:51.778 INF Profile data written. filename=experiment-output/0001/slave-001/prof.cpu name=cpu
00:50:51.831 INF Sending PREPREPARE. nReq=0 senderID=2 sn=134 view=0
00:50:51.833 INF Connection terminated. error="rpc error: code = Canceled desc = context canceled" address=127.0.0.1:45730
00:50:51.833 INF Connection terminated. error="rpc error: code = Canceled desc = context canceled" address=127.0.0.1:45714
00:50:51.833 INF Connection terminated. error="rpc error: code = Canceled desc = context canceled" address=127.0.0.1:45750
00:50:51.837 INF Connection terminated. error="rpc error: code = Canceled desc = context canceled" address=127.0.0.1:45682
00:50:51.838 INF Connection terminated. error="rpc error: code = Canceled desc = context canceled" address=127.0.0.1:45678
00:50:51.841 INF Connection terminated. error="rpc error: code = Canceled desc = context canceled" address=127.0.0.1:45644
00:50:51.875 INF Connection terminated. error="rpc error: code = Canceled desc = context canceled" address=127.0.0.1:45820
00:50:51.880 INF Connection terminated. error="rpc error: code = Canceled desc = context canceled" address=127.0.0.1:45694
00:50:51.881 INF Connection terminated. error="rpc error: code = Canceled desc = context canceled" address=127.0.0.1:45764
00:50:51.881 INF Connection terminated. error="rpc error: code = Canceled desc = context canceled" address=127.0.0.1:45778
00:50:51.881 INF Connection terminated. error="rpc error: code = Canceled desc = context canceled" address=127.0.0.1:45810
00:50:51.882 INF Connection terminated. error="rpc error: code = Canceled desc = context canceled" address=127.0.0.1:45754
00:50:51.890 INF Profile data written. filename=experiment-output/0001/slave-001/prof.block name=block
