{"level":"debug","Logging":"info","time":"2024-02-26T00:49:35+08:00","message":"Config"}
{"level":"debug","UseTLS":false,"time":"2024-02-26T00:49:35+08:00","message":"Config"}
{"level":"debug","CACertFile":"tls-data/ca.pem","time":"2024-02-26T00:49:35+08:00","message":"Config"}
{"level":"debug","KeyFile":"tls-data/auth.key","time":"2024-02-26T00:49:35+08:00","message":"Config"}
{"level":"debug","CertFile":"tls-data/auth.pem","time":"2024-02-26T00:49:35+08:00","message":"Config"}
{"level":"debug","PriorityConnections":2,"time":"2024-02-26T00:49:35+08:00","message":"Config"}
{"level":"debug","BasicConnections":4,"time":"2024-02-26T00:49:35+08:00","message":"Config"}
{"level":"debug","TestConnections":false,"time":"2024-02-26T00:49:35+08:00","message":"Config"}
{"level":"debug","ExcessConnections":1,"time":"2024-02-26T00:49:35+08:00","message":"Config"}
{"level":"debug","ConnectionTestMsgs":4,"time":"2024-02-26T00:49:35+08:00","message":"Config"}
{"level":"debug","ConnectionTestPayload":131072,"time":"2024-02-26T00:49:35+08:00","message":"Config"}
{"level":"debug","OutMessageBufsize":1024,"time":"2024-02-26T00:49:35+08:00","message":"Config"}
{"level":"debug","OutMessageBufsize":1,"time":"2024-02-26T00:49:35+08:00","message":"Config"}
{"level":"debug","ThroughputCap":131072000,"time":"2024-02-26T00:49:35+08:00","message":"Config"}
{"level":"debug","StragglerTolerance":1000,"time":"2024-02-26T00:49:35+08:00","message":"Config"}
{"level":"debug","BatchSizeIncrement":256,"time":"2024-02-26T00:49:35+08:00","message":"Config"}
{"level":"debug","Orderer":"Pbft","time":"2024-02-26T00:49:35+08:00","message":"Config"}
{"level":"debug","Manager":"Mir","time":"2024-02-26T00:49:35+08:00","message":"Config"}
{"level":"debug","Failures":0,"time":"2024-02-26T00:49:35+08:00","message":"Config"}
{"level":"debug","CrashTiming":"EpochStart","time":"2024-02-26T00:49:35+08:00","message":"Config"}
{"level":"debug","CheckpointInterval":256,"time":"2024-02-26T00:49:35+08:00","message":"Config"}
{"level":"debug","WatermarkWindowSize":256,"time":"2024-02-26T00:49:35+08:00","message":"Config"}
{"level":"debug","EpochLength":256,"time":"2024-02-26T00:49:35+08:00","message":"Config"}
{"level":"debug","SegmentLength":64,"time":"2024-02-26T00:49:35+08:00","message":"Config"}
{"level":"debug","WaitForCheckpoints":true,"time":"2024-02-26T00:49:35+08:00","message":"Config"}
{"level":"debug","ClientWatermarkWindowSize":4194304,"time":"2024-02-26T00:49:35+08:00","message":"Config"}
{"level":"debug","ClientRequestBacklogSize":4194304,"time":"2024-02-26T00:49:35+08:00","message":"Config"}
{"level":"debug","RandomSeed":26660,"time":"2024-02-26T00:49:35+08:00","message":"Config"}
{"level":"debug","NodeToLeaderRatio":1,"time":"2024-02-26T00:49:35+08:00","message":"Config"}
{"level":"debug","LeaderPolicy":"Simple","time":"2024-02-26T00:49:35+08:00","message":"Config"}
{"level":"debug","DefaultLeaderBan":2,"time":"2024-02-26T00:49:35+08:00","message":"Config"}
{"level":"debug","NumBuckets":64,"time":"2024-02-26T00:49:35+08:00","message":"Config"}
{"level":"debug","BatchSize":1000,"time":"2024-02-26T00:49:35+08:00","message":"Config"}
{"level":"debug","DisabledViewChange":false,"time":"2024-02-26T00:49:35+08:00","message":"Config"}
{"level":"debug","ViewChangeTimeout":60000,"time":"2024-02-26T00:49:35+08:00","message":"Config"}
{"level":"debug","ClientTraceSampling":10,"time":"2024-02-26T00:49:35+08:00","message":"Config"}
{"level":"debug","EventBufferSize":2097152,"time":"2024-02-26T00:49:35+08:00","message":"Config"}
{"level":"debug","TraceSampling":1,"time":"2024-02-26T00:49:35+08:00","message":"Config"}
{"level":"debug","ClientsPerProcess":1,"time":"2024-02-26T00:49:35+08:00","message":"Config"}
{"level":"debug","RequestsPerClient":7680,"time":"2024-02-26T00:49:35+08:00","message":"Config"}
{"level":"debug","ClientRunTime":30000,"time":"2024-02-26T00:49:35+08:00","message":"Config"}
{"level":"debug","RequestRate":128,"time":"2024-02-26T00:49:35+08:00","message":"Config"}
{"level":"debug","HardRequestRateLimit":false,"time":"2024-02-26T00:49:35+08:00","message":"Config"}
{"level":"debug","RequestPayloadSize":500,"time":"2024-02-26T00:49:35+08:00","message":"Config"}
{"level":"debug","SignRequests":true,"time":"2024-02-26T00:49:35+08:00","message":"Config"}
{"level":"debug","ClientPrivKeyFile":"tls-data/client-ecdsa-256.key","time":"2024-02-26T00:49:35+08:00","message":"Config"}
{"level":"debug","ClientPubKeyFile":"tls-data/client-ecdsa-256.pem","time":"2024-02-26T00:49:35+08:00","message":"Config"}
{"level":"debug","PrecomputeRequests":false,"time":"2024-02-26T00:49:35+08:00","message":"Config"}
{"level":"debug","RequestHandlerThreads":32,"time":"2024-02-26T00:49:35+08:00","message":"Config"}
{"level":"debug","RequestInputChannelBuffer":8192,"time":"2024-02-26T00:49:35+08:00","message":"Config"}
{"level":"debug","BatchVerifier":"external","time":"2024-02-26T00:49:35+08:00","message":"Config"}
00:49:35.459 INF Registered with discovery server. numPeers=4 ownID=2
00:49:35.460 INF Profiling enabled.
00:49:35.461 INF Setting up profiling.
00:49:35.461 INF Started Profiler: CPU
00:49:35.461 INF Started Profiler: BLOCK
00:49:35.461 INF Started Profiler: MUTEX
00:49:35.462 INF Profiler will stop on signal. exit=true
00:49:35.471 INF Tracing will stop on signal. exit=false
00:49:35.474 INF Started tracing. traceFile=experiment-output/0000/slave-004/peer.trc
00:49:35.478 INF Connecting to peer. addr=127.0.0.1:10022 basicConns=4 priorityConns=2
00:49:35.479 INF Connecting to peer. addr=127.0.0.1:10000 basicConns=4 priorityConns=2
00:49:35.478 INF Connecting to peer. addr=127.0.0.1:10033 basicConns=4 priorityConns=2
00:49:35.480 INF Listening for connections. port=10022 useTLS=false
00:49:35.483 INF Connecting to peer. addr=127.0.0.1:10011 basicConns=4 priorityConns=2
00:49:35.598 INF Incoming connection for protocol messages. addr=127.0.0.1:44544
00:49:35.607 INF Incoming connection for protocol messages. addr=127.0.0.1:44568
00:49:35.622 INF Incoming connection for protocol messages. addr=127.0.0.1:44536
00:49:35.625 INF Incoming connection for protocol messages. addr=127.0.0.1:44574
00:49:35.637 INF Incoming connection for protocol messages. addr=127.0.0.1:44650
00:49:35.655 INF Incoming connection for protocol messages. addr=127.0.0.1:44542
00:49:35.656 INF Incoming connection for protocol messages. addr=127.0.0.1:44608
00:49:35.662 INF Incoming connection for protocol messages. addr=127.0.0.1:44594
00:49:35.662 INF Incoming connection for protocol messages. addr=127.0.0.1:44646
00:49:35.663 INF Incoming connection for protocol messages. addr=127.0.0.1:44634
00:49:35.663 INF Incoming connection for protocol messages. addr=127.0.0.1:44702
00:49:35.638 INF Incoming connection for protocol messages. addr=127.0.0.1:44648
00:49:35.665 INF Incoming connection for protocol messages. addr=127.0.0.1:44620
00:49:35.666 INF Incoming connection for protocol messages. addr=127.0.0.1:44560
00:49:35.673 INF Incoming connection for protocol messages. addr=127.0.0.1:44690
00:49:35.673 INF Incoming connection for protocol messages. addr=127.0.0.1:44590
00:49:35.673 INF Incoming connection for protocol messages. addr=127.0.0.1:44572
00:49:35.674 INF Incoming connection for protocol messages. addr=127.0.0.1:44654
00:49:35.679 INF Incoming connection for protocol messages. addr=127.0.0.1:44628
00:49:35.682 INF Incoming connection for protocol messages. addr=127.0.0.1:44712
00:49:35.684 INF Incoming connection for protocol messages. addr=127.0.0.1:44660
00:49:35.675 INF Incoming connection for protocol messages. addr=127.0.0.1:44698
00:49:35.702 INF Incoming connection for protocol messages. addr=127.0.0.1:44674
00:49:35.703 INF Incoming connection for protocol messages. addr=127.0.0.1:44700
00:49:36.562 INF Connected to all peers.
00:49:36.627 INF All peers finished connecting. Starting ISS.
00:49:36.628 INF PbftOrderer received a new segment: [0 4 8 12 16 20 24 28 32 36 40 44 48 52 56 60 64 68 72 76 80 84 88 92 96 100 104 108 112 116 120 124 128 132 136 140 144 148 152 156 160 164 168 172 176 180 184 188 192 196 200 204 208 212 216 220 224 228 232 236 240 244 248 252] first leader=0 firstSN=0 lastSN=252 len=64 length=64 segId=0
00:49:36.629 INF Starting new view. segID=0 timeout=60000 view=0
00:49:36.630 INF Starting PBFT instance. first=0 last=252 segID=0
00:49:36.631 INF Starting serialized message processing. segID=0
00:49:36.635 INF PbftOrderer received a new segment: [1 5 9 13 17 21 25 29 33 37 41 45 49 53 57 61 65 69 73 77 81 85 89 93 97 101 105 109 113 117 121 125 129 133 137 141 145 149 153 157 161 165 169 173 177 181 185 189 193 197 201 205 209 213 217 221 225 229 233 237 241 245 249 253] first leader=1 firstSN=1 lastSN=253 len=64 length=64 segId=1
00:49:36.636 INF Starting new view. segID=1 timeout=60000 view=0
00:49:36.636 INF Starting PBFT instance. first=1 last=253 segID=1
00:49:36.639 INF Starting serialized message processing. segID=1
00:49:36.641 INF PbftOrderer received a new segment: [2 6 10 14 18 22 26 30 34 38 42 46 50 54 58 62 66 70 74 78 82 86 90 94 98 102 106 110 114 118 122 126 130 134 138 142 146 150 154 158 162 166 170 174 178 182 186 190 194 198 202 206 210 214 218 222 226 230 234 238 242 246 250 254] first leader=2 firstSN=2 lastSN=254 len=64 length=64 segId=2
00:49:36.642 INF Starting new view. segID=2 timeout=60000 view=0
00:49:36.644 INF Starting PBFT instance. first=2 last=254 segID=2
00:49:36.649 INF PbftOrderer received a new segment: [3 7 11 15 19 23 27 31 35 39 43 47 51 55 59 63 67 71 75 79 83 87 91 95 99 103 107 111 115 119 123 127 131 135 139 143 147 151 155 159 163 167 171 175 179 183 187 191 195 199 203 207 211 215 219 223 227 231 235 239 243 247 251 255] first leader=3 firstSN=3 lastSN=255 len=64 length=64 segId=3
00:49:36.649 INF Starting new view. segID=3 timeout=60000 view=0
00:49:36.650 INF Starting serialized message processing. segID=2
00:49:36.653 INF Starting PBFT instance. first=3 last=255 segID=3
00:49:36.653 INF Starting serialized message processing. segID=3
00:49:37.650 INF Sending PREPREPARE. nReq=0 senderID=2 sn=2 view=0
00:49:37.653 INF Handling PREPREPARE. nReq=0 senderID=0 sn=0
00:49:37.654 INF Handling PREPREPARE. nReq=0 senderID=1 sn=1
00:49:37.660 INF Handling PREPREPARE. nReq=0 senderID=3 sn=3
00:49:37.667 INF Committed entry. latency=0 nReq=0 sn=0
00:49:37.668 INF Delivered batch. nReq=0 sn=0
00:49:37.669 INF Committed entry. latency=0 nReq=0 sn=3
00:49:37.669 INF Committed entry. latency=0 nReq=0 sn=2
00:49:37.677 INF Committed entry. latency=0 nReq=0 sn=1
00:49:37.678 INF Delivered batch. nReq=0 sn=1
00:49:37.678 INF Delivered batch. nReq=0 sn=2
00:49:37.678 INF Delivered batch. nReq=0 sn=3
00:49:38.640 INF Handling PREPREPARE. nReq=0 senderID=0 sn=4
00:49:38.649 INF Committed entry. latency=0 nReq=0 sn=4
00:49:38.649 INF Delivered batch. nReq=0 sn=4
00:49:38.650 INF Handling PREPREPARE. nReq=0 senderID=1 sn=5
00:49:38.651 INF Sending PREPREPARE. nReq=0 senderID=2 sn=6 view=0
00:49:38.657 INF Committed entry. latency=0 nReq=0 sn=5
00:49:38.677 INF Delivered batch. nReq=0 sn=5
00:49:38.677 INF Delivered batch. nReq=0 sn=6
00:49:38.663 INF Committed entry. latency=0 nReq=0 sn=6
00:49:38.677 INF Handling PREPREPARE. nReq=0 senderID=3 sn=7
00:49:38.683 INF Committed entry. latency=0 nReq=0 sn=7
00:49:38.683 INF Delivered batch. nReq=0 sn=7
00:49:38.903 INF Incoming connection for requests. addr=127.0.0.1:39202
00:49:39.644 INF Handling PREPREPARE. nReq=21 senderID=0 sn=8
00:49:39.660 INF Handling PREPREPARE. nReq=21 senderID=1 sn=9
00:49:39.672 INF Committed entry. latency=0 nReq=21 sn=8
00:49:39.672 INF Delivered batch. nReq=21 sn=8
00:49:39.699 INF Committed entry. latency=0 nReq=21 sn=9
00:49:39.699 INF Delivered batch. nReq=21 sn=9
00:49:39.698 INF Handling PREPREPARE. nReq=21 senderID=3 sn=11
00:49:39.709 INF Sending PREPREPARE. nReq=21 senderID=2 sn=10 view=0
00:49:39.737 INF Committed entry. latency=0 nReq=21 sn=11
00:49:39.746 INF Committed entry. latency=0 nReq=21 sn=10
00:49:39.755 INF Delivered batch. nReq=21 sn=10
00:49:39.756 INF Delivered batch. nReq=21 sn=11
00:49:40.647 INF Handling PREPREPARE. nReq=32 senderID=0 sn=12
00:49:40.670 INF Sending PREPREPARE. nReq=32 senderID=2 sn=14 view=0
00:49:40.690 INF Handling PREPREPARE. nReq=32 senderID=1 sn=13
00:49:40.700 INF Committed entry. latency=0 nReq=32 sn=12
00:49:40.706 INF Delivered batch. nReq=32 sn=12
00:49:40.724 INF Handling PREPREPARE. nReq=32 senderID=3 sn=15
00:49:40.727 INF Committed entry. latency=0 nReq=32 sn=14
00:49:40.734 INF Delivered batch. nReq=32 sn=13
00:49:40.735 INF Delivered batch. nReq=32 sn=14
00:49:40.730 INF Committed entry. latency=0 nReq=32 sn=13
00:49:40.788 INF Committed entry. latency=0 nReq=32 sn=15
00:49:40.788 INF Delivered batch. nReq=32 sn=15
00:49:41.651 INF Handling PREPREPARE. nReq=32 senderID=0 sn=16
00:49:41.674 INF Sending PREPREPARE. nReq=32 senderID=2 sn=18 view=0
00:49:41.680 INF Committed entry. latency=0 nReq=32 sn=16
00:49:41.682 INF Delivered batch. nReq=32 sn=16
00:49:41.708 INF Handling PREPREPARE. nReq=33 senderID=1 sn=17
00:49:41.734 INF Committed entry. latency=0 nReq=33 sn=17
00:49:41.735 INF Delivered batch. nReq=33 sn=17
00:49:41.741 INF Handling PREPREPARE. nReq=33 senderID=3 sn=19
00:49:41.771 INF Committed entry. latency=0 nReq=33 sn=19
00:49:41.780 INF Committed entry. latency=0 nReq=32 sn=18
00:49:41.781 INF Delivered batch. nReq=32 sn=18
00:49:41.781 INF Delivered batch. nReq=33 sn=19
00:49:42.655 INF Handling PREPREPARE. nReq=32 senderID=0 sn=20
00:49:42.685 INF Handling PREPREPARE. nReq=31 senderID=1 sn=21
00:49:42.700 INF Committed entry. latency=0 nReq=32 sn=20
00:49:42.701 INF Delivered batch. nReq=32 sn=20
00:49:42.711 INF Sending PREPREPARE. nReq=32 senderID=2 sn=22 view=0
00:49:42.734 INF Committed entry. latency=0 nReq=31 sn=21
00:49:42.734 INF Delivered batch. nReq=31 sn=21
00:49:42.741 INF Handling PREPREPARE. nReq=31 senderID=3 sn=23
00:49:42.768 INF Committed entry. latency=0 nReq=32 sn=22
00:49:42.768 INF Delivered batch. nReq=32 sn=22
00:49:42.770 INF Committed entry. latency=0 nReq=31 sn=23
00:49:42.770 INF Delivered batch. nReq=31 sn=23
00:49:43.655 INF Handling PREPREPARE. nReq=32 senderID=0 sn=24
00:49:43.678 INF Committed entry. latency=0 nReq=32 sn=24
00:49:43.679 INF Delivered batch. nReq=32 sn=24
00:49:43.696 INF Sending PREPREPARE. nReq=33 senderID=2 sn=26 view=0
00:49:43.708 INF Handling PREPREPARE. nReq=33 senderID=1 sn=25
00:49:43.742 INF Handling PREPREPARE. nReq=33 senderID=3 sn=27
00:49:43.750 INF Committed entry. latency=0 nReq=33 sn=25
00:49:43.751 INF Delivered batch. nReq=33 sn=25
00:49:43.758 INF Committed entry. latency=0 nReq=33 sn=26
00:49:43.758 INF Delivered batch. nReq=33 sn=26
00:49:43.776 INF Committed entry. latency=0 nReq=33 sn=27
00:49:43.777 INF Delivered batch. nReq=33 sn=27
00:49:44.660 INF Handling PREPREPARE. nReq=32 senderID=0 sn=28
00:49:44.685 INF Sending PREPREPARE. nReq=31 senderID=2 sn=30 view=0
00:49:44.687 INF Committed entry. latency=0 nReq=32 sn=28
00:49:44.691 INF Delivered batch. nReq=32 sn=28
00:49:44.711 INF Handling PREPREPARE. nReq=32 senderID=1 sn=29
00:49:44.737 INF Committed entry. latency=0 nReq=31 sn=30
00:49:44.743 INF Committed entry. latency=0 nReq=32 sn=29
00:49:44.744 INF Delivered batch. nReq=32 sn=29
00:49:44.744 INF Delivered batch. nReq=31 sn=30
00:49:44.759 INF Handling PREPREPARE. nReq=32 senderID=3 sn=31
00:49:44.786 INF Committed entry. latency=0 nReq=32 sn=31
00:49:44.786 INF Delivered batch. nReq=32 sn=31
00:49:45.662 INF Handling PREPREPARE. nReq=32 senderID=0 sn=32
00:49:45.694 INF Committed entry. latency=0 nReq=32 sn=32
00:49:45.694 INF Delivered batch. nReq=32 sn=32
00:49:45.699 INF Sending PREPREPARE. nReq=33 senderID=2 sn=34 view=0
00:49:45.716 INF Handling PREPREPARE. nReq=31 senderID=1 sn=33
00:49:45.750 INF Committed entry. latency=0 nReq=33 sn=34
00:49:45.755 INF Handling PREPREPARE. nReq=32 senderID=3 sn=35
00:49:45.759 INF Committed entry. latency=0 nReq=31 sn=33
00:49:45.759 INF Delivered batch. nReq=31 sn=33
00:49:45.760 INF Delivered batch. nReq=33 sn=34
00:49:45.792 INF Committed entry. latency=0 nReq=32 sn=35
00:49:45.792 INF Delivered batch. nReq=32 sn=35
00:49:46.663 INF Handling PREPREPARE. nReq=32 senderID=0 sn=36
00:49:46.700 INF Sending PREPREPARE. nReq=32 senderID=2 sn=38 view=0
00:49:46.703 INF Committed entry. latency=0 nReq=32 sn=36
00:49:46.703 INF Delivered batch. nReq=32 sn=36
00:49:46.705 INF Handling PREPREPARE. nReq=33 senderID=1 sn=37
00:49:46.743 INF Handling PREPREPARE. nReq=32 senderID=3 sn=39
00:49:46.755 INF Committed entry. latency=0 nReq=33 sn=37
00:49:46.755 INF Delivered batch. nReq=33 sn=37
00:49:46.761 INF Committed entry. latency=0 nReq=32 sn=38
00:49:46.762 INF Delivered batch. nReq=32 sn=38
00:49:46.787 INF Committed entry. latency=0 nReq=32 sn=39
00:49:46.788 INF Delivered batch. nReq=32 sn=39
00:49:47.670 INF Handling PREPREPARE. nReq=33 senderID=0 sn=40
00:49:47.697 INF Sending PREPREPARE. nReq=32 senderID=2 sn=42 view=0
00:49:47.702 INF Handling PREPREPARE. nReq=32 senderID=1 sn=41
00:49:47.744 INF Committed entry. latency=0 nReq=32 sn=41
00:49:47.746 INF Committed entry. latency=0 nReq=32 sn=42
00:49:47.751 INF Committed entry. latency=0 nReq=33 sn=40
00:49:47.758 INF Delivered batch. nReq=33 sn=40
00:49:47.760 INF Delivered batch. nReq=32 sn=41
00:49:47.764 INF Delivered batch. nReq=32 sn=42
00:49:47.774 INF Handling PREPREPARE. nReq=33 senderID=3 sn=43
00:49:47.801 INF Committed entry. latency=0 nReq=33 sn=43
00:49:47.801 INF Delivered batch. nReq=33 sn=43
00:49:48.667 INF Handling PREPREPARE. nReq=32 senderID=0 sn=44
00:49:48.696 INF Sending PREPREPARE. nReq=32 senderID=2 sn=46 view=0
00:49:48.706 INF Handling PREPREPARE. nReq=32 senderID=1 sn=45
00:49:48.731 INF Committed entry. latency=0 nReq=32 sn=46
00:49:48.736 INF Committed entry. latency=0 nReq=32 sn=45
00:49:48.744 INF Committed entry. latency=0 nReq=32 sn=44
00:49:48.746 INF Delivered batch. nReq=32 sn=44
00:49:48.753 INF Delivered batch. nReq=32 sn=45
00:49:48.754 INF Delivered batch. nReq=32 sn=46
00:49:48.798 INF Handling PREPREPARE. nReq=31 senderID=3 sn=47
00:49:48.816 INF Committed entry. latency=0 nReq=31 sn=47
00:49:48.817 INF Delivered batch. nReq=31 sn=47
00:49:49.672 INF Handling PREPREPARE. nReq=32 senderID=0 sn=48
00:49:49.708 INF Committed entry. latency=0 nReq=32 sn=48
00:49:49.708 INF Delivered batch. nReq=32 sn=48
00:49:49.719 INF Sending PREPREPARE. nReq=32 senderID=2 sn=50 view=0
00:49:49.758 INF Handling PREPREPARE. nReq=33 senderID=3 sn=51
00:49:49.786 INF Handling PREPREPARE. nReq=32 senderID=1 sn=49
00:49:49.793 INF Committed entry. latency=0 nReq=32 sn=50
00:49:49.809 INF Committed entry. latency=0 nReq=32 sn=49
00:49:49.811 INF Committed entry. latency=0 nReq=33 sn=51
00:49:49.811 INF Delivered batch. nReq=32 sn=49
00:49:49.812 INF Delivered batch. nReq=32 sn=50
00:49:49.812 INF Delivered batch. nReq=33 sn=51
00:49:50.673 INF Handling PREPREPARE. nReq=32 senderID=0 sn=52
00:49:50.735 INF Sending PREPREPARE. nReq=32 senderID=2 sn=54 view=0
00:49:50.735 INF Handling PREPREPARE. nReq=32 senderID=1 sn=53
00:49:50.771 INF Committed entry. latency=0 nReq=32 sn=53
00:49:50.788 INF Committed entry. latency=0 nReq=32 sn=52
00:49:50.789 INF Delivered batch. nReq=32 sn=52
00:49:50.789 INF Delivered batch. nReq=32 sn=53
00:49:50.813 INF Handling PREPREPARE. nReq=32 senderID=3 sn=55
00:49:50.818 INF Committed entry. latency=0 nReq=32 sn=54
00:49:50.819 INF Delivered batch. nReq=32 sn=54
00:49:50.853 INF Committed entry. latency=0 nReq=32 sn=55
00:49:50.853 INF Delivered batch. nReq=32 sn=55
00:49:51.716 INF Handling PREPREPARE. nReq=32 senderID=1 sn=57
00:49:51.716 INF Handling PREPREPARE. nReq=32 senderID=0 sn=56
00:49:51.726 INF Sending PREPREPARE. nReq=33 senderID=2 sn=58 view=0
00:49:51.747 INF Committed entry. latency=0 nReq=32 sn=56
00:49:51.748 INF Delivered batch. nReq=32 sn=56
00:49:51.791 INF Committed entry. latency=0 nReq=33 sn=58
00:49:51.792 INF Handling PREPREPARE. nReq=31 senderID=3 sn=59
00:49:51.812 INF Committed entry. latency=0 nReq=32 sn=57
00:49:51.812 INF Delivered batch. nReq=32 sn=57
00:49:51.816 INF Delivered batch. nReq=33 sn=58
00:49:51.837 INF Committed entry. latency=0 nReq=31 sn=59
00:49:51.838 INF Delivered batch. nReq=31 sn=59
00:49:52.672 INF Handling PREPREPARE. nReq=32 senderID=0 sn=60
00:49:52.692 INF Committed entry. latency=0 nReq=32 sn=60
00:49:52.693 INF Delivered batch. nReq=32 sn=60
00:49:52.713 INF Sending PREPREPARE. nReq=31 senderID=2 sn=62 view=0
00:49:52.737 INF Handling PREPREPARE. nReq=33 senderID=1 sn=61
00:49:52.761 INF Committed entry. latency=0 nReq=31 sn=62
00:49:52.772 INF Committed entry. latency=0 nReq=33 sn=61
00:49:52.773 INF Delivered batch. nReq=33 sn=61
00:49:52.773 INF Delivered batch. nReq=31 sn=62
00:49:52.811 INF Handling PREPREPARE. nReq=34 senderID=3 sn=63
00:49:52.838 INF Committed entry. latency=0 nReq=34 sn=63
00:49:52.839 INF Delivered batch. nReq=34 sn=63
00:49:53.677 INF Handling PREPREPARE. nReq=32 senderID=0 sn=64
00:49:53.706 INF Committed entry. latency=0 nReq=32 sn=64
00:49:53.706 INF Delivered batch. nReq=32 sn=64
00:49:53.720 INF Sending PREPREPARE. nReq=33 senderID=2 sn=66 view=0
00:49:53.729 INF Handling PREPREPARE. nReq=32 senderID=1 sn=65
00:49:53.762 INF Committed entry. latency=0 nReq=32 sn=65
00:49:53.763 INF Delivered batch. nReq=32 sn=65
00:49:53.769 INF Committed entry. latency=0 nReq=33 sn=66
00:49:53.769 INF Delivered batch. nReq=33 sn=66
00:49:53.782 INF Handling PREPREPARE. nReq=32 senderID=3 sn=67
00:49:53.807 INF Committed entry. latency=0 nReq=32 sn=67
00:49:53.808 INF Delivered batch. nReq=32 sn=67
00:49:54.682 INF Handling PREPREPARE. nReq=32 senderID=0 sn=68
00:49:54.731 INF Handling PREPREPARE. nReq=32 senderID=1 sn=69
00:49:54.727 INF Committed entry. latency=0 nReq=32 sn=68
00:49:54.750 INF Delivered batch. nReq=32 sn=68
00:49:54.750 INF Sending PREPREPARE. nReq=32 senderID=2 sn=70 view=0
00:49:54.827 INF Committed entry. latency=0 nReq=32 sn=70
00:49:54.827 INF Committed entry. latency=0 nReq=32 sn=69
00:49:54.827 INF Delivered batch. nReq=32 sn=69
00:49:54.828 INF Delivered batch. nReq=32 sn=70
00:49:54.848 INF Handling PREPREPARE. nReq=33 senderID=3 sn=71
00:49:54.860 INF Committed entry. latency=0 nReq=33 sn=71
00:49:54.860 INF Delivered batch. nReq=33 sn=71
00:49:55.684 INF Handling PREPREPARE. nReq=32 senderID=0 sn=72
00:49:55.723 INF Committed entry. latency=0 nReq=32 sn=72
00:49:55.723 INF Delivered batch. nReq=32 sn=72
00:49:55.756 INF Handling PREPREPARE. nReq=32 senderID=1 sn=73
00:49:55.759 INF Sending PREPREPARE. nReq=32 senderID=2 sn=74 view=0
00:49:55.785 INF Committed entry. latency=0 nReq=32 sn=73
00:49:55.785 INF Delivered batch. nReq=32 sn=73
00:49:55.812 INF Committed entry. latency=0 nReq=32 sn=74
00:49:55.812 INF Delivered batch. nReq=32 sn=74
00:49:55.829 INF Handling PREPREPARE. nReq=32 senderID=3 sn=75
00:49:55.861 INF Committed entry. latency=0 nReq=32 sn=75
00:49:55.861 INF Delivered batch. nReq=32 sn=75
00:49:56.698 INF Handling PREPREPARE. nReq=32 senderID=0 sn=76
00:49:56.730 INF Handling PREPREPARE. nReq=32 senderID=1 sn=77
00:49:56.767 INF Sending PREPREPARE. nReq=32 senderID=2 sn=78 view=0
00:49:56.768 INF Committed entry. latency=0 nReq=32 sn=76
00:49:56.769 INF Delivered batch. nReq=32 sn=76
00:49:56.771 INF Committed entry. latency=0 nReq=32 sn=77
00:49:56.771 INF Delivered batch. nReq=32 sn=77
00:49:56.797 INF Committed entry. latency=0 nReq=32 sn=78
00:49:56.798 INF Delivered batch. nReq=32 sn=78
00:49:56.814 INF Handling PREPREPARE. nReq=31 senderID=3 sn=79
00:49:56.840 INF Committed entry. latency=0 nReq=31 sn=79
00:49:56.840 INF Delivered batch. nReq=31 sn=79
00:49:57.684 INF Handling PREPREPARE. nReq=32 senderID=0 sn=80
00:49:57.713 INF Committed entry. latency=0 nReq=32 sn=80
00:49:57.713 INF Delivered batch. nReq=32 sn=80
00:49:57.729 INF Handling PREPREPARE. nReq=32 senderID=1 sn=81
00:49:57.741 INF Sending PREPREPARE. nReq=32 senderID=2 sn=82 view=0
00:49:57.769 INF Committed entry. latency=0 nReq=32 sn=81
00:49:57.769 INF Delivered batch. nReq=32 sn=81
00:49:57.778 INF Committed entry. latency=0 nReq=32 sn=82
00:49:57.778 INF Delivered batch. nReq=32 sn=82
00:49:57.804 INF Handling PREPREPARE. nReq=33 senderID=3 sn=83
00:49:57.828 INF Committed entry. latency=0 nReq=33 sn=83
00:49:57.829 INF Delivered batch. nReq=33 sn=83
00:49:58.688 INF Handling PREPREPARE. nReq=32 senderID=0 sn=84
00:49:58.717 INF Committed entry. latency=0 nReq=32 sn=84
00:49:58.718 INF Delivered batch. nReq=32 sn=84
00:49:58.747 INF Handling PREPREPARE. nReq=32 senderID=1 sn=85
00:49:58.756 INF Sending PREPREPARE. nReq=32 senderID=2 sn=86 view=0
00:49:58.779 INF Committed entry. latency=0 nReq=32 sn=85
00:49:58.779 INF Delivered batch. nReq=32 sn=85
00:49:58.811 INF Committed entry. latency=0 nReq=32 sn=86
00:49:58.812 INF Delivered batch. nReq=32 sn=86
00:49:58.821 INF Handling PREPREPARE. nReq=32 senderID=3 sn=87
00:49:58.847 INF Committed entry. latency=0 nReq=32 sn=87
00:49:58.847 INF Delivered batch. nReq=32 sn=87
00:49:59.688 INF Handling PREPREPARE. nReq=32 senderID=0 sn=88
00:49:59.706 INF Committed entry. latency=0 nReq=32 sn=88
00:49:59.707 INF Delivered batch. nReq=32 sn=88
00:49:59.736 INF Sending PREPREPARE. nReq=33 senderID=2 sn=90 view=0
00:49:59.741 INF Handling PREPREPARE. nReq=33 senderID=1 sn=89
00:49:59.765 INF Committed entry. latency=0 nReq=33 sn=89
00:49:59.766 INF Delivered batch. nReq=33 sn=89
00:49:59.782 INF Committed entry. latency=0 nReq=33 sn=90
00:49:59.782 INF Delivered batch. nReq=33 sn=90
00:49:59.814 INF Handling PREPREPARE. nReq=32 senderID=3 sn=91
00:49:59.849 INF Committed entry. latency=0 nReq=32 sn=91
00:49:59.852 INF Delivered batch. nReq=32 sn=91
00:50:00.693 INF Handling PREPREPARE. nReq=32 senderID=0 sn=92
00:50:00.718 INF Committed entry. latency=0 nReq=32 sn=92
00:50:00.718 INF Delivered batch. nReq=32 sn=92
00:50:00.745 INF Handling PREPREPARE. nReq=32 senderID=1 sn=93
00:50:00.742 INF Sending PREPREPARE. nReq=31 senderID=2 sn=94 view=0
00:50:00.776 INF Committed entry. latency=0 nReq=32 sn=93
00:50:00.783 INF Delivered batch. nReq=32 sn=93
00:50:00.792 INF Committed entry. latency=0 nReq=31 sn=94
00:50:00.792 INF Delivered batch. nReq=31 sn=94
00:50:00.815 INF Handling PREPREPARE. nReq=32 senderID=3 sn=95
00:50:00.839 INF Committed entry. latency=0 nReq=32 sn=95
00:50:00.840 INF Delivered batch. nReq=32 sn=95
00:50:01.693 INF Handling PREPREPARE. nReq=32 senderID=0 sn=96
00:50:01.721 INF Committed entry. latency=0 nReq=32 sn=96
00:50:01.721 INF Delivered batch. nReq=32 sn=96
00:50:01.739 INF Sending PREPREPARE. nReq=32 senderID=2 sn=98 view=0
00:50:01.769 INF Handling PREPREPARE. nReq=31 senderID=1 sn=97
00:50:01.792 INF Committed entry. latency=0 nReq=31 sn=97
00:50:01.793 INF Delivered batch. nReq=31 sn=97
00:50:01.797 INF Committed entry. latency=0 nReq=32 sn=98
00:50:01.797 INF Delivered batch. nReq=32 sn=98
00:50:01.842 INF Handling PREPREPARE. nReq=31 senderID=3 sn=99
00:50:01.872 INF Committed entry. latency=0 nReq=31 sn=99
00:50:01.873 INF Delivered batch. nReq=31 sn=99
00:50:02.697 INF Handling PREPREPARE. nReq=32 senderID=0 sn=100
00:50:02.742 INF Committed entry. latency=0 nReq=32 sn=100
00:50:02.742 INF Delivered batch. nReq=32 sn=100
00:50:02.756 INF Handling PREPREPARE. nReq=33 senderID=1 sn=101
00:50:02.787 INF Sending PREPREPARE. nReq=33 senderID=2 sn=102 view=0
00:50:02.821 INF Committed entry. latency=0 nReq=33 sn=101
00:50:02.822 INF Delivered batch. nReq=33 sn=101
00:50:02.846 INF Handling PREPREPARE. nReq=34 senderID=3 sn=103
00:50:02.903 INF Committed entry. latency=0 nReq=33 sn=102
00:50:02.904 INF Delivered batch. nReq=33 sn=102
00:50:02.914 INF Committed entry. latency=0 nReq=34 sn=103
00:50:02.914 INF Delivered batch. nReq=34 sn=103
00:50:03.701 INF Handling PREPREPARE. nReq=33 senderID=0 sn=104
00:50:03.718 INF Committed entry. latency=0 nReq=33 sn=104
00:50:03.718 INF Delivered batch. nReq=33 sn=104
00:50:03.750 INF Sending PREPREPARE. nReq=32 senderID=2 sn=106 view=0
00:50:03.791 INF Handling PREPREPARE. nReq=32 senderID=1 sn=105
00:50:03.807 INF Committed entry. latency=0 nReq=32 sn=105
00:50:03.835 INF Delivered batch. nReq=32 sn=105
00:50:03.810 INF Committed entry. latency=0 nReq=32 sn=106
00:50:03.824 INF Handling PREPREPARE. nReq=31 senderID=3 sn=107
00:50:03.835 INF Delivered batch. nReq=32 sn=106
00:50:03.848 INF Committed entry. latency=0 nReq=31 sn=107
00:50:03.849 INF Delivered batch. nReq=31 sn=107
00:50:04.709 INF Handling PREPREPARE. nReq=32 senderID=0 sn=108
00:50:04.754 INF Committed entry. latency=0 nReq=32 sn=108
00:50:04.754 INF Delivered batch. nReq=32 sn=108
00:50:04.781 INF Sending PREPREPARE. nReq=32 senderID=2 sn=110 view=0
00:50:04.816 INF Handling PREPREPARE. nReq=32 senderID=1 sn=109
00:50:04.846 INF Committed entry. latency=0 nReq=32 sn=110
00:50:04.854 INF Committed entry. latency=0 nReq=32 sn=109
00:50:04.860 INF Delivered batch. nReq=32 sn=109
00:50:04.861 INF Delivered batch. nReq=32 sn=110
00:50:04.874 INF Handling PREPREPARE. nReq=33 senderID=3 sn=111
00:50:04.907 INF Committed entry. latency=0 nReq=33 sn=111
00:50:04.916 INF Delivered batch. nReq=33 sn=111
00:50:05.709 INF Handling PREPREPARE. nReq=32 senderID=0 sn=112
00:50:05.750 INF Committed entry. latency=0 nReq=32 sn=112
00:50:05.751 INF Delivered batch. nReq=32 sn=112
00:50:05.784 INF Sending PREPREPARE. nReq=32 senderID=2 sn=114 view=0
00:50:05.799 INF Handling PREPREPARE. nReq=32 senderID=1 sn=113
00:50:05.865 INF Committed entry. latency=0 nReq=32 sn=113
00:50:05.865 INF Delivered batch. nReq=32 sn=113
00:50:05.882 INF Committed entry. latency=0 nReq=32 sn=114
00:50:05.884 INF Delivered batch. nReq=32 sn=114
00:50:05.901 INF Handling PREPREPARE. nReq=32 senderID=3 sn=115
00:50:05.954 INF Committed entry. latency=0 nReq=32 sn=115
00:50:05.955 INF Delivered batch. nReq=32 sn=115
00:50:06.710 INF Handling PREPREPARE. nReq=32 senderID=0 sn=116
00:50:06.734 INF Committed entry. latency=0 nReq=32 sn=116
00:50:06.734 INF Delivered batch. nReq=32 sn=116
00:50:06.768 INF Handling PREPREPARE. nReq=31 senderID=1 sn=117
00:50:06.780 INF Sending PREPREPARE. nReq=31 senderID=2 sn=118 view=0
00:50:06.804 INF Committed entry. latency=0 nReq=31 sn=117
00:50:06.805 INF Delivered batch. nReq=31 sn=117
00:50:06.838 INF Committed entry. latency=0 nReq=31 sn=118
00:50:06.839 INF Delivered batch. nReq=31 sn=118
00:50:06.934 INF Handling PREPREPARE. nReq=33 senderID=3 sn=119
00:50:06.991 INF Committed entry. latency=0 nReq=33 sn=119
00:50:06.994 INF Delivered batch. nReq=33 sn=119
00:50:07.743 INF Handling PREPREPARE. nReq=32 senderID=0 sn=120
00:50:07.805 INF Committed entry. latency=0 nReq=32 sn=120
00:50:07.807 INF Delivered batch. nReq=32 sn=120
00:50:07.816 INF Sending PREPREPARE. nReq=33 senderID=2 sn=122 view=0
00:50:07.892 INF Handling PREPREPARE. nReq=33 senderID=1 sn=121
00:50:07.943 INF Committed entry. latency=0 nReq=33 sn=121
00:50:07.947 INF Committed entry. latency=0 nReq=33 sn=122
00:50:07.946 INF Delivered batch. nReq=33 sn=121
00:50:07.949 INF Delivered batch. nReq=33 sn=122
00:50:08.020 INF Handling PREPREPARE. nReq=32 senderID=3 sn=123
00:50:08.060 INF Committed entry. latency=0 nReq=32 sn=123
00:50:08.061 INF Delivered batch. nReq=32 sn=123
00:50:08.717 INF Handling PREPREPARE. nReq=32 senderID=0 sn=124
00:50:08.760 INF Committed entry. latency=0 nReq=32 sn=124
00:50:08.760 INF Delivered batch. nReq=32 sn=124
00:50:08.792 INF Sending PREPREPARE. nReq=33 senderID=2 sn=126 view=0
00:50:08.822 INF Handling PREPREPARE. nReq=33 senderID=1 sn=125
00:50:08.880 INF Committed entry. latency=0 nReq=33 sn=125
00:50:08.880 INF Delivered batch. nReq=33 sn=125
00:50:08.906 INF Committed entry. latency=0 nReq=33 sn=126
00:50:08.906 INF Delivered batch. nReq=33 sn=126
00:50:08.911 INF Handling PREPREPARE. nReq=32 senderID=3 sn=127
00:50:08.947 INF Committed entry. latency=0 nReq=32 sn=127
00:50:08.947 INF Delivered batch. nReq=32 sn=127
00:50:09.709 INF Handling PREPREPARE. nReq=9 senderID=0 sn=128
00:50:09.722 INF Committed entry. latency=0 nReq=9 sn=128
00:50:09.723 INF Delivered batch. nReq=9 sn=128
00:50:09.776 INF Sending PREPREPARE. nReq=7 senderID=2 sn=130 view=0
00:50:09.795 INF Handling PREPREPARE. nReq=7 senderID=1 sn=129
00:50:09.811 INF Committed entry. latency=0 nReq=7 sn=129
00:50:09.812 INF Delivered batch. nReq=7 sn=129
00:50:09.830 INF Committed entry. latency=0 nReq=7 sn=130
00:50:09.831 INF Delivered batch. nReq=7 sn=130
00:50:09.874 INF Handling PREPREPARE. nReq=4 senderID=3 sn=131
00:50:09.892 INF Committed entry. latency=0 nReq=4 sn=131
00:50:09.893 INF Delivered batch. nReq=4 sn=131
00:50:10.039 INF Connection terminated. error="rpc error: code = Canceled desc = context canceled" address=127.0.0.1:39202
00:50:10.067 INF Finished sending bucket assignments to client. clId=0
00:50:10.708 INF Handling PREPREPARE. nReq=0 senderID=0 sn=132
00:50:10.719 INF Committed entry. latency=0 nReq=0 sn=132
00:50:10.719 INF Delivered batch. nReq=0 sn=132
00:50:10.776 INF Sending PREPREPARE. nReq=0 senderID=2 sn=134 view=0
00:50:10.783 INF Handling PREPREPARE. nReq=0 senderID=1 sn=133
00:50:10.784 INF Committed entry. latency=0 nReq=0 sn=134
00:50:10.796 INF Committed entry. latency=0 nReq=0 sn=133
00:50:10.797 INF Delivered batch. nReq=0 sn=133
00:50:10.799 INF Delivered batch. nReq=0 sn=134
00:50:10.872 INF Handling PREPREPARE. nReq=0 senderID=3 sn=135
00:50:10.885 INF Committed entry. latency=0 nReq=0 sn=135
00:50:10.885 INF Delivered batch. nReq=0 sn=135
00:50:10.996 INF Stopping profiler.
00:50:10.997 INF Stopping Tracer. events=247 fileName=experiment-output/0000/slave-004/peer.trc
==================
WARNING: DATA RACE
Read at 0x00c0007b45d0 by goroutine 89:
  github.com/hyperledger-labs/mirbft/tracing.(*BufferedTrace).Stop()
      /opt/gopath/src/github.com/hyperledger-labs/mirbft/tracing/bufferedtrace.go:238 +0x30e
  github.com/hyperledger-labs/mirbft/tracing.(*BufferedTrace).StopOnSignal.func1()
      /opt/gopath/src/github.com/hyperledger-labs/mirbft/tracing/bufferedtrace.go:299 +0x4e

Previous write at 0x00c0007b45d0 by goroutine 88:
  github.com/hyperledger-labs/mirbft/tracing.(*BufferedTrace).Event()
      /opt/gopath/src/github.com/hyperledger-labs/mirbft/tracing/bufferedtrace.go:106 +0x2cd
  github.com/hyperledger-labs/mirbft/profiling.StartCPUTracing.func1()
      /opt/gopath/src/github.com/hyperledger-labs/mirbft/profiling/cpuusage.go:31 +0x95

Goroutine 89 (running) created at:
  github.com/hyperledger-labs/mirbft/tracing.(*BufferedTrace).StopOnSignal()
      /opt/gopath/src/github.com/hyperledger-labs/mirbft/tracing/bufferedtrace.go:293 +0x178
  main.setUpTracing()
      /opt/gopath/src/github.com/hyperledger-labs/mirbft/cmd/orderingpeer/main.go:204 +0xf5
  main.main()
      /opt/gopath/src/github.com/hyperledger-labs/mirbft/cmd/orderingpeer/main.go:98 +0x9e4

Goroutine 88 (running) created at:
  github.com/hyperledger-labs/mirbft/profiling.StartCPUTracing()
      /opt/gopath/src/github.com/hyperledger-labs/mirbft/profiling/cpuusage.go:28 +0xb9
  main.setUpTracing()
      /opt/gopath/src/github.com/hyperledger-labs/mirbft/cmd/orderingpeer/main.go:196 +0x85
  main.main()
      /opt/gopath/src/github.com/hyperledger-labs/mirbft/cmd/orderingpeer/main.go:98 +0x9e4
==================
00:50:11.041 INF Trace data written.
00:50:11.087 INF Profile data written. filename=experiment-output/0000/slave-004/prof.mutex name=mutex
00:50:11.344 INF Profile data written. filename=experiment-output/0000/slave-004/prof.cpu name=cpu
00:50:11.524 INF Profile data written. filename=experiment-output/0000/slave-004/prof.block name=block
