{"level":"debug","Logging":"info","time":"2024-02-26T00:51:36+08:00","message":"Config"}
{"level":"debug","UseTLS":false,"time":"2024-02-26T00:51:36+08:00","message":"Config"}
{"level":"debug","CACertFile":"tls-data/ca.pem","time":"2024-02-26T00:51:36+08:00","message":"Config"}
{"level":"debug","KeyFile":"tls-data/auth.key","time":"2024-02-26T00:51:36+08:00","message":"Config"}
{"level":"debug","CertFile":"tls-data/auth.pem","time":"2024-02-26T00:51:36+08:00","message":"Config"}
{"level":"debug","PriorityConnections":2,"time":"2024-02-26T00:51:36+08:00","message":"Config"}
{"level":"debug","BasicConnections":4,"time":"2024-02-26T00:51:36+08:00","message":"Config"}
{"level":"debug","TestConnections":false,"time":"2024-02-26T00:51:36+08:00","message":"Config"}
{"level":"debug","ExcessConnections":1,"time":"2024-02-26T00:51:36+08:00","message":"Config"}
{"level":"debug","ConnectionTestMsgs":4,"time":"2024-02-26T00:51:36+08:00","message":"Config"}
{"level":"debug","ConnectionTestPayload":131072,"time":"2024-02-26T00:51:36+08:00","message":"Config"}
{"level":"debug","OutMessageBufsize":1024,"time":"2024-02-26T00:51:36+08:00","message":"Config"}
{"level":"debug","OutMessageBufsize":1,"time":"2024-02-26T00:51:36+08:00","message":"Config"}
{"level":"debug","ThroughputCap":131072000,"time":"2024-02-26T00:51:36+08:00","message":"Config"}
{"level":"debug","StragglerTolerance":1000,"time":"2024-02-26T00:51:36+08:00","message":"Config"}
{"level":"debug","BatchSizeIncrement":256,"time":"2024-02-26T00:51:36+08:00","message":"Config"}
{"level":"debug","Orderer":"Pbft","time":"2024-02-26T00:51:36+08:00","message":"Config"}
{"level":"debug","Manager":"Mir","time":"2024-02-26T00:51:36+08:00","message":"Config"}
{"level":"debug","Failures":0,"time":"2024-02-26T00:51:36+08:00","message":"Config"}
{"level":"debug","CrashTiming":"EpochStart","time":"2024-02-26T00:51:36+08:00","message":"Config"}
{"level":"debug","CheckpointInterval":256,"time":"2024-02-26T00:51:36+08:00","message":"Config"}
{"level":"debug","WatermarkWindowSize":256,"time":"2024-02-26T00:51:36+08:00","message":"Config"}
{"level":"debug","EpochLength":256,"time":"2024-02-26T00:51:36+08:00","message":"Config"}
{"level":"debug","SegmentLength":256,"time":"2024-02-26T00:51:36+08:00","message":"Config"}
{"level":"debug","WaitForCheckpoints":true,"time":"2024-02-26T00:51:36+08:00","message":"Config"}
{"level":"debug","ClientWatermarkWindowSize":4194304,"time":"2024-02-26T00:51:36+08:00","message":"Config"}
{"level":"debug","ClientRequestBacklogSize":4194304,"time":"2024-02-26T00:51:36+08:00","message":"Config"}
{"level":"debug","RandomSeed":26660,"time":"2024-02-26T00:51:36+08:00","message":"Config"}
{"level":"debug","NodeToLeaderRatio":1,"time":"2024-02-26T00:51:36+08:00","message":"Config"}
{"level":"debug","LeaderPolicy":"Single","time":"2024-02-26T00:51:36+08:00","message":"Config"}
{"level":"debug","DefaultLeaderBan":2,"time":"2024-02-26T00:51:36+08:00","message":"Config"}
{"level":"debug","NumBuckets":16,"time":"2024-02-26T00:51:36+08:00","message":"Config"}
{"level":"debug","BatchSize":1000,"time":"2024-02-26T00:51:36+08:00","message":"Config"}
{"level":"debug","DisabledViewChange":false,"time":"2024-02-26T00:51:36+08:00","message":"Config"}
{"level":"debug","ViewChangeTimeout":60000,"time":"2024-02-26T00:51:36+08:00","message":"Config"}
{"level":"debug","ClientTraceSampling":10,"time":"2024-02-26T00:51:36+08:00","message":"Config"}
{"level":"debug","EventBufferSize":2097152,"time":"2024-02-26T00:51:36+08:00","message":"Config"}
{"level":"debug","TraceSampling":1,"time":"2024-02-26T00:51:36+08:00","message":"Config"}
{"level":"debug","ClientsPerProcess":1,"time":"2024-02-26T00:51:36+08:00","message":"Config"}
{"level":"debug","RequestsPerClient":15360,"time":"2024-02-26T00:51:36+08:00","message":"Config"}
{"level":"debug","ClientRunTime":30000,"time":"2024-02-26T00:51:36+08:00","message":"Config"}
{"level":"debug","RequestRate":256,"time":"2024-02-26T00:51:36+08:00","message":"Config"}
{"level":"debug","HardRequestRateLimit":false,"time":"2024-02-26T00:51:36+08:00","message":"Config"}
{"level":"debug","RequestPayloadSize":500,"time":"2024-02-26T00:51:36+08:00","message":"Config"}
{"level":"debug","SignRequests":true,"time":"2024-02-26T00:51:36+08:00","message":"Config"}
{"level":"debug","ClientPrivKeyFile":"tls-data/client-ecdsa-256.key","time":"2024-02-26T00:51:36+08:00","message":"Config"}
{"level":"debug","ClientPubKeyFile":"tls-data/client-ecdsa-256.pem","time":"2024-02-26T00:51:36+08:00","message":"Config"}
{"level":"debug","PrecomputeRequests":false,"time":"2024-02-26T00:51:36+08:00","message":"Config"}
{"level":"debug","RequestHandlerThreads":32,"time":"2024-02-26T00:51:36+08:00","message":"Config"}
{"level":"debug","RequestInputChannelBuffer":8192,"time":"2024-02-26T00:51:36+08:00","message":"Config"}
{"level":"debug","BatchVerifier":"external","time":"2024-02-26T00:51:36+08:00","message":"Config"}
00:51:36.697 INF Registered with discovery server. numPeers=4 ownID=0
00:51:36.699 INF Profiling enabled.
00:51:36.707 INF Setting up profiling.
00:51:36.708 INF Started Profiler: CPU
00:51:36.708 INF Started Profiler: BLOCK
00:51:36.708 INF Started Profiler: MUTEX
00:51:36.708 INF Profiler will stop on signal. exit=true
00:51:36.747 INF Tracing will stop on signal. exit=false
00:51:36.748 INF Started tracing. traceFile=experiment-output/0003/slave-002/peer.trc
00:51:36.751 INF Connecting to peer. addr=127.0.0.1:10022 basicConns=4 priorityConns=2
00:51:36.752 INF Listening for connections. port=10000 useTLS=false
00:51:36.753 INF Connecting to peer. addr=127.0.0.1:10000 basicConns=4 priorityConns=2
00:51:36.757 INF Connecting to peer. addr=127.0.0.1:10011 basicConns=4 priorityConns=2
00:51:36.758 INF Connecting to peer. addr=127.0.0.1:10033 basicConns=4 priorityConns=2
00:51:36.824 INF Incoming connection for protocol messages. addr=127.0.0.1:59292
00:51:36.843 INF Incoming connection for protocol messages. addr=127.0.0.1:59304
00:51:36.849 INF Incoming connection for protocol messages. addr=127.0.0.1:59280
00:51:36.852 INF Incoming connection for protocol messages. addr=127.0.0.1:59274
00:51:36.856 INF Incoming connection for protocol messages. addr=127.0.0.1:59312
00:51:36.856 INF Incoming connection for protocol messages. addr=127.0.0.1:59302
00:51:36.860 INF Incoming connection for protocol messages. addr=127.0.0.1:59316
00:51:36.860 INF Incoming connection for protocol messages. addr=127.0.0.1:59358
00:51:36.869 INF Incoming connection for protocol messages. addr=127.0.0.1:59330
00:51:36.870 INF Connected to all peers.
00:51:36.876 INF Incoming connection for protocol messages. addr=127.0.0.1:59342
00:51:36.880 INF Incoming connection for protocol messages. addr=127.0.0.1:59344
00:51:36.884 INF Incoming connection for protocol messages. addr=127.0.0.1:59348
00:51:36.889 INF Incoming connection for protocol messages. addr=127.0.0.1:59298
00:51:37.760 INF Incoming connection for protocol messages. addr=127.0.0.1:59382
00:51:37.760 INF Incoming connection for protocol messages. addr=127.0.0.1:59392
00:51:37.763 INF Incoming connection for protocol messages. addr=127.0.0.1:59366
00:51:37.796 INF Incoming connection for protocol messages. addr=127.0.0.1:59396
00:51:37.796 INF Incoming connection for protocol messages. addr=127.0.0.1:59402
00:51:37.798 INF Incoming connection for protocol messages. addr=127.0.0.1:59410
00:51:37.798 INF Incoming connection for protocol messages. addr=127.0.0.1:59394
00:51:37.801 INF Incoming connection for protocol messages. addr=127.0.0.1:59436
00:51:37.802 INF Incoming connection for protocol messages. addr=127.0.0.1:59408
00:51:37.803 INF Incoming connection for protocol messages. addr=127.0.0.1:59450
00:51:37.806 INF Incoming connection for protocol messages. addr=127.0.0.1:59422
00:51:37.820 INF All peers finished connecting. Starting ISS.
00:51:37.823 INF PbftOrderer received a new segment: [0 1 2 3 4 5 6 7 8 9 10 11 12 13 14 15 16 17 18 19 20 21 22 23 24 25 26 27 28 29 30 31 32 33 34 35 36 37 38 39 40 41 42 43 44 45 46 47 48 49 50 51 52 53 54 55 56 57 58 59 60 61 62 63 64 65 66 67 68 69 70 71 72 73 74 75 76 77 78 79 80 81 82 83 84 85 86 87 88 89 90 91 92 93 94 95 96 97 98 99 100 101 102 103 104 105 106 107 108 109 110 111 112 113 114 115 116 117 118 119 120 121 122 123 124 125 126 127 128 129 130 131 132 133 134 135 136 137 138 139 140 141 142 143 144 145 146 147 148 149 150 151 152 153 154 155 156 157 158 159 160 161 162 163 164 165 166 167 168 169 170 171 172 173 174 175 176 177 178 179 180 181 182 183 184 185 186 187 188 189 190 191 192 193 194 195 196 197 198 199 200 201 202 203 204 205 206 207 208 209 210 211 212 213 214 215 216 217 218 219 220 221 222 223 224 225 226 227 228 229 230 231 232 233 234 235 236 237 238 239 240 241 242 243 244 245 246 247 248 249 250 251 252 253 254 255] first leader=0 firstSN=0 lastSN=255 len=256 length=256 segId=0
00:51:37.824 INF Starting new view. segID=0 timeout=60000 view=0
00:51:37.827 INF Starting PBFT instance. first=0 last=255 segID=0
00:51:37.828 INF Starting serialized message processing. segID=0
00:51:38.829 INF Sending PREPREPARE. nReq=0 senderID=0 sn=0 view=0
00:51:38.851 INF Committed entry. latency=0 nReq=0 sn=0
00:51:38.853 INF Delivered batch. nReq=0 sn=0
00:51:39.831 INF Sending PREPREPARE. nReq=0 senderID=0 sn=1 view=0
00:51:39.837 INF Committed entry. latency=0 nReq=0 sn=1
00:51:39.839 INF Delivered batch. nReq=0 sn=1
00:51:39.953 INF Incoming connection for requests. addr=127.0.0.1:35698
00:51:40.853 INF Sending PREPREPARE. nReq=208 senderID=0 sn=2 view=0
00:51:41.022 INF Committed entry. latency=0 nReq=208 sn=2
00:51:41.022 INF Delivered batch. nReq=208 sn=2
00:51:41.875 INF Sending PREPREPARE. nReq=261 senderID=0 sn=3 view=0
00:51:42.016 INF Committed entry. latency=0 nReq=261 sn=3
00:51:42.017 INF Delivered batch. nReq=261 sn=3
00:51:42.895 INF Sending PREPREPARE. nReq=259 senderID=0 sn=4 view=0
00:51:43.026 INF Committed entry. latency=0 nReq=259 sn=4
00:51:43.026 INF Delivered batch. nReq=259 sn=4
00:51:43.913 INF Sending PREPREPARE. nReq=260 senderID=0 sn=5 view=0
00:51:44.061 INF Committed entry. latency=0 nReq=260 sn=5
00:51:44.062 INF Delivered batch. nReq=260 sn=5
00:51:44.918 INF Sending PREPREPARE. nReq=259 senderID=0 sn=6 view=0
00:51:45.050 INF Committed entry. latency=0 nReq=259 sn=6
00:51:45.051 INF Delivered batch. nReq=259 sn=6
00:51:45.931 INF Sending PREPREPARE. nReq=260 senderID=0 sn=7 view=0
00:51:46.059 INF Committed entry. latency=0 nReq=260 sn=7
00:51:46.060 INF Delivered batch. nReq=260 sn=7
00:51:46.927 INF Sending PREPREPARE. nReq=256 senderID=0 sn=8 view=0
00:51:47.070 INF Committed entry. latency=0 nReq=256 sn=8
00:51:47.070 INF Delivered batch. nReq=256 sn=8
00:51:47.966 INF Sending PREPREPARE. nReq=259 senderID=0 sn=9 view=0
00:51:48.126 INF Committed entry. latency=0 nReq=259 sn=9
00:51:48.127 INF Delivered batch. nReq=259 sn=9
00:51:48.966 INF Sending PREPREPARE. nReq=262 senderID=0 sn=10 view=0
00:51:49.098 INF Committed entry. latency=0 nReq=262 sn=10
00:51:49.099 INF Delivered batch. nReq=262 sn=10
00:51:49.969 INF Sending PREPREPARE. nReq=257 senderID=0 sn=11 view=0
00:51:50.098 INF Committed entry. latency=0 nReq=257 sn=11
00:51:50.098 INF Delivered batch. nReq=257 sn=11
00:51:50.969 INF Sending PREPREPARE. nReq=256 senderID=0 sn=12 view=0
00:51:51.112 INF Committed entry. latency=0 nReq=256 sn=12
00:51:51.113 INF Delivered batch. nReq=256 sn=12
00:51:51.981 INF Sending PREPREPARE. nReq=259 senderID=0 sn=13 view=0
00:51:52.101 INF Committed entry. latency=0 nReq=259 sn=13
00:51:52.102 INF Delivered batch. nReq=259 sn=13
00:51:53.001 INF Sending PREPREPARE. nReq=261 senderID=0 sn=14 view=0
00:51:53.126 INF Committed entry. latency=0 nReq=261 sn=14
00:51:53.126 INF Delivered batch. nReq=261 sn=14
00:51:54.028 INF Sending PREPREPARE. nReq=262 senderID=0 sn=15 view=0
00:51:54.144 INF Committed entry. latency=0 nReq=262 sn=15
00:51:54.151 INF Delivered batch. nReq=262 sn=15
00:51:55.050 INF Sending PREPREPARE. nReq=262 senderID=0 sn=16 view=0
00:51:55.180 INF Committed entry. latency=0 nReq=262 sn=16
00:51:55.180 INF Delivered batch. nReq=262 sn=16
00:51:56.051 INF Sending PREPREPARE. nReq=256 senderID=0 sn=17 view=0
00:51:56.180 INF Committed entry. latency=0 nReq=256 sn=17
00:51:56.180 INF Delivered batch. nReq=256 sn=17
00:51:57.052 INF Sending PREPREPARE. nReq=257 senderID=0 sn=18 view=0
00:51:57.175 INF Committed entry. latency=0 nReq=257 sn=18
00:51:57.175 INF Delivered batch. nReq=257 sn=18
00:51:58.051 INF Sending PREPREPARE. nReq=256 senderID=0 sn=19 view=0
00:51:58.183 INF Committed entry. latency=0 nReq=256 sn=19
00:51:58.184 INF Delivered batch. nReq=256 sn=19
00:51:59.068 INF Sending PREPREPARE. nReq=259 senderID=0 sn=20 view=0
00:51:59.193 INF Committed entry. latency=0 nReq=259 sn=20
00:51:59.194 INF Delivered batch. nReq=259 sn=20
00:52:00.081 INF Sending PREPREPARE. nReq=260 senderID=0 sn=21 view=0
00:52:00.202 INF Committed entry. latency=0 nReq=260 sn=21
00:52:00.203 INF Delivered batch. nReq=260 sn=21
00:52:01.080 INF Sending PREPREPARE. nReq=257 senderID=0 sn=22 view=0
00:52:01.203 INF Committed entry. latency=0 nReq=257 sn=22
00:52:01.203 INF Delivered batch. nReq=257 sn=22
00:52:02.091 INF Sending PREPREPARE. nReq=259 senderID=0 sn=23 view=0
00:52:02.222 INF Committed entry. latency=0 nReq=259 sn=23
00:52:02.224 INF Delivered batch. nReq=259 sn=23
00:52:03.099 INF Sending PREPREPARE. nReq=256 senderID=0 sn=24 view=0
00:52:03.201 INF Committed entry. latency=0 nReq=256 sn=24
00:52:03.202 INF Delivered batch. nReq=256 sn=24
00:52:04.107 INF Sending PREPREPARE. nReq=260 senderID=0 sn=25 view=0
00:52:04.228 INF Committed entry. latency=0 nReq=260 sn=25
00:52:04.229 INF Delivered batch. nReq=260 sn=25
00:52:05.111 INF Sending PREPREPARE. nReq=256 senderID=0 sn=26 view=0
00:52:05.226 INF Committed entry. latency=0 nReq=256 sn=26
00:52:05.226 INF Delivered batch. nReq=256 sn=26
00:52:06.126 INF Sending PREPREPARE. nReq=260 senderID=0 sn=27 view=0
00:52:06.247 INF Committed entry. latency=0 nReq=260 sn=27
00:52:06.248 INF Delivered batch. nReq=260 sn=27
00:52:07.161 INF Sending PREPREPARE. nReq=262 senderID=0 sn=28 view=0
00:52:07.290 INF Committed entry. latency=0 nReq=262 sn=28
00:52:07.290 INF Delivered batch. nReq=262 sn=28
00:52:08.150 INF Sending PREPREPARE. nReq=256 senderID=0 sn=29 view=0
00:52:08.275 INF Committed entry. latency=0 nReq=256 sn=29
00:52:08.276 INF Delivered batch. nReq=256 sn=29
00:52:09.211 INF Sending PREPREPARE. nReq=262 senderID=0 sn=30 view=0
00:52:09.344 INF Committed entry. latency=0 nReq=262 sn=30
00:52:09.344 INF Delivered batch. nReq=262 sn=30
00:52:10.189 INF Sending PREPREPARE. nReq=225 senderID=0 sn=31 view=0
00:52:10.282 INF Committed entry. latency=0 nReq=225 sn=31
00:52:10.282 INF Delivered batch. nReq=225 sn=31
00:52:11.028 INF Connection terminated. error="rpc error: code = Canceled desc = context canceled" address=127.0.0.1:35698
00:52:11.032 INF Finished sending bucket assignments to client. clId=0
00:52:11.188 INF Sending PREPREPARE. nReq=0 senderID=0 sn=32 view=0
00:52:11.194 INF Committed entry. latency=0 nReq=0 sn=32
00:52:11.195 INF Delivered batch. nReq=0 sn=32
00:52:11.546 INF Stopping profiler.
00:52:11.547 INF Stopping Tracer. events=139 fileName=experiment-output/0003/slave-002/peer.trc
==================
WARNING: DATA RACE
Read at 0x00c0007a1590 by goroutine 89:
  github.com/hyperledger-labs/mirbft/tracing.(*BufferedTrace).Stop()
      /opt/gopath/src/github.com/hyperledger-labs/mirbft/tracing/bufferedtrace.go:238 +0x30e
  github.com/hyperledger-labs/mirbft/tracing.(*BufferedTrace).StopOnSignal.func1()
      /opt/gopath/src/github.com/hyperledger-labs/mirbft/tracing/bufferedtrace.go:299 +0x4e

Previous write at 0x00c0007a1590 by goroutine 88:
  github.com/hyperledger-labs/mirbft/tracing.(*BufferedTrace).Event()
      /opt/gopath/src/github.com/hyperledger-labs/mirbft/tracing/bufferedtrace.go:106 +0x2cd
  github.com/hyperledger-labs/mirbft/profiling.StartCPUTracing.func1()
      /opt/gopath/src/github.com/hyperledger-labs/mirbft/profiling/cpuusage.go:31 +0x95

Goroutine 89 (running) created at:
  github.com/hyperledger-labs/mirbft/tracing.(*BufferedTrace).StopOnSignal()
      /opt/gopath/src/github.com/hyperledger-labs/mirbft/tracing/bufferedtrace.go:293 +0x178
  main.setUpTracing()
      /opt/gopath/src/github.com/hyperledger-labs/mirbft/cmd/orderingpeer/main.go:204 +0xf5
  main.main()
      /opt/gopath/src/github.com/hyperledger-labs/mirbft/cmd/orderingpeer/main.go:98 +0x9e4

Goroutine 88 (running) created at:
  github.com/hyperledger-labs/mirbft/profiling.StartCPUTracing()
      /opt/gopath/src/github.com/hyperledger-labs/mirbft/profiling/cpuusage.go:28 +0xb9
  main.setUpTracing()
      /opt/gopath/src/github.com/hyperledger-labs/mirbft/cmd/orderingpeer/main.go:196 +0x85
  main.main()
      /opt/gopath/src/github.com/hyperledger-labs/mirbft/cmd/orderingpeer/main.go:98 +0x9e4
==================
00:52:11.554 INF Trace data written.
00:52:11.725 INF Profile data written. filename=experiment-output/0003/slave-002/prof.cpu name=cpu
00:52:11.903 INF Profile data written. filename=experiment-output/0003/slave-002/prof.block name=block
00:52:11.916 INF Connection terminated. error="rpc error: code = Canceled desc = context canceled" address=127.0.0.1:59450
00:52:11.917 INF Connection terminated. error="rpc error: code = Canceled desc = context canceled" address=127.0.0.1:59304
00:52:11.917 INF Connection terminated. error="rpc error: code = Canceled desc = context canceled" address=127.0.0.1:59366
00:52:11.917 INF Connection terminated. error="rpc error: code = Canceled desc = context canceled" address=127.0.0.1:59392
00:52:11.917 INF Connection terminated. error="rpc error: code = Canceled desc = context canceled" address=127.0.0.1:59382
00:52:11.917 INF Connection terminated. error="rpc error: code = Canceled desc = context canceled" address=127.0.0.1:59394
00:52:11.958 INF Profile data written. filename=experiment-output/0003/slave-002/prof.mutex name=mutex
