{"level":"debug","Logging":"info","time":"2024-02-26T00:50:16+08:00","message":"Config"}
{"level":"debug","UseTLS":false,"time":"2024-02-26T00:50:16+08:00","message":"Config"}
{"level":"debug","CACertFile":"tls-data/ca.pem","time":"2024-02-26T00:50:16+08:00","message":"Config"}
{"level":"debug","KeyFile":"tls-data/auth.key","time":"2024-02-26T00:50:16+08:00","message":"Config"}
{"level":"debug","CertFile":"tls-data/auth.pem","time":"2024-02-26T00:50:16+08:00","message":"Config"}
{"level":"debug","PriorityConnections":2,"time":"2024-02-26T00:50:16+08:00","message":"Config"}
{"level":"debug","BasicConnections":4,"time":"2024-02-26T00:50:16+08:00","message":"Config"}
{"level":"debug","TestConnections":false,"time":"2024-02-26T00:50:16+08:00","message":"Config"}
{"level":"debug","ExcessConnections":1,"time":"2024-02-26T00:50:16+08:00","message":"Config"}
{"level":"debug","ConnectionTestMsgs":4,"time":"2024-02-26T00:50:16+08:00","message":"Config"}
{"level":"debug","ConnectionTestPayload":131072,"time":"2024-02-26T00:50:16+08:00","message":"Config"}
{"level":"debug","OutMessageBufsize":1024,"time":"2024-02-26T00:50:16+08:00","message":"Config"}
{"level":"debug","OutMessageBufsize":1,"time":"2024-02-26T00:50:16+08:00","message":"Config"}
{"level":"debug","ThroughputCap":131072000,"time":"2024-02-26T00:50:16+08:00","message":"Config"}
{"level":"debug","StragglerTolerance":1000,"time":"2024-02-26T00:50:16+08:00","message":"Config"}
{"level":"debug","BatchSizeIncrement":256,"time":"2024-02-26T00:50:16+08:00","message":"Config"}
{"level":"debug","Orderer":"Pbft","time":"2024-02-26T00:50:16+08:00","message":"Config"}
{"level":"debug","Manager":"Mir","time":"2024-02-26T00:50:16+08:00","message":"Config"}
{"level":"debug","Failures":0,"time":"2024-02-26T00:50:16+08:00","message":"Config"}
{"level":"debug","CrashTiming":"EpochStart","time":"2024-02-26T00:50:16+08:00","message":"Config"}
{"level":"debug","CheckpointInterval":256,"time":"2024-02-26T00:50:16+08:00","message":"Config"}
{"level":"debug","WatermarkWindowSize":256,"time":"2024-02-26T00:50:16+08:00","message":"Config"}
{"level":"debug","EpochLength":256,"time":"2024-02-26T00:50:16+08:00","message":"Config"}
{"level":"debug","SegmentLength":64,"time":"2024-02-26T00:50:16+08:00","message":"Config"}
{"level":"debug","WaitForCheckpoints":true,"time":"2024-02-26T00:50:16+08:00","message":"Config"}
{"level":"debug","ClientWatermarkWindowSize":4194304,"time":"2024-02-26T00:50:16+08:00","message":"Config"}
{"level":"debug","ClientRequestBacklogSize":4194304,"time":"2024-02-26T00:50:16+08:00","message":"Config"}
{"level":"debug","RandomSeed":26660,"time":"2024-02-26T00:50:16+08:00","message":"Config"}
{"level":"debug","NodeToLeaderRatio":1,"time":"2024-02-26T00:50:16+08:00","message":"Config"}
{"level":"debug","LeaderPolicy":"Simple","time":"2024-02-26T00:50:16+08:00","message":"Config"}
{"level":"debug","DefaultLeaderBan":2,"time":"2024-02-26T00:50:16+08:00","message":"Config"}
{"level":"debug","NumBuckets":64,"time":"2024-02-26T00:50:16+08:00","message":"Config"}
{"level":"debug","BatchSize":1000,"time":"2024-02-26T00:50:16+08:00","message":"Config"}
{"level":"debug","DisabledViewChange":false,"time":"2024-02-26T00:50:16+08:00","message":"Config"}
{"level":"debug","ViewChangeTimeout":60000,"time":"2024-02-26T00:50:16+08:00","message":"Config"}
{"level":"debug","ClientTraceSampling":10,"time":"2024-02-26T00:50:16+08:00","message":"Config"}
{"level":"debug","EventBufferSize":2097152,"time":"2024-02-26T00:50:16+08:00","message":"Config"}
{"level":"debug","TraceSampling":1,"time":"2024-02-26T00:50:16+08:00","message":"Config"}
{"level":"debug","ClientsPerProcess":1,"time":"2024-02-26T00:50:16+08:00","message":"Config"}
{"level":"debug","RequestsPerClient":15360,"time":"2024-02-26T00:50:16+08:00","message":"Config"}
{"level":"debug","ClientRunTime":30000,"time":"2024-02-26T00:50:16+08:00","message":"Config"}
{"level":"debug","RequestRate":256,"time":"2024-02-26T00:50:16+08:00","message":"Config"}
{"level":"debug","HardRequestRateLimit":false,"time":"2024-02-26T00:50:16+08:00","message":"Config"}
{"level":"debug","RequestPayloadSize":500,"time":"2024-02-26T00:50:16+08:00","message":"Config"}
{"level":"debug","SignRequests":true,"time":"2024-02-26T00:50:16+08:00","message":"Config"}
{"level":"debug","ClientPrivKeyFile":"tls-data/client-ecdsa-256.key","time":"2024-02-26T00:50:16+08:00","message":"Config"}
{"level":"debug","ClientPubKeyFile":"tls-data/client-ecdsa-256.pem","time":"2024-02-26T00:50:16+08:00","message":"Config"}
{"level":"debug","PrecomputeRequests":false,"time":"2024-02-26T00:50:16+08:00","message":"Config"}
{"level":"debug","RequestHandlerThreads":32,"time":"2024-02-26T00:50:16+08:00","message":"Config"}
{"level":"debug","RequestInputChannelBuffer":8192,"time":"2024-02-26T00:50:16+08:00","message":"Config"}
{"level":"debug","BatchVerifier":"external","time":"2024-02-26T00:50:16+08:00","message":"Config"}
00:50:16.392 INF Registered with discovery server. numPeers=4 ownID=1
00:50:16.393 INF Profiling enabled.
00:50:16.393 INF Setting up profiling.
00:50:16.394 INF Started Profiler: CPU
00:50:16.396 INF Started Profiler: BLOCK
00:50:16.396 INF Started Profiler: MUTEX
00:50:16.396 INF Profiler will stop on signal. exit=true
00:50:16.406 INF Tracing will stop on signal. exit=false
00:50:16.414 INF Started tracing. traceFile=experiment-output/0001/slave-003/peer.trc
00:50:16.415 INF Connecting to peer. addr=127.0.0.1:10000 basicConns=4 priorityConns=2
00:50:16.416 INF Listening for connections. port=10011 useTLS=false
00:50:16.418 INF Connecting to peer. addr=127.0.0.1:10011 basicConns=4 priorityConns=2
00:50:16.420 INF Connecting to peer. addr=127.0.0.1:10022 basicConns=4 priorityConns=2
00:50:16.421 INF Connecting to peer. addr=127.0.0.1:10033 basicConns=4 priorityConns=2
00:50:16.454 INF Incoming connection for protocol messages. addr=127.0.0.1:58272
00:50:16.455 INF Incoming connection for protocol messages. addr=127.0.0.1:58260
00:50:16.496 INF Incoming connection for protocol messages. addr=127.0.0.1:58290
00:50:16.509 INF Incoming connection for protocol messages. addr=127.0.0.1:58370
00:50:16.509 INF Incoming connection for protocol messages. addr=127.0.0.1:58320
00:50:16.510 INF Incoming connection for protocol messages. addr=127.0.0.1:58312
00:50:16.518 INF Incoming connection for protocol messages. addr=127.0.0.1:58358
00:50:16.518 INF Incoming connection for protocol messages. addr=127.0.0.1:58342
00:50:16.520 INF Incoming connection for protocol messages. addr=127.0.0.1:58326
00:50:16.532 INF Incoming connection for protocol messages. addr=127.0.0.1:58298
00:50:16.538 INF Incoming connection for protocol messages. addr=127.0.0.1:58436
00:50:16.546 INF Incoming connection for protocol messages. addr=127.0.0.1:58426
00:50:16.547 INF Incoming connection for protocol messages. addr=127.0.0.1:58448
00:50:16.560 INF Incoming connection for protocol messages. addr=127.0.0.1:58274
00:50:16.561 INF Incoming connection for protocol messages. addr=127.0.0.1:58430
00:50:16.562 INF Incoming connection for protocol messages. addr=127.0.0.1:58416
00:50:16.564 INF Incoming connection for protocol messages. addr=127.0.0.1:58374
00:50:16.574 INF Incoming connection for protocol messages. addr=127.0.0.1:58400
00:50:16.576 INF Incoming connection for protocol messages. addr=127.0.0.1:58424
00:50:16.563 INF Incoming connection for protocol messages. addr=127.0.0.1:58414
00:50:16.570 INF Incoming connection for protocol messages. addr=127.0.0.1:58388
00:50:16.601 INF Incoming connection for protocol messages. addr=127.0.0.1:58442
00:50:16.605 INF Incoming connection for protocol messages. addr=127.0.0.1:58458
00:50:16.620 INF Incoming connection for protocol messages. addr=127.0.0.1:58470
00:50:17.450 INF Connected to all peers.
00:50:17.472 INF All peers finished connecting. Starting ISS.
00:50:17.473 INF PbftOrderer received a new segment: [1 5 9 13 17 21 25 29 33 37 41 45 49 53 57 61 65 69 73 77 81 85 89 93 97 101 105 109 113 117 121 125 129 133 137 141 145 149 153 157 161 165 169 173 177 181 185 189 193 197 201 205 209 213 217 221 225 229 233 237 241 245 249 253] first leader=1 firstSN=1 lastSN=253 len=64 length=64 segId=1
00:50:17.474 INF Starting new view. segID=1 timeout=60000 view=0
00:50:17.475 INF Starting PBFT instance. first=1 last=253 segID=1
00:50:17.479 INF PbftOrderer received a new segment: [2 6 10 14 18 22 26 30 34 38 42 46 50 54 58 62 66 70 74 78 82 86 90 94 98 102 106 110 114 118 122 126 130 134 138 142 146 150 154 158 162 166 170 174 178 182 186 190 194 198 202 206 210 214 218 222 226 230 234 238 242 246 250 254] first leader=2 firstSN=2 lastSN=254 len=64 length=64 segId=2
00:50:17.479 INF Starting serialized message processing. segID=1
00:50:17.479 INF Starting new view. segID=2 timeout=60000 view=0
00:50:17.485 INF Starting PBFT instance. first=2 last=254 segID=2
00:50:17.486 INF Starting serialized message processing. segID=2
00:50:17.486 INF PbftOrderer received a new segment: [3 7 11 15 19 23 27 31 35 39 43 47 51 55 59 63 67 71 75 79 83 87 91 95 99 103 107 111 115 119 123 127 131 135 139 143 147 151 155 159 163 167 171 175 179 183 187 191 195 199 203 207 211 215 219 223 227 231 235 239 243 247 251 255] first leader=3 firstSN=3 lastSN=255 len=64 length=64 segId=3
00:50:17.487 INF Starting new view. segID=3 timeout=60000 view=0
00:50:17.491 INF Starting PBFT instance. first=3 last=255 segID=3
00:50:17.492 INF Starting serialized message processing. segID=3
00:50:17.492 INF PbftOrderer received a new segment: [0 4 8 12 16 20 24 28 32 36 40 44 48 52 56 60 64 68 72 76 80 84 88 92 96 100 104 108 112 116 120 124 128 132 136 140 144 148 152 156 160 164 168 172 176 180 184 188 192 196 200 204 208 212 216 220 224 228 232 236 240 244 248 252] first leader=0 firstSN=0 lastSN=252 len=64 length=64 segId=0
00:50:17.493 INF Starting new view. segID=0 timeout=60000 view=0
00:50:17.494 INF Starting PBFT instance. first=0 last=252 segID=0
00:50:17.495 INF Starting serialized message processing. segID=0
00:50:18.480 INF Sending PREPREPARE. nReq=0 senderID=1 sn=1 view=0
00:50:18.489 INF Handling PREPREPARE. nReq=0 senderID=0 sn=0
00:50:18.495 INF Handling PREPREPARE. nReq=0 senderID=3 sn=3
00:50:18.500 INF Committed entry. latency=0 nReq=0 sn=1
00:50:18.504 INF Committed entry. latency=0 nReq=0 sn=0
00:50:18.504 INF Delivered batch. nReq=0 sn=0
00:50:18.505 INF Delivered batch. nReq=0 sn=1
00:50:18.517 INF Committed entry. latency=0 nReq=0 sn=3
00:50:18.518 INF Handling PREPREPARE. nReq=0 senderID=2 sn=2
00:50:18.523 INF Committed entry. latency=0 nReq=0 sn=2
00:50:18.526 INF Delivered batch. nReq=0 sn=2
00:50:18.526 INF Delivered batch. nReq=0 sn=3
00:50:19.477 INF Handling PREPREPARE. nReq=0 senderID=0 sn=4
00:50:19.481 INF Sending PREPREPARE. nReq=0 senderID=1 sn=5 view=0
00:50:19.482 INF Handling PREPREPARE. nReq=0 senderID=3 sn=7
00:50:19.483 INF Committed entry. latency=0 nReq=0 sn=4
00:50:19.483 INF Delivered batch. nReq=0 sn=4
00:50:19.489 INF Handling PREPREPARE. nReq=0 senderID=2 sn=6
00:50:19.491 INF Committed entry. latency=0 nReq=0 sn=5
00:50:19.491 INF Delivered batch. nReq=0 sn=5
00:50:19.492 INF Committed entry. latency=0 nReq=0 sn=7
00:50:19.495 INF Committed entry. latency=0 nReq=0 sn=6
00:50:19.495 INF Delivered batch. nReq=0 sn=6
00:50:19.497 INF Delivered batch. nReq=0 sn=7
00:50:19.636 INF Incoming connection for requests. addr=127.0.0.1:39776
00:50:20.508 INF Handling PREPREPARE. nReq=44 senderID=3 sn=11
00:50:20.510 INF Handling PREPREPARE. nReq=45 senderID=0 sn=8
00:50:20.524 INF Sending PREPREPARE. nReq=45 senderID=1 sn=9 view=0
00:50:20.541 INF Handling PREPREPARE. nReq=45 senderID=2 sn=10
00:50:20.569 INF Committed entry. latency=0 nReq=45 sn=8
00:50:20.570 INF Delivered batch. nReq=45 sn=8
00:50:20.593 INF Committed entry. latency=0 nReq=44 sn=11
00:50:20.602 INF Committed entry. latency=0 nReq=45 sn=10
00:50:20.612 INF Committed entry. latency=0 nReq=45 sn=9
00:50:20.612 INF Delivered batch. nReq=45 sn=9
00:50:20.613 INF Delivered batch. nReq=45 sn=10
00:50:20.613 INF Delivered batch. nReq=44 sn=11
00:50:21.514 INF Sending PREPREPARE. nReq=64 senderID=1 sn=13 view=0
00:50:21.557 INF Handling PREPREPARE. nReq=65 senderID=3 sn=15
00:50:21.609 INF Handling PREPREPARE. nReq=64 senderID=0 sn=12
00:50:21.632 INF Handling PREPREPARE. nReq=64 senderID=2 sn=14
00:50:21.663 INF Committed entry. latency=0 nReq=64 sn=13
00:50:21.678 INF Committed entry. latency=0 nReq=65 sn=15
00:50:21.683 INF Committed entry. latency=0 nReq=64 sn=12
00:50:21.683 INF Delivered batch. nReq=64 sn=12
00:50:21.702 INF Delivered batch. nReq=64 sn=13
00:50:21.724 INF Committed entry. latency=0 nReq=64 sn=14
00:50:21.724 INF Delivered batch. nReq=64 sn=14
00:50:21.725 INF Delivered batch. nReq=65 sn=15
00:50:22.495 INF Handling PREPREPARE. nReq=64 senderID=0 sn=16
00:50:22.517 INF Sending PREPREPARE. nReq=65 senderID=1 sn=17 view=0
00:50:22.541 INF Handling PREPREPARE. nReq=65 senderID=2 sn=18
00:50:22.578 INF Handling PREPREPARE. nReq=64 senderID=3 sn=19
00:50:22.601 INF Committed entry. latency=0 nReq=64 sn=16
00:50:22.601 INF Delivered batch. nReq=64 sn=16
00:50:22.624 INF Committed entry. latency=0 nReq=64 sn=19
00:50:22.625 INF Committed entry. latency=0 nReq=65 sn=17
00:50:22.625 INF Delivered batch. nReq=65 sn=17
00:50:22.631 INF Committed entry. latency=0 nReq=65 sn=18
00:50:22.632 INF Delivered batch. nReq=65 sn=18
00:50:22.632 INF Delivered batch. nReq=64 sn=19
00:50:23.511 INF Handling PREPREPARE. nReq=64 senderID=0 sn=20
00:50:23.550 INF Sending PREPREPARE. nReq=65 senderID=1 sn=21 view=0
00:50:23.591 INF Committed entry. latency=0 nReq=64 sn=20
00:50:23.591 INF Delivered batch. nReq=64 sn=20
00:50:23.592 INF Handling PREPREPARE. nReq=65 senderID=2 sn=22
00:50:23.625 INF Handling PREPREPARE. nReq=65 senderID=3 sn=23
00:50:23.646 INF Committed entry. latency=0 nReq=65 sn=21
00:50:23.646 INF Delivered batch. nReq=65 sn=21
00:50:23.647 INF Committed entry. latency=0 nReq=65 sn=22
00:50:23.647 INF Delivered batch. nReq=65 sn=22
00:50:23.679 INF Committed entry. latency=0 nReq=65 sn=23
00:50:23.679 INF Delivered batch. nReq=65 sn=23
00:50:24.515 INF Handling PREPREPARE. nReq=65 senderID=0 sn=24
00:50:24.569 INF Committed entry. latency=0 nReq=65 sn=24
00:50:24.569 INF Delivered batch. nReq=65 sn=24
00:50:24.570 INF Handling PREPREPARE. nReq=66 senderID=3 sn=27
00:50:24.581 INF Sending PREPREPARE. nReq=66 senderID=1 sn=25 view=0
00:50:24.606 INF Committed entry. latency=0 nReq=66 sn=27
00:50:24.631 INF Handling PREPREPARE. nReq=64 senderID=2 sn=26
00:50:24.665 INF Committed entry. latency=0 nReq=66 sn=25
00:50:24.665 INF Delivered batch. nReq=66 sn=25
00:50:24.673 INF Committed entry. latency=0 nReq=64 sn=26
00:50:24.673 INF Delivered batch. nReq=64 sn=26
00:50:24.673 INF Delivered batch. nReq=66 sn=27
00:50:25.518 INF Handling PREPREPARE. nReq=64 senderID=0 sn=28
00:50:25.548 INF Committed entry. latency=0 nReq=64 sn=28
00:50:25.549 INF Delivered batch. nReq=64 sn=28
00:50:25.577 INF Sending PREPREPARE. nReq=64 senderID=1 sn=29 view=0
00:50:25.593 INF Handling PREPREPARE. nReq=64 senderID=3 sn=31
00:50:25.617 INF Handling PREPREPARE. nReq=66 senderID=2 sn=30
00:50:25.670 INF Committed entry. latency=0 nReq=64 sn=31
00:50:25.672 INF Committed entry. latency=0 nReq=64 sn=29
00:50:25.672 INF Delivered batch. nReq=64 sn=29
00:50:25.677 INF Committed entry. latency=0 nReq=66 sn=30
00:50:25.677 INF Delivered batch. nReq=66 sn=30
00:50:25.677 INF Delivered batch. nReq=64 sn=31
00:50:26.522 INF Handling PREPREPARE. nReq=65 senderID=0 sn=32
00:50:26.558 INF Committed entry. latency=0 nReq=65 sn=32
00:50:26.558 INF Delivered batch. nReq=65 sn=32
00:50:26.580 INF Sending PREPREPARE. nReq=65 senderID=1 sn=33 view=0
00:50:26.591 INF Handling PREPREPARE. nReq=65 senderID=2 sn=34
00:50:26.626 INF Handling PREPREPARE. nReq=65 senderID=3 sn=35
00:50:26.672 INF Committed entry. latency=0 nReq=65 sn=34
00:50:26.672 INF Committed entry. latency=0 nReq=65 sn=35
00:50:26.675 INF Committed entry. latency=0 nReq=65 sn=33
00:50:26.675 INF Delivered batch. nReq=65 sn=33
00:50:26.676 INF Delivered batch. nReq=65 sn=34
00:50:26.676 INF Delivered batch. nReq=65 sn=35
00:50:27.535 INF Handling PREPREPARE. nReq=64 senderID=0 sn=36
00:50:27.559 INF Committed entry. latency=0 nReq=64 sn=36
00:50:27.560 INF Delivered batch. nReq=64 sn=36
00:50:27.582 INF Sending PREPREPARE. nReq=64 senderID=1 sn=37 view=0
00:50:27.601 INF Handling PREPREPARE. nReq=64 senderID=2 sn=38
00:50:27.611 INF Handling PREPREPARE. nReq=65 senderID=3 sn=39
00:50:27.651 INF Committed entry. latency=0 nReq=64 sn=38
00:50:27.661 INF Committed entry. latency=0 nReq=64 sn=37
00:50:27.662 INF Delivered batch. nReq=64 sn=37
00:50:27.662 INF Delivered batch. nReq=64 sn=38
00:50:27.668 INF Committed entry. latency=0 nReq=65 sn=39
00:50:27.668 INF Delivered batch. nReq=65 sn=39
00:50:28.526 INF Handling PREPREPARE. nReq=64 senderID=0 sn=40
00:50:28.556 INF Committed entry. latency=0 nReq=64 sn=40
00:50:28.556 INF Delivered batch. nReq=64 sn=40
00:50:28.589 INF Sending PREPREPARE. nReq=65 senderID=1 sn=41 view=0
00:50:28.609 INF Handling PREPREPARE. nReq=64 senderID=2 sn=42
00:50:28.663 INF Handling PREPREPARE. nReq=64 senderID=3 sn=43
00:50:28.683 INF Committed entry. latency=0 nReq=64 sn=42
00:50:28.684 INF Committed entry. latency=0 nReq=65 sn=41
00:50:28.684 INF Delivered batch. nReq=65 sn=41
00:50:28.687 INF Delivered batch. nReq=64 sn=42
00:50:28.691 INF Committed entry. latency=0 nReq=64 sn=43
00:50:28.692 INF Delivered batch. nReq=64 sn=43
00:50:29.532 INF Handling PREPREPARE. nReq=64 senderID=0 sn=44
00:50:29.573 INF Committed entry. latency=0 nReq=64 sn=44
00:50:29.576 INF Delivered batch. nReq=64 sn=44
00:50:29.600 INF Sending PREPREPARE. nReq=64 senderID=1 sn=45 view=0
00:50:29.608 INF Handling PREPREPARE. nReq=64 senderID=2 sn=46
00:50:29.651 INF Handling PREPREPARE. nReq=65 senderID=3 sn=47
00:50:29.663 INF Committed entry. latency=0 nReq=64 sn=46
00:50:29.676 INF Committed entry. latency=0 nReq=64 sn=45
00:50:29.676 INF Delivered batch. nReq=64 sn=45
00:50:29.676 INF Delivered batch. nReq=64 sn=46
00:50:29.723 INF Committed entry. latency=0 nReq=65 sn=47
00:50:29.723 INF Delivered batch. nReq=65 sn=47
00:50:30.556 INF Handling PREPREPARE. nReq=64 senderID=0 sn=48
00:50:30.585 INF Committed entry. latency=0 nReq=64 sn=48
00:50:30.585 INF Delivered batch. nReq=64 sn=48
00:50:30.619 INF Handling PREPREPARE. nReq=65 senderID=2 sn=50
00:50:30.658 INF Sending PREPREPARE. nReq=65 senderID=1 sn=49 view=0
00:50:30.666 INF Committed entry. latency=0 nReq=65 sn=50
00:50:30.723 INF Handling PREPREPARE. nReq=65 senderID=3 sn=51
00:50:30.747 INF Committed entry. latency=0 nReq=65 sn=49
00:50:30.748 INF Delivered batch. nReq=65 sn=49
00:50:30.748 INF Delivered batch. nReq=65 sn=50
00:50:30.783 INF Committed entry. latency=0 nReq=65 sn=51
00:50:30.784 INF Delivered batch. nReq=65 sn=51
00:50:31.546 INF Handling PREPREPARE. nReq=65 senderID=0 sn=52
00:50:31.593 INF Committed entry. latency=0 nReq=65 sn=52
00:50:31.593 INF Delivered batch. nReq=65 sn=52
00:50:31.624 INF Handling PREPREPARE. nReq=65 senderID=2 sn=54
00:50:31.665 INF Sending PREPREPARE. nReq=66 senderID=1 sn=53 view=0
00:50:31.675 INF Committed entry. latency=0 nReq=65 sn=54
00:50:31.721 INF Committed entry. latency=0 nReq=66 sn=53
00:50:31.721 INF Delivered batch. nReq=66 sn=53
00:50:31.721 INF Delivered batch. nReq=65 sn=54
00:50:31.738 INF Handling PREPREPARE. nReq=66 senderID=3 sn=55
00:50:31.781 INF Committed entry. latency=0 nReq=66 sn=55
00:50:31.781 INF Delivered batch. nReq=66 sn=55
00:50:32.546 INF Handling PREPREPARE. nReq=64 senderID=0 sn=56
00:50:32.577 INF Committed entry. latency=0 nReq=64 sn=56
00:50:32.578 INF Delivered batch. nReq=64 sn=56
00:50:32.626 INF Handling PREPREPARE. nReq=64 senderID=2 sn=58
00:50:32.674 INF Committed entry. latency=0 nReq=64 sn=58
00:50:32.687 INF Sending PREPREPARE. nReq=66 senderID=1 sn=57 view=0
00:50:32.725 INF Handling PREPREPARE. nReq=66 senderID=3 sn=59
00:50:32.762 INF Committed entry. latency=0 nReq=66 sn=59
00:50:32.767 INF Committed entry. latency=0 nReq=66 sn=57
00:50:32.768 INF Delivered batch. nReq=66 sn=57
00:50:32.768 INF Delivered batch. nReq=64 sn=58
00:50:32.768 INF Delivered batch. nReq=66 sn=59
00:50:33.556 INF Handling PREPREPARE. nReq=65 senderID=0 sn=60
00:50:33.584 INF Committed entry. latency=0 nReq=65 sn=60
00:50:33.584 INF Delivered batch. nReq=65 sn=60
00:50:33.642 INF Handling PREPREPARE. nReq=64 senderID=2 sn=62
00:50:33.684 INF Committed entry. latency=0 nReq=64 sn=62
00:50:33.689 INF Sending PREPREPARE. nReq=63 senderID=1 sn=61 view=0
00:50:33.742 INF Handling PREPREPARE. nReq=63 senderID=3 sn=63
00:50:33.760 INF Committed entry. latency=0 nReq=63 sn=61
00:50:33.760 INF Delivered batch. nReq=63 sn=61
00:50:33.760 INF Delivered batch. nReq=64 sn=62
00:50:33.774 INF Committed entry. latency=0 nReq=63 sn=63
00:50:33.774 INF Delivered batch. nReq=63 sn=63
00:50:34.559 INF Handling PREPREPARE. nReq=64 senderID=0 sn=64
00:50:34.612 INF Committed entry. latency=0 nReq=64 sn=64
00:50:34.613 INF Delivered batch. nReq=64 sn=64
00:50:34.646 INF Handling PREPREPARE. nReq=64 senderID=2 sn=66
00:50:34.703 INF Committed entry. latency=0 nReq=64 sn=66
00:50:34.706 INF Sending PREPREPARE. nReq=65 senderID=1 sn=65 view=0
00:50:34.735 INF Handling PREPREPARE. nReq=64 senderID=3 sn=67
00:50:34.779 INF Committed entry. latency=0 nReq=64 sn=67
00:50:34.788 INF Committed entry. latency=0 nReq=65 sn=65
00:50:34.789 INF Delivered batch. nReq=65 sn=65
00:50:34.789 INF Delivered batch. nReq=64 sn=66
00:50:34.789 INF Delivered batch. nReq=64 sn=67
00:50:35.578 INF Handling PREPREPARE. nReq=64 senderID=0 sn=68
00:50:35.594 INF Committed entry. latency=0 nReq=64 sn=68
00:50:35.595 INF Delivered batch. nReq=64 sn=68
00:50:35.646 INF Handling PREPREPARE. nReq=66 senderID=2 sn=70
00:50:35.692 INF Committed entry. latency=0 nReq=66 sn=70
00:50:35.696 INF Sending PREPREPARE. nReq=66 senderID=1 sn=69 view=0
00:50:35.708 INF Handling PREPREPARE. nReq=66 senderID=3 sn=71
00:50:35.759 INF Committed entry. latency=0 nReq=66 sn=71
00:50:35.786 INF Committed entry. latency=0 nReq=66 sn=69
00:50:35.786 INF Delivered batch. nReq=66 sn=69
00:50:35.788 INF Delivered batch. nReq=66 sn=70
00:50:35.788 INF Delivered batch. nReq=66 sn=71
00:50:36.570 INF Handling PREPREPARE. nReq=65 senderID=0 sn=72
00:50:36.599 INF Committed entry. latency=0 nReq=65 sn=72
00:50:36.599 INF Delivered batch. nReq=65 sn=72
00:50:36.651 INF Handling PREPREPARE. nReq=64 senderID=2 sn=74
00:50:36.676 INF Committed entry. latency=0 nReq=64 sn=74
00:50:36.697 INF Sending PREPREPARE. nReq=64 senderID=1 sn=73 view=0
00:50:36.724 INF Handling PREPREPARE. nReq=64 senderID=3 sn=75
00:50:36.765 INF Committed entry. latency=0 nReq=64 sn=73
00:50:36.765 INF Delivered batch. nReq=64 sn=73
00:50:36.766 INF Delivered batch. nReq=64 sn=74
00:50:36.772 INF Committed entry. latency=0 nReq=64 sn=75
00:50:36.772 INF Delivered batch. nReq=64 sn=75
00:50:37.574 INF Handling PREPREPARE. nReq=64 senderID=0 sn=76
00:50:37.599 INF Committed entry. latency=0 nReq=64 sn=76
00:50:37.603 INF Delivered batch. nReq=64 sn=76
00:50:37.656 INF Handling PREPREPARE. nReq=64 senderID=2 sn=78
00:50:37.682 INF Committed entry. latency=0 nReq=64 sn=78
00:50:37.706 INF Sending PREPREPARE. nReq=64 senderID=1 sn=77 view=0
00:50:37.719 INF Handling PREPREPARE. nReq=64 senderID=3 sn=79
00:50:37.769 INF Committed entry. latency=0 nReq=64 sn=77
00:50:37.770 INF Delivered batch. nReq=64 sn=77
00:50:37.770 INF Delivered batch. nReq=64 sn=78
00:50:37.783 INF Committed entry. latency=0 nReq=64 sn=79
00:50:37.783 INF Delivered batch. nReq=64 sn=79
00:50:38.589 INF Handling PREPREPARE. nReq=64 senderID=0 sn=80
00:50:38.627 INF Committed entry. latency=0 nReq=64 sn=80
00:50:38.627 INF Delivered batch. nReq=64 sn=80
00:50:38.680 INF Handling PREPREPARE. nReq=65 senderID=2 sn=82
00:50:38.719 INF Sending PREPREPARE. nReq=65 senderID=1 sn=81 view=0
00:50:38.722 INF Committed entry. latency=0 nReq=65 sn=82
00:50:38.746 INF Handling PREPREPARE. nReq=65 senderID=3 sn=83
00:50:38.813 INF Committed entry. latency=0 nReq=65 sn=83
00:50:38.829 INF Committed entry. latency=0 nReq=65 sn=81
00:50:38.829 INF Delivered batch. nReq=65 sn=81
00:50:38.829 INF Delivered batch. nReq=65 sn=82
00:50:38.830 INF Delivered batch. nReq=65 sn=83
00:50:39.586 INF Handling PREPREPARE. nReq=65 senderID=0 sn=84
00:50:39.617 INF Committed entry. latency=0 nReq=65 sn=84
00:50:39.618 INF Delivered batch. nReq=65 sn=84
00:50:39.677 INF Handling PREPREPARE. nReq=65 senderID=2 sn=86
00:50:39.702 INF Committed entry. latency=0 nReq=65 sn=86
00:50:39.728 INF Sending PREPREPARE. nReq=65 senderID=1 sn=85 view=0
00:50:39.736 INF Handling PREPREPARE. nReq=65 senderID=3 sn=87
00:50:39.779 INF Committed entry. latency=0 nReq=65 sn=87
00:50:39.785 INF Committed entry. latency=0 nReq=65 sn=85
00:50:39.785 INF Delivered batch. nReq=65 sn=85
00:50:39.785 INF Delivered batch. nReq=65 sn=86
00:50:39.785 INF Delivered batch. nReq=65 sn=87
00:50:40.593 INF Handling PREPREPARE. nReq=64 senderID=0 sn=88
00:50:40.636 INF Committed entry. latency=0 nReq=64 sn=88
00:50:40.636 INF Delivered batch. nReq=64 sn=88
00:50:40.694 INF Handling PREPREPARE. nReq=64 senderID=2 sn=90
00:50:40.726 INF Committed entry. latency=0 nReq=64 sn=90
00:50:40.741 INF Sending PREPREPARE. nReq=60 senderID=1 sn=89 view=0
00:50:40.789 INF Handling PREPREPARE. nReq=61 senderID=3 sn=91
00:50:40.817 INF Committed entry. latency=0 nReq=61 sn=91
00:50:40.820 INF Committed entry. latency=0 nReq=60 sn=89
00:50:40.821 INF Delivered batch. nReq=60 sn=89
00:50:40.822 INF Delivered batch. nReq=64 sn=90
00:50:40.822 INF Delivered batch. nReq=61 sn=91
00:50:41.598 INF Handling PREPREPARE. nReq=64 senderID=0 sn=92
00:50:41.631 INF Committed entry. latency=0 nReq=64 sn=92
00:50:41.631 INF Delivered batch. nReq=64 sn=92
00:50:41.682 INF Handling PREPREPARE. nReq=63 senderID=2 sn=94
00:50:41.721 INF Committed entry. latency=0 nReq=63 sn=94
00:50:41.756 INF Handling PREPREPARE. nReq=64 senderID=3 sn=95
00:50:41.765 INF Sending PREPREPARE. nReq=64 senderID=1 sn=93 view=0
00:50:41.799 INF Committed entry. latency=0 nReq=64 sn=95
00:50:41.830 INF Committed entry. latency=0 nReq=64 sn=93
00:50:41.831 INF Delivered batch. nReq=64 sn=93
00:50:41.831 INF Delivered batch. nReq=63 sn=94
00:50:41.831 INF Delivered batch. nReq=64 sn=95
00:50:42.600 INF Handling PREPREPARE. nReq=65 senderID=0 sn=96
00:50:42.633 INF Committed entry. latency=0 nReq=65 sn=96
00:50:42.634 INF Delivered batch. nReq=65 sn=96
00:50:42.711 INF Handling PREPREPARE. nReq=65 senderID=2 sn=98
00:50:42.726 INF Committed entry. latency=0 nReq=65 sn=98
00:50:42.754 INF Sending PREPREPARE. nReq=69 senderID=1 sn=97 view=0
00:50:42.764 INF Handling PREPREPARE. nReq=69 senderID=3 sn=99
00:50:42.808 INF Committed entry. latency=0 nReq=69 sn=97
00:50:42.809 INF Delivered batch. nReq=69 sn=97
00:50:42.809 INF Delivered batch. nReq=65 sn=98
00:50:42.821 INF Committed entry. latency=0 nReq=69 sn=99
00:50:42.821 INF Delivered batch. nReq=69 sn=99
00:50:43.648 INF Handling PREPREPARE. nReq=64 senderID=0 sn=100
00:50:43.733 INF Committed entry. latency=0 nReq=64 sn=100
00:50:43.737 INF Delivered batch. nReq=64 sn=100
00:50:43.792 INF Sending PREPREPARE. nReq=64 senderID=1 sn=101 view=0
00:50:43.890 INF Handling PREPREPARE. nReq=64 senderID=2 sn=102
00:50:43.904 INF Handling PREPREPARE. nReq=63 senderID=3 sn=103
00:50:44.038 INF Committed entry. latency=0 nReq=64 sn=101
00:50:44.039 INF Committed entry. latency=0 nReq=64 sn=102
00:50:44.039 INF Delivered batch. nReq=64 sn=101
00:50:44.040 INF Delivered batch. nReq=64 sn=102
00:50:44.061 INF Committed entry. latency=0 nReq=63 sn=103
00:50:44.061 INF Delivered batch. nReq=63 sn=103
00:50:44.660 INF Handling PREPREPARE. nReq=65 senderID=0 sn=104
00:50:44.755 INF Committed entry. latency=0 nReq=65 sn=104
00:50:44.755 INF Delivered batch. nReq=65 sn=104
00:50:44.812 INF Sending PREPREPARE. nReq=65 senderID=1 sn=105 view=0
00:50:44.913 INF Handling PREPREPARE. nReq=67 senderID=2 sn=106
00:50:44.916 INF Handling PREPREPARE. nReq=66 senderID=3 sn=107
00:50:45.086 INF Committed entry. latency=0 nReq=65 sn=105
00:50:45.087 INF Delivered batch. nReq=65 sn=105
00:50:45.165 INF Committed entry. latency=0 nReq=67 sn=106
00:50:45.165 INF Delivered batch. nReq=67 sn=106
00:50:45.169 INF Committed entry. latency=0 nReq=66 sn=107
00:50:45.170 INF Delivered batch. nReq=66 sn=107
00:50:45.678 INF Handling PREPREPARE. nReq=64 senderID=0 sn=108
00:50:45.749 INF Committed entry. latency=0 nReq=64 sn=108
00:50:45.756 INF Delivered batch. nReq=64 sn=108
00:50:45.808 INF Handling PREPREPARE. nReq=65 senderID=2 sn=110
00:50:45.868 INF Sending PREPREPARE. nReq=64 senderID=1 sn=109 view=0
00:50:46.018 INF Committed entry. latency=0 nReq=65 sn=110
00:50:46.029 INF Handling PREPREPARE. nReq=63 senderID=3 sn=111
00:50:46.125 INF Committed entry. latency=0 nReq=63 sn=111
00:50:46.150 INF Committed entry. latency=0 nReq=64 sn=109
00:50:46.151 INF Delivered batch. nReq=64 sn=109
00:50:46.151 INF Delivered batch. nReq=65 sn=110
00:50:46.153 INF Delivered batch. nReq=63 sn=111
00:50:46.688 INF Handling PREPREPARE. nReq=48 senderID=0 sn=112
00:50:46.778 INF Committed entry. latency=0 nReq=48 sn=112
00:50:46.779 INF Delivered batch. nReq=48 sn=112
00:50:46.861 INF Sending PREPREPARE. nReq=50 senderID=1 sn=113 view=0
00:50:46.893 INF Handling PREPREPARE. nReq=49 senderID=2 sn=114
00:50:46.993 INF Handling PREPREPARE. nReq=51 senderID=3 sn=115
00:50:47.074 INF Committed entry. latency=0 nReq=49 sn=114
00:50:47.120 INF Committed entry. latency=0 nReq=50 sn=113
00:50:47.121 INF Delivered batch. nReq=50 sn=113
00:50:47.121 INF Delivered batch. nReq=49 sn=114
00:50:47.132 INF Committed entry. latency=0 nReq=51 sn=115
00:50:47.133 INF Delivered batch. nReq=51 sn=115
00:50:47.656 INF Handling PREPREPARE. nReq=82 senderID=0 sn=116
00:50:47.708 INF Committed entry. latency=0 nReq=82 sn=116
00:50:47.708 INF Delivered batch. nReq=82 sn=116
00:50:47.786 INF Handling PREPREPARE. nReq=80 senderID=2 sn=118
00:50:47.888 INF Sending PREPREPARE. nReq=83 senderID=1 sn=117 view=0
00:50:47.900 INF Handling PREPREPARE. nReq=83 senderID=3 sn=119
00:50:47.925 INF Committed entry. latency=0 nReq=80 sn=118
00:50:48.046 INF Committed entry. latency=0 nReq=83 sn=119
00:50:48.114 INF Committed entry. latency=0 nReq=83 sn=117
00:50:48.115 INF Delivered batch. nReq=83 sn=117
00:50:48.116 INF Delivered batch. nReq=80 sn=118
00:50:48.117 INF Delivered batch. nReq=83 sn=119
00:50:48.697 INF Handling PREPREPARE. nReq=64 senderID=0 sn=120
00:50:48.764 INF Committed entry. latency=0 nReq=64 sn=120
00:50:48.767 INF Delivered batch. nReq=64 sn=120
00:50:48.902 INF Handling PREPREPARE. nReq=65 senderID=2 sn=122
00:50:48.911 INF Sending PREPREPARE. nReq=63 senderID=1 sn=121 view=0
00:50:48.943 INF Handling PREPREPARE. nReq=62 senderID=3 sn=123
00:50:49.085 INF Committed entry. latency=0 nReq=65 sn=122
00:50:49.100 INF Committed entry. latency=0 nReq=62 sn=123
00:50:49.173 INF Committed entry. latency=0 nReq=63 sn=121
00:50:49.173 INF Delivered batch. nReq=63 sn=121
00:50:49.174 INF Delivered batch. nReq=65 sn=122
00:50:49.175 INF Delivered batch. nReq=62 sn=123
00:50:49.703 INF Handling PREPREPARE. nReq=65 senderID=0 sn=124
00:50:49.776 INF Committed entry. latency=0 nReq=65 sn=124
00:50:49.777 INF Delivered batch. nReq=65 sn=124
00:50:49.862 INF Handling PREPREPARE. nReq=66 senderID=2 sn=126
00:50:49.963 INF Sending PREPREPARE. nReq=62 senderID=1 sn=125 view=0
00:50:49.963 INF Committed entry. latency=0 nReq=66 sn=126
00:50:49.991 INF Handling PREPREPARE. nReq=63 senderID=3 sn=127
00:50:50.090 INF Committed entry. latency=0 nReq=62 sn=125
00:50:50.091 INF Delivered batch. nReq=62 sn=125
00:50:50.093 INF Delivered batch. nReq=66 sn=126
00:50:50.100 INF Committed entry. latency=0 nReq=63 sn=127
00:50:50.101 INF Delivered batch. nReq=63 sn=127
00:50:50.666 INF Handling PREPREPARE. nReq=8 senderID=0 sn=128
00:50:50.677 INF Committed entry. latency=0 nReq=8 sn=128
00:50:50.678 INF Delivered batch. nReq=8 sn=128
00:50:50.822 INF Finished sending bucket assignments to client. clId=0
00:50:50.820 INF Connection terminated. error="rpc error: code = Canceled desc = context canceled" address=127.0.0.1:39776
00:50:50.829 INF Handling PREPREPARE. nReq=0 senderID=2 sn=130
00:50:50.839 INF Committed entry. latency=0 nReq=0 sn=130
00:50:50.900 INF Handling PREPREPARE. nReq=0 senderID=3 sn=131
00:50:50.909 INF Committed entry. latency=0 nReq=0 sn=131
00:50:50.915 INF Sending PREPREPARE. nReq=0 senderID=1 sn=129 view=0
00:50:50.925 INF Committed entry. latency=0 nReq=0 sn=129
00:50:50.926 INF Delivered batch. nReq=0 sn=129
00:50:50.926 INF Delivered batch. nReq=0 sn=130
00:50:50.926 INF Delivered batch. nReq=0 sn=131
00:50:51.499 INF Stopping profiler.
00:50:51.499 INF Stopping Tracer. events=241 fileName=experiment-output/0001/slave-003/peer.trc
==================
WARNING: DATA RACE
Read at 0x00c0007a2580 by goroutine 89:
  github.com/hyperledger-labs/mirbft/tracing.(*BufferedTrace).Stop()
      /opt/gopath/src/github.com/hyperledger-labs/mirbft/tracing/bufferedtrace.go:238 +0x30e
  github.com/hyperledger-labs/mirbft/tracing.(*BufferedTrace).StopOnSignal.func1()
      /opt/gopath/src/github.com/hyperledger-labs/mirbft/tracing/bufferedtrace.go:299 +0x4e

Previous write at 0x00c0007a2580 by goroutine 88:
  github.com/hyperledger-labs/mirbft/tracing.(*BufferedTrace).Event()
      /opt/gopath/src/github.com/hyperledger-labs/mirbft/tracing/bufferedtrace.go:106 +0x2cd
  github.com/hyperledger-labs/mirbft/profiling.StartCPUTracing.func1()
      /opt/gopath/src/github.com/hyperledger-labs/mirbft/profiling/cpuusage.go:31 +0x95

Goroutine 89 (running) created at:
  github.com/hyperledger-labs/mirbft/tracing.(*BufferedTrace).StopOnSignal()
      /opt/gopath/src/github.com/hyperledger-labs/mirbft/tracing/bufferedtrace.go:293 +0x178
  main.setUpTracing()
      /opt/gopath/src/github.com/hyperledger-labs/mirbft/cmd/orderingpeer/main.go:204 +0xf5
  main.main()
      /opt/gopath/src/github.com/hyperledger-labs/mirbft/cmd/orderingpeer/main.go:98 +0x9e4

Goroutine 88 (running) created at:
  github.com/hyperledger-labs/mirbft/profiling.StartCPUTracing()
      /opt/gopath/src/github.com/hyperledger-labs/mirbft/profiling/cpuusage.go:28 +0xb9
  main.setUpTracing()
      /opt/gopath/src/github.com/hyperledger-labs/mirbft/cmd/orderingpeer/main.go:196 +0x85
  main.main()
      /opt/gopath/src/github.com/hyperledger-labs/mirbft/cmd/orderingpeer/main.go:98 +0x9e4
==================
00:50:51.507 INF Trace data written.
00:50:51.590 INF Profile data written. filename=experiment-output/0001/slave-003/prof.cpu name=cpu
00:50:51.659 INF Handling PREPREPARE. nReq=0 senderID=0 sn=132
00:50:51.662 INF Committed entry. latency=0 nReq=0 sn=132
00:50:51.662 INF Delivered batch. nReq=0 sn=132
00:50:51.694 INF Profile data written. filename=experiment-output/0001/slave-003/prof.block name=block
00:50:51.733 INF Profile data written. filename=experiment-output/0001/slave-003/prof.mutex name=mutex
