12:49AM INF Received own slave ID. ownSlaveId=1
12:49AM INF OK status=0
12:49AM INF Received command. cmdId=3
12:49AM INF Received an ExecStart command args="[-p experiment-output/0000/slave-__id__/config]" cmd=mkdir outFile=/dev/null
12:49AM INF OK status=0
12:49AM INF Received command. cmdId=4
12:49AM INF Received command. cmdType=ExecWait
12:49AM INF OK status=0
12:49AM INF Received command. cmdId=7
12:49AM INF Received an ExecStart command args="[config/config-0000.yml experiment-output/0000/slave-__id__/config/config.yml]" cmd=cp outFile=/dev/null
12:49AM INF OK status=0
12:49AM INF Received command. cmdId=8
12:49AM INF Received command. cmdType=ExecWait
12:49AM INF OK status=0
12:49AM INF Received command. cmdId=10
12:49AM INF Received command. cmdType=Noop
12:49AM INF Noop. Doing nothing. status=0112:49AM INF Received command. cmdId=15
12:49AM INF Received an ExecStart command args="[experiment-output/0000/slave-__id__/config/config.yml 127.0.0.1:9999 experiment-output/0000/slave-__id__/client experiment-output/0000/slave-__id__/prof-client]" cmd=orderingclient outFile=experiment-output/0000/slave-__id__/clients.log
12:49AM INF OK status=0
12:49AM I12:50AM INF Received command. cmdId=18
12:50AM INF Received command. cmdType=ExecSignal
12:50AM INF OK status=0
12:50AM INF Received command. cmdId=23
12:50AM INF Received an ExecStart command args="[-p experiment-output/0001/slave-__id__/config]" cmd=mkdir outFile=/dev/null
12:50AM INF OK status=0
12:50AM INF Received command. cmdId=24
12:50AM INF Received command. cmdType=ExecWait
12:50AM INF OK status=0
12:50AM INF Received command. cmdId=25
12:50AM INF Received an ExecStart command args="[config/config-0001.yml ex12:50AM INF Received command. cmdId=27
12:50AM INF Received an ExecStart command args="[config/config-0001.yml experiment-output/0001/slave-__id__/config/config.yml]" cmd=cp outFile=/dev/null
12:50AM INF OK status12:50AM INF Received command. cmdId=29
12:50AM INF Received command. cmdType=Noop
12:50AM INF Noop. Doing nothing12:50AM INF12:50AM INF Received command. cmdId=32
12:50AM INF Received an ExecStart command args="[experiment-output/0001/sl12:50AM INF Received command. cmdId=35
12:50AM INF Received an ExecStart command args="[experiment-output/0001/slave-__id__/config/config.yml 127.0.0.1:9999 experiment-output/0001/slave-__id__/client experiment-output/0001/slave-__id__/prof-clien12:50AM INF Received command. cmdId=38
12:50AM INF Received command. cmdType=ExecSignal
12:50AM INF OK status=0
12:50AM INF Received command. cmdId=43
12:50AM INF Received an ExecStart command args="[-p experiment-output/0002/slave-__id__/config]" cmd=mkdir outFile=/dev/null
12:50AM INF OK status=0
12:50AM INF Received command. cmdId=44
12:50AM INF Received command. cmdType=ExecWait
12:50AM INF OK status=0
12:50AM INF Received command. cmdId=45
12:50AM INF Received an ExecStart command args="[config/config-0002.yml experiment-output/0002/slave-__id__/config/config.yml]" cmd=cp outFile=/dev/null
12:50AM INF OK status=0
12:50AM I12:50AM INF Received command. cmdId=47
12:50AM INF Received an ExecStart command args="[config/config12:50AM INF Received command. cmdId=49
12:50AM INF Received command. cmdType=Noop
12:50AM INF Noop. Doing nothing. status=0
12:50AM INF Received command. cmdId=52
12:50AM INF Received an ExecStart command args="[experiment-output/0002/slave-__id__/config/config.yml 127.0.0.1:9999 127.0.0.1 127.0.0.1 experiment-output/0002/slave-__id__/peer.trc exp12:50AM INF Received command. cmdId=55
12:50AM INF Received an ExecStart command args="[experiment-output/0002/slave-__id__/config/con12:51AM INF Received command. cmdId=58
12:51AM INF Received command. cmdType=ExecSignal
12:51AM INF OK status=0
12:51AM INF Received command. cmdId=63
12:51AM INF Received an ExecStart command args="[-p experiment-output/0003/slave-__id__/config]" cmd=mkdir outFile=/dev/null
12:51AM INF OK status=0
12:51AM INF Received command. cmdId=64
12:51AM INF Received command. cmdType=ExecWait
12:51AM INF OK status=0
12:51AM INF Received command. cmdId=65
12:51AM INF Received an ExecStart command args="[config/config-0003.yml experiment-output/0003/slave-__id__/config/config.yml]" cmd=cp outFile=/dev/null
12:51AM INF OK status=0
12:51AM INF Received command. cmdId=66
12:51AM INF Received command. cmdType=ExecWait
12:51AM INF OK status=0
12:51AM INF Received command. cmdId=69
12:51AM INF Received command. cmdType=Noop
12:51AM INF Noop. Doing nothing. status=0
12:51AM INF Received command. cmdId=72
12:51AM INF Received an ExecStart command args="[experiment-output/0003/slave-__id__/config/config.yml 127.0.0.1:9999 127.0.0.1 127.0.0.1 experiment-output/0003/slave-__id__/peer.trc experiment-output/0003/slave-__id__/prof]" cmd=orderingpeer outFile=experiment-output/0003/slave-__id__/peer.log
1212:51AM INF Received c12:52AM INF Received command. cmdId=78
12:52AM INF Received command. cmdType=ExecSignal
12:52AM INF OK status=0
12:52AM INF Received command. cmdId=83
12:52AM INF Received command. cmdType=Stop
t/0003/slave-__id__/prof-client]" cmd=orderingclient outFile=experiment-output/0003/slave-__id__/clients.log
12:51AM INF OK status=0
12:51AM INF Received command. cmdId=76
12:51AM INF Received command. cmdType=ExecWait
12:52AM INF OK status=0
12:52AM INF Received command. cmdId=77
12:52AM INF Received command. cmdType=Noop
12:52AM INF Noop. Doing nothing. status=0
12:52AM INF Received command. cmdId=83
12:52AM INF Received command. cmdType=Stop
