{"level":"debug","Logging":"info","time":"2024-02-26T00:50:56+08:00","message":"Config"}
{"level":"debug","UseTLS":false,"time":"2024-02-26T00:50:56+08:00","message":"Config"}
{"level":"debug","CACertFile":"tls-data/ca.pem","time":"2024-02-26T00:50:56+08:00","message":"Config"}
{"level":"debug","KeyFile":"tls-data/auth.key","time":"2024-02-26T00:50:56+08:00","message":"Config"}
{"level":"debug","CertFile":"tls-data/auth.pem","time":"2024-02-26T00:50:56+08:00","message":"Config"}
{"level":"debug","PriorityConnections":2,"time":"2024-02-26T00:50:56+08:00","message":"Config"}
{"level":"debug","BasicConnections":4,"time":"2024-02-26T00:50:56+08:00","message":"Config"}
{"level":"debug","TestConnections":false,"time":"2024-02-26T00:50:56+08:00","message":"Config"}
{"level":"debug","ExcessConnections":1,"time":"2024-02-26T00:50:56+08:00","message":"Config"}
{"level":"debug","ConnectionTestMsgs":4,"time":"2024-02-26T00:50:56+08:00","message":"Config"}
{"level":"debug","ConnectionTestPayload":131072,"time":"2024-02-26T00:50:56+08:00","message":"Config"}
{"level":"debug","OutMessageBufsize":1024,"time":"2024-02-26T00:50:56+08:00","message":"Config"}
{"level":"debug","OutMessageBufsize":1,"time":"2024-02-26T00:50:56+08:00","message":"Config"}
{"level":"debug","ThroughputCap":131072000,"time":"2024-02-26T00:50:56+08:00","message":"Config"}
{"level":"debug","StragglerTolerance":1000,"time":"2024-02-26T00:50:56+08:00","message":"Config"}
{"level":"debug","BatchSizeIncrement":256,"time":"2024-02-26T00:50:56+08:00","message":"Config"}
{"level":"debug","Orderer":"Pbft","time":"2024-02-26T00:50:56+08:00","message":"Config"}
{"level":"debug","Manager":"Mir","time":"2024-02-26T00:50:56+08:00","message":"Config"}
{"level":"debug","Failures":0,"time":"2024-02-26T00:50:56+08:00","message":"Config"}
{"level":"debug","CrashTiming":"EpochStart","time":"2024-02-26T00:50:56+08:00","message":"Config"}
{"level":"debug","CheckpointInterval":256,"time":"2024-02-26T00:50:56+08:00","message":"Config"}
{"level":"debug","WatermarkWindowSize":256,"time":"2024-02-26T00:50:56+08:00","message":"Config"}
{"level":"debug","EpochLength":256,"time":"2024-02-26T00:50:56+08:00","message":"Config"}
{"level":"debug","SegmentLength":256,"time":"2024-02-26T00:50:56+08:00","message":"Config"}
{"level":"debug","WaitForCheckpoints":true,"time":"2024-02-26T00:50:56+08:00","message":"Config"}
{"level":"debug","ClientWatermarkWindowSize":4194304,"time":"2024-02-26T00:50:56+08:00","message":"Config"}
{"level":"debug","ClientRequestBacklogSize":4194304,"time":"2024-02-26T00:50:56+08:00","message":"Config"}
{"level":"debug","RandomSeed":26660,"time":"2024-02-26T00:50:56+08:00","message":"Config"}
{"level":"debug","NodeToLeaderRatio":1,"time":"2024-02-26T00:50:56+08:00","message":"Config"}
{"level":"debug","LeaderPolicy":"Single","time":"2024-02-26T00:50:56+08:00","message":"Config"}
{"level":"debug","DefaultLeaderBan":2,"time":"2024-02-26T00:50:56+08:00","message":"Config"}
{"level":"debug","NumBuckets":16,"time":"2024-02-26T00:50:56+08:00","message":"Config"}
{"level":"debug","BatchSize":1000,"time":"2024-02-26T00:50:56+08:00","message":"Config"}
{"level":"debug","DisabledViewChange":false,"time":"2024-02-26T00:50:56+08:00","message":"Config"}
{"level":"debug","ViewChangeTimeout":60000,"time":"2024-02-26T00:50:56+08:00","message":"Config"}
{"level":"debug","ClientTraceSampling":10,"time":"2024-02-26T00:50:56+08:00","message":"Config"}
{"level":"debug","EventBufferSize":2097152,"time":"2024-02-26T00:50:56+08:00","message":"Config"}
{"level":"debug","TraceSampling":1,"time":"2024-02-26T00:50:56+08:00","message":"Config"}
{"level":"debug","ClientsPerProcess":1,"time":"2024-02-26T00:50:56+08:00","message":"Config"}
{"level":"debug","RequestsPerClient":7680,"time":"2024-02-26T00:50:56+08:00","message":"Config"}
{"level":"debug","ClientRunTime":30000,"time":"2024-02-26T00:50:56+08:00","message":"Config"}
{"level":"debug","RequestRate":128,"time":"2024-02-26T00:50:56+08:00","message":"Config"}
{"level":"debug","HardRequestRateLimit":false,"time":"2024-02-26T00:50:56+08:00","message":"Config"}
{"level":"debug","RequestPayloadSize":500,"time":"2024-02-26T00:50:56+08:00","message":"Config"}
{"level":"debug","SignRequests":true,"time":"2024-02-26T00:50:56+08:00","message":"Config"}
{"level":"debug","ClientPrivKeyFile":"tls-data/client-ecdsa-256.key","time":"2024-02-26T00:50:56+08:00","message":"Config"}
{"level":"debug","ClientPubKeyFile":"tls-data/client-ecdsa-256.pem","time":"2024-02-26T00:50:56+08:00","message":"Config"}
{"level":"debug","PrecomputeRequests":false,"time":"2024-02-26T00:50:56+08:00","message":"Config"}
{"level":"debug","RequestHandlerThreads":32,"time":"2024-02-26T00:50:56+08:00","message":"Config"}
{"level":"debug","RequestInputChannelBuffer":8192,"time":"2024-02-26T00:50:56+08:00","message":"Config"}
{"level":"debug","BatchVerifier":"external","time":"2024-02-26T00:50:56+08:00","message":"Config"}
00:50:56.704 INF Registered with discovery server. numPeers=4 ownID=0
00:50:56.705 INF Profiling enabled.
00:50:56.710 INF Setting up profiling.
00:50:56.712 INF Started Profiler: CPU
00:50:56.712 INF Started Profiler: BLOCK
00:50:56.712 INF Started Profiler: MUTEX
00:50:56.713 INF Profiler will stop on signal. exit=true
00:50:56.734 INF Tracing will stop on signal. exit=false
00:50:56.735 INF Started tracing. traceFile=experiment-output/0002/slave-002/peer.trc
00:50:56.736 INF Connecting to peer. addr=127.0.0.1:10000 basicConns=4 priorityConns=2
00:50:56.736 INF Listening for connections. port=10000 useTLS=false
00:50:56.736 INF Connecting to peer. addr=127.0.0.1:10022 basicConns=4 priorityConns=2
00:50:56.754 INF Incoming connection for protocol messages. addr=127.0.0.1:52130
00:50:56.781 INF Connecting to peer. addr=127.0.0.1:10033 basicConns=4 priorityConns=2
00:50:56.783 INF Connecting to peer. addr=127.0.0.1:10011 basicConns=4 priorityConns=2
00:50:56.821 INF Incoming connection for protocol messages. addr=127.0.0.1:52170
00:50:56.827 INF Incoming connection for protocol messages. addr=127.0.0.1:52168
00:50:56.828 INF Incoming connection for protocol messages. addr=127.0.0.1:52176
00:50:56.829 INF Incoming connection for protocol messages. addr=127.0.0.1:52174
00:50:56.833 INF Incoming connection for protocol messages. addr=127.0.0.1:52172
00:50:56.837 INF Incoming connection for protocol messages. addr=127.0.0.1:52228
00:50:56.838 INF Incoming connection for protocol messages. addr=127.0.0.1:52154
00:50:56.840 INF Incoming connection for protocol messages. addr=127.0.0.1:52186
00:50:56.843 INF Incoming connection for protocol messages. addr=127.0.0.1:52268
00:50:56.843 INF Incoming connection for protocol messages. addr=127.0.0.1:52224
00:50:56.847 INF Incoming connection for protocol messages. addr=127.0.0.1:52188
00:50:56.860 INF Incoming connection for protocol messages. addr=127.0.0.1:52252
00:50:56.867 INF Incoming connection for protocol messages. addr=127.0.0.1:52240
00:50:56.878 INF Incoming connection for protocol messages. addr=127.0.0.1:52280
00:50:56.882 INF Incoming connection for protocol messages. addr=127.0.0.1:52138
00:50:56.886 INF Incoming connection for protocol messages. addr=127.0.0.1:52302
00:50:56.902 INF Connected to all peers.
00:50:56.902 INF Incoming connection for protocol messages. addr=127.0.0.1:52214
00:50:56.903 INF Incoming connection for protocol messages. addr=127.0.0.1:52204
00:50:56.919 INF Incoming connection for protocol messages. addr=127.0.0.1:52314
00:50:56.921 INF Incoming connection for protocol messages. addr=127.0.0.1:52284
00:50:56.922 INF Incoming connection for protocol messages. addr=127.0.0.1:52290
00:50:56.927 INF Incoming connection for protocol messages. addr=127.0.0.1:52330
00:50:57.765 INF Incoming connection for protocol messages. addr=127.0.0.1:52334
00:50:57.813 INF All peers finished connecting. Starting ISS.
00:50:57.814 INF PbftOrderer received a new segment: [0 1 2 3 4 5 6 7 8 9 10 11 12 13 14 15 16 17 18 19 20 21 22 23 24 25 26 27 28 29 30 31 32 33 34 35 36 37 38 39 40 41 42 43 44 45 46 47 48 49 50 51 52 53 54 55 56 57 58 59 60 61 62 63 64 65 66 67 68 69 70 71 72 73 74 75 76 77 78 79 80 81 82 83 84 85 86 87 88 89 90 91 92 93 94 95 96 97 98 99 100 101 102 103 104 105 106 107 108 109 110 111 112 113 114 115 116 117 118 119 120 121 122 123 124 125 126 127 128 129 130 131 132 133 134 135 136 137 138 139 140 141 142 143 144 145 146 147 148 149 150 151 152 153 154 155 156 157 158 159 160 161 162 163 164 165 166 167 168 169 170 171 172 173 174 175 176 177 178 179 180 181 182 183 184 185 186 187 188 189 190 191 192 193 194 195 196 197 198 199 200 201 202 203 204 205 206 207 208 209 210 211 212 213 214 215 216 217 218 219 220 221 222 223 224 225 226 227 228 229 230 231 232 233 234 235 236 237 238 239 240 241 242 243 244 245 246 247 248 249 250 251 252 253 254 255] first leader=0 firstSN=0 lastSN=255 len=256 length=256 segId=0
00:50:57.815 INF Starting new view. segID=0 timeout=60000 view=0
00:50:57.817 INF Starting PBFT instance. first=0 last=255 segID=0
00:50:57.818 INF Starting serialized message processing. segID=0
00:50:58.820 INF Sending PREPREPARE. nReq=0 senderID=0 sn=0 view=0
00:50:58.838 INF Committed entry. latency=0 nReq=0 sn=0
00:50:58.838 INF Delivered batch. nReq=0 sn=0
00:50:59.822 INF Sending PREPREPARE. nReq=0 senderID=0 sn=1 view=0
00:50:59.829 INF Committed entry. latency=0 nReq=0 sn=1
00:50:59.829 INF Delivered batch. nReq=0 sn=1
00:50:59.991 INF Incoming connection for requests. addr=127.0.0.1:50650
00:51:00.843 INF Sending PREPREPARE. nReq=87 senderID=0 sn=2 view=0
00:51:00.944 INF Committed entry. latency=0 nReq=87 sn=2
00:51:00.945 INF Delivered batch. nReq=87 sn=2
00:51:01.854 INF Sending PREPREPARE. nReq=130 senderID=0 sn=3 view=0
00:51:01.946 INF Committed entry. latency=0 nReq=130 sn=3
00:51:01.946 INF Delivered batch. nReq=130 sn=3
00:51:02.860 INF Sending PREPREPARE. nReq=130 senderID=0 sn=4 view=0
00:51:02.924 INF Committed entry. latency=0 nReq=130 sn=4
00:51:02.924 INF Delivered batch. nReq=130 sn=4
00:51:03.875 INF Sending PREPREPARE. nReq=129 senderID=0 sn=5 view=0
00:51:03.939 INF Committed entry. latency=0 nReq=129 sn=5
00:51:03.940 INF Delivered batch. nReq=129 sn=5
00:51:04.895 INF Sending PREPREPARE. nReq=129 senderID=0 sn=6 view=0
00:51:04.981 INF Committed entry. latency=0 nReq=129 sn=6
00:51:04.981 INF Delivered batch. nReq=129 sn=6
00:51:05.901 INF Sending PREPREPARE. nReq=131 senderID=0 sn=7 view=0
00:51:05.960 INF Committed entry. latency=0 nReq=131 sn=7
00:51:05.960 INF Delivered batch. nReq=131 sn=7
00:51:06.913 INF Sending PREPREPARE. nReq=129 senderID=0 sn=8 view=0
00:51:06.976 INF Committed entry. latency=0 nReq=129 sn=8
00:51:06.976 INF Delivered batch. nReq=129 sn=8
00:51:07.922 INF Sending PREPREPARE. nReq=129 senderID=0 sn=9 view=0
00:51:07.989 INF Committed entry. latency=0 nReq=129 sn=9
00:51:07.991 INF Delivered batch. nReq=129 sn=9
00:51:08.922 INF Sending PREPREPARE. nReq=128 senderID=0 sn=10 view=0
00:51:08.991 INF Committed entry. latency=0 nReq=128 sn=10
00:51:08.991 INF Delivered batch. nReq=128 sn=10
00:51:09.923 INF Sending PREPREPARE. nReq=128 senderID=0 sn=11 view=0
00:51:09.994 INF Committed entry. latency=0 nReq=128 sn=11
00:51:09.995 INF Delivered batch. nReq=128 sn=11
00:51:10.945 INF Sending PREPREPARE. nReq=130 senderID=0 sn=12 view=0
00:51:11.090 INF Committed entry. latency=0 nReq=130 sn=12
00:51:11.094 INF Delivered batch. nReq=130 sn=12
00:51:11.959 INF Sending PREPREPARE. nReq=129 senderID=0 sn=13 view=0
00:51:12.047 INF Committed entry. latency=0 nReq=129 sn=13
00:51:12.047 INF Delivered batch. nReq=129 sn=13
00:51:12.970 INF Sending PREPREPARE. nReq=131 senderID=0 sn=14 view=0
00:51:13.055 INF Committed entry. latency=0 nReq=131 sn=14
00:51:13.055 INF Delivered batch. nReq=131 sn=14
00:51:13.980 INF Sending PREPREPARE. nReq=130 senderID=0 sn=15 view=0
00:51:14.050 INF Committed entry. latency=0 nReq=130 sn=15
00:51:14.050 INF Delivered batch. nReq=130 sn=15
00:51:15.000 INF Sending PREPREPARE. nReq=129 senderID=0 sn=16 view=0
00:51:15.083 INF Committed entry. latency=0 nReq=129 sn=16
00:51:15.083 INF Delivered batch. nReq=129 sn=16
00:51:16.001 INF Sending PREPREPARE. nReq=129 senderID=0 sn=17 view=0
00:51:16.091 INF Committed entry. latency=0 nReq=129 sn=17
00:51:16.091 INF Delivered batch. nReq=129 sn=17
00:51:17.013 INF Sending PREPREPARE. nReq=130 senderID=0 sn=18 view=0
00:51:17.076 INF Committed entry. latency=0 nReq=130 sn=18
00:51:17.076 INF Delivered batch. nReq=130 sn=18
00:51:18.017 INF Sending PREPREPARE. nReq=128 senderID=0 sn=19 view=0
00:51:18.087 INF Committed entry. latency=0 nReq=128 sn=19
00:51:18.087 INF Delivered batch. nReq=128 sn=19
00:51:19.027 INF Sending PREPREPARE. nReq=130 senderID=0 sn=20 view=0
00:51:19.087 INF Committed entry. latency=0 nReq=130 sn=20
00:51:19.087 INF Delivered batch. nReq=130 sn=20
00:51:20.036 INF Sending PREPREPARE. nReq=129 senderID=0 sn=21 view=0
00:51:20.094 INF Committed entry. latency=0 nReq=129 sn=21
00:51:20.094 INF Delivered batch. nReq=129 sn=21
00:51:21.037 INF Sending PREPREPARE. nReq=128 senderID=0 sn=22 view=0
00:51:21.095 INF Committed entry. latency=0 nReq=128 sn=22
00:51:21.095 INF Delivered batch. nReq=128 sn=22
00:51:22.046 INF Sending PREPREPARE. nReq=129 senderID=0 sn=23 view=0
00:51:22.109 INF Committed entry. latency=0 nReq=129 sn=23
00:51:22.109 INF Delivered batch. nReq=129 sn=23
00:51:23.048 INF Sending PREPREPARE. nReq=129 senderID=0 sn=24 view=0
00:51:23.120 INF Committed entry. latency=0 nReq=129 sn=24
00:51:23.120 INF Delivered batch. nReq=129 sn=24
00:51:24.059 INF Sending PREPREPARE. nReq=129 senderID=0 sn=25 view=0
00:51:24.125 INF Committed entry. latency=0 nReq=129 sn=25
00:51:24.125 INF Delivered batch. nReq=129 sn=25
00:51:25.068 INF Sending PREPREPARE. nReq=129 senderID=0 sn=26 view=0
00:51:25.129 INF Committed entry. latency=0 nReq=129 sn=26
00:51:25.129 INF Delivered batch. nReq=129 sn=26
00:51:26.078 INF Sending PREPREPARE. nReq=129 senderID=0 sn=27 view=0
00:51:26.140 INF Committed entry. latency=0 nReq=129 sn=27
00:51:26.140 INF Delivered batch. nReq=129 sn=27
00:51:27.089 INF Sending PREPREPARE. nReq=130 senderID=0 sn=28 view=0
00:51:27.147 INF Committed entry. latency=0 nReq=130 sn=28
00:51:27.148 INF Delivered batch. nReq=130 sn=28
00:51:28.099 INF Sending PREPREPARE. nReq=129 senderID=0 sn=29 view=0
00:51:28.161 INF Committed entry. latency=0 nReq=129 sn=29
00:51:28.161 INF Delivered batch. nReq=129 sn=29
00:51:29.109 INF Sending PREPREPARE. nReq=130 senderID=0 sn=30 view=0
00:51:29.176 INF Committed entry. latency=0 nReq=130 sn=30
00:51:29.176 INF Delivered batch. nReq=130 sn=30
00:51:30.118 INF Sending PREPREPARE. nReq=129 senderID=0 sn=31 view=0
00:51:30.175 INF Committed entry. latency=0 nReq=129 sn=31
00:51:30.175 INF Delivered batch. nReq=129 sn=31
00:51:31.118 INF Sending PREPREPARE. nReq=6 senderID=0 sn=32 view=0
00:51:31.130 INF Committed entry. latency=0 nReq=6 sn=32
00:51:31.132 INF Delivered batch. nReq=6 sn=32
00:51:31.158 INF Connection terminated. error="rpc error: code = Canceled desc = context canceled" address=127.0.0.1:50650
00:51:31.160 INF Finished sending bucket assignments to client. clId=0
00:51:31.493 INF Stopping profiler.
00:51:31.493 INF Stopping Tracer. events=139 fileName=experiment-output/0002/slave-002/peer.trc
==================
WARNING: DATA RACE
Read at 0x00c000721590 by goroutine 89:
  github.com/hyperledger-labs/mirbft/tracing.(*BufferedTrace).Stop()
      /opt/gopath/src/github.com/hyperledger-labs/mirbft/tracing/bufferedtrace.go:238 +0x30e
  github.com/hyperledger-labs/mirbft/tracing.(*BufferedTrace).StopOnSignal.func1()
      /opt/gopath/src/github.com/hyperledger-labs/mirbft/tracing/bufferedtrace.go:299 +0x4e

Previous write at 0x00c000721590 by goroutine 88:
  github.com/hyperledger-labs/mirbft/tracing.(*BufferedTrace).Event()
      /opt/gopath/src/github.com/hyperledger-labs/mirbft/tracing/bufferedtrace.go:106 +0x2cd
  github.com/hyperledger-labs/mirbft/profiling.StartCPUTracing.func1()
      /opt/gopath/src/github.com/hyperledger-labs/mirbft/profiling/cpuusage.go:31 +0x95

Goroutine 89 (running) created at:
  github.com/hyperledger-labs/mirbft/tracing.(*BufferedTrace).StopOnSignal()
      /opt/gopath/src/github.com/hyperledger-labs/mirbft/tracing/bufferedtrace.go:293 +0x178
  main.setUpTracing()
      /opt/gopath/src/github.com/hyperledger-labs/mirbft/cmd/orderingpeer/main.go:204 +0xf5
  main.main()
      /opt/gopath/src/github.com/hyperledger-labs/mirbft/cmd/orderingpeer/main.go:98 +0x9e4

Goroutine 88 (running) created at:
  github.com/hyperledger-labs/mirbft/profiling.StartCPUTracing()
      /opt/gopath/src/github.com/hyperledger-labs/mirbft/profiling/cpuusage.go:28 +0xb9
  main.setUpTracing()
      /opt/gopath/src/github.com/hyperledger-labs/mirbft/cmd/orderingpeer/main.go:196 +0x85
  main.main()
      /opt/gopath/src/github.com/hyperledger-labs/mirbft/cmd/orderingpeer/main.go:98 +0x9e4
==================
00:51:31.500 INF Trace data written.
00:51:31.635 INF Profile data written. filename=experiment-output/0002/slave-002/prof.cpu name=cpu
00:51:31.718 INF Profile data written. filename=experiment-output/0002/slave-002/prof.block name=block
00:51:31.737 INF Connection terminated. error="rpc error: code = Canceled desc = context canceled" address=127.0.0.1:52334
00:51:31.738 INF Connection terminated. error="rpc error: code = Canceled desc = context canceled" address=127.0.0.1:52186
00:51:31.739 INF Connection terminated. error="rpc error: code = Canceled desc = context canceled" address=127.0.0.1:52188
00:51:31.741 INF Connection terminated. error="rpc error: code = Canceled desc = context canceled" address=127.0.0.1:52224
00:51:31.742 INF Connection terminated. error="rpc error: code = Canceled desc = context canceled" address=127.0.0.1:52228
00:51:31.742 INF Connection terminated. error="rpc error: code = Canceled desc = context canceled" address=127.0.0.1:52240
00:51:31.746 INF Profile data written. filename=experiment-output/0002/slave-002/prof.mutex name=mutex
