{"level":"debug","Logging":"info","time":"2024-02-26T00:50:16+08:00","message":"Config"}
{"level":"debug","UseTLS":false,"time":"2024-02-26T00:50:16+08:00","message":"Config"}
{"level":"debug","CACertFile":"tls-data/ca.pem","time":"2024-02-26T00:50:16+08:00","message":"Config"}
{"level":"debug","KeyFile":"tls-data/auth.key","time":"2024-02-26T00:50:16+08:00","message":"Config"}
{"level":"debug","CertFile":"tls-data/auth.pem","time":"2024-02-26T00:50:16+08:00","message":"Config"}
{"level":"debug","PriorityConnections":2,"time":"2024-02-26T00:50:16+08:00","message":"Config"}
{"level":"debug","BasicConnections":4,"time":"2024-02-26T00:50:16+08:00","message":"Config"}
{"level":"debug","TestConnections":false,"time":"2024-02-26T00:50:16+08:00","message":"Config"}
{"level":"debug","ExcessConnections":1,"time":"2024-02-26T00:50:16+08:00","message":"Config"}
{"level":"debug","ConnectionTestMsgs":4,"time":"2024-02-26T00:50:16+08:00","message":"Config"}
{"level":"debug","ConnectionTestPayload":131072,"time":"2024-02-26T00:50:16+08:00","message":"Config"}
{"level":"debug","OutMessageBufsize":1024,"time":"2024-02-26T00:50:16+08:00","message":"Config"}
{"level":"debug","OutMessageBufsize":1,"time":"2024-02-26T00:50:16+08:00","message":"Config"}
{"level":"debug","ThroughputCap":131072000,"time":"2024-02-26T00:50:16+08:00","message":"Config"}
{"level":"debug","StragglerTolerance":1000,"time":"2024-02-26T00:50:16+08:00","message":"Config"}
{"level":"debug","BatchSizeIncrement":256,"time":"2024-02-26T00:50:16+08:00","message":"Config"}
{"level":"debug","Orderer":"Pbft","time":"2024-02-26T00:50:16+08:00","message":"Config"}
{"level":"debug","Manager":"Mir","time":"2024-02-26T00:50:16+08:00","message":"Config"}
{"level":"debug","Failures":0,"time":"2024-02-26T00:50:16+08:00","message":"Config"}
{"level":"debug","CrashTiming":"EpochStart","time":"2024-02-26T00:50:16+08:00","message":"Config"}
{"level":"debug","CheckpointInterval":256,"time":"2024-02-26T00:50:16+08:00","message":"Config"}
{"level":"debug","WatermarkWindowSize":256,"time":"2024-02-26T00:50:16+08:00","message":"Config"}
{"level":"debug","EpochLength":256,"time":"2024-02-26T00:50:16+08:00","message":"Config"}
{"level":"debug","SegmentLength":64,"time":"2024-02-26T00:50:16+08:00","message":"Config"}
{"level":"debug","WaitForCheckpoints":true,"time":"2024-02-26T00:50:16+08:00","message":"Config"}
{"level":"debug","ClientWatermarkWindowSize":4194304,"time":"2024-02-26T00:50:16+08:00","message":"Config"}
{"level":"debug","ClientRequestBacklogSize":4194304,"time":"2024-02-26T00:50:16+08:00","message":"Config"}
{"level":"debug","RandomSeed":26660,"time":"2024-02-26T00:50:16+08:00","message":"Config"}
{"level":"debug","NodeToLeaderRatio":1,"time":"2024-02-26T00:50:16+08:00","message":"Config"}
{"level":"debug","LeaderPolicy":"Simple","time":"2024-02-26T00:50:16+08:00","message":"Config"}
{"level":"debug","DefaultLeaderBan":2,"time":"2024-02-26T00:50:16+08:00","message":"Config"}
{"level":"debug","NumBuckets":64,"time":"2024-02-26T00:50:16+08:00","message":"Config"}
{"level":"debug","BatchSize":1000,"time":"2024-02-26T00:50:16+08:00","message":"Config"}
{"level":"debug","DisabledViewChange":false,"time":"2024-02-26T00:50:16+08:00","message":"Config"}
{"level":"debug","ViewChangeTimeout":60000,"time":"2024-02-26T00:50:16+08:00","message":"Config"}
{"level":"debug","ClientTraceSampling":10,"time":"2024-02-26T00:50:16+08:00","message":"Config"}
{"level":"debug","EventBufferSize":2097152,"time":"2024-02-26T00:50:16+08:00","message":"Config"}
{"level":"debug","TraceSampling":1,"time":"2024-02-26T00:50:16+08:00","message":"Config"}
{"level":"debug","ClientsPerProcess":1,"time":"2024-02-26T00:50:16+08:00","message":"Config"}
{"level":"debug","RequestsPerClient":15360,"time":"2024-02-26T00:50:16+08:00","message":"Config"}
{"level":"debug","ClientRunTime":30000,"time":"2024-02-26T00:50:16+08:00","message":"Config"}
{"level":"debug","RequestRate":256,"time":"2024-02-26T00:50:16+08:00","message":"Config"}
{"level":"debug","HardRequestRateLimit":false,"time":"2024-02-26T00:50:16+08:00","message":"Config"}
{"level":"debug","RequestPayloadSize":500,"time":"2024-02-26T00:50:16+08:00","message":"Config"}
{"level":"debug","SignRequests":true,"time":"2024-02-26T00:50:16+08:00","message":"Config"}
{"level":"debug","ClientPrivKeyFile":"tls-data/client-ecdsa-256.key","time":"2024-02-26T00:50:16+08:00","message":"Config"}
{"level":"debug","ClientPubKeyFile":"tls-data/client-ecdsa-256.pem","time":"2024-02-26T00:50:16+08:00","message":"Config"}
{"level":"debug","PrecomputeRequests":false,"time":"2024-02-26T00:50:16+08:00","message":"Config"}
{"level":"debug","RequestHandlerThreads":32,"time":"2024-02-26T00:50:16+08:00","message":"Config"}
{"level":"debug","RequestInputChannelBuffer":8192,"time":"2024-02-26T00:50:16+08:00","message":"Config"}
{"level":"debug","BatchVerifier":"external","time":"2024-02-26T00:50:16+08:00","message":"Config"}
00:50:16.397 INF Registered with discovery server. numPeers=4 ownID=3
00:50:16.399 INF Profiling enabled.
00:50:16.399 INF Setting up profiling.
00:50:16.400 INF Started Profiler: CPU
00:50:16.400 INF Started Profiler: BLOCK
00:50:16.400 INF Started Profiler: MUTEX
00:50:16.400 INF Profiler will stop on signal. exit=true
00:50:16.412 INF Tracing will stop on signal. exit=false
00:50:16.413 INF Started tracing. traceFile=experiment-output/0001/slave-002/peer.trc
00:50:16.415 INF Connecting to peer. addr=127.0.0.1:10011 basicConns=4 priorityConns=2
00:50:16.430 INF Connecting to peer. addr=127.0.0.1:10033 basicConns=4 priorityConns=2
00:50:16.431 INF Connecting to peer. addr=127.0.0.1:10000 basicConns=4 priorityConns=2
00:50:16.433 INF Connecting to peer. addr=127.0.0.1:10022 basicConns=4 priorityConns=2
00:50:16.417 INF Listening for connections. port=10033 useTLS=false
00:50:16.526 INF Incoming connection for protocol messages. addr=127.0.0.1:35990
00:50:16.527 INF Incoming connection for protocol messages. addr=127.0.0.1:35964
00:50:16.533 INF Incoming connection for protocol messages. addr=127.0.0.1:36032
00:50:16.534 INF Incoming connection for protocol messages. addr=127.0.0.1:35988
00:50:16.535 INF Incoming connection for protocol messages. addr=127.0.0.1:36050
00:50:16.541 INF Incoming connection for protocol messages. addr=127.0.0.1:36064
00:50:16.541 INF Incoming connection for protocol messages. addr=127.0.0.1:36016
00:50:16.542 INF Incoming connection for protocol messages. addr=127.0.0.1:36004
00:50:16.564 INF Incoming connection for protocol messages. addr=127.0.0.1:35972
00:50:16.566 INF Incoming connection for protocol messages. addr=127.0.0.1:36046
00:50:16.577 INF Incoming connection for protocol messages. addr=127.0.0.1:36056
00:50:16.577 INF Incoming connection for protocol messages. addr=127.0.0.1:36042
00:50:16.578 INF Incoming connection for protocol messages. addr=127.0.0.1:36096
00:50:16.579 INF Incoming connection for protocol messages. addr=127.0.0.1:36062
00:50:16.580 INF Incoming connection for protocol messages. addr=127.0.0.1:36066
00:50:16.591 INF Incoming connection for protocol messages. addr=127.0.0.1:36082
00:50:16.592 INF Incoming connection for protocol messages. addr=127.0.0.1:36128
00:50:16.592 INF Incoming connection for protocol messages. addr=127.0.0.1:36106
00:50:16.603 INF Incoming connection for protocol messages. addr=127.0.0.1:36130
00:50:16.603 INF Incoming connection for protocol messages. addr=127.0.0.1:36094
00:50:16.604 INF Incoming connection for protocol messages. addr=127.0.0.1:36136
00:50:16.604 INF Incoming connection for protocol messages. addr=127.0.0.1:36144
00:50:16.610 INF Connected to all peers.
00:50:16.612 INF Incoming connection for protocol messages. addr=127.0.0.1:36116
00:50:16.621 INF Incoming connection for protocol messages. addr=127.0.0.1:36146
00:50:17.461 INF All peers finished connecting. Starting ISS.
00:50:17.462 INF PbftOrderer received a new segment: [0 4 8 12 16 20 24 28 32 36 40 44 48 52 56 60 64 68 72 76 80 84 88 92 96 100 104 108 112 116 120 124 128 132 136 140 144 148 152 156 160 164 168 172 176 180 184 188 192 196 200 204 208 212 216 220 224 228 232 236 240 244 248 252] first leader=0 firstSN=0 lastSN=252 len=64 length=64 segId=0
00:50:17.462 INF Starting new view. segID=0 timeout=60000 view=0
00:50:17.463 INF Starting PBFT instance. first=0 last=252 segID=0
00:50:17.464 INF PbftOrderer received a new segment: [1 5 9 13 17 21 25 29 33 37 41 45 49 53 57 61 65 69 73 77 81 85 89 93 97 101 105 109 113 117 121 125 129 133 137 141 145 149 153 157 161 165 169 173 177 181 185 189 193 197 201 205 209 213 217 221 225 229 233 237 241 245 249 253] first leader=1 firstSN=1 lastSN=253 len=64 length=64 segId=1
00:50:17.464 INF Starting new view. segID=1 timeout=60000 view=0
00:50:17.465 INF Starting PBFT instance. first=1 last=253 segID=1
00:50:17.466 INF Starting serialized message processing. segID=0
00:50:17.466 INF Starting serialized message processing. segID=1
00:50:17.468 INF PbftOrderer received a new segment: [2 6 10 14 18 22 26 30 34 38 42 46 50 54 58 62 66 70 74 78 82 86 90 94 98 102 106 110 114 118 122 126 130 134 138 142 146 150 154 158 162 166 170 174 178 182 186 190 194 198 202 206 210 214 218 222 226 230 234 238 242 246 250 254] first leader=2 firstSN=2 lastSN=254 len=64 length=64 segId=2
00:50:17.469 INF Starting new view. segID=2 timeout=60000 view=0
00:50:17.470 INF Starting PBFT instance. first=2 last=254 segID=2
00:50:17.470 INF Starting serialized message processing. segID=2
00:50:17.471 INF PbftOrderer received a new segment: [3 7 11 15 19 23 27 31 35 39 43 47 51 55 59 63 67 71 75 79 83 87 91 95 99 103 107 111 115 119 123 127 131 135 139 143 147 151 155 159 163 167 171 175 179 183 187 191 195 199 203 207 211 215 219 223 227 231 235 239 243 247 251 255] first leader=3 firstSN=3 lastSN=255 len=64 length=64 segId=3
00:50:17.471 INF Starting new view. segID=3 timeout=60000 view=0
00:50:17.473 INF Starting PBFT instance. first=3 last=255 segID=3
00:50:17.473 INF Starting serialized message processing. segID=3
00:50:18.474 INF Sending PREPREPARE. nReq=0 senderID=3 sn=3 view=0
00:50:18.489 INF Handling PREPREPARE. nReq=0 senderID=0 sn=0
00:50:18.491 INF Handling PREPREPARE. nReq=0 senderID=1 sn=1
00:50:18.501 INF Committed entry. latency=0 nReq=0 sn=1
00:50:18.514 INF Committed entry. latency=0 nReq=0 sn=3
00:50:18.515 INF Handling PREPREPARE. nReq=0 senderID=2 sn=2
00:50:18.520 INF Committed entry. latency=0 nReq=0 sn=0
00:50:18.520 INF Delivered batch. nReq=0 sn=0
00:50:18.521 INF Delivered batch. nReq=0 sn=1
00:50:18.522 INF Committed entry. latency=0 nReq=0 sn=2
00:50:18.523 INF Delivered batch. nReq=0 sn=2
00:50:18.523 INF Delivered batch. nReq=0 sn=3
00:50:19.477 INF Handling PREPREPARE. nReq=0 senderID=0 sn=4
00:50:19.480 INF Sending PREPREPARE. nReq=0 senderID=3 sn=7 view=0
00:50:19.485 INF Handling PREPREPARE. nReq=0 senderID=1 sn=5
00:50:19.485 INF Committed entry. latency=0 nReq=0 sn=4
00:50:19.485 INF Delivered batch. nReq=0 sn=4
00:50:19.489 INF Handling PREPREPARE. nReq=0 senderID=2 sn=6
00:50:19.493 INF Committed entry. latency=0 nReq=0 sn=7
00:50:19.493 INF Committed entry. latency=0 nReq=0 sn=5
00:50:19.493 INF Delivered batch. nReq=0 sn=5
00:50:19.496 INF Committed entry. latency=0 nReq=0 sn=6
00:50:19.497 INF Delivered batch. nReq=0 sn=6
00:50:19.497 INF Delivered batch. nReq=0 sn=7
00:50:19.638 INF Incoming connection for requests. addr=127.0.0.1:38330
00:50:20.491 INF Sending PREPREPARE. nReq=44 senderID=3 sn=11 view=0
00:50:20.504 INF Handling PREPREPARE. nReq=45 senderID=0 sn=8
00:50:20.536 INF Handling PREPREPARE. nReq=45 senderID=2 sn=10
00:50:20.537 INF Committed entry. latency=0 nReq=45 sn=8
00:50:20.537 INF Delivered batch. nReq=45 sn=8
00:50:20.565 INF Committed entry. latency=0 nReq=45 sn=10
00:50:20.573 INF Handling PREPREPARE. nReq=45 senderID=1 sn=9
00:50:20.596 INF Committed entry. latency=0 nReq=44 sn=11
00:50:20.621 INF Committed entry. latency=0 nReq=45 sn=9
00:50:20.622 INF Delivered batch. nReq=45 sn=9
00:50:20.622 INF Delivered batch. nReq=45 sn=10
00:50:20.622 INF Delivered batch. nReq=44 sn=11
00:50:21.537 INF Sending PREPREPARE. nReq=65 senderID=3 sn=15 view=0
00:50:21.571 INF Handling PREPREPARE. nReq=64 senderID=1 sn=13
00:50:21.593 INF Handling PREPREPARE. nReq=64 senderID=0 sn=12
00:50:21.640 INF Handling PREPREPARE. nReq=64 senderID=2 sn=14
00:50:21.670 INF Committed entry. latency=0 nReq=64 sn=13
00:50:21.677 INF Committed entry. latency=0 nReq=65 sn=15
00:50:21.679 INF Committed entry. latency=0 nReq=64 sn=12
00:50:21.679 INF Delivered batch. nReq=64 sn=12
00:50:21.679 INF Delivered batch. nReq=64 sn=13
00:50:21.720 INF Committed entry. latency=0 nReq=64 sn=14
00:50:21.720 INF Delivered batch. nReq=64 sn=14
00:50:21.721 INF Delivered batch. nReq=65 sn=15
00:50:22.496 INF Handling PREPREPARE. nReq=64 senderID=0 sn=16
00:50:22.540 INF Handling PREPREPARE. nReq=65 senderID=2 sn=18
00:50:22.547 INF Sending PREPREPARE. nReq=64 senderID=3 sn=19 view=0
00:50:22.572 INF Handling PREPREPARE. nReq=65 senderID=1 sn=17
00:50:22.616 INF Committed entry. latency=0 nReq=64 sn=16
00:50:22.616 INF Delivered batch. nReq=64 sn=16
00:50:22.619 INF Committed entry. latency=0 nReq=64 sn=19
00:50:22.622 INF Committed entry. latency=0 nReq=65 sn=17
00:50:22.632 INF Committed entry. latency=0 nReq=65 sn=18
00:50:22.635 INF Delivered batch. nReq=65 sn=17
00:50:22.635 INF Delivered batch. nReq=65 sn=18
00:50:22.635 INF Delivered batch. nReq=64 sn=19
00:50:23.520 INF Handling PREPREPARE. nReq=64 senderID=0 sn=20
00:50:23.559 INF Handling PREPREPARE. nReq=65 senderID=1 sn=21
00:50:23.575 INF Sending PREPREPARE. nReq=65 senderID=3 sn=23 view=0
00:50:23.597 INF Committed entry. latency=0 nReq=64 sn=20
00:50:23.597 INF Delivered batch. nReq=64 sn=20
00:50:23.603 INF Handling PREPREPARE. nReq=65 senderID=2 sn=22
00:50:23.644 INF Committed entry. latency=0 nReq=65 sn=22
00:50:23.644 INF Delivered batch. nReq=65 sn=21
00:50:23.644 INF Committed entry. latency=0 nReq=65 sn=21
00:50:23.644 INF Delivered batch. nReq=65 sn=22
00:50:23.679 INF Committed entry. latency=0 nReq=65 sn=23
00:50:23.679 INF Delivered batch. nReq=65 sn=23
00:50:24.512 INF Handling PREPREPARE. nReq=65 senderID=0 sn=24
00:50:24.545 INF Sending PREPREPARE. nReq=66 senderID=3 sn=27 view=0
00:50:24.562 INF Committed entry. latency=0 nReq=65 sn=24
00:50:24.563 INF Delivered batch. nReq=65 sn=24
00:50:24.603 INF Committed entry. latency=0 nReq=66 sn=27
00:50:24.612 INF Handling PREPREPARE. nReq=66 senderID=1 sn=25
00:50:24.617 INF Handling PREPREPARE. nReq=64 senderID=2 sn=26
00:50:24.670 INF Committed entry. latency=0 nReq=66 sn=25
00:50:24.671 INF Delivered batch. nReq=66 sn=25
00:50:24.685 INF Committed entry. latency=0 nReq=64 sn=26
00:50:24.685 INF Delivered batch. nReq=64 sn=26
00:50:24.685 INF Delivered batch. nReq=66 sn=27
00:50:25.516 INF Handling PREPREPARE. nReq=64 senderID=0 sn=28
00:50:25.548 INF Committed entry. latency=0 nReq=64 sn=28
00:50:25.549 INF Delivered batch. nReq=64 sn=28
00:50:25.578 INF Sending PREPREPARE. nReq=64 senderID=3 sn=31 view=0
00:50:25.592 INF Handling PREPREPARE. nReq=64 senderID=1 sn=29
00:50:25.617 INF Handling PREPREPARE. nReq=66 senderID=2 sn=30
00:50:25.663 INF Committed entry. latency=0 nReq=64 sn=31
00:50:25.665 INF Committed entry. latency=0 nReq=64 sn=29
00:50:25.667 INF Delivered batch. nReq=64 sn=29
00:50:25.677 INF Committed entry. latency=0 nReq=66 sn=30
00:50:25.677 INF Delivered batch. nReq=66 sn=30
00:50:25.677 INF Delivered batch. nReq=64 sn=31
00:50:26.538 INF Handling PREPREPARE. nReq=65 senderID=0 sn=32
00:50:26.558 INF Committed entry. latency=0 nReq=65 sn=32
00:50:26.558 INF Delivered batch. nReq=65 sn=32
00:50:26.585 INF Handling PREPREPARE. nReq=65 senderID=2 sn=34
00:50:26.585 INF Sending PREPREPARE. nReq=65 senderID=3 sn=35 view=0
00:50:26.612 INF Handling PREPREPARE. nReq=65 senderID=1 sn=33
00:50:26.666 INF Committed entry. latency=0 nReq=65 sn=34
00:50:26.675 INF Committed entry. latency=0 nReq=65 sn=35
00:50:26.676 INF Committed entry. latency=0 nReq=65 sn=33
00:50:26.677 INF Delivered batch. nReq=65 sn=33
00:50:26.677 INF Delivered batch. nReq=65 sn=34
00:50:26.677 INF Delivered batch. nReq=65 sn=35
00:50:27.527 INF Handling PREPREPARE. nReq=64 senderID=0 sn=36
00:50:27.560 INF Committed entry. latency=0 nReq=64 sn=36
00:50:27.560 INF Delivered batch. nReq=64 sn=36
00:50:27.588 INF Sending PREPREPARE. nReq=65 senderID=3 sn=39 view=0
00:50:27.599 INF Handling PREPREPARE. nReq=64 senderID=1 sn=37
00:50:27.611 INF Handling PREPREPARE. nReq=64 senderID=2 sn=38
00:50:27.664 INF Committed entry. latency=0 nReq=64 sn=38
00:50:27.664 INF Committed entry. latency=0 nReq=64 sn=37
00:50:27.664 INF Delivered batch. nReq=64 sn=37
00:50:27.664 INF Delivered batch. nReq=64 sn=38
00:50:27.667 INF Committed entry. latency=0 nReq=65 sn=39
00:50:27.668 INF Delivered batch. nReq=65 sn=39
00:50:28.526 INF Handling PREPREPARE. nReq=64 senderID=0 sn=40
00:50:28.556 INF Committed entry. latency=0 nReq=64 sn=40
00:50:28.557 INF Delivered batch. nReq=64 sn=40
00:50:28.599 INF Handling PREPREPARE. nReq=65 senderID=1 sn=41
00:50:28.605 INF Sending PREPREPARE. nReq=64 senderID=3 sn=43 view=0
00:50:28.628 INF Handling PREPREPARE. nReq=64 senderID=2 sn=42
00:50:28.677 INF Committed entry. latency=0 nReq=64 sn=42
00:50:28.688 INF Committed entry. latency=0 nReq=65 sn=41
00:50:28.688 INF Delivered batch. nReq=65 sn=41
00:50:28.688 INF Delivered batch. nReq=64 sn=42
00:50:28.691 INF Committed entry. latency=0 nReq=64 sn=43
00:50:28.702 INF Delivered batch. nReq=64 sn=43
00:50:29.531 INF Handling PREPREPARE. nReq=64 senderID=0 sn=44
00:50:29.561 INF Committed entry. latency=0 nReq=64 sn=44
00:50:29.561 INF Delivered batch. nReq=64 sn=44
00:50:29.612 INF Handling PREPREPARE. nReq=64 senderID=1 sn=45
00:50:29.624 INF Handling PREPREPARE. nReq=64 senderID=2 sn=46
00:50:29.643 INF Sending PREPREPARE. nReq=65 senderID=3 sn=47 view=0
00:50:29.668 INF Committed entry. latency=0 nReq=64 sn=46
00:50:29.686 INF Committed entry. latency=0 nReq=64 sn=45
00:50:29.686 INF Delivered batch. nReq=64 sn=45
00:50:29.688 INF Delivered batch. nReq=64 sn=46
00:50:29.719 INF Committed entry. latency=0 nReq=65 sn=47
00:50:29.720 INF Delivered batch. nReq=65 sn=47
00:50:30.545 INF Handling PREPREPARE. nReq=64 senderID=0 sn=48
00:50:30.606 INF Committed entry. latency=0 nReq=64 sn=48
00:50:30.606 INF Delivered batch. nReq=64 sn=48
00:50:30.614 INF Handling PREPREPARE. nReq=65 senderID=2 sn=50
00:50:30.645 INF Sending PREPREPARE. nReq=65 senderID=3 sn=51 view=0
00:50:30.661 INF Committed entry. latency=0 nReq=65 sn=50
00:50:30.678 INF Handling PREPREPARE. nReq=65 senderID=1 sn=49
00:50:30.722 INF Committed entry. latency=0 nReq=65 sn=49
00:50:30.733 INF Delivered batch. nReq=65 sn=49
00:50:30.734 INF Delivered batch. nReq=65 sn=50
00:50:30.781 INF Committed entry. latency=0 nReq=65 sn=51
00:50:30.782 INF Delivered batch. nReq=65 sn=51
00:50:31.545 INF Handling PREPREPARE. nReq=65 senderID=0 sn=52
00:50:31.587 INF Committed entry. latency=0 nReq=65 sn=52
00:50:31.587 INF Delivered batch. nReq=65 sn=52
00:50:31.638 INF Handling PREPREPARE. nReq=65 senderID=2 sn=54
00:50:31.686 INF Handling PREPREPARE. nReq=66 senderID=1 sn=53
00:50:31.692 INF Committed entry. latency=0 nReq=65 sn=54
00:50:31.720 INF Sending PREPREPARE. nReq=66 senderID=3 sn=55 view=0
00:50:31.737 INF Committed entry. latency=0 nReq=66 sn=53
00:50:31.738 INF Delivered batch. nReq=66 sn=53
00:50:31.738 INF Delivered batch. nReq=65 sn=54
00:50:31.787 INF Committed entry. latency=0 nReq=66 sn=55
00:50:31.788 INF Delivered batch. nReq=66 sn=55
00:50:32.547 INF Handling PREPREPARE. nReq=64 senderID=0 sn=56
00:50:32.576 INF Committed entry. latency=0 nReq=64 sn=56
00:50:32.576 INF Delivered batch. nReq=64 sn=56
00:50:32.626 INF Handling PREPREPARE. nReq=64 senderID=2 sn=58
00:50:32.672 INF Committed entry. latency=0 nReq=64 sn=58
00:50:32.677 INF Sending PREPREPARE. nReq=66 senderID=3 sn=59 view=0
00:50:32.728 INF Handling PREPREPARE. nReq=66 senderID=1 sn=57
00:50:32.751 INF Committed entry. latency=0 nReq=66 sn=59
00:50:32.796 INF Committed entry. latency=0 nReq=66 sn=57
00:50:32.797 INF Delivered batch. nReq=66 sn=57
00:50:32.803 INF Delivered batch. nReq=64 sn=58
00:50:32.804 INF Delivered batch. nReq=66 sn=59
00:50:33.553 INF Handling PREPREPARE. nReq=65 senderID=0 sn=60
00:50:33.584 INF Committed entry. latency=0 nReq=65 sn=60
00:50:33.584 INF Delivered batch. nReq=65 sn=60
00:50:33.640 INF Handling PREPREPARE. nReq=64 senderID=2 sn=62
00:50:33.681 INF Committed entry. latency=0 nReq=64 sn=62
00:50:33.682 INF Sending PREPREPARE. nReq=63 senderID=3 sn=63 view=0
00:50:33.717 INF Handling PREPREPARE. nReq=63 senderID=1 sn=61
00:50:33.759 INF Committed entry. latency=0 nReq=63 sn=61
00:50:33.759 INF Delivered batch. nReq=63 sn=61
00:50:33.760 INF Delivered batch. nReq=64 sn=62
00:50:33.769 INF Committed entry. latency=0 nReq=63 sn=63
00:50:33.770 INF Delivered batch. nReq=63 sn=63
00:50:34.595 INF Handling PREPREPARE. nReq=64 senderID=0 sn=64
00:50:34.616 INF Committed entry. latency=0 nReq=64 sn=64
00:50:34.617 INF Delivered batch. nReq=64 sn=64
00:50:34.665 INF Handling PREPREPARE. nReq=64 senderID=2 sn=66
00:50:34.697 INF Committed entry. latency=0 nReq=64 sn=66
00:50:34.699 INF Sending PREPREPARE. nReq=64 senderID=3 sn=67 view=0
00:50:34.731 INF Handling PREPREPARE. nReq=65 senderID=1 sn=65
00:50:34.778 INF Committed entry. latency=0 nReq=64 sn=67
00:50:34.786 INF Committed entry. latency=0 nReq=65 sn=65
00:50:34.787 INF Delivered batch. nReq=65 sn=65
00:50:34.787 INF Delivered batch. nReq=64 sn=66
00:50:34.787 INF Delivered batch. nReq=64 sn=67
00:50:35.561 INF Handling PREPREPARE. nReq=64 senderID=0 sn=68
00:50:35.597 INF Committed entry. latency=0 nReq=64 sn=68
00:50:35.598 INF Delivered batch. nReq=64 sn=68
00:50:35.665 INF Handling PREPREPARE. nReq=66 senderID=2 sn=70
00:50:35.688 INF Committed entry. latency=0 nReq=66 sn=70
00:50:35.696 INF Sending PREPREPARE. nReq=66 senderID=3 sn=71 view=0
00:50:35.738 INF Handling PREPREPARE. nReq=66 senderID=1 sn=69
00:50:35.744 INF Committed entry. latency=0 nReq=66 sn=71
00:50:35.781 INF Committed entry. latency=0 nReq=66 sn=69
00:50:35.781 INF Delivered batch. nReq=66 sn=69
00:50:35.781 INF Delivered batch. nReq=66 sn=70
00:50:35.781 INF Delivered batch. nReq=66 sn=71
00:50:36.570 INF Handling PREPREPARE. nReq=65 senderID=0 sn=72
00:50:36.599 INF Committed entry. latency=0 nReq=65 sn=72
00:50:36.599 INF Delivered batch. nReq=65 sn=72
00:50:36.653 INF Handling PREPREPARE. nReq=64 senderID=2 sn=74
00:50:36.676 INF Committed entry. latency=0 nReq=64 sn=74
00:50:36.703 INF Sending PREPREPARE. nReq=64 senderID=3 sn=75 view=0
00:50:36.718 INF Handling PREPREPARE. nReq=64 senderID=1 sn=73
00:50:36.751 INF Committed entry. latency=0 nReq=64 sn=73
00:50:36.751 INF Delivered batch. nReq=64 sn=73
00:50:36.751 INF Delivered batch. nReq=64 sn=74
00:50:36.771 INF Committed entry. latency=0 nReq=64 sn=75
00:50:36.772 INF Delivered batch. nReq=64 sn=75
00:50:37.572 INF Handling PREPREPARE. nReq=64 senderID=0 sn=76
00:50:37.603 INF Committed entry. latency=0 nReq=64 sn=76
00:50:37.603 INF Delivered batch. nReq=64 sn=76
00:50:37.670 INF Handling PREPREPARE. nReq=64 senderID=2 sn=78
00:50:37.686 INF Committed entry. latency=0 nReq=64 sn=78
00:50:37.693 INF Sending PREPREPARE. nReq=64 senderID=3 sn=79 view=0
00:50:37.733 INF Handling PREPREPARE. nReq=64 senderID=1 sn=77
00:50:37.755 INF Committed entry. latency=0 nReq=64 sn=79
00:50:37.770 INF Committed entry. latency=0 nReq=64 sn=77
00:50:37.771 INF Delivered batch. nReq=64 sn=77
00:50:37.771 INF Delivered batch. nReq=64 sn=78
00:50:37.771 INF Delivered batch. nReq=64 sn=79
00:50:38.587 INF Handling PREPREPARE. nReq=64 senderID=0 sn=80
00:50:38.624 INF Committed entry. latency=0 nReq=64 sn=80
00:50:38.624 INF Delivered batch. nReq=64 sn=80
00:50:38.666 INF Handling PREPREPARE. nReq=65 senderID=2 sn=82
00:50:38.724 INF Committed entry. latency=0 nReq=65 sn=82
00:50:38.727 INF Sending PREPREPARE. nReq=65 senderID=3 sn=83 view=0
00:50:38.808 INF Committed entry. latency=0 nReq=65 sn=83
00:50:38.810 INF Handling PREPREPARE. nReq=65 senderID=1 sn=81
00:50:38.859 INF Committed entry. latency=0 nReq=65 sn=81
00:50:38.861 INF Delivered batch. nReq=65 sn=81
00:50:38.861 INF Delivered batch. nReq=65 sn=82
00:50:38.861 INF Delivered batch. nReq=65 sn=83
00:50:39.595 INF Handling PREPREPARE. nReq=65 senderID=0 sn=84
00:50:39.615 INF Committed entry. latency=0 nReq=65 sn=84
00:50:39.615 INF Delivered batch. nReq=65 sn=84
00:50:39.680 INF Handling PREPREPARE. nReq=65 senderID=2 sn=86
00:50:39.702 INF Committed entry. latency=0 nReq=65 sn=86
00:50:39.723 INF Sending PREPREPARE. nReq=65 senderID=3 sn=87 view=0
00:50:39.747 INF Handling PREPREPARE. nReq=65 senderID=1 sn=85
00:50:39.781 INF Committed entry. latency=0 nReq=65 sn=87
00:50:39.788 INF Committed entry. latency=0 nReq=65 sn=85
00:50:39.788 INF Delivered batch. nReq=65 sn=85
00:50:39.788 INF Delivered batch. nReq=65 sn=86
00:50:39.788 INF Delivered batch. nReq=65 sn=87
00:50:40.614 INF Handling PREPREPARE. nReq=64 senderID=0 sn=88
00:50:40.632 INF Committed entry. latency=0 nReq=64 sn=88
00:50:40.643 INF Delivered batch. nReq=64 sn=88
00:50:40.684 INF Handling PREPREPARE. nReq=64 senderID=2 sn=90
00:50:40.722 INF Committed entry. latency=0 nReq=64 sn=90
00:50:40.739 INF Sending PREPREPARE. nReq=61 senderID=3 sn=91 view=0
00:50:40.796 INF Handling PREPREPARE. nReq=60 senderID=1 sn=89
00:50:40.825 INF Committed entry. latency=0 nReq=60 sn=89
00:50:40.826 INF Delivered batch. nReq=60 sn=89
00:50:40.826 INF Delivered batch. nReq=64 sn=90
00:50:40.831 INF Committed entry. latency=0 nReq=61 sn=91
00:50:40.831 INF Delivered batch. nReq=61 sn=91
00:50:41.601 INF Handling PREPREPARE. nReq=64 senderID=0 sn=92
00:50:41.631 INF Committed entry. latency=0 nReq=64 sn=92
00:50:41.631 INF Delivered batch. nReq=64 sn=92
00:50:41.683 INF Handling PREPREPARE. nReq=63 senderID=2 sn=94
00:50:41.719 INF Committed entry. latency=0 nReq=63 sn=94
00:50:41.746 INF Sending PREPREPARE. nReq=64 senderID=3 sn=95 view=0
00:50:41.772 INF Handling PREPREPARE. nReq=64 senderID=1 sn=93
00:50:41.789 INF Committed entry. latency=0 nReq=64 sn=95
00:50:41.819 INF Committed entry. latency=0 nReq=64 sn=93
00:50:41.820 INF Delivered batch. nReq=64 sn=93
00:50:41.821 INF Delivered batch. nReq=63 sn=94
00:50:41.822 INF Delivered batch. nReq=64 sn=95
00:50:42.600 INF Handling PREPREPARE. nReq=65 senderID=0 sn=96
00:50:42.635 INF Committed entry. latency=0 nReq=65 sn=96
00:50:42.636 INF Delivered batch. nReq=65 sn=96
00:50:42.694 INF Handling PREPREPARE. nReq=65 senderID=2 sn=98
00:50:42.725 INF Committed entry. latency=0 nReq=65 sn=98
00:50:42.744 INF Sending PREPREPARE. nReq=69 senderID=3 sn=99 view=0
00:50:42.764 INF Handling PREPREPARE. nReq=69 senderID=1 sn=97
00:50:42.811 INF Committed entry. latency=0 nReq=69 sn=97
00:50:42.812 INF Delivered batch. nReq=69 sn=97
00:50:42.812 INF Delivered batch. nReq=65 sn=98
00:50:42.829 INF Committed entry. latency=0 nReq=69 sn=99
00:50:42.829 INF Delivered batch. nReq=69 sn=99
00:50:43.651 INF Handling PREPREPARE. nReq=64 senderID=0 sn=100
00:50:43.728 INF Committed entry. latency=0 nReq=64 sn=100
00:50:43.729 INF Delivered batch. nReq=64 sn=100
00:50:43.778 INF Sending PREPREPARE. nReq=63 senderID=3 sn=103 view=0
00:50:43.850 INF Handling PREPREPARE. nReq=64 senderID=2 sn=102
00:50:43.966 INF Handling PREPREPARE. nReq=64 senderID=1 sn=101
00:50:43.995 INF Committed entry. latency=0 nReq=64 sn=102
00:50:44.049 INF Committed entry. latency=0 nReq=64 sn=101
00:50:44.050 INF Delivered batch. nReq=64 sn=101
00:50:44.050 INF Delivered batch. nReq=64 sn=102
00:50:44.077 INF Committed entry. latency=0 nReq=63 sn=103
00:50:44.079 INF Delivered batch. nReq=63 sn=103
00:50:44.663 INF Handling PREPREPARE. nReq=65 senderID=0 sn=104
00:50:44.754 INF Committed entry. latency=0 nReq=65 sn=104
00:50:44.754 INF Delivered batch. nReq=65 sn=104
00:50:44.814 INF Sending PREPREPARE. nReq=66 senderID=3 sn=107 view=0
00:50:44.899 INF Handling PREPREPARE. nReq=67 senderID=2 sn=106
00:50:44.908 INF Handling PREPREPARE. nReq=65 senderID=1 sn=105
00:50:45.086 INF Committed entry. latency=0 nReq=65 sn=105
00:50:45.087 INF Delivered batch. nReq=65 sn=105
00:50:45.096 INF Committed entry. latency=0 nReq=66 sn=107
00:50:45.098 INF Committed entry. latency=0 nReq=67 sn=106
00:50:45.099 INF Delivered batch. nReq=67 sn=106
00:50:45.099 INF Delivered batch. nReq=66 sn=107
00:50:45.651 INF Handling PREPREPARE. nReq=64 senderID=0 sn=108
00:50:45.724 INF Committed entry. latency=0 nReq=64 sn=108
00:50:45.725 INF Delivered batch. nReq=64 sn=108
00:50:45.836 INF Handling PREPREPARE. nReq=65 senderID=2 sn=110
00:50:45.838 INF Sending PREPREPARE. nReq=63 senderID=3 sn=111 view=0
00:50:46.023 INF Committed entry. latency=0 nReq=65 sn=110
00:50:46.060 INF Handling PREPREPARE. nReq=64 senderID=1 sn=109
00:50:46.119 INF Committed entry. latency=0 nReq=63 sn=111
00:50:46.187 INF Committed entry. latency=0 nReq=64 sn=109
00:50:46.187 INF Delivered batch. nReq=64 sn=109
00:50:46.190 INF Delivered batch. nReq=65 sn=110
00:50:46.194 INF Delivered batch. nReq=63 sn=111
00:50:46.692 INF Handling PREPREPARE. nReq=48 senderID=0 sn=112
00:50:46.779 INF Committed entry. latency=0 nReq=48 sn=112
00:50:46.781 INF Delivered batch. nReq=48 sn=112
00:50:46.859 INF Handling PREPREPARE. nReq=49 senderID=2 sn=114
00:50:46.843 INF Sending PREPREPARE. nReq=51 senderID=3 sn=115 view=0
00:50:47.037 INF Handling PREPREPARE. nReq=50 senderID=1 sn=113
00:50:47.075 INF Committed entry. latency=0 nReq=49 sn=114
00:50:47.121 INF Committed entry. latency=0 nReq=51 sn=115
00:50:47.148 INF Committed entry. latency=0 nReq=50 sn=113
00:50:47.164 INF Delivered batch. nReq=50 sn=113
00:50:47.165 INF Delivered batch. nReq=49 sn=114
00:50:47.165 INF Delivered batch. nReq=51 sn=115
00:50:47.676 INF Handling PREPREPARE. nReq=82 senderID=0 sn=116
00:50:47.711 INF Committed entry. latency=0 nReq=82 sn=116
00:50:47.713 INF Delivered batch. nReq=82 sn=116
00:50:47.801 INF Handling PREPREPARE. nReq=80 senderID=2 sn=118
00:50:47.869 INF Sending PREPREPARE. nReq=83 senderID=3 sn=119 view=0
00:50:47.934 INF Committed entry. latency=0 nReq=80 sn=118
00:50:47.994 INF Handling PREPREPARE. nReq=83 senderID=1 sn=117
00:50:48.060 INF Committed entry. latency=0 nReq=83 sn=119
00:50:48.117 INF Committed entry. latency=0 nReq=83 sn=117
00:50:48.118 INF Delivered batch. nReq=83 sn=117
00:50:48.118 INF Delivered batch. nReq=80 sn=118
00:50:48.120 INF Delivered batch. nReq=83 sn=119
00:50:48.699 INF Handling PREPREPARE. nReq=64 senderID=0 sn=120
00:50:48.761 INF Committed entry. latency=0 nReq=64 sn=120
00:50:48.762 INF Delivered batch. nReq=64 sn=120
00:50:48.901 INF Sending PREPREPARE. nReq=62 senderID=3 sn=123 view=0
00:50:48.910 INF Handling PREPREPARE. nReq=65 senderID=2 sn=122
00:50:49.058 INF Committed entry. latency=0 nReq=62 sn=123
00:50:49.081 INF Committed entry. latency=0 nReq=65 sn=122
00:50:49.093 INF Handling PREPREPARE. nReq=63 senderID=1 sn=121
00:50:49.170 INF Committed entry. latency=0 nReq=63 sn=121
00:50:49.171 INF Delivered batch. nReq=63 sn=121
00:50:49.172 INF Delivered batch. nReq=65 sn=122
00:50:49.172 INF Delivered batch. nReq=62 sn=123
00:50:49.730 INF Handling PREPREPARE. nReq=65 senderID=0 sn=124
00:50:49.774 INF Committed entry. latency=0 nReq=65 sn=124
00:50:49.786 INF Delivered batch. nReq=65 sn=124
00:50:49.861 INF Handling PREPREPARE. nReq=66 senderID=2 sn=126
00:50:49.931 INF Sending PREPREPARE. nReq=63 senderID=3 sn=127 view=0
00:50:49.970 INF Committed entry. latency=0 nReq=66 sn=126
00:50:50.026 INF Handling PREPREPARE. nReq=62 senderID=1 sn=125
00:50:50.091 INF Committed entry. latency=0 nReq=62 sn=125
00:50:50.091 INF Delivered batch. nReq=62 sn=125
00:50:50.091 INF Delivered batch. nReq=66 sn=126
00:50:50.096 INF Committed entry. latency=0 nReq=63 sn=127
00:50:50.096 INF Delivered batch. nReq=63 sn=127
00:50:50.662 INF Handling PREPREPARE. nReq=8 senderID=0 sn=128
00:50:50.672 INF Committed entry. latency=0 nReq=8 sn=128
00:50:50.673 INF Delivered batch. nReq=8 sn=128
00:50:50.811 INF Connection terminated. error="rpc error: code = Canceled desc = context canceled" address=127.0.0.1:38330
00:50:50.828 INF Handling PREPREPARE. nReq=0 senderID=2 sn=130
00:50:50.840 INF Committed entry. latency=0 nReq=0 sn=130
00:50:50.840 INF Finished sending bucket assignments to client. clId=0
00:50:50.897 INF Sending PREPREPARE. nReq=0 senderID=3 sn=131 view=0
00:50:50.910 INF Committed entry. latency=0 nReq=0 sn=131
00:50:50.916 INF Handling PREPREPARE. nReq=0 senderID=1 sn=129
00:50:50.928 INF Committed entry. latency=0 nReq=0 sn=129
00:50:50.929 INF Delivered batch. nReq=0 sn=129
00:50:50.930 INF Delivered batch. nReq=0 sn=130
00:50:50.932 INF Delivered batch. nReq=0 sn=131
00:50:51.499 INF Stopping profiler.
00:50:51.500 INF Stopping Tracer. events=241 fileName=experiment-output/0001/slave-002/peer.trc
==================
WARNING: DATA RACE
Read at 0x00c0007a2580 by goroutine 89:
  github.com/hyperledger-labs/mirbft/tracing.(*BufferedTrace).Stop()
      /opt/gopath/src/github.com/hyperledger-labs/mirbft/tracing/bufferedtrace.go:238 +0x30e
  github.com/hyperledger-labs/mirbft/tracing.(*BufferedTrace).StopOnSignal.func1()
      /opt/gopath/src/github.com/hyperledger-labs/mirbft/tracing/bufferedtrace.go:299 +0x4e

Previous write at 0x00c0007a2580 by goroutine 88:
  github.com/hyperledger-labs/mirbft/tracing.(*BufferedTrace).Event()
      /opt/gopath/src/github.com/hyperledger-labs/mirbft/tracing/bufferedtrace.go:106 +0x2cd
  github.com/hyperledger-labs/mirbft/profiling.StartCPUTracing.func1()
      /opt/gopath/src/github.com/hyperledger-labs/mirbft/profiling/cpuusage.go:31 +0x95

Goroutine 89 (running) created at:
  github.com/hyperledger-labs/mirbft/tracing.(*BufferedTrace).StopOnSignal()
      /opt/gopath/src/github.com/hyperledger-labs/mirbft/tracing/bufferedtrace.go:293 +0x178
  main.setUpTracing()
      /opt/gopath/src/github.com/hyperledger-labs/mirbft/cmd/orderingpeer/main.go:204 +0xf5
  main.main()
      /opt/gopath/src/github.com/hyperledger-labs/mirbft/cmd/orderingpeer/main.go:98 +0x9e4

Goroutine 88 (running) created at:
  github.com/hyperledger-labs/mirbft/profiling.StartCPUTracing()
      /opt/gopath/src/github.com/hyperledger-labs/mirbft/profiling/cpuusage.go:28 +0xb9
  main.setUpTracing()
      /opt/gopath/src/github.com/hyperledger-labs/mirbft/cmd/orderingpeer/main.go:196 +0x85
  main.main()
      /opt/gopath/src/github.com/hyperledger-labs/mirbft/cmd/orderingpeer/main.go:98 +0x9e4
==================
00:50:51.508 INF Trace data written.
00:50:51.634 INF Profile data written. filename=experiment-output/0001/slave-002/prof.cpu name=cpu
00:50:51.659 INF Handling PREPREPARE. nReq=0 senderID=0 sn=132
00:50:51.662 INF Committed entry. latency=0 nReq=0 sn=132
00:50:51.662 INF Delivered batch. nReq=0 sn=132
00:50:51.733 INF Profile data written. filename=experiment-output/0001/slave-002/prof.block name=block
00:50:51.760 INF Profile data written. filename=experiment-output/0001/slave-002/prof.mutex name=mutex
