{"level":"debug","Logging":"info","time":"2024-02-26T00:49:35+08:00","message":"Config"}
{"level":"debug","UseTLS":false,"time":"2024-02-26T00:49:35+08:00","message":"Config"}
{"level":"debug","CACertFile":"tls-data/ca.pem","time":"2024-02-26T00:49:35+08:00","message":"Config"}
{"level":"debug","KeyFile":"tls-data/auth.key","time":"2024-02-26T00:49:35+08:00","message":"Config"}
{"level":"debug","CertFile":"tls-data/auth.pem","time":"2024-02-26T00:49:35+08:00","message":"Config"}
{"level":"debug","PriorityConnections":2,"time":"2024-02-26T00:49:35+08:00","message":"Config"}
{"level":"debug","BasicConnections":4,"time":"2024-02-26T00:49:35+08:00","message":"Config"}
{"level":"debug","TestConnections":false,"time":"2024-02-26T00:49:35+08:00","message":"Config"}
{"level":"debug","ExcessConnections":1,"time":"2024-02-26T00:49:35+08:00","message":"Config"}
{"level":"debug","ConnectionTestMsgs":4,"time":"2024-02-26T00:49:35+08:00","message":"Config"}
{"level":"debug","ConnectionTestPayload":131072,"time":"2024-02-26T00:49:35+08:00","message":"Config"}
{"level":"debug","OutMessageBufsize":1024,"time":"2024-02-26T00:49:35+08:00","message":"Config"}
{"level":"debug","OutMessageBufsize":1,"time":"2024-02-26T00:49:35+08:00","message":"Config"}
{"level":"debug","ThroughputCap":131072000,"time":"2024-02-26T00:49:35+08:00","message":"Config"}
{"level":"debug","StragglerTolerance":1000,"time":"2024-02-26T00:49:35+08:00","message":"Config"}
{"level":"debug","BatchSizeIncrement":256,"time":"2024-02-26T00:49:35+08:00","message":"Config"}
{"level":"debug","Orderer":"Pbft","time":"2024-02-26T00:49:35+08:00","message":"Config"}
{"level":"debug","Manager":"Mir","time":"2024-02-26T00:49:35+08:00","message":"Config"}
{"level":"debug","Failures":0,"time":"2024-02-26T00:49:35+08:00","message":"Config"}
{"level":"debug","CrashTiming":"EpochStart","time":"2024-02-26T00:49:35+08:00","message":"Config"}
{"level":"debug","CheckpointInterval":256,"time":"2024-02-26T00:49:35+08:00","message":"Config"}
{"level":"debug","WatermarkWindowSize":256,"time":"2024-02-26T00:49:35+08:00","message":"Config"}
{"level":"debug","EpochLength":256,"time":"2024-02-26T00:49:35+08:00","message":"Config"}
{"level":"debug","SegmentLength":64,"time":"2024-02-26T00:49:35+08:00","message":"Config"}
{"level":"debug","WaitForCheckpoints":true,"time":"2024-02-26T00:49:35+08:00","message":"Config"}
{"level":"debug","ClientWatermarkWindowSize":4194304,"time":"2024-02-26T00:49:35+08:00","message":"Config"}
{"level":"debug","ClientRequestBacklogSize":4194304,"time":"2024-02-26T00:49:35+08:00","message":"Config"}
{"level":"debug","RandomSeed":26660,"time":"2024-02-26T00:49:35+08:00","message":"Config"}
{"level":"debug","NodeToLeaderRatio":1,"time":"2024-02-26T00:49:35+08:00","message":"Config"}
{"level":"debug","LeaderPolicy":"Simple","time":"2024-02-26T00:49:35+08:00","message":"Config"}
{"level":"debug","DefaultLeaderBan":2,"time":"2024-02-26T00:49:35+08:00","message":"Config"}
{"level":"debug","NumBuckets":64,"time":"2024-02-26T00:49:35+08:00","message":"Config"}
{"level":"debug","BatchSize":1000,"time":"2024-02-26T00:49:35+08:00","message":"Config"}
{"level":"debug","DisabledViewChange":false,"time":"2024-02-26T00:49:35+08:00","message":"Config"}
{"level":"debug","ViewChangeTimeout":60000,"time":"2024-02-26T00:49:35+08:00","message":"Config"}
{"level":"debug","ClientTraceSampling":10,"time":"2024-02-26T00:49:35+08:00","message":"Config"}
{"level":"debug","EventBufferSize":2097152,"time":"2024-02-26T00:49:35+08:00","message":"Config"}
{"level":"debug","TraceSampling":1,"time":"2024-02-26T00:49:35+08:00","message":"Config"}
{"level":"debug","ClientsPerProcess":1,"time":"2024-02-26T00:49:35+08:00","message":"Config"}
{"level":"debug","RequestsPerClient":7680,"time":"2024-02-26T00:49:35+08:00","message":"Config"}
{"level":"debug","ClientRunTime":30000,"time":"2024-02-26T00:49:35+08:00","message":"Config"}
{"level":"debug","RequestRate":128,"time":"2024-02-26T00:49:35+08:00","message":"Config"}
{"level":"debug","HardRequestRateLimit":false,"time":"2024-02-26T00:49:35+08:00","message":"Config"}
{"level":"debug","RequestPayloadSize":500,"time":"2024-02-26T00:49:35+08:00","message":"Config"}
{"level":"debug","SignRequests":true,"time":"2024-02-26T00:49:35+08:00","message":"Config"}
{"level":"debug","ClientPrivKeyFile":"tls-data/client-ecdsa-256.key","time":"2024-02-26T00:49:35+08:00","message":"Config"}
{"level":"debug","ClientPubKeyFile":"tls-data/client-ecdsa-256.pem","time":"2024-02-26T00:49:35+08:00","message":"Config"}
{"level":"debug","PrecomputeRequests":false,"time":"2024-02-26T00:49:35+08:00","message":"Config"}
{"level":"debug","RequestHandlerThreads":32,"time":"2024-02-26T00:49:35+08:00","message":"Config"}
{"level":"debug","RequestInputChannelBuffer":8192,"time":"2024-02-26T00:49:35+08:00","message":"Config"}
{"level":"debug","BatchVerifier":"external","time":"2024-02-26T00:49:35+08:00","message":"Config"}
00:49:35.472 INF Registered with discovery server. numPeers=4 ownID=3
00:49:35.479 INF Profiling enabled.
00:49:35.480 INF Setting up profiling.
00:49:35.511 INF Started Profiler: CPU
00:49:35.511 INF Started Profiler: BLOCK
00:49:35.511 INF Started Profiler: MUTEX
00:49:35.511 INF Profiler will stop on signal. exit=true
00:49:35.561 INF Tracing will stop on signal. exit=false
00:49:35.561 INF Started tracing. traceFile=experiment-output/0000/slave-001/peer.trc
00:49:35.562 INF Connecting to peer. addr=127.0.0.1:10022 basicConns=4 priorityConns=2
00:49:35.564 INF Listening for connections. port=10033 useTLS=false
00:49:35.572 INF Connecting to peer. addr=127.0.0.1:10000 basicConns=4 priorityConns=2
00:49:35.575 INF Connecting to peer. addr=127.0.0.1:10033 basicConns=4 priorityConns=2
00:49:35.575 INF Connecting to peer. addr=127.0.0.1:10011 basicConns=4 priorityConns=2
00:49:35.650 INF Incoming connection for protocol messages. addr=127.0.0.1:50392
00:49:35.656 INF Incoming connection for protocol messages. addr=127.0.0.1:50420
00:49:35.660 INF Incoming connection for protocol messages. addr=127.0.0.1:50380
00:49:35.677 INF Incoming connection for protocol messages. addr=127.0.0.1:50416
00:49:35.679 INF Incoming connection for protocol messages. addr=127.0.0.1:50436
00:49:35.683 INF Incoming connection for protocol messages. addr=127.0.0.1:50450
00:49:35.687 INF Incoming connection for protocol messages. addr=127.0.0.1:50408
00:49:35.691 INF Incoming connection for protocol messages. addr=127.0.0.1:50466
00:49:35.697 INF Incoming connection for protocol messages. addr=127.0.0.1:50456
00:49:35.699 INF Incoming connection for protocol messages. addr=127.0.0.1:50492
00:49:35.700 INF Incoming connection for protocol messages. addr=127.0.0.1:50498
00:49:35.711 INF Connected to all peers.
00:49:35.711 INF Incoming connection for protocol messages. addr=127.0.0.1:50476
00:49:36.513 INF Incoming connection for protocol messages. addr=127.0.0.1:50510
00:49:36.555 INF Incoming connection for protocol messages. addr=127.0.0.1:50522
00:49:36.555 INF Incoming connection for protocol messages. addr=127.0.0.1:50520
00:49:36.562 INF Incoming connection for protocol messages. addr=127.0.0.1:50528
00:49:36.562 INF Incoming connection for protocol messages. addr=127.0.0.1:50534
00:49:36.589 INF Incoming connection for protocol messages. addr=127.0.0.1:50546
00:49:36.596 INF Incoming connection for protocol messages. addr=127.0.0.1:50548
00:49:36.604 INF Incoming connection for protocol messages. addr=127.0.0.1:50564
00:49:36.607 INF Incoming connection for protocol messages. addr=127.0.0.1:50566
00:49:36.605 INF Incoming connection for protocol messages. addr=127.0.0.1:50556
00:49:36.609 INF Incoming connection for protocol messages. addr=127.0.0.1:50568
00:49:36.615 INF Incoming connection for protocol messages. addr=127.0.0.1:50576
00:49:36.629 INF All peers finished connecting. Starting ISS.
00:49:36.630 INF PbftOrderer received a new segment: [2 6 10 14 18 22 26 30 34 38 42 46 50 54 58 62 66 70 74 78 82 86 90 94 98 102 106 110 114 118 122 126 130 134 138 142 146 150 154 158 162 166 170 174 178 182 186 190 194 198 202 206 210 214 218 222 226 230 234 238 242 246 250 254] first leader=2 firstSN=2 lastSN=254 len=64 length=64 segId=2
00:49:36.640 INF Starting new view. segID=2 timeout=60000 view=0
00:49:36.641 INF Starting PBFT instance. first=2 last=254 segID=2
00:49:36.643 INF Starting serialized message processing. segID=2
00:49:36.642 INF PbftOrderer received a new segment: [3 7 11 15 19 23 27 31 35 39 43 47 51 55 59 63 67 71 75 79 83 87 91 95 99 103 107 111 115 119 123 127 131 135 139 143 147 151 155 159 163 167 171 175 179 183 187 191 195 199 203 207 211 215 219 223 227 231 235 239 243 247 251 255] first leader=3 firstSN=3 lastSN=255 len=64 length=64 segId=3
00:49:36.645 INF Starting new view. segID=3 timeout=60000 view=0
00:49:36.652 INF Starting PBFT instance. first=3 last=255 segID=3
00:49:36.655 INF Starting serialized message processing. segID=3
00:49:36.655 INF PbftOrderer received a new segment: [0 4 8 12 16 20 24 28 32 36 40 44 48 52 56 60 64 68 72 76 80 84 88 92 96 100 104 108 112 116 120 124 128 132 136 140 144 148 152 156 160 164 168 172 176 180 184 188 192 196 200 204 208 212 216 220 224 228 232 236 240 244 248 252] first leader=0 firstSN=0 lastSN=252 len=64 length=64 segId=0
00:49:36.656 INF Starting new view. segID=0 timeout=60000 view=0
00:49:36.657 INF Starting PBFT instance. first=0 last=252 segID=0
00:49:36.658 INF Starting serialized message processing. segID=0
00:49:36.659 INF PbftOrderer received a new segment: [1 5 9 13 17 21 25 29 33 37 41 45 49 53 57 61 65 69 73 77 81 85 89 93 97 101 105 109 113 117 121 125 129 133 137 141 145 149 153 157 161 165 169 173 177 181 185 189 193 197 201 205 209 213 217 221 225 229 233 237 241 245 249 253] first leader=1 firstSN=1 lastSN=253 len=64 length=64 segId=1
00:49:36.661 INF Starting new view. segID=1 timeout=60000 view=0
00:49:36.663 INF Starting PBFT instance. first=1 last=253 segID=1
00:49:36.663 INF Starting serialized message processing. segID=1
00:49:37.655 INF Sending PREPREPARE. nReq=0 senderID=3 sn=3 view=0
00:49:37.660 INF Handling PREPREPARE. nReq=0 senderID=1 sn=1
00:49:37.660 INF Handling PREPREPARE. nReq=0 senderID=2 sn=2
00:49:37.661 INF Handling PREPREPARE. nReq=0 senderID=0 sn=0
00:49:37.668 INF Committed entry. latency=0 nReq=0 sn=0
00:49:37.668 INF Delivered batch. nReq=0 sn=0
00:49:37.669 INF Committed entry. latency=0 nReq=0 sn=3
00:49:37.671 INF Committed entry. latency=0 nReq=0 sn=2
00:49:37.675 INF Committed entry. latency=0 nReq=0 sn=1
00:49:37.675 INF Delivered batch. nReq=0 sn=1
00:49:37.675 INF Delivered batch. nReq=0 sn=2
00:49:37.676 INF Delivered batch. nReq=0 sn=3
00:49:38.638 INF Handling PREPREPARE. nReq=0 senderID=0 sn=4
00:49:38.648 INF Committed entry. latency=0 nReq=0 sn=4
00:49:38.648 INF Delivered batch. nReq=0 sn=4
00:49:38.648 INF Handling PREPREPARE. nReq=0 senderID=1 sn=5
00:49:38.653 INF Handling PREPREPARE. nReq=0 senderID=2 sn=6
00:49:38.659 INF Committed entry. latency=0 nReq=0 sn=5
00:49:38.660 INF Delivered batch. nReq=0 sn=5
00:49:38.659 INF Committed entry. latency=0 nReq=0 sn=6
00:49:38.660 INF Delivered batch. nReq=0 sn=6
00:49:38.660 INF Sending PREPREPARE. nReq=0 senderID=3 sn=7 view=0
00:49:38.681 INF Committed entry. latency=0 nReq=0 sn=7
00:49:38.682 INF Delivered batch. nReq=0 sn=7
00:49:38.881 INF Incoming connection for requests. addr=127.0.0.1:60770
00:49:39.650 INF Handling PREPREPARE. nReq=21 senderID=0 sn=8
00:49:39.659 INF Handling PREPREPARE. nReq=21 senderID=1 sn=9
00:49:39.670 INF Sending PREPREPARE. nReq=21 senderID=3 sn=11 view=0
00:49:39.680 INF Committed entry. latency=0 nReq=21 sn=8
00:49:39.694 INF Committed entry. latency=0 nReq=21 sn=9
00:49:39.689 INF Delivered batch. nReq=21 sn=8
00:49:39.702 INF Delivered batch. nReq=21 sn=9
00:49:39.721 INF Handling PREPREPARE. nReq=21 senderID=2 sn=10
00:49:39.730 INF Committed entry. latency=0 nReq=21 sn=11
00:49:39.747 INF Committed entry. latency=0 nReq=21 sn=10
00:49:39.748 INF Delivered batch. nReq=21 sn=10
00:49:39.748 INF Delivered batch. nReq=21 sn=11
00:49:40.647 INF Handling PREPREPARE. nReq=32 senderID=0 sn=12
00:49:40.673 INF Handling PREPREPARE. nReq=32 senderID=1 sn=13
00:49:40.676 INF Handling PREPREPARE. nReq=32 senderID=2 sn=14
00:49:40.709 INF Sending PREPREPARE. nReq=32 senderID=3 sn=15 view=0
00:49:40.716 INF Committed entry. latency=0 nReq=32 sn=12
00:49:40.717 INF Delivered batch. nReq=32 sn=12
00:49:40.729 INF Committed entry. latency=0 nReq=32 sn=13
00:49:40.729 INF Committed entry. latency=0 nReq=32 sn=14
00:49:40.730 INF Delivered batch. nReq=32 sn=13
00:49:40.730 INF Delivered batch. nReq=32 sn=14
00:49:40.780 INF Committed entry. latency=0 nReq=32 sn=15
00:49:40.780 INF Delivered batch. nReq=32 sn=15
00:49:41.652 INF Handling PREPREPARE. nReq=32 senderID=0 sn=16
00:49:41.681 INF Committed entry. latency=0 nReq=32 sn=16
00:49:41.687 INF Delivered batch. nReq=32 sn=16
00:49:41.690 INF Handling PREPREPARE. nReq=33 senderID=1 sn=17
00:49:41.730 INF Sending PREPREPARE. nReq=33 senderID=3 sn=19 view=0
00:49:41.717 INF Handling PREPREPARE. nReq=32 senderID=2 sn=18
00:49:41.734 INF Committed entry. latency=0 nReq=33 sn=17
00:49:41.735 INF Delivered batch. nReq=33 sn=17
00:49:41.770 INF Committed entry. latency=0 nReq=33 sn=19
00:49:41.776 INF Committed entry. latency=0 nReq=32 sn=18
00:49:41.776 INF Delivered batch. nReq=32 sn=18
00:49:41.777 INF Delivered batch. nReq=33 sn=19
00:49:42.657 INF Handling PREPREPARE. nReq=32 senderID=0 sn=20
00:49:42.694 INF Handling PREPREPARE. nReq=31 senderID=1 sn=21
00:49:42.709 INF Sending PREPREPARE. nReq=31 senderID=3 sn=23 view=0
00:49:42.708 INF Committed entry. latency=0 nReq=32 sn=20
00:49:42.723 INF Delivered batch. nReq=32 sn=20
00:49:42.753 INF Committed entry. latency=0 nReq=31 sn=21
00:49:42.753 INF Delivered batch. nReq=31 sn=21
00:49:42.750 INF Handling PREPREPARE. nReq=32 senderID=2 sn=22
00:49:42.772 INF Committed entry. latency=0 nReq=32 sn=22
00:49:42.774 INF Committed entry. latency=0 nReq=31 sn=23
00:49:42.773 INF Delivered batch. nReq=32 sn=22
00:49:42.776 INF Delivered batch. nReq=31 sn=23
00:49:43.656 INF Handling PREPREPARE. nReq=32 senderID=0 sn=24
00:49:43.679 INF Committed entry. latency=0 nReq=32 sn=24
00:49:43.684 INF Delivered batch. nReq=32 sn=24
00:49:43.709 INF Handling PREPREPARE. nReq=33 senderID=2 sn=26
00:49:43.709 INF Sending PREPREPARE. nReq=33 senderID=3 sn=27 view=0
00:49:43.712 INF Handling PREPREPARE. nReq=33 senderID=1 sn=25
00:49:43.750 INF Committed entry. latency=0 nReq=33 sn=25
00:49:43.755 INF Delivered batch. nReq=33 sn=25
00:49:43.758 INF Committed entry. latency=0 nReq=33 sn=26
00:49:43.758 INF Delivered batch. nReq=33 sn=26
00:49:43.769 INF Committed entry. latency=0 nReq=33 sn=27
00:49:43.772 INF Delivered batch. nReq=33 sn=27
00:49:44.661 INF Handling PREPREPARE. nReq=32 senderID=0 sn=28
00:49:44.689 INF Committed entry. latency=0 nReq=32 sn=28
00:49:44.690 INF Delivered batch. nReq=32 sn=28
00:49:44.701 INF Handling PREPREPARE. nReq=31 senderID=2 sn=30
00:49:44.717 INF Handling PREPREPARE. nReq=32 senderID=1 sn=29
00:49:44.734 INF Sending PREPREPARE. nReq=32 senderID=3 sn=31 view=0
00:49:44.742 INF Committed entry. latency=0 nReq=32 sn=29
00:49:44.743 INF Delivered batch. nReq=32 sn=29
00:49:44.777 INF Committed entry. latency=0 nReq=31 sn=30
00:49:44.778 INF Delivered batch. nReq=31 sn=30
00:49:44.784 INF Committed entry. latency=0 nReq=32 sn=31
00:49:44.784 INF Delivered batch. nReq=32 sn=31
00:49:45.667 INF Handling PREPREPARE. nReq=32 senderID=0 sn=32
00:49:45.688 INF Committed entry. latency=0 nReq=32 sn=32
00:49:45.689 INF Delivered batch. nReq=32 sn=32
00:49:45.712 INF Handling PREPREPARE. nReq=33 senderID=2 sn=34
00:49:45.720 INF Sending PREPREPARE. nReq=32 senderID=3 sn=35 view=0
00:49:45.724 INF Handling PREPREPARE. nReq=31 senderID=1 sn=33
00:49:45.753 INF Committed entry. latency=0 nReq=33 sn=34
00:49:45.772 INF Committed entry. latency=0 nReq=31 sn=33
00:49:45.780 INF Delivered batch. nReq=31 sn=33
00:49:45.781 INF Delivered batch. nReq=33 sn=34
00:49:45.788 INF Committed entry. latency=0 nReq=32 sn=35
00:49:45.789 INF Delivered batch. nReq=32 sn=35
00:49:46.675 INF Handling PREPREPARE. nReq=32 senderID=0 sn=36
00:49:46.696 INF Committed entry. latency=0 nReq=32 sn=36
00:49:46.698 INF Delivered batch. nReq=32 sn=36
00:49:46.708 INF Handling PREPREPARE. nReq=33 senderID=1 sn=37
00:49:46.721 INF Handling PREPREPARE. nReq=32 senderID=2 sn=38
00:49:46.732 INF Sending PREPREPARE. nReq=32 senderID=3 sn=39 view=0
00:49:46.745 INF Committed entry. latency=0 nReq=33 sn=37
00:49:46.745 INF Delivered batch. nReq=33 sn=37
00:49:46.762 INF Committed entry. latency=0 nReq=32 sn=38
00:49:46.762 INF Delivered batch. nReq=32 sn=38
00:49:46.783 INF Committed entry. latency=0 nReq=32 sn=39
00:49:46.783 INF Delivered batch. nReq=32 sn=39
00:49:47.682 INF Handling PREPREPARE. nReq=33 senderID=0 sn=40
00:49:47.693 INF Handling PREPREPARE. nReq=32 senderID=1 sn=41
00:49:47.706 INF Handling PREPREPARE. nReq=32 senderID=2 sn=42
00:49:47.764 INF Sending PREPREPARE. nReq=33 senderID=3 sn=43 view=0
00:49:47.771 INF Committed entry. latency=0 nReq=32 sn=42
00:49:47.775 INF Committed entry. latency=0 nReq=33 sn=40
00:49:47.775 INF Delivered batch. nReq=33 sn=40
00:49:47.778 INF Committed entry. latency=0 nReq=32 sn=41
00:49:47.778 INF Delivered batch. nReq=32 sn=41
00:49:47.781 INF Delivered batch. nReq=32 sn=42
00:49:47.799 INF Committed entry. latency=0 nReq=33 sn=43
00:49:47.800 INF Delivered batch. nReq=33 sn=43
00:49:48.668 INF Handling PREPREPARE. nReq=32 senderID=0 sn=44
00:49:48.689 INF Committed entry. latency=0 nReq=32 sn=44
00:49:48.689 INF Delivered batch. nReq=32 sn=44
00:49:48.710 INF Handling PREPREPARE. nReq=32 senderID=1 sn=45
00:49:48.713 INF Handling PREPREPARE. nReq=32 senderID=2 sn=46
00:49:48.737 INF Committed entry. latency=0 nReq=32 sn=45
00:49:48.738 INF Delivered batch. nReq=32 sn=45
00:49:48.748 INF Sending PREPREPARE. nReq=31 senderID=3 sn=47 view=0
00:49:48.786 INF Committed entry. latency=0 nReq=32 sn=46
00:49:48.786 INF Delivered batch. nReq=32 sn=46
00:49:48.815 INF Committed entry. latency=0 nReq=31 sn=47
00:49:48.816 INF Delivered batch. nReq=31 sn=47
00:49:49.670 INF Handling PREPREPARE. nReq=32 senderID=0 sn=48
00:49:49.703 INF Committed entry. latency=0 nReq=32 sn=48
00:49:49.703 INF Delivered batch. nReq=32 sn=48
00:49:49.720 INF Handling PREPREPARE. nReq=32 senderID=1 sn=49
00:49:49.724 INF Handling PREPREPARE. nReq=32 senderID=2 sn=50
00:49:49.750 INF Sending PREPREPARE. nReq=33 senderID=3 sn=51 view=0
00:49:49.764 INF Committed entry. latency=0 nReq=32 sn=49
00:49:49.764 INF Delivered batch. nReq=32 sn=49
00:49:49.789 INF Committed entry. latency=0 nReq=32 sn=50
00:49:49.790 INF Delivered batch. nReq=32 sn=50
00:49:49.817 INF Committed entry. latency=0 nReq=33 sn=51
00:49:49.817 INF Delivered batch. nReq=33 sn=51
00:49:50.692 INF Handling PREPREPARE. nReq=32 senderID=0 sn=52
00:49:50.726 INF Handling PREPREPARE. nReq=32 senderID=1 sn=53
00:49:50.761 INF Handling PREPREPARE. nReq=32 senderID=2 sn=54
00:49:50.761 INF Committed entry. latency=0 nReq=32 sn=52
00:49:50.765 INF Delivered batch. nReq=32 sn=52
00:49:50.774 INF Sending PREPREPARE. nReq=32 senderID=3 sn=55 view=0
00:49:50.786 INF Committed entry. latency=0 nReq=32 sn=53
00:49:50.786 INF Delivered batch. nReq=32 sn=53
00:49:50.831 INF Committed entry. latency=0 nReq=32 sn=54
00:49:50.831 INF Delivered batch. nReq=32 sn=54
00:49:50.844 INF Committed entry. latency=0 nReq=32 sn=55
00:49:50.845 INF Delivered batch. nReq=32 sn=55
00:49:51.689 INF Handling PREPREPARE. nReq=32 senderID=0 sn=56
00:49:51.746 INF Handling PREPREPARE. nReq=32 senderID=1 sn=57
00:49:51.753 INF Handling PREPREPARE. nReq=33 senderID=2 sn=58
00:49:51.769 INF Committed entry. latency=0 nReq=32 sn=56
00:49:51.770 INF Delivered batch. nReq=32 sn=56
00:49:51.787 INF Sending PREPREPARE. nReq=31 senderID=3 sn=59 view=0
00:49:51.795 INF Committed entry. latency=0 nReq=33 sn=58
00:49:51.822 INF Committed entry. latency=0 nReq=32 sn=57
00:49:51.822 INF Delivered batch. nReq=32 sn=57
00:49:51.828 INF Delivered batch. nReq=33 sn=58
00:49:51.837 INF Committed entry. latency=0 nReq=31 sn=59
00:49:51.837 INF Delivered batch. nReq=31 sn=59
00:49:52.674 INF Handling PREPREPARE. nReq=32 senderID=0 sn=60
00:49:52.695 INF Committed entry. latency=0 nReq=32 sn=60
00:49:52.695 INF Delivered batch. nReq=32 sn=60
00:49:52.721 INF Handling PREPREPARE. nReq=31 senderID=2 sn=62
00:49:52.740 INF Handling PREPREPARE. nReq=33 senderID=1 sn=61
00:49:52.753 INF Committed entry. latency=0 nReq=31 sn=62
00:49:52.767 INF Committed entry. latency=0 nReq=33 sn=61
00:49:52.770 INF Delivered batch. nReq=33 sn=61
00:49:52.771 INF Delivered batch. nReq=31 sn=62
00:49:52.801 INF Sending PREPREPARE. nReq=34 senderID=3 sn=63 view=0
00:49:52.841 INF Committed entry. latency=0 nReq=34 sn=63
00:49:52.841 INF Delivered batch. nReq=34 sn=63
00:49:53.676 INF Handling PREPREPARE. nReq=32 senderID=0 sn=64
00:49:53.700 INF Committed entry. latency=0 nReq=32 sn=64
00:49:53.703 INF Delivered batch. nReq=32 sn=64
00:49:53.730 INF Handling PREPREPARE. nReq=32 senderID=1 sn=65
00:49:53.742 INF Handling PREPREPARE. nReq=33 senderID=2 sn=66
00:49:53.775 INF Sending PREPREPARE. nReq=32 senderID=3 sn=67 view=0
00:49:53.776 INF Committed entry. latency=0 nReq=32 sn=65
00:49:53.776 INF Delivered batch. nReq=32 sn=65
00:49:53.776 INF Delivered batch. nReq=33 sn=66
00:49:53.776 INF Committed entry. latency=0 nReq=33 sn=66
00:49:53.806 INF Committed entry. latency=0 nReq=32 sn=67
00:49:53.806 INF Delivered batch. nReq=32 sn=67
00:49:54.683 INF Handling PREPREPARE. nReq=32 senderID=0 sn=68
00:49:54.717 INF Committed entry. latency=0 nReq=32 sn=68
00:49:54.717 INF Delivered batch. nReq=32 sn=68
00:49:54.730 INF Handling PREPREPARE. nReq=32 senderID=1 sn=69
00:49:54.763 INF Committed entry. latency=0 nReq=32 sn=69
00:49:54.764 INF Delivered batch. nReq=32 sn=69
00:49:54.772 INF Handling PREPREPARE. nReq=32 senderID=2 sn=70
00:49:54.805 INF Sending PREPREPARE. nReq=33 senderID=3 sn=71 view=0
00:49:54.844 INF Committed entry. latency=0 nReq=32 sn=70
00:49:54.846 INF Delivered batch. nReq=32 sn=70
00:49:54.855 INF Committed entry. latency=0 nReq=33 sn=71
00:49:54.856 INF Delivered batch. nReq=33 sn=71
00:49:55.682 INF Handling PREPREPARE. nReq=32 senderID=0 sn=72
00:49:55.726 INF Committed entry. latency=0 nReq=32 sn=72
00:49:55.727 INF Delivered batch. nReq=32 sn=72
00:49:55.750 INF Handling PREPREPARE. nReq=32 senderID=1 sn=73
00:49:55.773 INF Handling PREPREPARE. nReq=32 senderID=2 sn=74
00:49:55.798 INF Committed entry. latency=0 nReq=32 sn=73
00:49:55.799 INF Delivered batch. nReq=32 sn=73
00:49:55.822 INF Sending PREPREPARE. nReq=32 senderID=3 sn=75 view=0
00:49:55.834 INF Committed entry. latency=0 nReq=32 sn=74
00:49:55.834 INF Delivered batch. nReq=32 sn=74
00:49:55.854 INF Committed entry. latency=0 nReq=32 sn=75
00:49:55.854 INF Delivered batch. nReq=32 sn=75
00:49:56.697 INF Handling PREPREPARE. nReq=32 senderID=0 sn=76
00:49:56.734 INF Handling PREPREPARE. nReq=32 senderID=1 sn=77
00:49:56.753 INF Committed entry. latency=0 nReq=32 sn=76
00:49:56.756 INF Delivered batch. nReq=32 sn=76
00:49:56.763 INF Committed entry. latency=0 nReq=32 sn=77
00:49:56.763 INF Delivered batch. nReq=32 sn=77
00:49:56.774 INF Handling PREPREPARE. nReq=32 senderID=2 sn=78
00:49:56.794 INF Committed entry. latency=0 nReq=32 sn=78
00:49:56.794 INF Delivered batch. nReq=32 sn=78
00:49:56.802 INF Sending PREPREPARE. nReq=31 senderID=3 sn=79 view=0
00:49:56.839 INF Committed entry. latency=0 nReq=31 sn=79
00:49:56.839 INF Delivered batch. nReq=31 sn=79
00:49:57.694 INF Handling PREPREPARE. nReq=32 senderID=0 sn=80
00:49:57.709 INF Committed entry. latency=0 nReq=32 sn=80
00:49:57.709 INF Delivered batch. nReq=32 sn=80
00:49:57.729 INF Handling PREPREPARE. nReq=32 senderID=1 sn=81
00:49:57.750 INF Handling PREPREPARE. nReq=32 senderID=2 sn=82
00:49:57.759 INF Committed entry. latency=0 nReq=32 sn=81
00:49:57.759 INF Delivered batch. nReq=32 sn=81
00:49:57.779 INF Committed entry. latency=0 nReq=32 sn=82
00:49:57.780 INF Delivered batch. nReq=32 sn=82
00:49:57.799 INF Sending PREPREPARE. nReq=33 senderID=3 sn=83 view=0
00:49:57.826 INF Committed entry. latency=0 nReq=33 sn=83
00:49:57.826 INF Delivered batch. nReq=33 sn=83
00:49:58.689 INF Handling PREPREPARE. nReq=32 senderID=0 sn=84
00:49:58.718 INF Committed entry. latency=0 nReq=32 sn=84
00:49:58.718 INF Delivered batch. nReq=32 sn=84
00:49:58.747 INF Handling PREPREPARE. nReq=32 senderID=1 sn=85
00:49:58.776 INF Committed entry. latency=0 nReq=32 sn=85
00:49:58.776 INF Handling PREPREPARE. nReq=32 senderID=2 sn=86
00:49:58.777 INF Delivered batch. nReq=32 sn=85
00:49:58.808 INF Committed entry. latency=0 nReq=32 sn=86
00:49:58.808 INF Delivered batch. nReq=32 sn=86
00:49:58.813 INF Sending PREPREPARE. nReq=32 senderID=3 sn=87 view=0
00:49:58.845 INF Committed entry. latency=0 nReq=32 sn=87
00:49:58.846 INF Delivered batch. nReq=32 sn=87
00:49:59.688 INF Handling PREPREPARE. nReq=32 senderID=0 sn=88
00:49:59.707 INF Committed entry. latency=0 nReq=32 sn=88
00:49:59.708 INF Delivered batch. nReq=32 sn=88
00:49:59.741 INF Handling PREPREPARE. nReq=33 senderID=1 sn=89
00:49:59.743 INF Handling PREPREPARE. nReq=33 senderID=2 sn=90
00:49:59.766 INF Committed entry. latency=0 nReq=33 sn=89
00:49:59.766 INF Delivered batch. nReq=33 sn=89
00:49:59.782 INF Committed entry. latency=0 nReq=33 sn=90
00:49:59.782 INF Delivered batch. nReq=33 sn=90
00:49:59.809 INF Sending PREPREPARE. nReq=32 senderID=3 sn=91 view=0
00:49:59.836 INF Committed entry. latency=0 nReq=32 sn=91
00:49:59.836 INF Delivered batch. nReq=32 sn=91
00:50:00.692 INF Handling PREPREPARE. nReq=32 senderID=0 sn=92
00:50:00.713 INF Committed entry. latency=0 nReq=32 sn=92
00:50:00.714 INF Delivered batch. nReq=32 sn=92
00:50:00.745 INF Handling PREPREPARE. nReq=32 senderID=1 sn=93
00:50:00.767 INF Committed entry. latency=0 nReq=32 sn=93
00:50:00.767 INF Delivered batch. nReq=32 sn=93
00:50:00.771 INF Handling PREPREPARE. nReq=31 senderID=2 sn=94
00:50:00.790 INF Committed entry. latency=0 nReq=31 sn=94
00:50:00.790 INF Delivered batch. nReq=31 sn=94
00:50:00.810 INF Sending PREPREPARE. nReq=32 senderID=3 sn=95 view=0
00:50:00.837 INF Committed entry. latency=0 nReq=32 sn=95
00:50:00.838 INF Delivered batch. nReq=32 sn=95
00:50:01.711 INF Handling PREPREPARE. nReq=32 senderID=0 sn=96
00:50:01.747 INF Handling PREPREPARE. nReq=32 senderID=2 sn=98
00:50:01.759 INF Committed entry. latency=0 nReq=32 sn=96
00:50:01.760 INF Delivered batch. nReq=32 sn=96
00:50:01.769 INF Handling PREPREPARE. nReq=31 senderID=1 sn=97
00:50:01.788 INF Committed entry. latency=0 nReq=31 sn=97
00:50:01.788 INF Delivered batch. nReq=31 sn=97
00:50:01.799 INF Committed entry. latency=0 nReq=32 sn=98
00:50:01.799 INF Delivered batch. nReq=32 sn=98
00:50:01.819 INF Sending PREPREPARE. nReq=31 senderID=3 sn=99 view=0
00:50:01.871 INF Committed entry. latency=0 nReq=31 sn=99
00:50:01.872 INF Delivered batch. nReq=31 sn=99
00:50:02.708 INF Handling PREPREPARE. nReq=32 senderID=0 sn=100
00:50:02.765 INF Handling PREPREPARE. nReq=33 senderID=1 sn=101
00:50:02.803 INF Committed entry. latency=0 nReq=32 sn=100
00:50:02.803 INF Delivered batch. nReq=32 sn=100
00:50:02.826 INF Sending PREPREPARE. nReq=34 senderID=3 sn=103 view=0
00:50:02.852 INF Handling PREPREPARE. nReq=33 senderID=2 sn=102
00:50:02.860 INF Committed entry. latency=0 nReq=33 sn=101
00:50:02.867 INF Delivered batch. nReq=33 sn=101
00:50:02.903 INF Committed entry. latency=0 nReq=33 sn=102
00:50:02.904 INF Delivered batch. nReq=33 sn=102
00:50:02.922 INF Committed entry. latency=0 nReq=34 sn=103
00:50:02.922 INF Delivered batch. nReq=34 sn=103
00:50:03.699 INF Handling PREPREPARE. nReq=33 senderID=0 sn=104
00:50:03.721 INF Committed entry. latency=0 nReq=33 sn=104
00:50:03.722 INF Delivered batch. nReq=33 sn=104
00:50:03.766 INF Handling PREPREPARE. nReq=32 senderID=1 sn=105
00:50:03.756 INF Handling PREPREPARE. nReq=32 senderID=2 sn=106
00:50:03.811 INF Committed entry. latency=0 nReq=32 sn=105
00:50:03.812 INF Delivered batch. nReq=32 sn=105
00:50:03.812 INF Committed entry. latency=0 nReq=32 sn=106
00:50:03.812 INF Delivered batch. nReq=32 sn=106
00:50:03.820 INF Sending PREPREPARE. nReq=31 senderID=3 sn=107 view=0
00:50:03.867 INF Committed entry. latency=0 nReq=31 sn=107
00:50:03.867 INF Delivered batch. nReq=31 sn=107
00:50:04.715 INF Handling PREPREPARE. nReq=32 senderID=0 sn=108
00:50:04.758 INF Committed entry. latency=0 nReq=32 sn=108
00:50:04.759 INF Delivered batch. nReq=32 sn=108
00:50:04.772 INF Handling PREPREPARE. nReq=32 senderID=1 sn=109
00:50:04.806 INF Handling PREPREPARE. nReq=32 senderID=2 sn=110
00:50:04.811 INF Committed entry. latency=0 nReq=32 sn=109
00:50:04.811 INF Delivered batch. nReq=32 sn=109
00:50:04.839 INF Sending PREPREPARE. nReq=33 senderID=3 sn=111 view=0
00:50:04.852 INF Committed entry. latency=0 nReq=32 sn=110
00:50:04.853 INF Delivered batch. nReq=32 sn=110
00:50:04.901 INF Committed entry. latency=0 nReq=33 sn=111
00:50:04.902 INF Delivered batch. nReq=33 sn=111
00:50:05.720 INF Handling PREPREPARE. nReq=32 senderID=0 sn=112
00:50:05.746 INF Committed entry. latency=0 nReq=32 sn=112
00:50:05.747 INF Delivered batch. nReq=32 sn=112
00:50:05.791 INF Handling PREPREPARE. nReq=32 senderID=2 sn=114
00:50:05.856 INF Sending PREPREPARE. nReq=32 senderID=3 sn=115 view=0
00:50:05.869 INF Handling PREPREPARE. nReq=32 senderID=1 sn=113
00:50:05.881 INF Committed entry. latency=0 nReq=32 sn=114
00:50:05.952 INF Committed entry. latency=0 nReq=32 sn=115
00:50:05.958 INF Committed entry. latency=0 nReq=32 sn=113
00:50:05.958 INF Delivered batch. nReq=32 sn=113
00:50:05.958 INF Delivered batch. nReq=32 sn=114
00:50:05.959 INF Delivered batch. nReq=32 sn=115
00:50:06.713 INF Handling PREPREPARE. nReq=32 senderID=0 sn=116
00:50:06.734 INF Committed entry. latency=0 nReq=32 sn=116
00:50:06.737 INF Delivered batch. nReq=32 sn=116
00:50:06.766 INF Handling PREPREPARE. nReq=31 senderID=1 sn=117
00:50:06.789 INF Handling PREPREPARE. nReq=31 senderID=2 sn=118
00:50:06.835 INF Committed entry. latency=0 nReq=31 sn=117
00:50:06.837 INF Delivered batch. nReq=31 sn=117
00:50:06.850 INF Committed entry. latency=0 nReq=31 sn=118
00:50:06.855 INF Delivered batch. nReq=31 sn=118
00:50:06.886 INF Sending PREPREPARE. nReq=33 senderID=3 sn=119 view=0
00:50:06.960 INF Committed entry. latency=0 nReq=33 sn=119
00:50:06.964 INF Delivered batch. nReq=33 sn=119
00:50:07.747 INF Handling PREPREPARE. nReq=32 senderID=0 sn=120
00:50:07.855 INF Committed entry. latency=0 nReq=32 sn=120
00:50:07.856 INF Delivered batch. nReq=32 sn=120
00:50:07.859 INF Handling PREPREPARE. nReq=33 senderID=1 sn=121
00:50:07.944 INF Handling PREPREPARE. nReq=33 senderID=2 sn=122
00:50:07.965 INF Committed entry. latency=0 nReq=33 sn=121
00:50:07.968 INF Delivered batch. nReq=33 sn=121
00:50:07.976 INF Sending PREPREPARE. nReq=32 senderID=3 sn=123 view=0
00:50:08.011 INF Committed entry. latency=0 nReq=33 sn=122
00:50:08.015 INF Delivered batch. nReq=33 sn=122
00:50:08.056 INF Committed entry. latency=0 nReq=32 sn=123
00:50:08.057 INF Delivered batch. nReq=32 sn=123
00:50:08.734 INF Handling PREPREPARE. nReq=32 senderID=0 sn=124
00:50:08.756 INF Committed entry. latency=0 nReq=32 sn=124
00:50:08.757 INF Delivered batch. nReq=32 sn=124
00:50:08.805 INF Handling PREPREPARE. nReq=33 senderID=1 sn=125
00:50:08.854 INF Handling PREPREPARE. nReq=33 senderID=2 sn=126
00:50:08.884 INF Sending PREPREPARE. nReq=32 senderID=3 sn=127 view=0
00:50:08.890 INF Committed entry. latency=0 nReq=33 sn=125
00:50:08.899 INF Delivered batch. nReq=33 sn=125
00:50:08.908 INF Committed entry. latency=0 nReq=33 sn=126
00:50:08.908 INF Delivered batch. nReq=33 sn=126
00:50:08.944 INF Committed entry. latency=0 nReq=32 sn=127
00:50:08.945 INF Delivered batch. nReq=32 sn=127
00:50:09.710 INF Handling PREPREPARE. nReq=9 senderID=0 sn=128
00:50:09.726 INF Committed entry. latency=0 nReq=9 sn=128
00:50:09.727 INF Delivered batch. nReq=9 sn=128
00:50:09.781 INF Handling PREPREPARE. nReq=7 senderID=2 sn=130
00:50:09.826 INF Handling PREPREPARE. nReq=7 senderID=1 sn=129
00:50:09.833 INF Committed entry. latency=0 nReq=7 sn=130
00:50:09.833 INF Committed entry. latency=0 nReq=7 sn=129
00:50:09.834 INF Delivered batch. nReq=7 sn=129
00:50:09.834 INF Delivered batch. nReq=7 sn=130
00:50:09.870 INF Sending PREPREPARE. nReq=4 senderID=3 sn=131 view=0
00:50:09.887 INF Committed entry. latency=0 nReq=4 sn=131
00:50:09.888 INF Delivered batch. nReq=4 sn=131
00:50:10.025 INF Connection terminated. error="rpc error: code = Canceled desc = context canceled" address=127.0.0.1:60770
00:50:10.038 INF Finished sending bucket assignments to client. clId=0
00:50:10.709 INF Handling PREPREPARE. nReq=0 senderID=0 sn=132
00:50:10.723 INF Committed entry. latency=0 nReq=0 sn=132
00:50:10.723 INF Delivered batch. nReq=0 sn=132
00:50:10.777 INF Handling PREPREPARE. nReq=0 senderID=2 sn=134
00:50:10.782 INF Handling PREPREPARE. nReq=0 senderID=1 sn=133
00:50:10.788 INF Committed entry. latency=0 nReq=0 sn=133
00:50:10.789 INF Delivered batch. nReq=0 sn=133
00:50:10.789 INF Committed entry. latency=0 nReq=0 sn=134
00:50:10.789 INF Delivered batch. nReq=0 sn=134
00:50:10.871 INF Sending PREPREPARE. nReq=0 senderID=3 sn=135 view=0
00:50:10.883 INF Committed entry. latency=0 nReq=0 sn=135
00:50:10.883 INF Delivered batch. nReq=0 sn=135
00:50:10.997 INF Stopping profiler.
00:50:10.999 INF Stopping Tracer. events=246 fileName=experiment-output/0000/slave-001/peer.trc
==================
WARNING: DATA RACE
Read at 0x00c0007a2580 by goroutine 89:
  github.com/hyperledger-labs/mirbft/tracing.(*BufferedTrace).Stop()
      /opt/gopath/src/github.com/hyperledger-labs/mirbft/tracing/bufferedtrace.go:238 +0x30e
  github.com/hyperledger-labs/mirbft/tracing.(*BufferedTrace).StopOnSignal.func1()
      /opt/gopath/src/github.com/hyperledger-labs/mirbft/tracing/bufferedtrace.go:299 +0x4e

Previous write at 0x00c0007a2580 by goroutine 88:
  github.com/hyperledger-labs/mirbft/tracing.(*BufferedTrace).Event()
      /opt/gopath/src/github.com/hyperledger-labs/mirbft/tracing/bufferedtrace.go:106 +0x2cd
  github.com/hyperledger-labs/mirbft/profiling.StartCPUTracing.func1()
      /opt/gopath/src/github.com/hyperledger-labs/mirbft/profiling/cpuusage.go:31 +0x95

Goroutine 89 (running) created at:
  github.com/hyperledger-labs/mirbft/tracing.(*BufferedTrace).StopOnSignal()
      /opt/gopath/src/github.com/hyperledger-labs/mirbft/tracing/bufferedtrace.go:293 +0x178
  main.setUpTracing()
      /opt/gopath/src/github.com/hyperledger-labs/mirbft/cmd/orderingpeer/main.go:204 +0xf5
  main.main()
      /opt/gopath/src/github.com/hyperledger-labs/mirbft/cmd/orderingpeer/main.go:98 +0x9e4

Goroutine 88 (running) created at:
  github.com/hyperledger-labs/mirbft/profiling.StartCPUTracing()
      /opt/gopath/src/github.com/hyperledger-labs/mirbft/profiling/cpuusage.go:28 +0xb9
  main.setUpTracing()
      /opt/gopath/src/github.com/hyperledger-labs/mirbft/cmd/orderingpeer/main.go:196 +0x85
  main.main()
      /opt/gopath/src/github.com/hyperledger-labs/mirbft/cmd/orderingpeer/main.go:98 +0x9e4
==================
00:50:11.009 INF Trace data written.
00:50:11.093 INF Profile data written. filename=experiment-output/0000/slave-001/prof.mutex name=mutex
00:50:11.341 INF Profile data written. filename=experiment-output/0000/slave-001/prof.cpu name=cpu
00:50:11.485 INF Profile data written. filename=experiment-output/0000/slave-001/prof.block name=block
