{"level":"debug","Logging":"info","time":"2024-02-26T00:50:56+08:00","message":"Config"}
{"level":"debug","UseTLS":false,"time":"2024-02-26T00:50:56+08:00","message":"Config"}
{"level":"debug","CACertFile":"tls-data/ca.pem","time":"2024-02-26T00:50:56+08:00","message":"Config"}
{"level":"debug","KeyFile":"tls-data/auth.key","time":"2024-02-26T00:50:56+08:00","message":"Config"}
{"level":"debug","CertFile":"tls-data/auth.pem","time":"2024-02-26T00:50:56+08:00","message":"Config"}
{"level":"debug","PriorityConnections":2,"time":"2024-02-26T00:50:56+08:00","message":"Config"}
{"level":"debug","BasicConnections":4,"time":"2024-02-26T00:50:56+08:00","message":"Config"}
{"level":"debug","TestConnections":false,"time":"2024-02-26T00:50:56+08:00","message":"Config"}
{"level":"debug","ExcessConnections":1,"time":"2024-02-26T00:50:56+08:00","message":"Config"}
{"level":"debug","ConnectionTestMsgs":4,"time":"2024-02-26T00:50:56+08:00","message":"Config"}
{"level":"debug","ConnectionTestPayload":131072,"time":"2024-02-26T00:50:56+08:00","message":"Config"}
{"level":"debug","OutMessageBufsize":1024,"time":"2024-02-26T00:50:56+08:00","message":"Config"}
{"level":"debug","OutMessageBufsize":1,"time":"2024-02-26T00:50:56+08:00","message":"Config"}
{"level":"debug","ThroughputCap":131072000,"time":"2024-02-26T00:50:56+08:00","message":"Config"}
{"level":"debug","StragglerTolerance":1000,"time":"2024-02-26T00:50:56+08:00","message":"Config"}
{"level":"debug","BatchSizeIncrement":256,"time":"2024-02-26T00:50:56+08:00","message":"Config"}
{"level":"debug","Orderer":"Pbft","time":"2024-02-26T00:50:56+08:00","message":"Config"}
{"level":"debug","Manager":"Mir","time":"2024-02-26T00:50:56+08:00","message":"Config"}
{"level":"debug","Failures":0,"time":"2024-02-26T00:50:56+08:00","message":"Config"}
{"level":"debug","CrashTiming":"EpochStart","time":"2024-02-26T00:50:56+08:00","message":"Config"}
{"level":"debug","CheckpointInterval":256,"time":"2024-02-26T00:50:56+08:00","message":"Config"}
{"level":"debug","WatermarkWindowSize":256,"time":"2024-02-26T00:50:56+08:00","message":"Config"}
{"level":"debug","EpochLength":256,"time":"2024-02-26T00:50:56+08:00","message":"Config"}
{"level":"debug","SegmentLength":256,"time":"2024-02-26T00:50:56+08:00","message":"Config"}
{"level":"debug","WaitForCheckpoints":true,"time":"2024-02-26T00:50:56+08:00","message":"Config"}
{"level":"debug","ClientWatermarkWindowSize":4194304,"time":"2024-02-26T00:50:56+08:00","message":"Config"}
{"level":"debug","ClientRequestBacklogSize":4194304,"time":"2024-02-26T00:50:56+08:00","message":"Config"}
{"level":"debug","RandomSeed":26660,"time":"2024-02-26T00:50:56+08:00","message":"Config"}
{"level":"debug","NodeToLeaderRatio":1,"time":"2024-02-26T00:50:56+08:00","message":"Config"}
{"level":"debug","LeaderPolicy":"Single","time":"2024-02-26T00:50:56+08:00","message":"Config"}
{"level":"debug","DefaultLeaderBan":2,"time":"2024-02-26T00:50:56+08:00","message":"Config"}
{"level":"debug","NumBuckets":16,"time":"2024-02-26T00:50:56+08:00","message":"Config"}
{"level":"debug","BatchSize":1000,"time":"2024-02-26T00:50:56+08:00","message":"Config"}
{"level":"debug","DisabledViewChange":false,"time":"2024-02-26T00:50:56+08:00","message":"Config"}
{"level":"debug","ViewChangeTimeout":60000,"time":"2024-02-26T00:50:56+08:00","message":"Config"}
{"level":"debug","ClientTraceSampling":10,"time":"2024-02-26T00:50:56+08:00","message":"Config"}
{"level":"debug","EventBufferSize":2097152,"time":"2024-02-26T00:50:56+08:00","message":"Config"}
{"level":"debug","TraceSampling":1,"time":"2024-02-26T00:50:56+08:00","message":"Config"}
{"level":"debug","ClientsPerProcess":1,"time":"2024-02-26T00:50:56+08:00","message":"Config"}
{"level":"debug","RequestsPerClient":7680,"time":"2024-02-26T00:50:56+08:00","message":"Config"}
{"level":"debug","ClientRunTime":30000,"time":"2024-02-26T00:50:56+08:00","message":"Config"}
{"level":"debug","RequestRate":128,"time":"2024-02-26T00:50:56+08:00","message":"Config"}
{"level":"debug","HardRequestRateLimit":false,"time":"2024-02-26T00:50:56+08:00","message":"Config"}
{"level":"debug","RequestPayloadSize":500,"time":"2024-02-26T00:50:56+08:00","message":"Config"}
{"level":"debug","SignRequests":true,"time":"2024-02-26T00:50:56+08:00","message":"Config"}
{"level":"debug","ClientPrivKeyFile":"tls-data/client-ecdsa-256.key","time":"2024-02-26T00:50:56+08:00","message":"Config"}
{"level":"debug","ClientPubKeyFile":"tls-data/client-ecdsa-256.pem","time":"2024-02-26T00:50:56+08:00","message":"Config"}
{"level":"debug","PrecomputeRequests":false,"time":"2024-02-26T00:50:56+08:00","message":"Config"}
{"level":"debug","RequestHandlerThreads":32,"time":"2024-02-26T00:50:56+08:00","message":"Config"}
{"level":"debug","RequestInputChannelBuffer":8192,"time":"2024-02-26T00:50:56+08:00","message":"Config"}
{"level":"debug","BatchVerifier":"external","time":"2024-02-26T00:50:56+08:00","message":"Config"}
00:50:56.704 INF Registered with discovery server. numPeers=4 ownID=1
00:50:56.705 INF Profiling enabled.
00:50:56.705 INF Setting up profiling.
00:50:56.706 INF Started Profiler: CPU
00:50:56.706 INF Started Profiler: BLOCK
00:50:56.707 INF Started Profiler: MUTEX
00:50:56.707 INF Profiler will stop on signal. exit=true
00:50:56.719 INF Tracing will stop on signal. exit=false
00:50:56.721 INF Started tracing. traceFile=experiment-output/0002/slave-003/peer.trc
00:50:56.723 INF Connecting to peer. addr=127.0.0.1:10000 basicConns=4 priorityConns=2
00:50:56.723 INF Listening for connections. port=10011 useTLS=false
00:50:56.725 INF Connecting to peer. addr=127.0.0.1:10022 basicConns=4 priorityConns=2
00:50:56.725 INF Connecting to peer. addr=127.0.0.1:10033 basicConns=4 priorityConns=2
00:50:56.727 INF Connecting to peer. addr=127.0.0.1:10011 basicConns=4 priorityConns=2
00:50:56.804 INF Incoming connection for protocol messages. addr=127.0.0.1:49320
00:50:56.805 INF Incoming connection for protocol messages. addr=127.0.0.1:49314
00:50:56.820 INF Incoming connection for protocol messages. addr=127.0.0.1:49308
00:50:56.828 INF Incoming connection for protocol messages. addr=127.0.0.1:49330
00:50:56.830 INF Incoming connection for protocol messages. addr=127.0.0.1:49340
00:50:56.836 INF Incoming connection for protocol messages. addr=127.0.0.1:49354
00:50:56.845 INF Incoming connection for protocol messages. addr=127.0.0.1:49380
00:50:56.845 INF Incoming connection for protocol messages. addr=127.0.0.1:49364
00:50:56.846 INF Incoming connection for protocol messages. addr=127.0.0.1:49406
00:50:56.849 INF Incoming connection for protocol messages. addr=127.0.0.1:49408
00:50:56.866 INF Incoming connection for protocol messages. addr=127.0.0.1:49392
00:50:56.867 INF Incoming connection for protocol messages. addr=127.0.0.1:49430
00:50:56.870 INF Incoming connection for protocol messages. addr=127.0.0.1:49412
00:50:56.874 INF Incoming connection for protocol messages. addr=127.0.0.1:49434
00:50:56.886 INF Incoming connection for protocol messages. addr=127.0.0.1:49442
00:50:56.886 INF Incoming connection for protocol messages. addr=127.0.0.1:49456
00:50:56.887 INF Incoming connection for protocol messages. addr=127.0.0.1:49474
00:50:56.888 INF Incoming connection for protocol messages. addr=127.0.0.1:49458
00:50:56.891 INF Incoming connection for protocol messages. addr=127.0.0.1:49346
00:50:56.906 INF Incoming connection for protocol messages. addr=127.0.0.1:49420
00:50:56.908 INF Incoming connection for protocol messages. addr=127.0.0.1:49384
00:50:56.922 INF Incoming connection for protocol messages. addr=127.0.0.1:49484
00:50:56.923 INF Incoming connection for protocol messages. addr=127.0.0.1:49498
00:50:56.929 INF Incoming connection for protocol messages. addr=127.0.0.1:49496
00:50:57.804 INF Connected to all peers.
00:50:57.817 INF All peers finished connecting. Starting ISS.
00:50:57.819 INF PbftOrderer received a new segment: [0 1 2 3 4 5 6 7 8 9 10 11 12 13 14 15 16 17 18 19 20 21 22 23 24 25 26 27 28 29 30 31 32 33 34 35 36 37 38 39 40 41 42 43 44 45 46 47 48 49 50 51 52 53 54 55 56 57 58 59 60 61 62 63 64 65 66 67 68 69 70 71 72 73 74 75 76 77 78 79 80 81 82 83 84 85 86 87 88 89 90 91 92 93 94 95 96 97 98 99 100 101 102 103 104 105 106 107 108 109 110 111 112 113 114 115 116 117 118 119 120 121 122 123 124 125 126 127 128 129 130 131 132 133 134 135 136 137 138 139 140 141 142 143 144 145 146 147 148 149 150 151 152 153 154 155 156 157 158 159 160 161 162 163 164 165 166 167 168 169 170 171 172 173 174 175 176 177 178 179 180 181 182 183 184 185 186 187 188 189 190 191 192 193 194 195 196 197 198 199 200 201 202 203 204 205 206 207 208 209 210 211 212 213 214 215 216 217 218 219 220 221 222 223 224 225 226 227 228 229 230 231 232 233 234 235 236 237 238 239 240 241 242 243 244 245 246 247 248 249 250 251 252 253 254 255] first leader=0 firstSN=0 lastSN=255 len=256 length=256 segId=0
00:50:57.820 INF Starting new view. segID=0 timeout=60000 view=0
00:50:57.822 INF Starting PBFT instance. first=0 last=255 segID=0
00:50:57.823 INF Starting serialized message processing. segID=0
00:50:58.833 INF Handling PREPREPARE. nReq=0 senderID=0 sn=0
00:50:58.839 INF Committed entry. latency=0 nReq=0 sn=0
00:50:58.839 INF Delivered batch. nReq=0 sn=0
00:50:59.824 INF Handling PREPREPARE. nReq=0 senderID=0 sn=1
00:50:59.831 INF Committed entry. latency=0 nReq=0 sn=1
00:50:59.831 INF Delivered batch. nReq=0 sn=1
00:50:59.983 INF Incoming connection for requests. addr=127.0.0.1:53688
00:51:00.855 INF Handling PREPREPARE. nReq=87 senderID=0 sn=2
00:51:00.941 INF Committed entry. latency=0 nReq=87 sn=2
00:51:00.944 INF Delivered batch. nReq=87 sn=2
00:51:01.881 INF Handling PREPREPARE. nReq=130 senderID=0 sn=3
00:51:01.945 INF Committed entry. latency=0 nReq=130 sn=3
00:51:01.945 INF Delivered batch. nReq=130 sn=3
00:51:02.883 INF Handling PREPREPARE. nReq=130 senderID=0 sn=4
00:51:02.930 INF Committed entry. latency=0 nReq=130 sn=4
00:51:02.930 INF Delivered batch. nReq=130 sn=4
00:51:03.890 INF Handling PREPREPARE. nReq=129 senderID=0 sn=5
00:51:03.951 INF Committed entry. latency=0 nReq=129 sn=5
00:51:03.952 INF Delivered batch. nReq=129 sn=5
00:51:04.921 INF Handling PREPREPARE. nReq=129 senderID=0 sn=6
00:51:04.982 INF Committed entry. latency=0 nReq=129 sn=6
00:51:04.983 INF Delivered batch. nReq=129 sn=6
00:51:05.919 INF Handling PREPREPARE. nReq=131 senderID=0 sn=7
00:51:05.959 INF Committed entry. latency=0 nReq=131 sn=7
00:51:05.959 INF Delivered batch. nReq=131 sn=7
00:51:06.929 INF Handling PREPREPARE. nReq=129 senderID=0 sn=8
00:51:06.976 INF Committed entry. latency=0 nReq=129 sn=8
00:51:06.977 INF Delivered batch. nReq=129 sn=8
00:51:07.942 INF Handling PREPREPARE. nReq=129 senderID=0 sn=9
00:51:07.989 INF Committed entry. latency=0 nReq=129 sn=9
00:51:07.989 INF Delivered batch. nReq=129 sn=9
00:51:08.940 INF Handling PREPREPARE. nReq=128 senderID=0 sn=10
00:51:08.991 INF Committed entry. latency=0 nReq=128 sn=10
00:51:08.991 INF Delivered batch. nReq=128 sn=10
00:51:09.943 INF Handling PREPREPARE. nReq=128 senderID=0 sn=11
00:51:09.994 INF Committed entry. latency=0 nReq=128 sn=11
00:51:09.995 INF Delivered batch. nReq=128 sn=11
00:51:10.982 INF Handling PREPREPARE. nReq=130 senderID=0 sn=12
00:51:11.088 INF Committed entry. latency=0 nReq=130 sn=12
00:51:11.088 INF Delivered batch. nReq=130 sn=12
00:51:11.996 INF Handling PREPREPARE. nReq=129 senderID=0 sn=13
00:51:12.048 INF Committed entry. latency=0 nReq=129 sn=13
00:51:12.049 INF Delivered batch. nReq=129 sn=13
00:51:13.014 INF Handling PREPREPARE. nReq=131 senderID=0 sn=14
00:51:13.043 INF Committed entry. latency=0 nReq=131 sn=14
00:51:13.043 INF Delivered batch. nReq=131 sn=14
00:51:13.997 INF Handling PREPREPARE. nReq=130 senderID=0 sn=15
00:51:14.050 INF Committed entry. latency=0 nReq=130 sn=15
00:51:14.051 INF Delivered batch. nReq=130 sn=15
00:51:15.026 INF Handling PREPREPARE. nReq=129 senderID=0 sn=16
00:51:15.082 INF Committed entry. latency=0 nReq=129 sn=16
00:51:15.082 INF Delivered batch. nReq=129 sn=16
00:51:16.023 INF Handling PREPREPARE. nReq=129 senderID=0 sn=17
00:51:16.096 INF Committed entry. latency=0 nReq=129 sn=17
00:51:16.097 INF Delivered batch. nReq=129 sn=17
00:51:17.031 INF Handling PREPREPARE. nReq=130 senderID=0 sn=18
00:51:17.071 INF Committed entry. latency=0 nReq=130 sn=18
00:51:17.071 INF Delivered batch. nReq=130 sn=18
00:51:18.041 INF Handling PREPREPARE. nReq=128 senderID=0 sn=19
00:51:18.089 INF Committed entry. latency=0 nReq=128 sn=19
00:51:18.090 INF Delivered batch. nReq=128 sn=19
00:51:19.046 INF Handling PREPREPARE. nReq=130 senderID=0 sn=20
00:51:19.088 INF Committed entry. latency=0 nReq=130 sn=20
00:51:19.088 INF Delivered batch. nReq=130 sn=20
00:51:20.055 INF Handling PREPREPARE. nReq=129 senderID=0 sn=21
00:51:20.101 INF Committed entry. latency=0 nReq=129 sn=21
00:51:20.101 INF Delivered batch. nReq=129 sn=21
00:51:21.052 INF Handling PREPREPARE. nReq=128 senderID=0 sn=22
00:51:21.095 INF Committed entry. latency=0 nReq=128 sn=22
00:51:21.096 INF Delivered batch. nReq=128 sn=22
00:51:22.063 INF Handling PREPREPARE. nReq=129 senderID=0 sn=23
00:51:22.105 INF Committed entry. latency=0 nReq=129 sn=23
00:51:22.105 INF Delivered batch. nReq=129 sn=23
00:51:23.070 INF Handling PREPREPARE. nReq=129 senderID=0 sn=24
00:51:23.108 INF Committed entry. latency=0 nReq=129 sn=24
00:51:23.108 INF Delivered batch. nReq=129 sn=24
00:51:24.079 INF Handling PREPREPARE. nReq=129 senderID=0 sn=25
00:51:24.125 INF Committed entry. latency=0 nReq=129 sn=25
00:51:24.125 INF Delivered batch. nReq=129 sn=25
00:51:25.088 INF Handling PREPREPARE. nReq=129 senderID=0 sn=26
00:51:25.131 INF Committed entry. latency=0 nReq=129 sn=26
00:51:25.132 INF Delivered batch. nReq=129 sn=26
00:51:26.097 INF Handling PREPREPARE. nReq=129 senderID=0 sn=27
00:51:26.147 INF Committed entry. latency=0 nReq=129 sn=27
00:51:26.147 INF Delivered batch. nReq=129 sn=27
00:51:27.104 INF Handling PREPREPARE. nReq=130 senderID=0 sn=28
00:51:27.150 INF Committed entry. latency=0 nReq=130 sn=28
00:51:27.150 INF Delivered batch. nReq=130 sn=28
00:51:28.119 INF Handling PREPREPARE. nReq=129 senderID=0 sn=29
00:51:28.169 INF Committed entry. latency=0 nReq=129 sn=29
00:51:28.170 INF Delivered batch. nReq=129 sn=29
00:51:29.129 INF Handling PREPREPARE. nReq=130 senderID=0 sn=30
00:51:29.172 INF Committed entry. latency=0 nReq=130 sn=30
00:51:29.173 INF Delivered batch. nReq=130 sn=30
00:51:30.137 INF Handling PREPREPARE. nReq=129 senderID=0 sn=31
00:51:30.176 INF Committed entry. latency=0 nReq=129 sn=31
00:51:30.176 INF Delivered batch. nReq=129 sn=31
00:51:31.121 INF Handling PREPREPARE. nReq=6 senderID=0 sn=32
00:51:31.128 INF Committed entry. latency=0 nReq=6 sn=32
00:51:31.128 INF Delivered batch. nReq=6 sn=32
00:51:31.156 INF Connection terminated. error="rpc error: code = Canceled desc = context canceled" address=127.0.0.1:53688
00:51:31.160 INF Finished sending bucket assignments to client. clId=0
00:51:31.494 INF Stopping profiler.
00:51:31.496 INF Stopping Tracer. events=106 fileName=experiment-output/0002/slave-003/peer.trc
==================
WARNING: DATA RACE
Read at 0x00c000711068 by goroutine 89:
  github.com/hyperledger-labs/mirbft/tracing.(*BufferedTrace).Stop()
      /opt/gopath/src/github.com/hyperledger-labs/mirbft/tracing/bufferedtrace.go:238 +0x30e
  github.com/hyperledger-labs/mirbft/tracing.(*BufferedTrace).StopOnSignal.func1()
      /opt/gopath/src/github.com/hyperledger-labs/mirbft/tracing/bufferedtrace.go:299 +0x4e

Previous write at 0x00c000711068 by goroutine 88:
  github.com/hyperledger-labs/mirbft/tracing.(*BufferedTrace).Event()
      /opt/gopath/src/github.com/hyperledger-labs/mirbft/tracing/bufferedtrace.go:106 +0x2cd
  github.com/hyperledger-labs/mirbft/profiling.StartCPUTracing.func1()
      /opt/gopath/src/github.com/hyperledger-labs/mirbft/profiling/cpuusage.go:31 +0x95

Goroutine 89 (running) created at:
  github.com/hyperledger-labs/mirbft/tracing.(*BufferedTrace).StopOnSignal()
      /opt/gopath/src/github.com/hyperledger-labs/mirbft/tracing/bufferedtrace.go:293 +0x178
  main.setUpTracing()
      /opt/gopath/src/github.com/hyperledger-labs/mirbft/cmd/orderingpeer/main.go:204 +0xf5
  main.main()
      /opt/gopath/src/github.com/hyperledger-labs/mirbft/cmd/orderingpeer/main.go:98 +0x9e4

Goroutine 88 (running) created at:
  github.com/hyperledger-labs/mirbft/profiling.StartCPUTracing()
      /opt/gopath/src/github.com/hyperledger-labs/mirbft/profiling/cpuusage.go:28 +0xb9
  main.setUpTracing()
      /opt/gopath/src/github.com/hyperledger-labs/mirbft/cmd/orderingpeer/main.go:196 +0x85
  main.main()
      /opt/gopath/src/github.com/hyperledger-labs/mirbft/cmd/orderingpeer/main.go:98 +0x9e4
==================
00:51:31.501 INF Trace data written.
00:51:31.557 INF Profile data written. filename=experiment-output/0002/slave-003/prof.cpu name=cpu
00:51:31.652 INF Profile data written. filename=experiment-output/0002/slave-003/prof.block name=block
00:51:31.687 INF Profile data written. filename=experiment-output/0002/slave-003/prof.mutex name=mutex
