{"level":"debug","Logging":"info","time":"2024-02-26T00:51:36+08:00","message":"Config"}
{"level":"debug","UseTLS":false,"time":"2024-02-26T00:51:36+08:00","message":"Config"}
{"level":"debug","CACertFile":"tls-data/ca.pem","time":"2024-02-26T00:51:36+08:00","message":"Config"}
{"level":"debug","KeyFile":"tls-data/auth.key","time":"2024-02-26T00:51:36+08:00","message":"Config"}
{"level":"debug","CertFile":"tls-data/auth.pem","time":"2024-02-26T00:51:36+08:00","message":"Config"}
{"level":"debug","PriorityConnections":2,"time":"2024-02-26T00:51:36+08:00","message":"Config"}
{"level":"debug","BasicConnections":4,"time":"2024-02-26T00:51:36+08:00","message":"Config"}
{"level":"debug","TestConnections":false,"time":"2024-02-26T00:51:36+08:00","message":"Config"}
{"level":"debug","ExcessConnections":1,"time":"2024-02-26T00:51:36+08:00","message":"Config"}
{"level":"debug","ConnectionTestMsgs":4,"time":"2024-02-26T00:51:36+08:00","message":"Config"}
{"level":"debug","ConnectionTestPayload":131072,"time":"2024-02-26T00:51:36+08:00","message":"Config"}
{"level":"debug","OutMessageBufsize":1024,"time":"2024-02-26T00:51:36+08:00","message":"Config"}
{"level":"debug","OutMessageBufsize":1,"time":"2024-02-26T00:51:36+08:00","message":"Config"}
{"level":"debug","ThroughputCap":131072000,"time":"2024-02-26T00:51:36+08:00","message":"Config"}
{"level":"debug","StragglerTolerance":1000,"time":"2024-02-26T00:51:36+08:00","message":"Config"}
{"level":"debug","BatchSizeIncrement":256,"time":"2024-02-26T00:51:36+08:00","message":"Config"}
{"level":"debug","Orderer":"Pbft","time":"2024-02-26T00:51:36+08:00","message":"Config"}
{"level":"debug","Manager":"Mir","time":"2024-02-26T00:51:36+08:00","message":"Config"}
{"level":"debug","Failures":0,"time":"2024-02-26T00:51:36+08:00","message":"Config"}
{"level":"debug","CrashTiming":"EpochStart","time":"2024-02-26T00:51:36+08:00","message":"Config"}
{"level":"debug","CheckpointInterval":256,"time":"2024-02-26T00:51:36+08:00","message":"Config"}
{"level":"debug","WatermarkWindowSize":256,"time":"2024-02-26T00:51:36+08:00","message":"Config"}
{"level":"debug","EpochLength":256,"time":"2024-02-26T00:51:36+08:00","message":"Config"}
{"level":"debug","SegmentLength":256,"time":"2024-02-26T00:51:36+08:00","message":"Config"}
{"level":"debug","WaitForCheckpoints":true,"time":"2024-02-26T00:51:36+08:00","message":"Config"}
{"level":"debug","ClientWatermarkWindowSize":4194304,"time":"2024-02-26T00:51:36+08:00","message":"Config"}
{"level":"debug","ClientRequestBacklogSize":4194304,"time":"2024-02-26T00:51:36+08:00","message":"Config"}
{"level":"debug","RandomSeed":26660,"time":"2024-02-26T00:51:36+08:00","message":"Config"}
{"level":"debug","NodeToLeaderRatio":1,"time":"2024-02-26T00:51:36+08:00","message":"Config"}
{"level":"debug","LeaderPolicy":"Single","time":"2024-02-26T00:51:36+08:00","message":"Config"}
{"level":"debug","DefaultLeaderBan":2,"time":"2024-02-26T00:51:36+08:00","message":"Config"}
{"level":"debug","NumBuckets":16,"time":"2024-02-26T00:51:36+08:00","message":"Config"}
{"level":"debug","BatchSize":1000,"time":"2024-02-26T00:51:36+08:00","message":"Config"}
{"level":"debug","DisabledViewChange":false,"time":"2024-02-26T00:51:36+08:00","message":"Config"}
{"level":"debug","ViewChangeTimeout":60000,"time":"2024-02-26T00:51:36+08:00","message":"Config"}
{"level":"debug","ClientTraceSampling":10,"time":"2024-02-26T00:51:36+08:00","message":"Config"}
{"level":"debug","EventBufferSize":2097152,"time":"2024-02-26T00:51:36+08:00","message":"Config"}
{"level":"debug","TraceSampling":1,"time":"2024-02-26T00:51:36+08:00","message":"Config"}
{"level":"debug","ClientsPerProcess":1,"time":"2024-02-26T00:51:36+08:00","message":"Config"}
{"level":"debug","RequestsPerClient":15360,"time":"2024-02-26T00:51:36+08:00","message":"Config"}
{"level":"debug","ClientRunTime":30000,"time":"2024-02-26T00:51:36+08:00","message":"Config"}
{"level":"debug","RequestRate":256,"time":"2024-02-26T00:51:36+08:00","message":"Config"}
{"level":"debug","HardRequestRateLimit":false,"time":"2024-02-26T00:51:36+08:00","message":"Config"}
{"level":"debug","RequestPayloadSize":500,"time":"2024-02-26T00:51:36+08:00","message":"Config"}
{"level":"debug","SignRequests":true,"time":"2024-02-26T00:51:36+08:00","message":"Config"}
{"level":"debug","ClientPrivKeyFile":"tls-data/client-ecdsa-256.key","time":"2024-02-26T00:51:36+08:00","message":"Config"}
{"level":"debug","ClientPubKeyFile":"tls-data/client-ecdsa-256.pem","time":"2024-02-26T00:51:36+08:00","message":"Config"}
{"level":"debug","PrecomputeRequests":false,"time":"2024-02-26T00:51:36+08:00","message":"Config"}
{"level":"debug","RequestHandlerThreads":32,"time":"2024-02-26T00:51:36+08:00","message":"Config"}
{"level":"debug","RequestInputChannelBuffer":8192,"time":"2024-02-26T00:51:36+08:00","message":"Config"}
{"level":"debug","BatchVerifier":"external","time":"2024-02-26T00:51:36+08:00","message":"Config"}
00:51:36.697 INF Registered with discovery server. numPeers=4 ownID=1
00:51:36.698 INF Profiling enabled.
00:51:36.699 INF Setting up profiling.
00:51:36.700 INF Started Profiler: CPU
00:51:36.700 INF Started Profiler: BLOCK
00:51:36.700 INF Started Profiler: MUTEX
00:51:36.700 INF Profiler will stop on signal. exit=true
00:51:36.711 INF Tracing will stop on signal. exit=false
00:51:36.713 INF Started tracing. traceFile=experiment-output/0003/slave-004/peer.trc
00:51:36.715 INF Connecting to peer. addr=127.0.0.1:10011 basicConns=4 priorityConns=2
00:51:36.715 INF Connecting to peer. addr=127.0.0.1:10033 basicConns=4 priorityConns=2
00:51:36.715 INF Connecting to peer. addr=127.0.0.1:10000 basicConns=4 priorityConns=2
00:51:36.716 INF Listening for connections. port=10011 useTLS=false
00:51:36.719 INF Connecting to peer. addr=127.0.0.1:10022 basicConns=4 priorityConns=2
00:51:36.775 INF Incoming connection for protocol messages. addr=127.0.0.1:42944
00:51:36.798 INF Incoming connection for protocol messages. addr=127.0.0.1:42962
00:51:36.799 INF Incoming connection for protocol messages. addr=127.0.0.1:43010
00:51:36.799 INF Incoming connection for protocol messages. addr=127.0.0.1:42934
00:51:36.798 INF Incoming connection for protocol messages. addr=127.0.0.1:42950
00:51:36.798 INF Incoming connection for protocol messages. addr=127.0.0.1:42952
00:51:36.809 INF Incoming connection for protocol messages. addr=127.0.0.1:43002
00:51:36.809 INF Incoming connection for protocol messages. addr=127.0.0.1:42976
00:51:36.816 INF Incoming connection for protocol messages. addr=127.0.0.1:43040
00:51:36.818 INF Incoming connection for protocol messages. addr=127.0.0.1:43028
00:51:36.819 INF Incoming connection for protocol messages. addr=127.0.0.1:43054
00:51:36.823 INF Incoming connection for protocol messages. addr=127.0.0.1:42986
00:51:36.846 INF Incoming connection for protocol messages. addr=127.0.0.1:43012
00:51:36.850 INF Incoming connection for protocol messages. addr=127.0.0.1:43094
00:51:36.850 INF Incoming connection for protocol messages. addr=127.0.0.1:43112
00:51:36.855 INF Incoming connection for protocol messages. addr=127.0.0.1:43068
00:51:36.855 INF Incoming connection for protocol messages. addr=127.0.0.1:43108
00:51:36.857 INF Incoming connection for protocol messages. addr=127.0.0.1:43084
00:51:36.857 INF Incoming connection for protocol messages. addr=127.0.0.1:43118
00:51:36.861 INF Incoming connection for protocol messages. addr=127.0.0.1:43132
00:51:36.869 INF Incoming connection for protocol messages. addr=127.0.0.1:43120
00:51:36.877 INF Incoming connection for protocol messages. addr=127.0.0.1:43150
00:51:36.888 INF Incoming connection for protocol messages. addr=127.0.0.1:43156
00:51:36.889 INF Incoming connection for protocol messages. addr=127.0.0.1:43134
00:51:37.804 INF Connected to all peers.
00:51:37.817 INF All peers finished connecting. Starting ISS.
00:51:37.820 INF PbftOrderer received a new segment: [0 1 2 3 4 5 6 7 8 9 10 11 12 13 14 15 16 17 18 19 20 21 22 23 24 25 26 27 28 29 30 31 32 33 34 35 36 37 38 39 40 41 42 43 44 45 46 47 48 49 50 51 52 53 54 55 56 57 58 59 60 61 62 63 64 65 66 67 68 69 70 71 72 73 74 75 76 77 78 79 80 81 82 83 84 85 86 87 88 89 90 91 92 93 94 95 96 97 98 99 100 101 102 103 104 105 106 107 108 109 110 111 112 113 114 115 116 117 118 119 120 121 122 123 124 125 126 127 128 129 130 131 132 133 134 135 136 137 138 139 140 141 142 143 144 145 146 147 148 149 150 151 152 153 154 155 156 157 158 159 160 161 162 163 164 165 166 167 168 169 170 171 172 173 174 175 176 177 178 179 180 181 182 183 184 185 186 187 188 189 190 191 192 193 194 195 196 197 198 199 200 201 202 203 204 205 206 207 208 209 210 211 212 213 214 215 216 217 218 219 220 221 222 223 224 225 226 227 228 229 230 231 232 233 234 235 236 237 238 239 240 241 242 243 244 245 246 247 248 249 250 251 252 253 254 255] first leader=0 firstSN=0 lastSN=255 len=256 length=256 segId=0
00:51:37.821 INF Starting new view. segID=0 timeout=60000 view=0
00:51:37.823 INF Starting PBFT instance. first=0 last=255 segID=0
00:51:37.824 INF Starting serialized message processing. segID=0
00:51:38.842 INF Handling PREPREPARE. nReq=0 senderID=0 sn=0
00:51:38.849 INF Committed entry. latency=0 nReq=0 sn=0
00:51:38.850 INF Delivered batch. nReq=0 sn=0
00:51:39.833 INF Handling PREPREPARE. nReq=0 senderID=0 sn=1
00:51:39.838 INF Committed entry. latency=0 nReq=0 sn=1
00:51:39.840 INF Delivered batch. nReq=0 sn=1
00:51:39.957 INF Incoming connection for requests. addr=127.0.0.1:46076
00:51:40.879 INF Handling PREPREPARE. nReq=208 senderID=0 sn=2
00:51:41.020 INF Committed entry. latency=0 nReq=208 sn=2
00:51:41.020 INF Delivered batch. nReq=208 sn=2
00:51:41.914 INF Handling PREPREPARE. nReq=261 senderID=0 sn=3
00:51:42.018 INF Committed entry. latency=0 nReq=261 sn=3
00:51:42.019 INF Delivered batch. nReq=261 sn=3
00:51:42.937 INF Handling PREPREPARE. nReq=259 senderID=0 sn=4
00:51:43.080 INF Committed entry. latency=0 nReq=259 sn=4
00:51:43.080 INF Delivered batch. nReq=259 sn=4
00:51:43.955 INF Handling PREPREPARE. nReq=260 senderID=0 sn=5
00:51:44.060 INF Committed entry. latency=0 nReq=260 sn=5
00:51:44.060 INF Delivered batch. nReq=260 sn=5
00:51:44.954 INF Handling PREPREPARE. nReq=259 senderID=0 sn=6
00:51:45.050 INF Committed entry. latency=0 nReq=259 sn=6
00:51:45.054 INF Delivered batch. nReq=259 sn=6
00:51:45.969 INF Handling PREPREPARE. nReq=260 senderID=0 sn=7
00:51:46.058 INF Committed entry. latency=0 nReq=260 sn=7
00:51:46.058 INF Delivered batch. nReq=260 sn=7
00:51:46.959 INF Handling PREPREPARE. nReq=256 senderID=0 sn=8
00:51:47.093 INF Committed entry. latency=0 nReq=256 sn=8
00:51:47.101 INF Delivered batch. nReq=256 sn=8
00:51:48.005 INF Handling PREPREPARE. nReq=259 senderID=0 sn=9
00:51:48.127 INF Committed entry. latency=0 nReq=259 sn=9
00:51:48.127 INF Delivered batch. nReq=259 sn=9
00:51:49.019 INF Handling PREPREPARE. nReq=262 senderID=0 sn=10
00:51:49.103 INF Committed entry. latency=0 nReq=262 sn=10
00:51:49.104 INF Delivered batch. nReq=262 sn=10
00:51:50.007 INF Handling PREPREPARE. nReq=257 senderID=0 sn=11
00:51:50.099 INF Committed entry. latency=0 nReq=257 sn=11
00:51:50.099 INF Delivered batch. nReq=257 sn=11
00:51:51.004 INF Handling PREPREPARE. nReq=256 senderID=0 sn=12
00:51:51.103 INF Committed entry. latency=0 nReq=256 sn=12
00:51:51.104 INF Delivered batch. nReq=256 sn=12
00:51:52.010 INF Handling PREPREPARE. nReq=259 senderID=0 sn=13
00:51:52.122 INF Committed entry. latency=0 nReq=259 sn=13
00:51:52.130 INF Delivered batch. nReq=259 sn=13
00:51:53.039 INF Handling PREPREPARE. nReq=261 senderID=0 sn=14
00:51:53.123 INF Committed entry. latency=0 nReq=261 sn=14
00:51:53.124 INF Delivered batch. nReq=261 sn=14
00:51:54.062 INF Handling PREPREPARE. nReq=262 senderID=0 sn=15
00:51:54.142 INF Committed entry. latency=0 nReq=262 sn=15
00:51:54.143 INF Delivered batch. nReq=262 sn=15
00:51:55.085 INF Handling PREPREPARE. nReq=262 senderID=0 sn=16
00:51:55.172 INF Committed entry. latency=0 nReq=262 sn=16
00:51:55.173 INF Delivered batch. nReq=262 sn=16
00:51:56.087 INF Handling PREPREPARE. nReq=256 senderID=0 sn=17
00:51:56.179 INF Committed entry. latency=0 nReq=256 sn=17
00:51:56.179 INF Delivered batch. nReq=256 sn=17
00:51:57.083 INF Handling PREPREPARE. nReq=257 senderID=0 sn=18
00:51:57.179 INF Committed entry. latency=0 nReq=257 sn=18
00:51:57.179 INF Delivered batch. nReq=257 sn=18
00:51:58.085 INF Handling PREPREPARE. nReq=256 senderID=0 sn=19
00:51:58.177 INF Committed entry. latency=0 nReq=256 sn=19
00:51:58.177 INF Delivered batch. nReq=256 sn=19
00:51:59.111 INF Handling PREPREPARE. nReq=259 senderID=0 sn=20
00:51:59.199 INF Committed entry. latency=0 nReq=259 sn=20
00:51:59.200 INF Delivered batch. nReq=259 sn=20
00:52:00.124 INF Handling PREPREPARE. nReq=260 senderID=0 sn=21
00:52:00.203 INF Committed entry. latency=0 nReq=260 sn=21
00:52:00.203 INF Delivered batch. nReq=260 sn=21
00:52:01.116 INF Handling PREPREPARE. nReq=257 senderID=0 sn=22
00:52:01.203 INF Committed entry. latency=0 nReq=257 sn=22
00:52:01.203 INF Delivered batch. nReq=257 sn=22
00:52:02.124 INF Handling PREPREPARE. nReq=259 senderID=0 sn=23
00:52:02.219 INF Committed entry. latency=0 nReq=259 sn=23
00:52:02.222 INF Delivered batch. nReq=259 sn=23
00:52:03.129 INF Handling PREPREPARE. nReq=256 senderID=0 sn=24
00:52:03.202 INF Committed entry. latency=0 nReq=256 sn=24
00:52:03.204 INF Delivered batch. nReq=256 sn=24
00:52:04.149 INF Handling PREPREPARE. nReq=260 senderID=0 sn=25
00:52:04.273 INF Committed entry. latency=0 nReq=260 sn=25
00:52:04.275 INF Delivered batch. nReq=260 sn=25
00:52:05.154 INF Handling PREPREPARE. nReq=256 senderID=0 sn=26
00:52:05.246 INF Committed entry. latency=0 nReq=256 sn=26
00:52:05.248 INF Delivered batch. nReq=256 sn=26
00:52:06.163 INF Handling PREPREPARE. nReq=260 senderID=0 sn=27
00:52:06.247 INF Committed entry. latency=0 nReq=260 sn=27
00:52:06.249 INF Delivered batch. nReq=260 sn=27
00:52:07.194 INF Handling PREPREPARE. nReq=262 senderID=0 sn=28
00:52:07.322 INF Committed entry. latency=0 nReq=262 sn=28
00:52:07.322 INF Delivered batch. nReq=262 sn=28
00:52:08.185 INF Handling PREPREPARE. nReq=256 senderID=0 sn=29
00:52:08.266 INF Committed entry. latency=0 nReq=256 sn=29
00:52:08.268 INF Delivered batch. nReq=256 sn=29
00:52:09.245 INF Handling PREPREPARE. nReq=262 senderID=0 sn=30
00:52:09.338 INF Committed entry. latency=0 nReq=262 sn=30
00:52:09.338 INF Delivered batch. nReq=262 sn=30
00:52:10.219 INF Handling PREPREPARE. nReq=225 senderID=0 sn=31
00:52:10.298 INF Committed entry. latency=0 nReq=225 sn=31
00:52:10.299 INF Delivered batch. nReq=225 sn=31
00:52:11.031 INF Connection terminated. error="rpc error: code = Canceled desc = context canceled" address=127.0.0.1:46076
00:52:11.032 INF Finished sending bucket assignments to client. clId=0
00:52:11.191 INF Handling PREPREPARE. nReq=0 senderID=0 sn=32
00:52:11.196 INF Committed entry. latency=0 nReq=0 sn=32
00:52:11.196 INF Delivered batch. nReq=0 sn=32
00:52:11.547 INF Stopping Tracer. events=106 fileName=experiment-output/0003/slave-004/peer.trc
==================
WARNING: DATA RACE
Read at 0x00c000733068 by goroutine 89:
  github.com/hyperledger-labs/mirbft/tracing.(*BufferedTrace).Stop()
      /opt/gopath/src/github.com/hyperledger-labs/mirbft/tracing/bufferedtrace.go:238 +0x30e
  github.com/hyperledger-labs/mirbft/tracing.(*BufferedTrace).StopOnSignal.func1()
      /opt/gopath/src/github.com/hyperledger-labs/mirbft/tracing/bufferedtrace.go:299 +0x4e

Previous write at 0x00c000733068 by goroutine 88:
  github.com/hyperledger-labs/mirbft/tracing.(*BufferedTrace).Event()
      /opt/gopath/src/github.com/hyperledger-labs/mirbft/tracing/bufferedtrace.go:106 +0x2cd
  github.com/hyperledger-labs/mirbft/profiling.StartCPUTracing.func1()
      /opt/gopath/src/github.com/hyperledger-labs/mirbft/profiling/cpuusage.go:31 +0x95

Goroutine 89 (running) created at:
  github.com/hyperledger-labs/mirbft/tracing.(*BufferedTrace).StopOnSignal()
      /opt/gopath/src/github.com/hyperledger-labs/mirbft/tracing/bufferedtrace.go:293 +0x178
  main.setUpTracing()
      /opt/gopath/src/github.com/hyperledger-labs/mirbft/cmd/orderingpeer/main.go:204 +0xf5
  main.main()
      /opt/gopath/src/github.com/hyperledger-labs/mirbft/cmd/orderingpeer/main.go:98 +0x9e4

Goroutine 88 (running) created at:
  github.com/hyperledger-labs/mirbft/profiling.StartCPUTracing()
      /opt/gopath/src/github.com/hyperledger-labs/mirbft/profiling/cpuusage.go:28 +0xb9
  main.setUpTracing()
      /opt/gopath/src/github.com/hyperledger-labs/mirbft/cmd/orderingpeer/main.go:196 +0x85
  main.main()
      /opt/gopath/src/github.com/hyperledger-labs/mirbft/cmd/orderingpeer/main.go:98 +0x9e4
==================
00:52:11.552 INF Trace data written.
00:52:11.546 INF Stopping profiler.
00:52:11.715 INF Profile data written. filename=experiment-output/0003/slave-004/prof.cpu name=cpu
00:52:11.821 INF Profile data written. filename=experiment-output/0003/slave-004/prof.block name=block
00:52:11.862 INF Profile data written. filename=experiment-output/0003/slave-004/prof.mutex name=mutex
