{"level":"debug","Logging":"info","time":"2024-02-26T00:51:36+08:00","message":"Config"}
{"level":"debug","UseTLS":false,"time":"2024-02-26T00:51:36+08:00","message":"Config"}
{"level":"debug","CACertFile":"tls-data/ca.pem","time":"2024-02-26T00:51:36+08:00","message":"Config"}
{"level":"debug","KeyFile":"tls-data/auth.key","time":"2024-02-26T00:51:36+08:00","message":"Config"}
{"level":"debug","CertFile":"tls-data/auth.pem","time":"2024-02-26T00:51:36+08:00","message":"Config"}
{"level":"debug","PriorityConnections":2,"time":"2024-02-26T00:51:36+08:00","message":"Config"}
{"level":"debug","BasicConnections":4,"time":"2024-02-26T00:51:36+08:00","message":"Config"}
{"level":"debug","TestConnections":false,"time":"2024-02-26T00:51:36+08:00","message":"Config"}
{"level":"debug","ExcessConnections":1,"time":"2024-02-26T00:51:36+08:00","message":"Config"}
{"level":"debug","ConnectionTestMsgs":4,"time":"2024-02-26T00:51:36+08:00","message":"Config"}
{"level":"debug","ConnectionTestPayload":131072,"time":"2024-02-26T00:51:36+08:00","message":"Config"}
{"level":"debug","OutMessageBufsize":1024,"time":"2024-02-26T00:51:36+08:00","message":"Config"}
{"level":"debug","OutMessageBufsize":1,"time":"2024-02-26T00:51:36+08:00","message":"Config"}
{"level":"debug","ThroughputCap":131072000,"time":"2024-02-26T00:51:36+08:00","message":"Config"}
{"level":"debug","StragglerTolerance":1000,"time":"2024-02-26T00:51:36+08:00","message":"Config"}
{"level":"debug","BatchSizeIncrement":256,"time":"2024-02-26T00:51:36+08:00","message":"Config"}
{"level":"debug","Orderer":"Pbft","time":"2024-02-26T00:51:36+08:00","message":"Config"}
{"level":"debug","Manager":"Mir","time":"2024-02-26T00:51:36+08:00","message":"Config"}
{"level":"debug","Failures":0,"time":"2024-02-26T00:51:36+08:00","message":"Config"}
{"level":"debug","CrashTiming":"EpochStart","time":"2024-02-26T00:51:36+08:00","message":"Config"}
{"level":"debug","CheckpointInterval":256,"time":"2024-02-26T00:51:36+08:00","message":"Config"}
{"level":"debug","WatermarkWindowSize":256,"time":"2024-02-26T00:51:36+08:00","message":"Config"}
{"level":"debug","EpochLength":256,"time":"2024-02-26T00:51:36+08:00","message":"Config"}
{"level":"debug","SegmentLength":256,"time":"2024-02-26T00:51:36+08:00","message":"Config"}
{"level":"debug","WaitForCheckpoints":true,"time":"2024-02-26T00:51:36+08:00","message":"Config"}
{"level":"debug","ClientWatermarkWindowSize":4194304,"time":"2024-02-26T00:51:36+08:00","message":"Config"}
{"level":"debug","ClientRequestBacklogSize":4194304,"time":"2024-02-26T00:51:36+08:00","message":"Config"}
{"level":"debug","RandomSeed":26660,"time":"2024-02-26T00:51:36+08:00","message":"Config"}
{"level":"debug","NodeToLeaderRatio":1,"time":"2024-02-26T00:51:36+08:00","message":"Config"}
{"level":"debug","LeaderPolicy":"Single","time":"2024-02-26T00:51:36+08:00","message":"Config"}
{"level":"debug","DefaultLeaderBan":2,"time":"2024-02-26T00:51:36+08:00","message":"Config"}
{"level":"debug","NumBuckets":16,"time":"2024-02-26T00:51:36+08:00","message":"Config"}
{"level":"debug","BatchSize":1000,"time":"2024-02-26T00:51:36+08:00","message":"Config"}
{"level":"debug","DisabledViewChange":false,"time":"2024-02-26T00:51:36+08:00","message":"Config"}
{"level":"debug","ViewChangeTimeout":60000,"time":"2024-02-26T00:51:36+08:00","message":"Config"}
{"level":"debug","ClientTraceSampling":10,"time":"2024-02-26T00:51:36+08:00","message":"Config"}
{"level":"debug","EventBufferSize":2097152,"time":"2024-02-26T00:51:36+08:00","message":"Config"}
{"level":"debug","TraceSampling":1,"time":"2024-02-26T00:51:36+08:00","message":"Config"}
{"level":"debug","ClientsPerProcess":1,"time":"2024-02-26T00:51:36+08:00","message":"Config"}
{"level":"debug","RequestsPerClient":15360,"time":"2024-02-26T00:51:36+08:00","message":"Config"}
{"level":"debug","ClientRunTime":30000,"time":"2024-02-26T00:51:36+08:00","message":"Config"}
{"level":"debug","RequestRate":256,"time":"2024-02-26T00:51:36+08:00","message":"Config"}
{"level":"debug","HardRequestRateLimit":false,"time":"2024-02-26T00:51:36+08:00","message":"Config"}
{"level":"debug","RequestPayloadSize":500,"time":"2024-02-26T00:51:36+08:00","message":"Config"}
{"level":"debug","SignRequests":true,"time":"2024-02-26T00:51:36+08:00","message":"Config"}
{"level":"debug","ClientPrivKeyFile":"tls-data/client-ecdsa-256.key","time":"2024-02-26T00:51:36+08:00","message":"Config"}
{"level":"debug","ClientPubKeyFile":"tls-data/client-ecdsa-256.pem","time":"2024-02-26T00:51:36+08:00","message":"Config"}
{"level":"debug","PrecomputeRequests":false,"time":"2024-02-26T00:51:36+08:00","message":"Config"}
{"level":"debug","RequestHandlerThreads":32,"time":"2024-02-26T00:51:36+08:00","message":"Config"}
{"level":"debug","RequestInputChannelBuffer":8192,"time":"2024-02-26T00:51:36+08:00","message":"Config"}
{"level":"debug","BatchVerifier":"external","time":"2024-02-26T00:51:36+08:00","message":"Config"}
00:51:36.701 INF Registered with discovery server. numPeers=4 ownID=3
00:51:36.702 INF Profiling enabled.
00:51:36.703 INF Setting up profiling.
00:51:36.704 INF Started Profiler: CPU
00:51:36.705 INF Started Profiler: BLOCK
00:51:36.705 INF Started Profiler: MUTEX
00:51:36.705 INF Profiler will stop on signal. exit=true
00:51:36.722 INF Tracing will stop on signal. exit=false
00:51:36.730 INF Started tracing. traceFile=experiment-output/0003/slave-001/peer.trc
00:51:36.731 INF Connecting to peer. addr=127.0.0.1:10022 basicConns=4 priorityConns=2
00:51:36.732 INF Connecting to peer. addr=127.0.0.1:10033 basicConns=4 priorityConns=2
00:51:36.734 INF Listening for connections. port=10033 useTLS=false
00:51:36.734 INF Connecting to peer. addr=127.0.0.1:10000 basicConns=4 priorityConns=2
00:51:36.735 INF Connecting to peer. addr=127.0.0.1:10011 basicConns=4 priorityConns=2
00:51:36.833 INF Incoming connection for protocol messages. addr=127.0.0.1:50024
00:51:36.834 INF Incoming connection for protocol messages. addr=127.0.0.1:50008
00:51:36.837 INF Incoming connection for protocol messages. addr=127.0.0.1:49986
00:51:36.841 INF Incoming connection for protocol messages. addr=127.0.0.1:50002
00:51:36.852 INF Incoming connection for protocol messages. addr=127.0.0.1:50082
00:51:36.853 INF Incoming connection for protocol messages. addr=127.0.0.1:50050
00:51:36.854 INF Incoming connection for protocol messages. addr=127.0.0.1:50104
00:51:36.862 INF Incoming connection for protocol messages. addr=127.0.0.1:50132
00:51:36.863 INF Incoming connection for protocol messages. addr=127.0.0.1:50116
00:51:36.863 INF Incoming connection for protocol messages. addr=127.0.0.1:49978
00:51:36.865 INF Incoming connection for protocol messages. addr=127.0.0.1:50072
00:51:36.866 INF Incoming connection for protocol messages. addr=127.0.0.1:50140
00:51:36.872 INF Incoming connection for protocol messages. addr=127.0.0.1:50034
00:51:36.873 INF Incoming connection for protocol messages. addr=127.0.0.1:50142
00:51:36.873 INF Incoming connection for protocol messages. addr=127.0.0.1:50158
00:51:36.874 INF Incoming connection for protocol messages. addr=127.0.0.1:50174
00:51:36.877 INF Incoming connection for protocol messages. addr=127.0.0.1:50152
00:51:36.887 INF Incoming connection for protocol messages. addr=127.0.0.1:50188
00:51:36.887 INF Incoming connection for protocol messages. addr=127.0.0.1:50088
00:51:36.893 INF Connected to all peers.
00:51:36.895 INF Incoming connection for protocol messages. addr=127.0.0.1:50060
00:51:37.732 INF Incoming connection for protocol messages. addr=127.0.0.1:50190
00:51:37.744 INF Incoming connection for protocol messages. addr=127.0.0.1:50204
00:51:37.750 INF Incoming connection for protocol messages. addr=127.0.0.1:50216
00:51:37.751 INF Incoming connection for protocol messages. addr=127.0.0.1:50232
00:51:37.817 INF All peers finished connecting. Starting ISS.
00:51:37.819 INF PbftOrderer received a new segment: [0 1 2 3 4 5 6 7 8 9 10 11 12 13 14 15 16 17 18 19 20 21 22 23 24 25 26 27 28 29 30 31 32 33 34 35 36 37 38 39 40 41 42 43 44 45 46 47 48 49 50 51 52 53 54 55 56 57 58 59 60 61 62 63 64 65 66 67 68 69 70 71 72 73 74 75 76 77 78 79 80 81 82 83 84 85 86 87 88 89 90 91 92 93 94 95 96 97 98 99 100 101 102 103 104 105 106 107 108 109 110 111 112 113 114 115 116 117 118 119 120 121 122 123 124 125 126 127 128 129 130 131 132 133 134 135 136 137 138 139 140 141 142 143 144 145 146 147 148 149 150 151 152 153 154 155 156 157 158 159 160 161 162 163 164 165 166 167 168 169 170 171 172 173 174 175 176 177 178 179 180 181 182 183 184 185 186 187 188 189 190 191 192 193 194 195 196 197 198 199 200 201 202 203 204 205 206 207 208 209 210 211 212 213 214 215 216 217 218 219 220 221 222 223 224 225 226 227 228 229 230 231 232 233 234 235 236 237 238 239 240 241 242 243 244 245 246 247 248 249 250 251 252 253 254 255] first leader=0 firstSN=0 lastSN=255 len=256 length=256 segId=0
00:51:37.820 INF Starting new view. segID=0 timeout=60000 view=0
00:51:37.825 INF Starting PBFT instance. first=0 last=255 segID=0
00:51:37.825 INF Starting serialized message processing. segID=0
00:51:38.842 INF Handling PREPREPARE. nReq=0 senderID=0 sn=0
00:51:38.848 INF Committed entry. latency=0 nReq=0 sn=0
00:51:38.849 INF Delivered batch. nReq=0 sn=0
00:51:39.832 INF Handling PREPREPARE. nReq=0 senderID=0 sn=1
00:51:39.839 INF Committed entry. latency=0 nReq=0 sn=1
00:51:39.839 INF Delivered batch. nReq=0 sn=1
00:51:39.948 INF Incoming connection for requests. addr=127.0.0.1:51662
00:51:40.887 INF Handling PREPREPARE. nReq=208 senderID=0 sn=2
00:51:41.022 INF Committed entry. latency=0 nReq=208 sn=2
00:51:41.022 INF Delivered batch. nReq=208 sn=2
00:51:41.919 INF Handling PREPREPARE. nReq=261 senderID=0 sn=3
00:51:42.019 INF Committed entry. latency=0 nReq=261 sn=3
00:51:42.020 INF Delivered batch. nReq=261 sn=3
00:51:42.927 INF Handling PREPREPARE. nReq=259 senderID=0 sn=4
00:51:43.026 INF Committed entry. latency=0 nReq=259 sn=4
00:51:43.026 INF Delivered batch. nReq=259 sn=4
00:51:43.955 INF Handling PREPREPARE. nReq=260 senderID=0 sn=5
00:51:44.063 INF Committed entry. latency=0 nReq=260 sn=5
00:51:44.064 INF Delivered batch. nReq=260 sn=5
00:51:44.952 INF Handling PREPREPARE. nReq=259 senderID=0 sn=6
00:51:45.049 INF Committed entry. latency=0 nReq=259 sn=6
00:51:45.049 INF Delivered batch. nReq=259 sn=6
00:51:45.976 INF Handling PREPREPARE. nReq=260 senderID=0 sn=7
00:51:46.102 INF Committed entry. latency=0 nReq=260 sn=7
00:51:46.102 INF Delivered batch. nReq=260 sn=7
00:51:46.958 INF Handling PREPREPARE. nReq=256 senderID=0 sn=8
00:51:47.057 INF Committed entry. latency=0 nReq=256 sn=8
00:51:47.057 INF Delivered batch. nReq=256 sn=8
00:51:48.018 INF Handling PREPREPARE. nReq=259 senderID=0 sn=9
00:51:48.128 INF Committed entry. latency=0 nReq=259 sn=9
00:51:48.129 INF Delivered batch. nReq=259 sn=9
00:51:49.001 INF Handling PREPREPARE. nReq=262 senderID=0 sn=10
00:51:49.100 INF Committed entry. latency=0 nReq=262 sn=10
00:51:49.100 INF Delivered batch. nReq=262 sn=10
00:51:50.004 INF Handling PREPREPARE. nReq=257 senderID=0 sn=11
00:51:50.110 INF Committed entry. latency=0 nReq=257 sn=11
00:51:50.110 INF Delivered batch. nReq=257 sn=11
00:51:51.021 INF Handling PREPREPARE. nReq=256 senderID=0 sn=12
00:51:51.121 INF Committed entry. latency=0 nReq=256 sn=12
00:51:51.122 INF Delivered batch. nReq=256 sn=12
00:51:52.024 INF Handling PREPREPARE. nReq=259 senderID=0 sn=13
00:51:52.105 INF Committed entry. latency=0 nReq=259 sn=13
00:51:52.105 INF Delivered batch. nReq=259 sn=13
00:51:53.045 INF Handling PREPREPARE. nReq=261 senderID=0 sn=14
00:51:53.134 INF Committed entry. latency=0 nReq=261 sn=14
00:51:53.134 INF Delivered batch. nReq=261 sn=14
00:51:54.065 INF Handling PREPREPARE. nReq=262 senderID=0 sn=15
00:51:54.162 INF Committed entry. latency=0 nReq=262 sn=15
00:51:54.162 INF Delivered batch. nReq=262 sn=15
00:51:55.080 INF Handling PREPREPARE. nReq=262 senderID=0 sn=16
00:51:55.174 INF Committed entry. latency=0 nReq=262 sn=16
00:51:55.175 INF Delivered batch. nReq=262 sn=16
00:51:56.081 INF Handling PREPREPARE. nReq=256 senderID=0 sn=17
00:51:56.184 INF Committed entry. latency=0 nReq=256 sn=17
00:51:56.185 INF Delivered batch. nReq=256 sn=17
00:51:57.095 INF Handling PREPREPARE. nReq=257 senderID=0 sn=18
00:51:57.173 INF Committed entry. latency=0 nReq=257 sn=18
00:51:57.174 INF Delivered batch. nReq=257 sn=18
00:51:58.092 INF Handling PREPREPARE. nReq=256 senderID=0 sn=19
00:51:58.178 INF Committed entry. latency=0 nReq=256 sn=19
00:51:58.178 INF Delivered batch. nReq=256 sn=19
00:51:59.102 INF Handling PREPREPARE. nReq=259 senderID=0 sn=20
00:51:59.202 INF Committed entry. latency=0 nReq=259 sn=20
00:51:59.209 INF Delivered batch. nReq=259 sn=20
00:52:00.118 INF Handling PREPREPARE. nReq=260 senderID=0 sn=21
00:52:00.228 INF Committed entry. latency=0 nReq=260 sn=21
00:52:00.229 INF Delivered batch. nReq=260 sn=21
00:52:01.121 INF Handling PREPREPARE. nReq=257 senderID=0 sn=22
00:52:01.203 INF Committed entry. latency=0 nReq=257 sn=22
00:52:01.203 INF Delivered batch. nReq=257 sn=22
00:52:02.123 INF Handling PREPREPARE. nReq=259 senderID=0 sn=23
00:52:02.218 INF Committed entry. latency=0 nReq=259 sn=23
00:52:02.219 INF Delivered batch. nReq=259 sn=23
00:52:03.132 INF Handling PREPREPARE. nReq=256 senderID=0 sn=24
00:52:03.259 INF Committed entry. latency=0 nReq=256 sn=24
00:52:03.261 INF Delivered batch. nReq=256 sn=24
00:52:04.142 INF Handling PREPREPARE. nReq=260 senderID=0 sn=25
00:52:04.228 INF Committed entry. latency=0 nReq=260 sn=25
00:52:04.229 INF Delivered batch. nReq=260 sn=25
00:52:05.146 INF Handling PREPREPARE. nReq=256 senderID=0 sn=26
00:52:05.230 INF Committed entry. latency=0 nReq=256 sn=26
00:52:05.231 INF Delivered batch. nReq=256 sn=26
00:52:06.165 INF Handling PREPREPARE. nReq=260 senderID=0 sn=27
00:52:06.266 INF Committed entry. latency=0 nReq=260 sn=27
00:52:06.267 INF Delivered batch. nReq=260 sn=27
00:52:07.212 INF Handling PREPREPARE. nReq=262 senderID=0 sn=28
00:52:07.290 INF Committed entry. latency=0 nReq=262 sn=28
00:52:07.290 INF Delivered batch. nReq=262 sn=28
00:52:08.192 INF Handling PREPREPARE. nReq=256 senderID=0 sn=29
00:52:08.290 INF Committed entry. latency=0 nReq=256 sn=29
00:52:08.291 INF Delivered batch. nReq=256 sn=29
00:52:09.251 INF Handling PREPREPARE. nReq=262 senderID=0 sn=30
00:52:09.349 INF Committed entry. latency=0 nReq=262 sn=30
00:52:09.349 INF Delivered batch. nReq=262 sn=30
00:52:10.219 INF Handling PREPREPARE. nReq=225 senderID=0 sn=31
00:52:10.280 INF Committed entry. latency=0 nReq=225 sn=31
00:52:10.280 INF Delivered batch. nReq=225 sn=31
00:52:11.029 INF Connection terminated. error="rpc error: code = Canceled desc = context canceled" address=127.0.0.1:51662
00:52:11.031 INF Finished sending bucket assignments to client. clId=0
00:52:11.190 INF Handling PREPREPARE. nReq=0 senderID=0 sn=32
00:52:11.194 INF Committed entry. latency=0 nReq=0 sn=32
00:52:11.194 INF Delivered batch. nReq=0 sn=32
00:52:11.550 INF Stopping profiler.
00:52:11.551 INF Stopping Tracer. events=106 fileName=experiment-output/0003/slave-001/peer.trc
==================
WARNING: DATA RACE
Read at 0x00c0007a1068 by goroutine 89:
  github.com/hyperledger-labs/mirbft/tracing.(*BufferedTrace).Stop()
      /opt/gopath/src/github.com/hyperledger-labs/mirbft/tracing/bufferedtrace.go:238 +0x30e
  github.com/hyperledger-labs/mirbft/tracing.(*BufferedTrace).StopOnSignal.func1()
      /opt/gopath/src/github.com/hyperledger-labs/mirbft/tracing/bufferedtrace.go:299 +0x4e

Previous write at 0x00c0007a1068 by goroutine 88:
  github.com/hyperledger-labs/mirbft/tracing.(*BufferedTrace).Event()
      /opt/gopath/src/github.com/hyperledger-labs/mirbft/tracing/bufferedtrace.go:106 +0x2cd
  github.com/hyperledger-labs/mirbft/profiling.StartCPUTracing.func1()
      /opt/gopath/src/github.com/hyperledger-labs/mirbft/profiling/cpuusage.go:31 +0x95

Goroutine 89 (running) created at:
  github.com/hyperledger-labs/mirbft/tracing.(*BufferedTrace).StopOnSignal()
      /opt/gopath/src/github.com/hyperledger-labs/mirbft/tracing/bufferedtrace.go:293 +0x178
  main.setUpTracing()
      /opt/gopath/src/github.com/hyperledger-labs/mirbft/cmd/orderingpeer/main.go:204 +0xf5
  main.main()
      /opt/gopath/src/github.com/hyperledger-labs/mirbft/cmd/orderingpeer/main.go:98 +0x9e4

Goroutine 88 (running) created at:
  github.com/hyperledger-labs/mirbft/profiling.StartCPUTracing()
      /opt/gopath/src/github.com/hyperledger-labs/mirbft/profiling/cpuusage.go:28 +0xb9
  main.setUpTracing()
      /opt/gopath/src/github.com/hyperledger-labs/mirbft/cmd/orderingpeer/main.go:196 +0x85
  main.main()
      /opt/gopath/src/github.com/hyperledger-labs/mirbft/cmd/orderingpeer/main.go:98 +0x9e4
==================
00:52:11.556 INF Trace data written.
00:52:11.785 INF Profile data written. filename=experiment-output/0003/slave-001/prof.cpu name=cpu
00:52:11.918 INF Connection terminated. error="rpc error: code = Canceled desc = context canceled" address=127.0.0.1:50204
00:52:11.919 INF Connection terminated. error="rpc error: code = Canceled desc = context canceled" address=127.0.0.1:50104
00:52:11.920 INF Connection terminated. error="rpc error: code = Canceled desc = context canceled" address=127.0.0.1:50072
00:52:11.920 INF Connection terminated. error="rpc error: code = Canceled desc = context canceled" address=127.0.0.1:50082
00:52:11.923 INF Connection terminated. error="rpc error: code = Canceled desc = context canceled" address=127.0.0.1:49986
00:52:11.923 INF Connection terminated. error="rpc error: code = Canceled desc = context canceled" address=127.0.0.1:49978
00:52:11.938 INF Profile data written. filename=experiment-output/0003/slave-001/prof.block name=block
00:52:11.967 INF Profile data written. filename=experiment-output/0003/slave-001/prof.mutex name=mutex
