{"level":"debug","Logging":"info","time":"2024-02-26T00:51:36+08:00","message":"Config"}
{"level":"debug","UseTLS":false,"time":"2024-02-26T00:51:36+08:00","message":"Config"}
{"level":"debug","CACertFile":"tls-data/ca.pem","time":"2024-02-26T00:51:36+08:00","message":"Config"}
{"level":"debug","KeyFile":"tls-data/auth.key","time":"2024-02-26T00:51:36+08:00","message":"Config"}
{"level":"debug","CertFile":"tls-data/auth.pem","time":"2024-02-26T00:51:36+08:00","message":"Config"}
{"level":"debug","PriorityConnections":2,"time":"2024-02-26T00:51:36+08:00","message":"Config"}
{"level":"debug","BasicConnections":4,"time":"2024-02-26T00:51:36+08:00","message":"Config"}
{"level":"debug","TestConnections":false,"time":"2024-02-26T00:51:36+08:00","message":"Config"}
{"level":"debug","ExcessConnections":1,"time":"2024-02-26T00:51:36+08:00","message":"Config"}
{"level":"debug","ConnectionTestMsgs":4,"time":"2024-02-26T00:51:36+08:00","message":"Config"}
{"level":"debug","ConnectionTestPayload":131072,"time":"2024-02-26T00:51:36+08:00","message":"Config"}
{"level":"debug","OutMessageBufsize":1024,"time":"2024-02-26T00:51:36+08:00","message":"Config"}
{"level":"debug","OutMessageBufsize":1,"time":"2024-02-26T00:51:36+08:00","message":"Config"}
{"level":"debug","ThroughputCap":131072000,"time":"2024-02-26T00:51:36+08:00","message":"Config"}
{"level":"debug","StragglerTolerance":1000,"time":"2024-02-26T00:51:36+08:00","message":"Config"}
{"level":"debug","BatchSizeIncrement":256,"time":"2024-02-26T00:51:36+08:00","message":"Config"}
{"level":"debug","Orderer":"Pbft","time":"2024-02-26T00:51:36+08:00","message":"Config"}
{"level":"debug","Manager":"Mir","time":"2024-02-26T00:51:36+08:00","message":"Config"}
{"level":"debug","Failures":0,"time":"2024-02-26T00:51:36+08:00","message":"Config"}
{"level":"debug","CrashTiming":"EpochStart","time":"2024-02-26T00:51:36+08:00","message":"Config"}
{"level":"debug","CheckpointInterval":256,"time":"2024-02-26T00:51:36+08:00","message":"Config"}
{"level":"debug","WatermarkWindowSize":256,"time":"2024-02-26T00:51:36+08:00","message":"Config"}
{"level":"debug","EpochLength":256,"time":"2024-02-26T00:51:36+08:00","message":"Config"}
{"level":"debug","SegmentLength":256,"time":"2024-02-26T00:51:36+08:00","message":"Config"}
{"level":"debug","WaitForCheckpoints":true,"time":"2024-02-26T00:51:36+08:00","message":"Config"}
{"level":"debug","ClientWatermarkWindowSize":4194304,"time":"2024-02-26T00:51:36+08:00","message":"Config"}
{"level":"debug","ClientRequestBacklogSize":4194304,"time":"2024-02-26T00:51:36+08:00","message":"Config"}
{"level":"debug","RandomSeed":26660,"time":"2024-02-26T00:51:36+08:00","message":"Config"}
{"level":"debug","NodeToLeaderRatio":1,"time":"2024-02-26T00:51:36+08:00","message":"Config"}
{"level":"debug","LeaderPolicy":"Single","time":"2024-02-26T00:51:36+08:00","message":"Config"}
{"level":"debug","DefaultLeaderBan":2,"time":"2024-02-26T00:51:36+08:00","message":"Config"}
{"level":"debug","NumBuckets":16,"time":"2024-02-26T00:51:36+08:00","message":"Config"}
{"level":"debug","BatchSize":1000,"time":"2024-02-26T00:51:36+08:00","message":"Config"}
{"level":"debug","DisabledViewChange":false,"time":"2024-02-26T00:51:36+08:00","message":"Config"}
{"level":"debug","ViewChangeTimeout":60000,"time":"2024-02-26T00:51:36+08:00","message":"Config"}
{"level":"debug","ClientTraceSampling":10,"time":"2024-02-26T00:51:36+08:00","message":"Config"}
{"level":"debug","EventBufferSize":2097152,"time":"2024-02-26T00:51:36+08:00","message":"Config"}
{"level":"debug","TraceSampling":1,"time":"2024-02-26T00:51:36+08:00","message":"Config"}
{"level":"debug","ClientsPerProcess":1,"time":"2024-02-26T00:51:36+08:00","message":"Config"}
{"level":"debug","RequestsPerClient":15360,"time":"2024-02-26T00:51:36+08:00","message":"Config"}
{"level":"debug","ClientRunTime":30000,"time":"2024-02-26T00:51:36+08:00","message":"Config"}
{"level":"debug","RequestRate":256,"time":"2024-02-26T00:51:36+08:00","message":"Config"}
{"level":"debug","HardRequestRateLimit":false,"time":"2024-02-26T00:51:36+08:00","message":"Config"}
{"level":"debug","RequestPayloadSize":500,"time":"2024-02-26T00:51:36+08:00","message":"Config"}
{"level":"debug","SignRequests":true,"time":"2024-02-26T00:51:36+08:00","message":"Config"}
{"level":"debug","ClientPrivKeyFile":"tls-data/client-ecdsa-256.key","time":"2024-02-26T00:51:36+08:00","message":"Config"}
{"level":"debug","ClientPubKeyFile":"tls-data/client-ecdsa-256.pem","time":"2024-02-26T00:51:36+08:00","message":"Config"}
{"level":"debug","PrecomputeRequests":false,"time":"2024-02-26T00:51:36+08:00","message":"Config"}
{"level":"debug","RequestHandlerThreads":32,"time":"2024-02-26T00:51:36+08:00","message":"Config"}
{"level":"debug","RequestInputChannelBuffer":8192,"time":"2024-02-26T00:51:36+08:00","message":"Config"}
{"level":"debug","BatchVerifier":"external","time":"2024-02-26T00:51:36+08:00","message":"Config"}
00:51:36.699 INF Registered with discovery server. numPeers=4 ownID=2
00:51:36.701 INF Profiling enabled.
00:51:36.701 INF Setting up profiling.
00:51:36.701 INF Started Profiler: CPU
00:51:36.702 INF Started Profiler: BLOCK
00:51:36.702 INF Started Profiler: MUTEX
00:51:36.702 INF Profiler will stop on signal. exit=true
00:51:36.719 INF Tracing will stop on signal. exit=false
00:51:36.720 INF Started tracing. traceFile=experiment-output/0003/slave-003/peer.trc
00:51:36.722 INF Connecting to peer. addr=127.0.0.1:10011 basicConns=4 priorityConns=2
00:51:36.723 INF Listening for connections. port=10022 useTLS=false
00:51:36.724 INF Connecting to peer. addr=127.0.0.1:10022 basicConns=4 priorityConns=2
00:51:36.726 INF Connecting to peer. addr=127.0.0.1:10033 basicConns=4 priorityConns=2
00:51:36.727 INF Connecting to peer. addr=127.0.0.1:10000 basicConns=4 priorityConns=2
00:51:36.806 INF Incoming connection for protocol messages. addr=127.0.0.1:45966
00:51:36.812 INF Incoming connection for protocol messages. addr=127.0.0.1:45920
00:51:36.816 INF Incoming connection for protocol messages. addr=127.0.0.1:45968
00:51:36.816 INF Incoming connection for protocol messages. addr=127.0.0.1:45932
00:51:36.817 INF Incoming connection for protocol messages. addr=127.0.0.1:45874
00:51:36.819 INF Incoming connection for protocol messages. addr=127.0.0.1:45892
00:51:36.819 INF Incoming connection for protocol messages. addr=127.0.0.1:45940
00:51:36.819 INF Incoming connection for protocol messages. addr=127.0.0.1:45904
00:51:36.819 INF Incoming connection for protocol messages. addr=127.0.0.1:45820
00:51:36.827 INF Incoming connection for protocol messages. addr=127.0.0.1:45980
00:51:36.828 INF Incoming connection for protocol messages. addr=127.0.0.1:45878
00:51:36.828 INF Incoming connection for protocol messages. addr=127.0.0.1:45824
00:51:36.829 INF Incoming connection for protocol messages. addr=127.0.0.1:45970
00:51:36.829 INF Incoming connection for protocol messages. addr=127.0.0.1:45830
00:51:36.829 INF Incoming connection for protocol messages. addr=127.0.0.1:45846
00:51:36.830 INF Incoming connection for protocol messages. addr=127.0.0.1:45868
00:51:36.848 INF Incoming connection for protocol messages. addr=127.0.0.1:45862
00:51:36.834 INF Incoming connection for protocol messages. addr=127.0.0.1:45990
00:51:36.870 INF Incoming connection for protocol messages. addr=127.0.0.1:46006
00:51:36.880 INF Incoming connection for protocol messages. addr=127.0.0.1:45994
00:51:36.881 INF Incoming connection for protocol messages. addr=127.0.0.1:45952
00:51:36.882 INF Incoming connection for protocol messages. addr=127.0.0.1:46018
00:51:36.882 INF Incoming connection for protocol messages. addr=127.0.0.1:46020
00:51:36.887 INF Incoming connection for protocol messages. addr=127.0.0.1:45954
00:51:37.801 INF Connected to all peers.
00:51:37.817 INF All peers finished connecting. Starting ISS.
00:51:37.819 INF PbftOrderer received a new segment: [0 1 2 3 4 5 6 7 8 9 10 11 12 13 14 15 16 17 18 19 20 21 22 23 24 25 26 27 28 29 30 31 32 33 34 35 36 37 38 39 40 41 42 43 44 45 46 47 48 49 50 51 52 53 54 55 56 57 58 59 60 61 62 63 64 65 66 67 68 69 70 71 72 73 74 75 76 77 78 79 80 81 82 83 84 85 86 87 88 89 90 91 92 93 94 95 96 97 98 99 100 101 102 103 104 105 106 107 108 109 110 111 112 113 114 115 116 117 118 119 120 121 122 123 124 125 126 127 128 129 130 131 132 133 134 135 136 137 138 139 140 141 142 143 144 145 146 147 148 149 150 151 152 153 154 155 156 157 158 159 160 161 162 163 164 165 166 167 168 169 170 171 172 173 174 175 176 177 178 179 180 181 182 183 184 185 186 187 188 189 190 191 192 193 194 195 196 197 198 199 200 201 202 203 204 205 206 207 208 209 210 211 212 213 214 215 216 217 218 219 220 221 222 223 224 225 226 227 228 229 230 231 232 233 234 235 236 237 238 239 240 241 242 243 244 245 246 247 248 249 250 251 252 253 254 255] first leader=0 firstSN=0 lastSN=255 len=256 length=256 segId=0
00:51:37.819 INF Starting new view. segID=0 timeout=60000 view=0
00:51:37.821 INF Starting PBFT instance. first=0 last=255 segID=0
00:51:37.822 INF Starting serialized message processing. segID=0
00:51:38.841 INF Handling PREPREPARE. nReq=0 senderID=0 sn=0
00:51:38.848 INF Committed entry. latency=0 nReq=0 sn=0
00:51:38.849 INF Delivered batch. nReq=0 sn=0
00:51:39.833 INF Handling PREPREPARE. nReq=0 senderID=0 sn=1
00:51:39.837 INF Committed entry. latency=0 nReq=0 sn=1
00:51:39.837 INF Delivered batch. nReq=0 sn=1
00:51:39.951 INF Incoming connection for requests. addr=127.0.0.1:48724
00:51:40.921 INF Handling PREPREPARE. nReq=208 senderID=0 sn=2
00:51:41.058 INF Committed entry. latency=0 nReq=208 sn=2
00:51:41.058 INF Delivered batch. nReq=208 sn=2
00:51:41.917 INF Handling PREPREPARE. nReq=261 senderID=0 sn=3
00:51:42.016 INF Committed entry. latency=0 nReq=261 sn=3
00:51:42.016 INF Delivered batch. nReq=261 sn=3
00:51:42.952 INF Handling PREPREPARE. nReq=259 senderID=0 sn=4
00:51:43.029 INF Committed entry. latency=0 nReq=259 sn=4
00:51:43.029 INF Delivered batch. nReq=259 sn=4
00:51:43.956 INF Handling PREPREPARE. nReq=260 senderID=0 sn=5
00:51:44.062 INF Committed entry. latency=0 nReq=260 sn=5
00:51:44.068 INF Delivered batch. nReq=260 sn=5
00:51:44.987 INF Handling PREPREPARE. nReq=259 senderID=0 sn=6
00:51:45.049 INF Committed entry. latency=0 nReq=259 sn=6
00:51:45.049 INF Delivered batch. nReq=259 sn=6
00:51:45.969 INF Handling PREPREPARE. nReq=260 senderID=0 sn=7
00:51:46.059 INF Committed entry. latency=0 nReq=260 sn=7
00:51:46.060 INF Delivered batch. nReq=260 sn=7
00:51:46.959 INF Handling PREPREPARE. nReq=256 senderID=0 sn=8
00:51:47.058 INF Committed entry. latency=0 nReq=256 sn=8
00:51:47.058 INF Delivered batch. nReq=256 sn=8
00:51:48.012 INF Handling PREPREPARE. nReq=259 senderID=0 sn=9
00:51:48.146 INF Committed entry. latency=0 nReq=259 sn=9
00:51:48.146 INF Delivered batch. nReq=259 sn=9
00:51:49.001 INF Handling PREPREPARE. nReq=262 senderID=0 sn=10
00:51:49.099 INF Committed entry. latency=0 nReq=262 sn=10
00:51:49.099 INF Delivered batch. nReq=262 sn=10
00:51:50.004 INF Handling PREPREPARE. nReq=257 senderID=0 sn=11
00:51:50.099 INF Committed entry. latency=0 nReq=257 sn=11
00:51:50.099 INF Delivered batch. nReq=257 sn=11
00:51:51.007 INF Handling PREPREPARE. nReq=256 senderID=0 sn=12
00:51:51.104 INF Committed entry. latency=0 nReq=256 sn=12
00:51:51.104 INF Delivered batch. nReq=256 sn=12
00:51:52.017 INF Handling PREPREPARE. nReq=259 senderID=0 sn=13
00:51:52.104 INF Committed entry. latency=0 nReq=259 sn=13
00:51:52.104 INF Delivered batch. nReq=259 sn=13
00:51:53.030 INF Handling PREPREPARE. nReq=261 senderID=0 sn=14
00:51:53.123 INF Committed entry. latency=0 nReq=261 sn=14
00:51:53.124 INF Delivered batch. nReq=261 sn=14
00:51:54.064 INF Handling PREPREPARE. nReq=262 senderID=0 sn=15
00:51:54.162 INF Committed entry. latency=0 nReq=262 sn=15
00:51:54.165 INF Delivered batch. nReq=262 sn=15
00:51:55.105 INF Handling PREPREPARE. nReq=262 senderID=0 sn=16
00:51:55.199 INF Committed entry. latency=0 nReq=262 sn=16
00:51:55.199 INF Delivered batch. nReq=262 sn=16
00:51:56.093 INF Handling PREPREPARE. nReq=256 senderID=0 sn=17
00:51:56.178 INF Committed entry. latency=0 nReq=256 sn=17
00:51:56.179 INF Delivered batch. nReq=256 sn=17
00:51:57.081 INF Handling PREPREPARE. nReq=257 senderID=0 sn=18
00:51:57.177 INF Committed entry. latency=0 nReq=257 sn=18
00:51:57.177 INF Delivered batch. nReq=257 sn=18
00:51:58.089 INF Handling PREPREPARE. nReq=256 senderID=0 sn=19
00:51:58.195 INF Committed entry. latency=0 nReq=256 sn=19
00:51:58.196 INF Delivered batch. nReq=256 sn=19
00:51:59.098 INF Handling PREPREPARE. nReq=259 senderID=0 sn=20
00:51:59.197 INF Committed entry. latency=0 nReq=259 sn=20
00:51:59.197 INF Delivered batch. nReq=259 sn=20
00:52:00.112 INF Handling PREPREPARE. nReq=260 senderID=0 sn=21
00:52:00.202 INF Committed entry. latency=0 nReq=260 sn=21
00:52:00.203 INF Delivered batch. nReq=260 sn=21
00:52:01.121 INF Handling PREPREPARE. nReq=257 senderID=0 sn=22
00:52:01.211 INF Committed entry. latency=0 nReq=257 sn=22
00:52:01.212 INF Delivered batch. nReq=257 sn=22
00:52:02.131 INF Handling PREPREPARE. nReq=259 senderID=0 sn=23
00:52:02.218 INF Committed entry. latency=0 nReq=259 sn=23
00:52:02.219 INF Delivered batch. nReq=259 sn=23
00:52:03.134 INF Handling PREPREPARE. nReq=256 senderID=0 sn=24
00:52:03.201 INF Committed entry. latency=0 nReq=256 sn=24
00:52:03.202 INF Delivered batch. nReq=256 sn=24
00:52:04.141 INF Handling PREPREPARE. nReq=260 senderID=0 sn=25
00:52:04.227 INF Committed entry. latency=0 nReq=260 sn=25
00:52:04.228 INF Delivered batch. nReq=260 sn=25
00:52:05.147 INF Handling PREPREPARE. nReq=256 senderID=0 sn=26
00:52:05.234 INF Committed entry. latency=0 nReq=256 sn=26
00:52:05.239 INF Delivered batch. nReq=256 sn=26
00:52:06.154 INF Handling PREPREPARE. nReq=260 senderID=0 sn=27
00:52:06.255 INF Committed entry. latency=0 nReq=260 sn=27
00:52:06.256 INF Delivered batch. nReq=260 sn=27
00:52:07.198 INF Handling PREPREPARE. nReq=262 senderID=0 sn=28
00:52:07.298 INF Committed entry. latency=0 nReq=262 sn=28
00:52:07.298 INF Delivered batch. nReq=262 sn=28
00:52:08.190 INF Handling PREPREPARE. nReq=256 senderID=0 sn=29
00:52:08.266 INF Committed entry. latency=0 nReq=256 sn=29
00:52:08.267 INF Delivered batch. nReq=256 sn=29
00:52:09.267 INF Handling PREPREPARE. nReq=262 senderID=0 sn=30
00:52:09.354 INF Committed entry. latency=0 nReq=262 sn=30
00:52:09.360 INF Delivered batch. nReq=262 sn=30
00:52:10.219 INF Handling PREPREPARE. nReq=225 senderID=0 sn=31
00:52:10.282 INF Committed entry. latency=0 nReq=225 sn=31
00:52:10.282 INF Delivered batch. nReq=225 sn=31
00:52:11.029 INF Connection terminated. error="rpc error: code = Canceled desc = context canceled" address=127.0.0.1:48724
00:52:11.033 INF Finished sending bucket assignments to client. clId=0
00:52:11.190 INF Handling PREPREPARE. nReq=0 senderID=0 sn=32
00:52:11.195 INF Committed entry. latency=0 nReq=0 sn=32
00:52:11.195 INF Delivered batch. nReq=0 sn=32
00:52:11.547 INF Stopping Tracer. events=106 fileName=experiment-output/0003/slave-003/peer.trc
00:52:11.547 INF Stopping profiler.
==================
WARNING: DATA RACE
Read at 0x00c0007a1068 by goroutine 89:
  github.com/hyperledger-labs/mirbft/tracing.(*BufferedTrace).Stop()
      /opt/gopath/src/github.com/hyperledger-labs/mirbft/tracing/bufferedtrace.go:238 +0x30e
  github.com/hyperledger-labs/mirbft/tracing.(*BufferedTrace).StopOnSignal.func1()
      /opt/gopath/src/github.com/hyperledger-labs/mirbft/tracing/bufferedtrace.go:299 +0x4e

Previous write at 0x00c0007a1068 by goroutine 88:
  github.com/hyperledger-labs/mirbft/tracing.(*BufferedTrace).Event()
      /opt/gopath/src/github.com/hyperledger-labs/mirbft/tracing/bufferedtrace.go:106 +0x2cd
  github.com/hyperledger-labs/mirbft/profiling.StartCPUTracing.func1()
      /opt/gopath/src/github.com/hyperledger-labs/mirbft/profiling/cpuusage.go:31 +0x95

Goroutine 89 (running) created at:
  github.com/hyperledger-labs/mirbft/tracing.(*BufferedTrace).StopOnSignal()
      /opt/gopath/src/github.com/hyperledger-labs/mirbft/tracing/bufferedtrace.go:293 +0x178
  main.setUpTracing()
      /opt/gopath/src/github.com/hyperledger-labs/mirbft/cmd/orderingpeer/main.go:204 +0xf5
  main.main()
      /opt/gopath/src/github.com/hyperledger-labs/mirbft/cmd/orderingpeer/main.go:98 +0x9e4

Goroutine 88 (running) created at:
  github.com/hyperledger-labs/mirbft/profiling.StartCPUTracing()
      /opt/gopath/src/github.com/hyperledger-labs/mirbft/profiling/cpuusage.go:28 +0xb9
  main.setUpTracing()
      /opt/gopath/src/github.com/hyperledger-labs/mirbft/cmd/orderingpeer/main.go:196 +0x85
  main.main()
      /opt/gopath/src/github.com/hyperledger-labs/mirbft/cmd/orderingpeer/main.go:98 +0x9e4
==================
00:52:11.555 INF Trace data written.
00:52:11.716 INF Profile data written. filename=experiment-output/0003/slave-003/prof.cpu name=cpu
00:52:11.816 INF Profile data written. filename=experiment-output/0003/slave-003/prof.block name=block
00:52:11.828 INF Profile data written. filename=experiment-output/0003/slave-003/prof.mutex name=mutex
