{"level":"debug","Logging":"info","time":"2024-02-26T00:49:35+08:00","message":"Config"}
{"level":"debug","UseTLS":false,"time":"2024-02-26T00:49:35+08:00","message":"Config"}
{"level":"debug","CACertFile":"tls-data/ca.pem","time":"2024-02-26T00:49:35+08:00","message":"Config"}
{"level":"debug","KeyFile":"tls-data/auth.key","time":"2024-02-26T00:49:35+08:00","message":"Config"}
{"level":"debug","CertFile":"tls-data/auth.pem","time":"2024-02-26T00:49:35+08:00","message":"Config"}
{"level":"debug","PriorityConnections":2,"time":"2024-02-26T00:49:35+08:00","message":"Config"}
{"level":"debug","BasicConnections":4,"time":"2024-02-26T00:49:35+08:00","message":"Config"}
{"level":"debug","TestConnections":false,"time":"2024-02-26T00:49:35+08:00","message":"Config"}
{"level":"debug","ExcessConnections":1,"time":"2024-02-26T00:49:35+08:00","message":"Config"}
{"level":"debug","ConnectionTestMsgs":4,"time":"2024-02-26T00:49:35+08:00","message":"Config"}
{"level":"debug","ConnectionTestPayload":131072,"time":"2024-02-26T00:49:35+08:00","message":"Config"}
{"level":"debug","OutMessageBufsize":1024,"time":"2024-02-26T00:49:35+08:00","message":"Config"}
{"level":"debug","OutMessageBufsize":1,"time":"2024-02-26T00:49:35+08:00","message":"Config"}
{"level":"debug","ThroughputCap":131072000,"time":"2024-02-26T00:49:35+08:00","message":"Config"}
{"level":"debug","StragglerTolerance":1000,"time":"2024-02-26T00:49:35+08:00","message":"Config"}
{"level":"debug","BatchSizeIncrement":256,"time":"2024-02-26T00:49:35+08:00","message":"Config"}
{"level":"debug","Orderer":"Pbft","time":"2024-02-26T00:49:35+08:00","message":"Config"}
{"level":"debug","Manager":"Mir","time":"2024-02-26T00:49:35+08:00","message":"Config"}
{"level":"debug","Failures":0,"time":"2024-02-26T00:49:35+08:00","message":"Config"}
{"level":"debug","CrashTiming":"EpochStart","time":"2024-02-26T00:49:35+08:00","message":"Config"}
{"level":"debug","CheckpointInterval":256,"time":"2024-02-26T00:49:35+08:00","message":"Config"}
{"level":"debug","WatermarkWindowSize":256,"time":"2024-02-26T00:49:35+08:00","message":"Config"}
{"level":"debug","EpochLength":256,"time":"2024-02-26T00:49:35+08:00","message":"Config"}
{"level":"debug","SegmentLength":64,"time":"2024-02-26T00:49:35+08:00","message":"Config"}
{"level":"debug","WaitForCheckpoints":true,"time":"2024-02-26T00:49:35+08:00","message":"Config"}
{"level":"debug","ClientWatermarkWindowSize":4194304,"time":"2024-02-26T00:49:35+08:00","message":"Config"}
{"level":"debug","ClientRequestBacklogSize":4194304,"time":"2024-02-26T00:49:35+08:00","message":"Config"}
{"level":"debug","RandomSeed":26660,"time":"2024-02-26T00:49:35+08:00","message":"Config"}
{"level":"debug","NodeToLeaderRatio":1,"time":"2024-02-26T00:49:35+08:00","message":"Config"}
{"level":"debug","LeaderPolicy":"Simple","time":"2024-02-26T00:49:35+08:00","message":"Config"}
{"level":"debug","DefaultLeaderBan":2,"time":"2024-02-26T00:49:35+08:00","message":"Config"}
{"level":"debug","NumBuckets":64,"time":"2024-02-26T00:49:35+08:00","message":"Config"}
{"level":"debug","BatchSize":1000,"time":"2024-02-26T00:49:35+08:00","message":"Config"}
{"level":"debug","DisabledViewChange":false,"time":"2024-02-26T00:49:35+08:00","message":"Config"}
{"level":"debug","ViewChangeTimeout":60000,"time":"2024-02-26T00:49:35+08:00","message":"Config"}
{"level":"debug","ClientTraceSampling":10,"time":"2024-02-26T00:49:35+08:00","message":"Config"}
{"level":"debug","EventBufferSize":2097152,"time":"2024-02-26T00:49:35+08:00","message":"Config"}
{"level":"debug","TraceSampling":1,"time":"2024-02-26T00:49:35+08:00","message":"Config"}
{"level":"debug","ClientsPerProcess":1,"time":"2024-02-26T00:49:35+08:00","message":"Config"}
{"level":"debug","RequestsPerClient":7680,"time":"2024-02-26T00:49:35+08:00","message":"Config"}
{"level":"debug","ClientRunTime":30000,"time":"2024-02-26T00:49:35+08:00","message":"Config"}
{"level":"debug","RequestRate":128,"time":"2024-02-26T00:49:35+08:00","message":"Config"}
{"level":"debug","HardRequestRateLimit":false,"time":"2024-02-26T00:49:35+08:00","message":"Config"}
{"level":"debug","RequestPayloadSize":500,"time":"2024-02-26T00:49:35+08:00","message":"Config"}
{"level":"debug","SignRequests":true,"time":"2024-02-26T00:49:35+08:00","message":"Config"}
{"level":"debug","ClientPrivKeyFile":"tls-data/client-ecdsa-256.key","time":"2024-02-26T00:49:35+08:00","message":"Config"}
{"level":"debug","ClientPubKeyFile":"tls-data/client-ecdsa-256.pem","time":"2024-02-26T00:49:35+08:00","message":"Config"}
{"level":"debug","PrecomputeRequests":false,"time":"2024-02-26T00:49:35+08:00","message":"Config"}
{"level":"debug","RequestHandlerThreads":32,"time":"2024-02-26T00:49:35+08:00","message":"Config"}
{"level":"debug","RequestInputChannelBuffer":8192,"time":"2024-02-26T00:49:35+08:00","message":"Config"}
{"level":"debug","BatchVerifier":"external","time":"2024-02-26T00:49:35+08:00","message":"Config"}
00:49:35.459 INF Registered with discovery server. numPeers=4 ownID=0
00:49:35.461 INF Profiling enabled.
00:49:35.461 INF Setting up profiling.
00:49:35.472 INF Started Profiler: CPU
00:49:35.472 INF Started Profiler: BLOCK
00:49:35.474 INF Started Profiler: MUTEX
00:49:35.474 INF Profiler will stop on signal. exit=true
00:49:35.495 INF Tracing will stop on signal. exit=false
00:49:35.495 INF Started tracing. traceFile=experiment-output/0000/slave-002/peer.trc
00:49:35.497 INF Connecting to peer. addr=127.0.0.1:10033 basicConns=4 priorityConns=2
00:49:35.500 INF Listening for connections. port=10000 useTLS=false
00:49:35.501 INF Connecting to peer. addr=127.0.0.1:10011 basicConns=4 priorityConns=2
00:49:35.502 INF Connecting to peer. addr=127.0.0.1:10000 basicConns=4 priorityConns=2
00:49:35.502 INF Connecting to peer. addr=127.0.0.1:10022 basicConns=4 priorityConns=2
00:49:35.566 INF Incoming connection for protocol messages. addr=127.0.0.1:48908
00:49:35.577 INF Incoming connection for protocol messages. addr=127.0.0.1:48914
00:49:35.609 INF Incoming connection for protocol messages. addr=127.0.0.1:48900
00:49:35.613 INF Incoming connection for protocol messages. addr=127.0.0.1:48952
00:49:35.621 INF Incoming connection for protocol messages. addr=127.0.0.1:48926
00:49:35.627 INF Incoming connection for protocol messages. addr=127.0.0.1:48956
00:49:35.651 INF Incoming connection for protocol messages. addr=127.0.0.1:48980
00:49:35.652 INF Incoming connection for protocol messages. addr=127.0.0.1:48990
00:49:35.653 INF Incoming connection for protocol messages. addr=127.0.0.1:48940
00:49:35.659 INF Incoming connection for protocol messages. addr=127.0.0.1:48968
00:49:35.659 INF Incoming connection for protocol messages. addr=127.0.0.1:48978
00:49:35.660 INF Incoming connection for protocol messages. addr=127.0.0.1:49020
00:49:35.660 INF Incoming connection for protocol messages. addr=127.0.0.1:49004
00:49:35.660 INF Incoming connection for protocol messages. addr=127.0.0.1:48988
00:49:35.654 INF Incoming connection for protocol messages. addr=127.0.0.1:48962
00:49:35.672 INF Incoming connection for protocol messages. addr=127.0.0.1:48996
00:49:35.695 INF Incoming connection for protocol messages. addr=127.0.0.1:49036
00:49:35.699 INF Incoming connection for protocol messages. addr=127.0.0.1:49058
00:49:35.699 INF Incoming connection for protocol messages. addr=127.0.0.1:49048
00:49:35.706 INF Incoming connection for protocol messages. addr=127.0.0.1:49100
00:49:35.708 INF Incoming connection for protocol messages. addr=127.0.0.1:49088
00:49:35.709 INF Incoming connection for protocol messages. addr=127.0.0.1:49072
00:49:36.513 INF Incoming connection for protocol messages. addr=127.0.0.1:49106
00:49:36.527 INF Incoming connection for protocol messages. addr=127.0.0.1:49122
00:49:36.615 INF Connected to all peers.
00:49:36.627 INF All peers finished connecting. Starting ISS.
00:49:36.629 INF PbftOrderer received a new segment: [0 4 8 12 16 20 24 28 32 36 40 44 48 52 56 60 64 68 72 76 80 84 88 92 96 100 104 108 112 116 120 124 128 132 136 140 144 148 152 156 160 164 168 172 176 180 184 188 192 196 200 204 208 212 216 220 224 228 232 236 240 244 248 252] first leader=0 firstSN=0 lastSN=252 len=64 length=64 segId=0
00:49:36.631 INF Starting new view. segID=0 timeout=60000 view=0
00:49:36.631 INF Starting PBFT instance. first=0 last=252 segID=0
00:49:36.632 INF Starting serialized message processing. segID=0
00:49:36.632 INF PbftOrderer received a new segment: [1 5 9 13 17 21 25 29 33 37 41 45 49 53 57 61 65 69 73 77 81 85 89 93 97 101 105 109 113 117 121 125 129 133 137 141 145 149 153 157 161 165 169 173 177 181 185 189 193 197 201 205 209 213 217 221 225 229 233 237 241 245 249 253] first leader=1 firstSN=1 lastSN=253 len=64 length=64 segId=1
00:49:36.633 INF Starting new view. segID=1 timeout=60000 view=0
00:49:36.636 INF Starting PBFT instance. first=1 last=253 segID=1
00:49:36.638 INF Starting serialized message processing. segID=1
00:49:36.638 INF PbftOrderer received a new segment: [2 6 10 14 18 22 26 30 34 38 42 46 50 54 58 62 66 70 74 78 82 86 90 94 98 102 106 110 114 118 122 126 130 134 138 142 146 150 154 158 162 166 170 174 178 182 186 190 194 198 202 206 210 214 218 222 226 230 234 238 242 246 250 254] first leader=2 firstSN=2 lastSN=254 len=64 length=64 segId=2
00:49:36.640 INF Starting new view. segID=2 timeout=60000 view=0
00:49:36.644 INF Starting PBFT instance. first=2 last=254 segID=2
00:49:36.645 INF Starting serialized message processing. segID=2
00:49:36.645 INF PbftOrderer received a new segment: [3 7 11 15 19 23 27 31 35 39 43 47 51 55 59 63 67 71 75 79 83 87 91 95 99 103 107 111 115 119 123 127 131 135 139 143 147 151 155 159 163 167 171 175 179 183 187 191 195 199 203 207 211 215 219 223 227 231 235 239 243 247 251 255] first leader=3 firstSN=3 lastSN=255 len=64 length=64 segId=3
00:49:36.646 INF Starting new view. segID=3 timeout=60000 view=0
00:49:36.647 INF Starting PBFT instance. first=3 last=255 segID=3
00:49:36.647 INF Starting serialized message processing. segID=3
00:49:37.635 INF Sending PREPREPARE. nReq=0 senderID=0 sn=0 view=0
00:49:37.651 INF Handling PREPREPARE. nReq=0 senderID=1 sn=1
00:49:37.658 INF Handling PREPREPARE. nReq=0 senderID=2 sn=2
00:49:37.673 INF Committed entry. latency=0 nReq=0 sn=2
00:49:37.673 INF Committed entry. latency=0 nReq=0 sn=0
00:49:37.673 INF Delivered batch. nReq=0 sn=0
00:49:37.674 INF Committed entry. latency=0 nReq=0 sn=1
00:49:37.675 INF Delivered batch. nReq=0 sn=1
00:49:37.675 INF Delivered batch. nReq=0 sn=2
00:49:37.676 INF Handling PREPREPARE. nReq=0 senderID=3 sn=3
00:49:37.678 INF Committed entry. latency=0 nReq=0 sn=3
00:49:37.681 INF Delivered batch. nReq=0 sn=3
00:49:38.636 INF Sending PREPREPARE. nReq=0 senderID=0 sn=4 view=0
00:49:38.646 INF Committed entry. latency=0 nReq=0 sn=4
00:49:38.646 INF Delivered batch. nReq=0 sn=4
00:49:38.646 INF Handling PREPREPARE. nReq=0 senderID=1 sn=5
00:49:38.661 INF Handling PREPREPARE. nReq=0 senderID=2 sn=6
00:49:38.662 INF Committed entry. latency=0 nReq=0 sn=5
00:49:38.675 INF Delivered batch. nReq=0 sn=5
00:49:38.676 INF Delivered batch. nReq=0 sn=6
00:49:38.676 INF Committed entry. latency=0 nReq=0 sn=6
00:49:38.678 INF Handling PREPREPARE. nReq=0 senderID=3 sn=7
00:49:38.685 INF Committed entry. latency=0 nReq=0 sn=7
00:49:38.686 INF Delivered batch. nReq=0 sn=7
00:49:38.897 INF Incoming connection for requests. addr=127.0.0.1:39446
00:49:39.641 INF Sending PREPREPARE. nReq=21 senderID=0 sn=8 view=0
00:49:39.660 INF Handling PREPREPARE. nReq=21 senderID=1 sn=9
00:49:39.677 INF Committed entry. latency=0 nReq=21 sn=8
00:49:39.677 INF Delivered batch. nReq=21 sn=8
00:49:39.702 INF Handling PREPREPARE. nReq=21 senderID=3 sn=11
00:49:39.713 INF Committed entry. latency=0 nReq=21 sn=9
00:49:39.715 INF Delivered batch. nReq=21 sn=9
00:49:39.719 INF Handling PREPREPARE. nReq=21 senderID=2 sn=10
00:49:39.733 INF Committed entry. latency=0 nReq=21 sn=11
00:49:39.741 INF Committed entry. latency=0 nReq=21 sn=10
00:49:39.741 INF Delivered batch. nReq=21 sn=10
00:49:39.742 INF Delivered batch. nReq=21 sn=11
00:49:40.642 INF Sending PREPREPARE. nReq=32 senderID=0 sn=12 view=0
00:49:40.676 INF Handling PREPREPARE. nReq=32 senderID=1 sn=13
00:49:40.677 INF Handling PREPREPARE. nReq=32 senderID=2 sn=14
00:49:40.684 INF Committed entry. latency=0 nReq=32 sn=12
00:49:40.691 INF Delivered batch. nReq=32 sn=12
00:49:40.724 INF Committed entry. latency=0 nReq=32 sn=14
00:49:40.732 INF Handling PREPREPARE. nReq=32 senderID=3 sn=15
00:49:40.754 INF Committed entry. latency=0 nReq=32 sn=13
00:49:40.756 INF Delivered batch. nReq=32 sn=13
00:49:40.758 INF Delivered batch. nReq=32 sn=14
00:49:40.789 INF Committed entry. latency=0 nReq=32 sn=15
00:49:40.789 INF Delivered batch. nReq=32 sn=15
00:49:41.646 INF Sending PREPREPARE. nReq=32 senderID=0 sn=16 view=0
00:49:41.688 INF Handling PREPREPARE. nReq=33 senderID=1 sn=17
00:49:41.692 INF Committed entry. latency=0 nReq=32 sn=16
00:49:41.693 INF Delivered batch. nReq=32 sn=16
00:49:41.696 INF Handling PREPREPARE. nReq=32 senderID=2 sn=18
00:49:41.739 INF Committed entry. latency=0 nReq=33 sn=17
00:49:41.739 INF Delivered batch. nReq=33 sn=17
00:49:41.740 INF Handling PREPREPARE. nReq=33 senderID=3 sn=19
00:49:41.777 INF Committed entry. latency=0 nReq=32 sn=18
00:49:41.778 INF Delivered batch. nReq=32 sn=18
00:49:41.789 INF Committed entry. latency=0 nReq=33 sn=19
00:49:41.791 INF Delivered batch. nReq=33 sn=19
00:49:42.648 INF Sending PREPREPARE. nReq=32 senderID=0 sn=20 view=0
00:49:42.688 INF Handling PREPREPARE. nReq=31 senderID=1 sn=21
00:49:42.700 INF Committed entry. latency=0 nReq=32 sn=20
00:49:42.702 INF Delivered batch. nReq=32 sn=20
00:49:42.716 INF Handling PREPREPARE. nReq=32 senderID=2 sn=22
00:49:42.735 INF Committed entry. latency=0 nReq=31 sn=21
00:49:42.735 INF Delivered batch. nReq=31 sn=21
00:49:42.737 INF Handling PREPREPARE. nReq=31 senderID=3 sn=23
00:49:42.754 INF Committed entry. latency=0 nReq=32 sn=22
00:49:42.754 INF Delivered batch. nReq=32 sn=22
00:49:42.770 INF Committed entry. latency=0 nReq=31 sn=23
00:49:42.770 INF Delivered batch. nReq=31 sn=23
00:49:43.648 INF Sending PREPREPARE. nReq=32 senderID=0 sn=24 view=0
00:49:43.685 INF Committed entry. latency=0 nReq=32 sn=24
00:49:43.685 INF Delivered batch. nReq=32 sn=24
00:49:43.700 INF Handling PREPREPARE. nReq=33 senderID=1 sn=25
00:49:43.714 INF Handling PREPREPARE. nReq=33 senderID=2 sn=26
00:49:43.731 INF Handling PREPREPARE. nReq=33 senderID=3 sn=27
00:49:43.743 INF Committed entry. latency=0 nReq=33 sn=25
00:49:43.744 INF Delivered batch. nReq=33 sn=25
00:49:43.766 INF Delivered batch. nReq=33 sn=26
00:49:43.757 INF Committed entry. latency=0 nReq=33 sn=26
00:49:43.798 INF Committed entry. latency=0 nReq=33 sn=27
00:49:43.799 INF Delivered batch. nReq=33 sn=27
00:49:44.654 INF Sending PREPREPARE. nReq=32 senderID=0 sn=28 view=0
00:49:44.687 INF Committed entry. latency=0 nReq=32 sn=28
00:49:44.688 INF Delivered batch. nReq=32 sn=28
00:49:44.701 INF Handling PREPREPARE. nReq=32 senderID=1 sn=29
00:49:44.702 INF Handling PREPREPARE. nReq=31 senderID=2 sn=30
00:49:44.735 INF Committed entry. latency=0 nReq=31 sn=30
00:49:44.741 INF Committed entry. latency=0 nReq=32 sn=29
00:49:44.742 INF Delivered batch. nReq=32 sn=29
00:49:44.742 INF Delivered batch. nReq=31 sn=30
00:49:44.748 INF Handling PREPREPARE. nReq=32 senderID=3 sn=31
00:49:44.780 INF Committed entry. latency=0 nReq=32 sn=31
00:49:44.781 INF Delivered batch. nReq=32 sn=31
00:49:45.652 INF Sending PREPREPARE. nReq=32 senderID=0 sn=32 view=0
00:49:45.694 INF Committed entry. latency=0 nReq=32 sn=32
00:49:45.695 INF Delivered batch. nReq=32 sn=32
00:49:45.703 INF Handling PREPREPARE. nReq=31 senderID=1 sn=33
00:49:45.715 INF Handling PREPREPARE. nReq=33 senderID=2 sn=34
00:49:45.754 INF Committed entry. latency=0 nReq=33 sn=34
00:49:45.755 INF Committed entry. latency=0 nReq=31 sn=33
00:49:45.756 INF Delivered batch. nReq=31 sn=33
00:49:45.756 INF Delivered batch. nReq=33 sn=34
00:49:45.761 INF Handling PREPREPARE. nReq=32 senderID=3 sn=35
00:49:45.795 INF Committed entry. latency=0 nReq=32 sn=35
00:49:45.796 INF Delivered batch. nReq=32 sn=35
00:49:46.655 INF Sending PREPREPARE. nReq=32 senderID=0 sn=36 view=0
00:49:46.693 INF Committed entry. latency=0 nReq=32 sn=36
00:49:46.694 INF Delivered batch. nReq=32 sn=36
00:49:46.711 INF Handling PREPREPARE. nReq=32 senderID=2 sn=38
00:49:46.733 INF Handling PREPREPARE. nReq=33 senderID=1 sn=37
00:49:46.749 INF Committed entry. latency=0 nReq=33 sn=37
00:49:46.749 INF Delivered batch. nReq=33 sn=37
00:49:46.750 INF Handling PREPREPARE. nReq=32 senderID=3 sn=39
00:49:46.772 INF Committed entry. latency=0 nReq=32 sn=38
00:49:46.773 INF Delivered batch. nReq=32 sn=38
00:49:46.786 INF Committed entry. latency=0 nReq=32 sn=39
00:49:46.786 INF Delivered batch. nReq=32 sn=39
00:49:47.661 INF Sending PREPREPARE. nReq=33 senderID=0 sn=40 view=0
00:49:47.695 INF Handling PREPREPARE. nReq=32 senderID=1 sn=41
00:49:47.703 INF Handling PREPREPARE. nReq=32 senderID=2 sn=42
00:49:47.742 INF Committed entry. latency=0 nReq=32 sn=41
00:49:47.750 INF Committed entry. latency=0 nReq=32 sn=42
00:49:47.751 INF Committed entry. latency=0 nReq=33 sn=40
00:49:47.751 INF Delivered batch. nReq=33 sn=40
00:49:47.752 INF Delivered batch. nReq=32 sn=41
00:49:47.752 INF Delivered batch. nReq=32 sn=42
00:49:47.771 INF Handling PREPREPARE. nReq=33 senderID=3 sn=43
00:49:47.795 INF Committed entry. latency=0 nReq=33 sn=43
00:49:47.796 INF Delivered batch. nReq=33 sn=43
00:49:48.662 INF Sending PREPREPARE. nReq=32 senderID=0 sn=44 view=0
00:49:48.689 INF Committed entry. latency=0 nReq=32 sn=44
00:49:48.689 INF Delivered batch. nReq=32 sn=44
00:49:48.701 INF Handling PREPREPARE. nReq=32 senderID=2 sn=46
00:49:48.706 INF Handling PREPREPARE. nReq=32 senderID=1 sn=45
00:49:48.731 INF Committed entry. latency=0 nReq=32 sn=46
00:49:48.737 INF Committed entry. latency=0 nReq=32 sn=45
00:49:48.738 INF Delivered batch. nReq=32 sn=45
00:49:48.738 INF Delivered batch. nReq=32 sn=46
00:49:48.762 INF Handling PREPREPARE. nReq=31 senderID=3 sn=47
00:49:48.813 INF Committed entry. latency=0 nReq=31 sn=47
00:49:48.814 INF Delivered batch. nReq=31 sn=47
00:49:49.663 INF Sending PREPREPARE. nReq=32 senderID=0 sn=48 view=0
00:49:49.703 INF Committed entry. latency=0 nReq=32 sn=48
00:49:49.703 INF Delivered batch. nReq=32 sn=48
00:49:49.720 INF Handling PREPREPARE. nReq=32 senderID=1 sn=49
00:49:49.737 INF Handling PREPREPARE. nReq=32 senderID=2 sn=50
00:49:49.756 INF Handling PREPREPARE. nReq=33 senderID=3 sn=51
00:49:49.772 INF Committed entry. latency=0 nReq=32 sn=49
00:49:49.772 INF Delivered batch. nReq=32 sn=49
00:49:49.802 INF Committed entry. latency=0 nReq=32 sn=50
00:49:49.803 INF Delivered batch. nReq=32 sn=50
00:49:49.836 INF Committed entry. latency=0 nReq=33 sn=51
00:49:49.848 INF Delivered batch. nReq=33 sn=51
00:49:50.665 INF Sending PREPREPARE. nReq=32 senderID=0 sn=52 view=0
00:49:50.718 INF Handling PREPREPARE. nReq=32 senderID=1 sn=53
00:49:50.748 INF Handling PREPREPARE. nReq=32 senderID=2 sn=54
00:49:50.774 INF Committed entry. latency=0 nReq=32 sn=53
00:49:50.778 INF Committed entry. latency=0 nReq=32 sn=52
00:49:50.778 INF Delivered batch. nReq=32 sn=52
00:49:50.779 INF Delivered batch. nReq=32 sn=53
00:49:50.801 INF Handling PREPREPARE. nReq=32 senderID=3 sn=55
00:49:50.822 INF Committed entry. latency=0 nReq=32 sn=54
00:49:50.822 INF Delivered batch. nReq=32 sn=54
00:49:50.842 INF Committed entry. latency=0 nReq=32 sn=55
00:49:50.843 INF Delivered batch. nReq=32 sn=55
00:49:51.671 INF Sending PREPREPARE. nReq=32 senderID=0 sn=56 view=0
00:49:51.713 INF Handling PREPREPARE. nReq=32 senderID=1 sn=57
00:49:51.736 INF Handling PREPREPARE. nReq=33 senderID=2 sn=58
00:49:51.749 INF Committed entry. latency=0 nReq=32 sn=56
00:49:51.749 INF Delivered batch. nReq=32 sn=56
00:49:51.789 INF Committed entry. latency=0 nReq=33 sn=58
00:49:51.802 INF Handling PREPREPARE. nReq=31 senderID=3 sn=59
00:49:51.807 INF Committed entry. latency=0 nReq=32 sn=57
00:49:51.807 INF Delivered batch. nReq=32 sn=57
00:49:51.807 INF Delivered batch. nReq=33 sn=58
00:49:51.837 INF Committed entry. latency=0 nReq=31 sn=59
00:49:51.838 INF Delivered batch. nReq=31 sn=59
00:49:52.668 INF Sending PREPREPARE. nReq=32 senderID=0 sn=60 view=0
00:49:52.693 INF Committed entry. latency=0 nReq=32 sn=60
00:49:52.694 INF Delivered batch. nReq=32 sn=60
00:49:52.718 INF Handling PREPREPARE. nReq=31 senderID=2 sn=62
00:49:52.732 INF Handling PREPREPARE. nReq=33 senderID=1 sn=61
00:49:52.757 INF Committed entry. latency=0 nReq=31 sn=62
00:49:52.767 INF Committed entry. latency=0 nReq=33 sn=61
00:49:52.767 INF Delivered batch. nReq=33 sn=61
00:49:52.768 INF Delivered batch. nReq=31 sn=62
00:49:52.828 INF Handling PREPREPARE. nReq=34 senderID=3 sn=63
00:49:52.836 INF Committed entry. latency=0 nReq=34 sn=63
00:49:52.836 INF Delivered batch. nReq=34 sn=63
00:49:53.670 INF Sending PREPREPARE. nReq=32 senderID=0 sn=64 view=0
00:49:53.701 INF Committed entry. latency=0 nReq=32 sn=64
00:49:53.701 INF Delivered batch. nReq=32 sn=64
00:49:53.732 INF Handling PREPREPARE. nReq=32 senderID=1 sn=65
00:49:53.755 INF Handling PREPREPARE. nReq=33 senderID=2 sn=66
00:49:53.756 INF Committed entry. latency=0 nReq=32 sn=65
00:49:53.756 INF Delivered batch. nReq=32 sn=65
00:49:53.769 INF Committed entry. latency=0 nReq=33 sn=66
00:49:53.769 INF Delivered batch. nReq=33 sn=66
00:49:53.795 INF Handling PREPREPARE. nReq=32 senderID=3 sn=67
00:49:53.810 INF Committed entry. latency=0 nReq=32 sn=67
00:49:53.811 INF Delivered batch. nReq=32 sn=67
00:49:54.672 INF Sending PREPREPARE. nReq=32 senderID=0 sn=68 view=0
00:49:54.714 INF Committed entry. latency=0 nReq=32 sn=68
00:49:54.715 INF Delivered batch. nReq=32 sn=68
00:49:54.724 INF Handling PREPREPARE. nReq=32 senderID=1 sn=69
00:49:54.769 INF Handling PREPREPARE. nReq=32 senderID=2 sn=70
00:49:54.781 INF Committed entry. latency=0 nReq=32 sn=69
00:49:54.781 INF Delivered batch. nReq=32 sn=69
00:49:54.815 INF Handling PREPREPARE. nReq=33 senderID=3 sn=71
00:49:54.827 INF Committed entry. latency=0 nReq=32 sn=70
00:49:54.832 INF Delivered batch. nReq=32 sn=70
00:49:54.858 INF Committed entry. latency=0 nReq=33 sn=71
00:49:54.858 INF Delivered batch. nReq=33 sn=71
00:49:55.676 INF Sending PREPREPARE. nReq=32 senderID=0 sn=72 view=0
00:49:55.724 INF Committed entry. latency=0 nReq=32 sn=72
00:49:55.725 INF Delivered batch. nReq=32 sn=72
00:49:55.748 INF Handling PREPREPARE. nReq=32 senderID=1 sn=73
00:49:55.769 INF Handling PREPREPARE. nReq=32 senderID=2 sn=74
00:49:55.787 INF Committed entry. latency=0 nReq=32 sn=73
00:49:55.788 INF Delivered batch. nReq=32 sn=73
00:49:55.811 INF Committed entry. latency=0 nReq=32 sn=74
00:49:55.811 INF Delivered batch. nReq=32 sn=74
00:49:55.828 INF Handling PREPREPARE. nReq=32 senderID=3 sn=75
00:49:55.850 INF Committed entry. latency=0 nReq=32 sn=75
00:49:55.851 INF Delivered batch. nReq=32 sn=75
00:49:56.679 INF Sending PREPREPARE. nReq=32 senderID=0 sn=76 view=0
00:49:56.728 INF Handling PREPREPARE. nReq=32 senderID=1 sn=77
00:49:56.759 INF Committed entry. latency=0 nReq=32 sn=76
00:49:56.759 INF Delivered batch. nReq=32 sn=76
00:49:56.779 INF Handling PREPREPARE. nReq=32 senderID=2 sn=78
00:49:56.788 INF Committed entry. latency=0 nReq=32 sn=77
00:49:56.788 INF Delivered batch. nReq=32 sn=77
00:49:56.808 INF Committed entry. latency=0 nReq=32 sn=78
00:49:56.824 INF Handling PREPREPARE. nReq=31 senderID=3 sn=79
00:49:56.809 INF Delivered batch. nReq=32 sn=78
00:49:56.839 INF Committed entry. latency=0 nReq=31 sn=79
00:49:56.841 INF Delivered batch. nReq=31 sn=79
00:49:57.677 INF Sending PREPREPARE. nReq=32 senderID=0 sn=80 view=0
00:49:57.709 INF Committed entry. latency=0 nReq=32 sn=80
00:49:57.709 INF Delivered batch. nReq=32 sn=80
00:49:57.727 INF Handling PREPREPARE. nReq=32 senderID=1 sn=81
00:49:57.747 INF Handling PREPREPARE. nReq=32 senderID=2 sn=82
00:49:57.773 INF Committed entry. latency=0 nReq=32 sn=81
00:49:57.773 INF Delivered batch. nReq=32 sn=81
00:49:57.774 INF Committed entry. latency=0 nReq=32 sn=82
00:49:57.775 INF Delivered batch. nReq=32 sn=82
00:49:57.814 INF Handling PREPREPARE. nReq=33 senderID=3 sn=83
00:49:57.833 INF Committed entry. latency=0 nReq=33 sn=83
00:49:57.834 INF Delivered batch. nReq=33 sn=83
00:49:58.683 INF Sending PREPREPARE. nReq=32 senderID=0 sn=84 view=0
00:49:58.725 INF Committed entry. latency=0 nReq=32 sn=84
00:49:58.726 INF Delivered batch. nReq=32 sn=84
00:49:58.760 INF Handling PREPREPARE. nReq=32 senderID=1 sn=85
00:49:58.774 INF Committed entry. latency=0 nReq=32 sn=85
00:49:58.774 INF Delivered batch. nReq=32 sn=85
00:49:58.777 INF Handling PREPREPARE. nReq=32 senderID=2 sn=86
00:49:58.807 INF Committed entry. latency=0 nReq=32 sn=86
00:49:58.808 INF Delivered batch. nReq=32 sn=86
00:49:58.819 INF Handling PREPREPARE. nReq=32 senderID=3 sn=87
00:49:58.847 INF Committed entry. latency=0 nReq=32 sn=87
00:49:58.847 INF Delivered batch. nReq=32 sn=87
00:49:59.681 INF Sending PREPREPARE. nReq=32 senderID=0 sn=88 view=0
00:49:59.706 INF Committed entry. latency=0 nReq=32 sn=88
00:49:59.711 INF Delivered batch. nReq=32 sn=88
00:49:59.742 INF Handling PREPREPARE. nReq=33 senderID=2 sn=90
00:49:59.755 INF Handling PREPREPARE. nReq=33 senderID=1 sn=89
00:49:59.782 INF Committed entry. latency=0 nReq=33 sn=90
00:49:59.788 INF Committed entry. latency=0 nReq=33 sn=89
00:49:59.788 INF Delivered batch. nReq=33 sn=89
00:49:59.789 INF Delivered batch. nReq=33 sn=90
00:49:59.816 INF Handling PREPREPARE. nReq=32 senderID=3 sn=91
00:49:59.834 INF Committed entry. latency=0 nReq=32 sn=91
00:49:59.834 INF Delivered batch. nReq=32 sn=91
00:50:00.684 INF Sending PREPREPARE. nReq=32 senderID=0 sn=92 view=0
00:50:00.712 INF Committed entry. latency=0 nReq=32 sn=92
00:50:00.715 INF Delivered batch. nReq=32 sn=92
00:50:00.753 INF Handling PREPREPARE. nReq=32 senderID=1 sn=93
00:50:00.766 INF Handling PREPREPARE. nReq=31 senderID=2 sn=94
00:50:00.767 INF Committed entry. latency=0 nReq=32 sn=93
00:50:00.767 INF Delivered batch. nReq=32 sn=93
00:50:00.792 INF Committed entry. latency=0 nReq=31 sn=94
00:50:00.793 INF Delivered batch. nReq=31 sn=94
00:50:00.816 INF Handling PREPREPARE. nReq=32 senderID=3 sn=95
00:50:00.837 INF Committed entry. latency=0 nReq=32 sn=95
00:50:00.837 INF Delivered batch. nReq=32 sn=95
00:50:01.684 INF Sending PREPREPARE. nReq=32 senderID=0 sn=96 view=0
00:50:01.722 INF Committed entry. latency=0 nReq=32 sn=96
00:50:01.723 INF Delivered batch. nReq=32 sn=96
00:50:01.746 INF Handling PREPREPARE. nReq=32 senderID=2 sn=98
00:50:01.770 INF Handling PREPREPARE. nReq=31 senderID=1 sn=97
00:50:01.794 INF Committed entry. latency=0 nReq=31 sn=97
00:50:01.794 INF Delivered batch. nReq=31 sn=97
00:50:01.807 INF Committed entry. latency=0 nReq=32 sn=98
00:50:01.808 INF Delivered batch. nReq=32 sn=98
00:50:01.841 INF Handling PREPREPARE. nReq=31 senderID=3 sn=99
00:50:01.876 INF Committed entry. latency=0 nReq=31 sn=99
00:50:01.876 INF Delivered batch. nReq=31 sn=99
00:50:02.689 INF Sending PREPREPARE. nReq=32 senderID=0 sn=100 view=0
00:50:02.745 INF Committed entry. latency=0 nReq=32 sn=100
00:50:02.745 INF Delivered batch. nReq=32 sn=100
00:50:02.756 INF Handling PREPREPARE. nReq=33 senderID=1 sn=101
00:50:02.796 INF Committed entry. latency=0 nReq=33 sn=101
00:50:02.796 INF Delivered batch. nReq=33 sn=101
00:50:02.862 INF Handling PREPREPARE. nReq=33 senderID=2 sn=102
00:50:02.876 INF Handling PREPREPARE. nReq=34 senderID=3 sn=103
00:50:02.910 INF Committed entry. latency=0 nReq=33 sn=102
00:50:02.910 INF Committed entry. latency=0 nReq=34 sn=103
00:50:02.911 INF Delivered batch. nReq=33 sn=102
00:50:02.911 INF Delivered batch. nReq=34 sn=103
00:50:03.694 INF Sending PREPREPARE. nReq=33 senderID=0 sn=104 view=0
00:50:03.717 INF Committed entry. latency=0 nReq=33 sn=104
00:50:03.718 INF Delivered batch. nReq=33 sn=104
00:50:03.766 INF Handling PREPREPARE. nReq=32 senderID=1 sn=105
00:50:03.768 INF Handling PREPREPARE. nReq=32 senderID=2 sn=106
00:50:03.805 INF Committed entry. latency=0 nReq=32 sn=105
00:50:03.811 INF Delivered batch. nReq=32 sn=105
00:50:03.816 INF Committed entry. latency=0 nReq=32 sn=106
00:50:03.816 INF Delivered batch. nReq=32 sn=106
00:50:03.826 INF Handling PREPREPARE. nReq=31 senderID=3 sn=107
00:50:03.853 INF Committed entry. latency=0 nReq=31 sn=107
00:50:03.853 INF Delivered batch. nReq=31 sn=107
00:50:04.694 INF Sending PREPREPARE. nReq=32 senderID=0 sn=108 view=0
00:50:04.740 INF Committed entry. latency=0 nReq=32 sn=108
00:50:04.742 INF Delivered batch. nReq=32 sn=108
00:50:04.771 INF Handling PREPREPARE. nReq=32 senderID=1 sn=109
00:50:04.793 INF Handling PREPREPARE. nReq=32 senderID=2 sn=110
00:50:04.803 INF Committed entry. latency=0 nReq=32 sn=109
00:50:04.804 INF Delivered batch. nReq=32 sn=109
00:50:04.846 INF Committed entry. latency=0 nReq=32 sn=110
00:50:04.846 INF Delivered batch. nReq=32 sn=110
00:50:04.865 INF Handling PREPREPARE. nReq=33 senderID=3 sn=111
00:50:04.898 INF Committed entry. latency=0 nReq=33 sn=111
00:50:04.899 INF Delivered batch. nReq=33 sn=111
00:50:05.698 INF Sending PREPREPARE. nReq=32 senderID=0 sn=112 view=0
00:50:05.747 INF Committed entry. latency=0 nReq=32 sn=112
00:50:05.748 INF Delivered batch. nReq=32 sn=112
00:50:05.806 INF Handling PREPREPARE. nReq=32 senderID=2 sn=114
00:50:05.824 INF Handling PREPREPARE. nReq=32 senderID=1 sn=113
00:50:05.865 INF Committed entry. latency=0 nReq=32 sn=113
00:50:05.866 INF Delivered batch. nReq=32 sn=113
00:50:05.886 INF Committed entry. latency=0 nReq=32 sn=114
00:50:05.887 INF Delivered batch. nReq=32 sn=114
00:50:05.898 INF Handling PREPREPARE. nReq=32 senderID=3 sn=115
00:50:05.955 INF Committed entry. latency=0 nReq=32 sn=115
00:50:05.956 INF Delivered batch. nReq=32 sn=115
00:50:06.703 INF Sending PREPREPARE. nReq=32 senderID=0 sn=116 view=0
00:50:06.736 INF Committed entry. latency=0 nReq=32 sn=116
00:50:06.738 INF Delivered batch. nReq=32 sn=116
00:50:06.763 INF Handling PREPREPARE. nReq=31 senderID=1 sn=117
00:50:06.785 INF Handling PREPREPARE. nReq=31 senderID=2 sn=118
00:50:06.807 INF Committed entry. latency=0 nReq=31 sn=117
00:50:06.807 INF Delivered batch. nReq=31 sn=117
00:50:06.844 INF Committed entry. latency=0 nReq=31 sn=118
00:50:06.844 INF Delivered batch. nReq=31 sn=118
00:50:06.909 INF Handling PREPREPARE. nReq=33 senderID=3 sn=119
00:50:06.949 INF Committed entry. latency=0 nReq=33 sn=119
00:50:06.949 INF Delivered batch. nReq=33 sn=119
00:50:07.703 INF Sending PREPREPARE. nReq=32 senderID=0 sn=120 view=0
00:50:07.804 INF Committed entry. latency=0 nReq=32 sn=120
00:50:07.804 INF Handling PREPREPARE. nReq=33 senderID=1 sn=121
00:50:07.804 INF Delivered batch. nReq=32 sn=120
00:50:07.883 INF Handling PREPREPARE. nReq=33 senderID=2 sn=122
00:50:07.944 INF Committed entry. latency=0 nReq=33 sn=121
00:50:07.944 INF Delivered batch. nReq=33 sn=121
00:50:07.949 INF Committed entry. latency=0 nReq=33 sn=122
00:50:07.950 INF Delivered batch. nReq=33 sn=122
00:50:08.014 INF Handling PREPREPARE. nReq=32 senderID=3 sn=123
00:50:08.056 INF Committed entry. latency=0 nReq=32 sn=123
00:50:08.057 INF Delivered batch. nReq=32 sn=123
00:50:08.710 INF Sending PREPREPARE. nReq=32 senderID=0 sn=124 view=0
00:50:08.757 INF Committed entry. latency=0 nReq=32 sn=124
00:50:08.759 INF Delivered batch. nReq=32 sn=124
00:50:08.828 INF Handling PREPREPARE. nReq=33 senderID=2 sn=126
00:50:08.828 INF Handling PREPREPARE. nReq=33 senderID=1 sn=125
00:50:08.883 INF Committed entry. latency=0 nReq=33 sn=125
00:50:08.884 INF Delivered batch. nReq=33 sn=125
00:50:08.905 INF Handling PREPREPARE. nReq=32 senderID=3 sn=127
00:50:08.906 INF Committed entry. latency=0 nReq=33 sn=126
00:50:08.919 INF Delivered batch. nReq=33 sn=126
00:50:08.961 INF Committed entry. latency=0 nReq=32 sn=127
00:50:08.961 INF Delivered batch. nReq=32 sn=127
00:50:09.707 INF Sending PREPREPARE. nReq=9 senderID=0 sn=128 view=0
00:50:09.735 INF Committed entry. latency=0 nReq=9 sn=128
00:50:09.736 INF Delivered batch. nReq=9 sn=128
00:50:09.781 INF Handling PREPREPARE. nReq=7 senderID=2 sn=130
00:50:09.793 INF Handling PREPREPARE. nReq=7 senderID=1 sn=129
00:50:09.815 INF Committed entry. latency=0 nReq=7 sn=129
00:50:09.817 INF Delivered batch. nReq=7 sn=129
00:50:09.833 INF Committed entry. latency=0 nReq=7 sn=130
00:50:09.833 INF Delivered batch. nReq=7 sn=130
00:50:09.881 INF Handling PREPREPARE. nReq=4 senderID=3 sn=131
00:50:09.896 INF Committed entry. latency=0 nReq=4 sn=131
00:50:09.896 INF Delivered batch. nReq=4 sn=131
00:50:10.042 INF Finished sending bucket assignments to client. clId=0
00:50:10.047 INF Connection terminated. error="rpc error: code = Canceled desc = context canceled" address=127.0.0.1:39446
00:50:10.706 INF Sending PREPREPARE. nReq=0 senderID=0 sn=132 view=0
00:50:10.719 INF Committed entry. latency=0 nReq=0 sn=132
00:50:10.719 INF Delivered batch. nReq=0 sn=132
00:50:10.777 INF Handling PREPREPARE. nReq=0 senderID=2 sn=134
00:50:10.791 INF Committed entry. latency=0 nReq=0 sn=134
00:50:10.791 INF Handling PREPREPARE. nReq=0 senderID=1 sn=133
00:50:10.792 INF Committed entry. latency=0 nReq=0 sn=133
00:50:10.793 INF Delivered batch. nReq=0 sn=133
00:50:10.793 INF Delivered batch. nReq=0 sn=134
00:50:10.874 INF Handling PREPREPARE. nReq=0 senderID=3 sn=135
00:50:10.888 INF Committed entry. latency=0 nReq=0 sn=135
00:50:10.890 INF Delivered batch. nReq=0 sn=135
00:50:10.991 INF Stopping Tracer. events=247 fileName=experiment-output/0000/slave-002/peer.trc
00:50:10.994 INF Stopping profiler.
==================
WARNING: DATA RACE
Read at 0x00c00073c648 by goroutine 89:
  github.com/hyperledger-labs/mirbft/tracing.(*BufferedTrace).Stop()
      /opt/gopath/src/github.com/hyperledger-labs/mirbft/tracing/bufferedtrace.go:238 +0x30e
  github.com/hyperledger-labs/mirbft/tracing.(*BufferedTrace).StopOnSignal.func1()
      /opt/gopath/src/github.com/hyperledger-labs/mirbft/tracing/bufferedtrace.go:299 +0x4e

Previous write at 0x00c00073c648 by goroutine 88:
  github.com/hyperledger-labs/mirbft/tracing.(*BufferedTrace).Event()
      /opt/gopath/src/github.com/hyperledger-labs/mirbft/tracing/bufferedtrace.go:106 +0x2cd
  github.com/hyperledger-labs/mirbft/profiling.StartCPUTracing.func1()
      /opt/gopath/src/github.com/hyperledger-labs/mirbft/profiling/cpuusage.go:31 +0x95

Goroutine 89 (running) created at:
  github.com/hyperledger-labs/mirbft/tracing.(*BufferedTrace).StopOnSignal()
      /opt/gopath/src/github.com/hyperledger-labs/mirbft/tracing/bufferedtrace.go:293 +0x178
  main.setUpTracing()
      /opt/gopath/src/github.com/hyperledger-labs/mirbft/cmd/orderingpeer/main.go:204 +0xf5
  main.main()
      /opt/gopath/src/github.com/hyperledger-labs/mirbft/cmd/orderingpeer/main.go:98 +0x9e4

Goroutine 88 (running) created at:
  github.com/hyperledger-labs/mirbft/profiling.StartCPUTracing()
      /opt/gopath/src/github.com/hyperledger-labs/mirbft/profiling/cpuusage.go:28 +0xb9
  main.setUpTracing()
      /opt/gopath/src/github.com/hyperledger-labs/mirbft/cmd/orderingpeer/main.go:196 +0x85
  main.main()
      /opt/gopath/src/github.com/hyperledger-labs/mirbft/cmd/orderingpeer/main.go:98 +0x9e4
==================
00:50:11.003 INF Trace data written.
00:50:11.068 INF Profile data written. filename=experiment-output/0000/slave-002/prof.mutex name=mutex
00:50:11.303 INF Profile data written. filename=experiment-output/0000/slave-002/prof.cpu name=cpu
00:50:11.517 INF Profile data written. filename=experiment-output/0000/slave-002/prof.block name=block
