{"level":"debug","Logging":"info","time":"2024-02-26T00:49:35+08:00","message":"Config"}
{"level":"debug","UseTLS":false,"time":"2024-02-26T00:49:35+08:00","message":"Config"}
{"level":"debug","CACertFile":"tls-data/ca.pem","time":"2024-02-26T00:49:35+08:00","message":"Config"}
{"level":"debug","KeyFile":"tls-data/auth.key","time":"2024-02-26T00:49:35+08:00","message":"Config"}
{"level":"debug","CertFile":"tls-data/auth.pem","time":"2024-02-26T00:49:35+08:00","message":"Config"}
{"level":"debug","PriorityConnections":2,"time":"2024-02-26T00:49:35+08:00","message":"Config"}
{"level":"debug","BasicConnections":4,"time":"2024-02-26T00:49:35+08:00","message":"Config"}
{"level":"debug","TestConnections":false,"time":"2024-02-26T00:49:35+08:00","message":"Config"}
{"level":"debug","ExcessConnections":1,"time":"2024-02-26T00:49:35+08:00","message":"Config"}
{"level":"debug","ConnectionTestMsgs":4,"time":"2024-02-26T00:49:35+08:00","message":"Config"}
{"level":"debug","ConnectionTestPayload":131072,"time":"2024-02-26T00:49:35+08:00","message":"Config"}
{"level":"debug","OutMessageBufsize":1024,"time":"2024-02-26T00:49:35+08:00","message":"Config"}
{"level":"debug","OutMessageBufsize":1,"time":"2024-02-26T00:49:35+08:00","message":"Config"}
{"level":"debug","ThroughputCap":131072000,"time":"2024-02-26T00:49:35+08:00","message":"Config"}
{"level":"debug","StragglerTolerance":1000,"time":"2024-02-26T00:49:35+08:00","message":"Config"}
{"level":"debug","BatchSizeIncrement":256,"time":"2024-02-26T00:49:35+08:00","message":"Config"}
{"level":"debug","Orderer":"Pbft","time":"2024-02-26T00:49:35+08:00","message":"Config"}
{"level":"debug","Manager":"Mir","time":"2024-02-26T00:49:35+08:00","message":"Config"}
{"level":"debug","Failures":0,"time":"2024-02-26T00:49:35+08:00","message":"Config"}
{"level":"debug","CrashTiming":"EpochStart","time":"2024-02-26T00:49:35+08:00","message":"Config"}
{"level":"debug","CheckpointInterval":256,"time":"2024-02-26T00:49:35+08:00","message":"Config"}
{"level":"debug","WatermarkWindowSize":256,"time":"2024-02-26T00:49:35+08:00","message":"Config"}
{"level":"debug","EpochLength":256,"time":"2024-02-26T00:49:35+08:00","message":"Config"}
{"level":"debug","SegmentLength":64,"time":"2024-02-26T00:49:35+08:00","message":"Config"}
{"level":"debug","WaitForCheckpoints":true,"time":"2024-02-26T00:49:35+08:00","message":"Config"}
{"level":"debug","ClientWatermarkWindowSize":4194304,"time":"2024-02-26T00:49:35+08:00","message":"Config"}
{"level":"debug","ClientRequestBacklogSize":4194304,"time":"2024-02-26T00:49:35+08:00","message":"Config"}
{"level":"debug","RandomSeed":26660,"time":"2024-02-26T00:49:35+08:00","message":"Config"}
{"level":"debug","NodeToLeaderRatio":1,"time":"2024-02-26T00:49:35+08:00","message":"Config"}
{"level":"debug","LeaderPolicy":"Simple","time":"2024-02-26T00:49:35+08:00","message":"Config"}
{"level":"debug","DefaultLeaderBan":2,"time":"2024-02-26T00:49:35+08:00","message":"Config"}
{"level":"debug","NumBuckets":64,"time":"2024-02-26T00:49:35+08:00","message":"Config"}
{"level":"debug","BatchSize":1000,"time":"2024-02-26T00:49:35+08:00","message":"Config"}
{"level":"debug","DisabledViewChange":false,"time":"2024-02-26T00:49:35+08:00","message":"Config"}
{"level":"debug","ViewChangeTimeout":60000,"time":"2024-02-26T00:49:35+08:00","message":"Config"}
{"level":"debug","ClientTraceSampling":10,"time":"2024-02-26T00:49:35+08:00","message":"Config"}
{"level":"debug","EventBufferSize":2097152,"time":"2024-02-26T00:49:35+08:00","message":"Config"}
{"level":"debug","TraceSampling":1,"time":"2024-02-26T00:49:35+08:00","message":"Config"}
{"level":"debug","ClientsPerProcess":1,"time":"2024-02-26T00:49:35+08:00","message":"Config"}
{"level":"debug","RequestsPerClient":7680,"time":"2024-02-26T00:49:35+08:00","message":"Config"}
{"level":"debug","ClientRunTime":30000,"time":"2024-02-26T00:49:35+08:00","message":"Config"}
{"level":"debug","RequestRate":128,"time":"2024-02-26T00:49:35+08:00","message":"Config"}
{"level":"debug","HardRequestRateLimit":false,"time":"2024-02-26T00:49:35+08:00","message":"Config"}
{"level":"debug","RequestPayloadSize":500,"time":"2024-02-26T00:49:35+08:00","message":"Config"}
{"level":"debug","SignRequests":true,"time":"2024-02-26T00:49:35+08:00","message":"Config"}
{"level":"debug","ClientPrivKeyFile":"tls-data/client-ecdsa-256.key","time":"2024-02-26T00:49:35+08:00","message":"Config"}
{"level":"debug","ClientPubKeyFile":"tls-data/client-ecdsa-256.pem","time":"2024-02-26T00:49:35+08:00","message":"Config"}
{"level":"debug","PrecomputeRequests":false,"time":"2024-02-26T00:49:35+08:00","message":"Config"}
{"level":"debug","RequestHandlerThreads":32,"time":"2024-02-26T00:49:35+08:00","message":"Config"}
{"level":"debug","RequestInputChannelBuffer":8192,"time":"2024-02-26T00:49:35+08:00","message":"Config"}
{"level":"debug","BatchVerifier":"external","time":"2024-02-26T00:49:35+08:00","message":"Config"}
00:49:35.459 INF Registered with discovery server. numPeers=4 ownID=1
00:49:35.461 INF Profiling enabled.
00:49:35.461 INF Setting up profiling.
00:49:35.461 INF Started Profiler: CPU
00:49:35.461 INF Started Profiler: BLOCK
00:49:35.462 INF Started Profiler: MUTEX
00:49:35.462 INF Profiler will stop on signal. exit=true
00:49:35.486 INF Tracing will stop on signal. exit=false
00:49:35.487 INF Started tracing. traceFile=experiment-output/0000/slave-003/peer.trc
00:49:35.491 INF Connecting to peer. addr=127.0.0.1:10011 basicConns=4 priorityConns=2
00:49:35.493 INF Listening for connections. port=10011 useTLS=false
00:49:35.492 INF Connecting to peer. addr=127.0.0.1:10000 basicConns=4 priorityConns=2
00:49:35.495 INF Connecting to peer. addr=127.0.0.1:10022 basicConns=4 priorityConns=2
00:49:35.496 INF Connecting to peer. addr=127.0.0.1:10033 basicConns=4 priorityConns=2
00:49:35.586 INF Incoming connection for protocol messages. addr=127.0.0.1:46522
00:49:35.622 INF Incoming connection for protocol messages. addr=127.0.0.1:46530
00:49:35.629 INF Incoming connection for protocol messages. addr=127.0.0.1:46626
00:49:35.634 INF Incoming connection for protocol messages. addr=127.0.0.1:46564
00:49:35.635 INF Incoming connection for protocol messages. addr=127.0.0.1:46536
00:49:35.636 INF Incoming connection for protocol messages. addr=127.0.0.1:46548
00:49:35.638 INF Incoming connection for protocol messages. addr=127.0.0.1:46684
00:49:35.642 INF Incoming connection for protocol messages. addr=127.0.0.1:46596
00:49:35.649 INF Incoming connection for protocol messages. addr=127.0.0.1:46664
00:49:35.651 INF Incoming connection for protocol messages. addr=127.0.0.1:46588
00:49:35.651 INF Incoming connection for protocol messages. addr=127.0.0.1:46650
00:49:35.652 INF Incoming connection for protocol messages. addr=127.0.0.1:46580
00:49:35.653 INF Incoming connection for protocol messages. addr=127.0.0.1:46714
00:49:35.653 INF Incoming connection for protocol messages. addr=127.0.0.1:46612
00:49:35.654 INF Incoming connection for protocol messages. addr=127.0.0.1:46662
00:49:35.654 INF Incoming connection for protocol messages. addr=127.0.0.1:46726
00:49:35.677 INF Incoming connection for protocol messages. addr=127.0.0.1:46700
00:49:35.677 INF Incoming connection for protocol messages. addr=127.0.0.1:46640
00:49:35.683 INF Incoming connection for protocol messages. addr=127.0.0.1:46734
00:49:35.690 INF Incoming connection for protocol messages. addr=127.0.0.1:46756
00:49:35.702 INF Incoming connection for protocol messages. addr=127.0.0.1:46758
00:49:35.704 INF Incoming connection for protocol messages. addr=127.0.0.1:46760
00:49:35.708 INF Incoming connection for protocol messages. addr=127.0.0.1:46770
00:49:35.712 INF Incoming connection for protocol messages. addr=127.0.0.1:46744
00:49:36.607 INF Connected to all peers.
00:49:36.627 INF All peers finished connecting. Starting ISS.
00:49:36.630 INF PbftOrderer received a new segment: [0 4 8 12 16 20 24 28 32 36 40 44 48 52 56 60 64 68 72 76 80 84 88 92 96 100 104 108 112 116 120 124 128 132 136 140 144 148 152 156 160 164 168 172 176 180 184 188 192 196 200 204 208 212 216 220 224 228 232 236 240 244 248 252] first leader=0 firstSN=0 lastSN=252 len=64 length=64 segId=0
00:49:36.631 INF Starting new view. segID=0 timeout=60000 view=0
00:49:36.634 INF Starting PBFT instance. first=0 last=252 segID=0
00:49:36.635 INF Starting serialized message processing. segID=0
00:49:36.635 INF PbftOrderer received a new segment: [1 5 9 13 17 21 25 29 33 37 41 45 49 53 57 61 65 69 73 77 81 85 89 93 97 101 105 109 113 117 121 125 129 133 137 141 145 149 153 157 161 165 169 173 177 181 185 189 193 197 201 205 209 213 217 221 225 229 233 237 241 245 249 253] first leader=1 firstSN=1 lastSN=253 len=64 length=64 segId=1
00:49:36.638 INF Starting new view. segID=1 timeout=60000 view=0
00:49:36.639 INF Starting PBFT instance. first=1 last=253 segID=1
00:49:36.640 INF PbftOrderer received a new segment: [2 6 10 14 18 22 26 30 34 38 42 46 50 54 58 62 66 70 74 78 82 86 90 94 98 102 106 110 114 118 122 126 130 134 138 142 146 150 154 158 162 166 170 174 178 182 186 190 194 198 202 206 210 214 218 222 226 230 234 238 242 246 250 254] first leader=2 firstSN=2 lastSN=254 len=64 length=64 segId=2
00:49:36.640 INF Starting serialized message processing. segID=1
00:49:36.641 INF Starting new view. segID=2 timeout=60000 view=0
00:49:36.642 INF Starting PBFT instance. first=2 last=254 segID=2
00:49:36.642 INF Starting serialized message processing. segID=2
00:49:36.642 INF PbftOrderer received a new segment: [3 7 11 15 19 23 27 31 35 39 43 47 51 55 59 63 67 71 75 79 83 87 91 95 99 103 107 111 115 119 123 127 131 135 139 143 147 151 155 159 163 167 171 175 179 183 187 191 195 199 203 207 211 215 219 223 227 231 235 239 243 247 251 255] first leader=3 firstSN=3 lastSN=255 len=64 length=64 segId=3
00:49:36.643 INF Starting new view. segID=3 timeout=60000 view=0
00:49:36.644 INF Starting PBFT instance. first=3 last=255 segID=3
00:49:36.644 INF Starting serialized message processing. segID=3
00:49:37.642 INF Sending PREPREPARE. nReq=0 senderID=1 sn=1 view=0
00:49:37.649 INF Handling PREPREPARE. nReq=0 senderID=0 sn=0
00:49:37.655 INF Handling PREPREPARE. nReq=0 senderID=2 sn=2
00:49:37.660 INF Handling PREPREPARE. nReq=0 senderID=3 sn=3
00:49:37.665 INF Committed entry. latency=0 nReq=0 sn=0
00:49:37.666 INF Delivered batch. nReq=0 sn=0
00:49:37.666 INF Committed entry. latency=0 nReq=0 sn=3
00:49:37.669 INF Committed entry. latency=0 nReq=0 sn=2
00:49:37.677 INF Committed entry. latency=0 nReq=0 sn=1
00:49:37.677 INF Delivered batch. nReq=0 sn=1
00:49:37.678 INF Delivered batch. nReq=0 sn=2
00:49:37.683 INF Delivered batch. nReq=0 sn=3
00:49:38.643 INF Sending PREPREPARE. nReq=0 senderID=1 sn=5 view=0
00:49:38.643 INF Handling PREPREPARE. nReq=0 senderID=0 sn=4
00:49:38.645 INF Committed entry. latency=0 nReq=0 sn=4
00:49:38.645 INF Delivered batch. nReq=0 sn=4
00:49:38.653 INF Handling PREPREPARE. nReq=0 senderID=2 sn=6
00:49:38.659 INF Committed entry. latency=0 nReq=0 sn=5
00:49:38.659 INF Committed entry. latency=0 nReq=0 sn=6
00:49:38.659 INF Delivered batch. nReq=0 sn=5
00:49:38.660 INF Delivered batch. nReq=0 sn=6
00:49:38.677 INF Handling PREPREPARE. nReq=0 senderID=3 sn=7
00:49:38.682 INF Committed entry. latency=0 nReq=0 sn=7
00:49:38.682 INF Delivered batch. nReq=0 sn=7
00:49:38.890 INF Incoming connection for requests. addr=127.0.0.1:41070
00:49:39.645 INF Handling PREPREPARE. nReq=21 senderID=0 sn=8
00:49:39.656 INF Sending PREPREPARE. nReq=21 senderID=1 sn=9 view=0
00:49:39.684 INF Committed entry. latency=0 nReq=21 sn=8
00:49:39.684 INF Delivered batch. nReq=21 sn=8
00:49:39.693 INF Committed entry. latency=0 nReq=21 sn=9
00:49:39.694 INF Delivered batch. nReq=21 sn=9
00:49:39.696 INF Handling PREPREPARE. nReq=21 senderID=3 sn=11
00:49:39.727 INF Handling PREPREPARE. nReq=21 senderID=2 sn=10
00:49:39.727 INF Committed entry. latency=0 nReq=21 sn=11
00:49:39.742 INF Committed entry. latency=0 nReq=21 sn=10
00:49:39.743 INF Delivered batch. nReq=21 sn=10
00:49:39.743 INF Delivered batch. nReq=21 sn=11
00:49:40.648 INF Handling PREPREPARE. nReq=32 senderID=0 sn=12
00:49:40.667 INF Sending PREPREPARE. nReq=32 senderID=1 sn=13 view=0
00:49:40.676 INF Handling PREPREPARE. nReq=32 senderID=2 sn=14
00:49:40.682 INF Committed entry. latency=0 nReq=32 sn=12
00:49:40.684 INF Delivered batch. nReq=32 sn=12
00:49:40.721 INF Handling PREPREPARE. nReq=32 senderID=3 sn=15
00:49:40.738 INF Committed entry. latency=0 nReq=32 sn=13
00:49:40.739 INF Delivered batch. nReq=32 sn=13
00:49:40.755 INF Committed entry. latency=0 nReq=32 sn=14
00:49:40.756 INF Delivered batch. nReq=32 sn=14
00:49:40.795 INF Committed entry. latency=0 nReq=32 sn=15
00:49:40.796 INF Delivered batch. nReq=32 sn=15
00:49:41.656 INF Handling PREPREPARE. nReq=32 senderID=0 sn=16
00:49:41.683 INF Sending PREPREPARE. nReq=33 senderID=1 sn=17 view=0
00:49:41.702 INF Handling PREPREPARE. nReq=32 senderID=2 sn=18
00:49:41.702 INF Committed entry. latency=0 nReq=32 sn=16
00:49:41.711 INF Delivered batch. nReq=32 sn=16
00:49:41.734 INF Committed entry. latency=0 nReq=33 sn=17
00:49:41.734 INF Delivered batch. nReq=33 sn=17
00:49:41.745 INF Handling PREPREPARE. nReq=33 senderID=3 sn=19
00:49:41.777 INF Committed entry. latency=0 nReq=32 sn=18
00:49:41.777 INF Delivered batch. nReq=32 sn=18
00:49:41.778 INF Delivered batch. nReq=33 sn=19
00:49:41.769 INF Committed entry. latency=0 nReq=33 sn=19
00:49:42.655 INF Handling PREPREPARE. nReq=32 senderID=0 sn=20
00:49:42.681 INF Sending PREPREPARE. nReq=31 senderID=1 sn=21 view=0
00:49:42.698 INF Committed entry. latency=0 nReq=32 sn=20
00:49:42.701 INF Delivered batch. nReq=32 sn=20
00:49:42.724 INF Handling PREPREPARE. nReq=32 senderID=2 sn=22
00:49:42.735 INF Committed entry. latency=0 nReq=31 sn=21
00:49:42.735 INF Delivered batch. nReq=31 sn=21
00:49:42.742 INF Handling PREPREPARE. nReq=31 senderID=3 sn=23
00:49:42.755 INF Committed entry. latency=0 nReq=32 sn=22
00:49:42.756 INF Delivered batch. nReq=32 sn=22
00:49:42.768 INF Committed entry. latency=0 nReq=31 sn=23
00:49:42.768 INF Delivered batch. nReq=31 sn=23
00:49:43.655 INF Handling PREPREPARE. nReq=32 senderID=0 sn=24
00:49:43.688 INF Committed entry. latency=0 nReq=32 sn=24
00:49:43.686 INF Sending PREPREPARE. nReq=33 senderID=1 sn=25 view=0
00:49:43.688 INF Delivered batch. nReq=32 sn=24
00:49:43.729 INF Handling PREPREPARE. nReq=33 senderID=3 sn=27
00:49:43.739 INF Handling PREPREPARE. nReq=33 senderID=2 sn=26
00:49:43.744 INF Committed entry. latency=0 nReq=33 sn=25
00:49:43.744 INF Delivered batch. nReq=33 sn=25
00:49:43.782 INF Committed entry. latency=0 nReq=33 sn=26
00:49:43.782 INF Delivered batch. nReq=33 sn=26
00:49:43.786 INF Committed entry. latency=0 nReq=33 sn=27
00:49:43.789 INF Delivered batch. nReq=33 sn=27
00:49:44.659 INF Handling PREPREPARE. nReq=32 senderID=0 sn=28
00:49:44.687 INF Committed entry. latency=0 nReq=32 sn=28
00:49:44.687 INF Delivered batch. nReq=32 sn=28
00:49:44.692 INF Sending PREPREPARE. nReq=32 senderID=1 sn=29 view=0
00:49:44.696 INF Handling PREPREPARE. nReq=31 senderID=2 sn=30
00:49:44.734 INF Committed entry. latency=0 nReq=31 sn=30
00:49:44.740 INF Committed entry. latency=0 nReq=32 sn=29
00:49:44.741 INF Delivered batch. nReq=32 sn=29
00:49:44.741 INF Delivered batch. nReq=31 sn=30
00:49:44.760 INF Handling PREPREPARE. nReq=32 senderID=3 sn=31
00:49:44.782 INF Committed entry. latency=0 nReq=32 sn=31
00:49:44.783 INF Delivered batch. nReq=32 sn=31
00:49:45.659 INF Handling PREPREPARE. nReq=32 senderID=0 sn=32
00:49:45.691 INF Committed entry. latency=0 nReq=32 sn=32
00:49:45.692 INF Delivered batch. nReq=32 sn=32
00:49:45.693 INF Sending PREPREPARE. nReq=31 senderID=1 sn=33 view=0
00:49:45.729 INF Handling PREPREPARE. nReq=33 senderID=2 sn=34
00:49:45.740 INF Handling PREPREPARE. nReq=32 senderID=3 sn=35
00:49:45.752 INF Committed entry. latency=0 nReq=33 sn=34
00:49:45.756 INF Committed entry. latency=0 nReq=31 sn=33
00:49:45.756 INF Delivered batch. nReq=31 sn=33
00:49:45.756 INF Delivered batch. nReq=33 sn=34
00:49:45.792 INF Committed entry. latency=0 nReq=32 sn=35
00:49:45.793 INF Delivered batch. nReq=32 sn=35
00:49:46.661 INF Handling PREPREPARE. nReq=32 senderID=0 sn=36
00:49:46.694 INF Sending PREPREPARE. nReq=33 senderID=1 sn=37 view=0
00:49:46.697 INF Committed entry. latency=0 nReq=32 sn=36
00:49:46.698 INF Delivered batch. nReq=32 sn=36
00:49:46.724 INF Handling PREPREPARE. nReq=32 senderID=2 sn=38
00:49:46.745 INF Committed entry. latency=0 nReq=33 sn=37
00:49:46.745 INF Delivered batch. nReq=33 sn=37
00:49:46.746 INF Handling PREPREPARE. nReq=32 senderID=3 sn=39
00:49:46.771 INF Committed entry. latency=0 nReq=32 sn=38
00:49:46.774 INF Delivered batch. nReq=32 sn=38
00:49:46.788 INF Committed entry. latency=0 nReq=32 sn=39
00:49:46.789 INF Delivered batch. nReq=32 sn=39
00:49:47.668 INF Handling PREPREPARE. nReq=33 senderID=0 sn=40
00:49:47.687 INF Sending PREPREPARE. nReq=32 senderID=1 sn=41 view=0
00:49:47.710 INF Handling PREPREPARE. nReq=32 senderID=2 sn=42
00:49:47.744 INF Committed entry. latency=0 nReq=33 sn=40
00:49:47.744 INF Delivered batch. nReq=33 sn=40
00:49:47.744 INF Delivered batch. nReq=32 sn=41
00:49:47.744 INF Committed entry. latency=0 nReq=32 sn=41
00:49:47.746 INF Committed entry. latency=0 nReq=32 sn=42
00:49:47.747 INF Delivered batch. nReq=32 sn=42
00:49:47.775 INF Handling PREPREPARE. nReq=33 senderID=3 sn=43
00:49:47.803 INF Committed entry. latency=0 nReq=33 sn=43
00:49:47.803 INF Delivered batch. nReq=33 sn=43
00:49:48.667 INF Handling PREPREPARE. nReq=32 senderID=0 sn=44
00:49:48.687 INF Committed entry. latency=0 nReq=32 sn=44
00:49:48.694 INF Delivered batch. nReq=32 sn=44
00:49:48.701 INF Sending PREPREPARE. nReq=32 senderID=1 sn=45 view=0
00:49:48.709 INF Handling PREPREPARE. nReq=32 senderID=2 sn=46
00:49:48.732 INF Committed entry. latency=0 nReq=32 sn=46
00:49:48.741 INF Committed entry. latency=0 nReq=32 sn=45
00:49:48.747 INF Delivered batch. nReq=32 sn=45
00:49:48.753 INF Delivered batch. nReq=32 sn=46
00:49:48.768 INF Handling PREPREPARE. nReq=31 senderID=3 sn=47
00:49:48.810 INF Committed entry. latency=0 nReq=31 sn=47
00:49:48.811 INF Delivered batch. nReq=31 sn=47
00:49:49.669 INF Handling PREPREPARE. nReq=32 senderID=0 sn=48
00:49:49.688 INF Sending PREPREPARE. nReq=32 senderID=1 sn=49 view=0
00:49:49.701 INF Committed entry. latency=0 nReq=32 sn=48
00:49:49.713 INF Delivered batch. nReq=32 sn=48
00:49:49.755 INF Committed entry. latency=0 nReq=32 sn=49
00:49:49.756 INF Delivered batch. nReq=32 sn=49
00:49:49.756 INF Handling PREPREPARE. nReq=33 senderID=3 sn=51
00:49:49.766 INF Handling PREPREPARE. nReq=32 senderID=2 sn=50
00:49:49.802 INF Committed entry. latency=0 nReq=33 sn=51
00:49:49.807 INF Committed entry. latency=0 nReq=32 sn=50
00:49:49.807 INF Delivered batch. nReq=32 sn=50
00:49:49.807 INF Delivered batch. nReq=33 sn=51
00:49:50.676 INF Handling PREPREPARE. nReq=32 senderID=0 sn=52
00:49:50.712 INF Sending PREPREPARE. nReq=32 senderID=1 sn=53 view=0
00:49:50.748 INF Handling PREPREPARE. nReq=32 senderID=2 sn=54
00:49:50.772 INF Committed entry. latency=0 nReq=32 sn=53
00:49:50.778 INF Committed entry. latency=0 nReq=32 sn=52
00:49:50.779 INF Delivered batch. nReq=32 sn=52
00:49:50.779 INF Delivered batch. nReq=32 sn=53
00:49:50.798 INF Handling PREPREPARE. nReq=32 senderID=3 sn=55
00:49:50.813 INF Committed entry. latency=0 nReq=32 sn=54
00:49:50.813 INF Delivered batch. nReq=32 sn=54
00:49:50.843 INF Committed entry. latency=0 nReq=32 sn=55
00:49:50.844 INF Delivered batch. nReq=32 sn=55
00:49:51.693 INF Handling PREPREPARE. nReq=32 senderID=0 sn=56
00:49:51.704 INF Sending PREPREPARE. nReq=32 senderID=1 sn=57 view=0
00:49:51.752 INF Handling PREPREPARE. nReq=33 senderID=2 sn=58
00:49:51.756 INF Committed entry. latency=0 nReq=32 sn=56
00:49:51.756 INF Delivered batch. nReq=32 sn=56
00:49:51.789 INF Committed entry. latency=0 nReq=33 sn=58
00:49:51.795 INF Handling PREPREPARE. nReq=31 senderID=3 sn=59
00:49:51.813 INF Committed entry. latency=0 nReq=32 sn=57
00:49:51.814 INF Delivered batch. nReq=32 sn=57
00:49:51.814 INF Delivered batch. nReq=33 sn=58
00:49:51.836 INF Committed entry. latency=0 nReq=31 sn=59
00:49:51.836 INF Delivered batch. nReq=31 sn=59
00:49:52.676 INF Handling PREPREPARE. nReq=32 senderID=0 sn=60
00:49:52.692 INF Committed entry. latency=0 nReq=32 sn=60
00:49:52.693 INF Delivered batch. nReq=32 sn=60
00:49:52.717 INF Sending PREPREPARE. nReq=33 senderID=1 sn=61 view=0
00:49:52.730 INF Handling PREPREPARE. nReq=31 senderID=2 sn=62
00:49:52.756 INF Committed entry. latency=0 nReq=31 sn=62
00:49:52.767 INF Committed entry. latency=0 nReq=33 sn=61
00:49:52.767 INF Delivered batch. nReq=33 sn=61
00:49:52.770 INF Delivered batch. nReq=31 sn=62
00:49:52.811 INF Handling PREPREPARE. nReq=34 senderID=3 sn=63
00:49:52.837 INF Committed entry. latency=0 nReq=34 sn=63
00:49:52.838 INF Delivered batch. nReq=34 sn=63
00:49:53.682 INF Handling PREPREPARE. nReq=32 senderID=0 sn=64
00:49:53.701 INF Committed entry. latency=0 nReq=32 sn=64
00:49:53.702 INF Delivered batch. nReq=32 sn=64
00:49:53.713 INF Sending PREPREPARE. nReq=32 senderID=1 sn=65 view=0
00:49:53.726 INF Handling PREPREPARE. nReq=33 senderID=2 sn=66
00:49:53.760 INF Committed entry. latency=0 nReq=32 sn=65
00:49:53.761 INF Delivered batch. nReq=32 sn=65
00:49:53.764 INF Committed entry. latency=0 nReq=33 sn=66
00:49:53.765 INF Delivered batch. nReq=33 sn=66
00:49:53.782 INF Handling PREPREPARE. nReq=32 senderID=3 sn=67
00:49:53.807 INF Committed entry. latency=0 nReq=32 sn=67
00:49:53.807 INF Delivered batch. nReq=32 sn=67
00:49:54.682 INF Handling PREPREPARE. nReq=32 senderID=0 sn=68
00:49:54.716 INF Sending PREPREPARE. nReq=32 senderID=1 sn=69 view=0
00:49:54.719 INF Committed entry. latency=0 nReq=32 sn=68
00:49:54.722 INF Delivered batch. nReq=32 sn=68
00:49:54.773 INF Handling PREPREPARE. nReq=32 senderID=2 sn=70
00:49:54.781 INF Committed entry. latency=0 nReq=32 sn=69
00:49:54.781 INF Delivered batch. nReq=32 sn=69
00:49:54.814 INF Handling PREPREPARE. nReq=33 senderID=3 sn=71
00:49:54.836 INF Committed entry. latency=0 nReq=32 sn=70
00:49:54.836 INF Delivered batch. nReq=32 sn=70
00:49:54.860 INF Committed entry. latency=0 nReq=33 sn=71
00:49:54.860 INF Delivered batch. nReq=33 sn=71
00:49:55.681 INF Handling PREPREPARE. nReq=32 senderID=0 sn=72
00:49:55.729 INF Committed entry. latency=0 nReq=32 sn=72
00:49:55.729 INF Delivered batch. nReq=32 sn=72
00:49:55.736 INF Sending PREPREPARE. nReq=32 senderID=1 sn=73 view=0
00:49:55.772 INF Handling PREPREPARE. nReq=32 senderID=2 sn=74
00:49:55.786 INF Committed entry. latency=0 nReq=32 sn=73
00:49:55.786 INF Delivered batch. nReq=32 sn=73
00:49:55.813 INF Committed entry. latency=0 nReq=32 sn=74
00:49:55.813 INF Delivered batch. nReq=32 sn=74
00:49:55.834 INF Handling PREPREPARE. nReq=32 senderID=3 sn=75
00:49:55.856 INF Committed entry. latency=0 nReq=32 sn=75
00:49:55.862 INF Delivered batch. nReq=32 sn=75
00:49:56.693 INF Handling PREPREPARE. nReq=32 senderID=0 sn=76
00:49:56.723 INF Sending PREPREPARE. nReq=32 senderID=1 sn=77 view=0
00:49:56.751 INF Committed entry. latency=0 nReq=32 sn=76
00:49:56.751 INF Delivered batch. nReq=32 sn=76
00:49:56.769 INF Committed entry. latency=0 nReq=32 sn=77
00:49:56.769 INF Delivered batch. nReq=32 sn=77
00:49:56.777 INF Handling PREPREPARE. nReq=32 senderID=2 sn=78
00:49:56.794 INF Committed entry. latency=0 nReq=32 sn=78
00:49:56.794 INF Delivered batch. nReq=32 sn=78
00:49:56.814 INF Handling PREPREPARE. nReq=31 senderID=3 sn=79
00:49:56.842 INF Committed entry. latency=0 nReq=31 sn=79
00:49:56.843 INF Delivered batch. nReq=31 sn=79
00:49:57.683 INF Handling PREPREPARE. nReq=32 senderID=0 sn=80
00:49:57.712 INF Committed entry. latency=0 nReq=32 sn=80
00:49:57.712 INF Delivered batch. nReq=32 sn=80
00:49:57.722 INF Sending PREPREPARE. nReq=32 senderID=1 sn=81 view=0
00:49:57.747 INF Handling PREPREPARE. nReq=32 senderID=2 sn=82
00:49:57.759 INF Committed entry. latency=0 nReq=32 sn=81
00:49:57.759 INF Delivered batch. nReq=32 sn=81
00:49:57.775 INF Committed entry. latency=0 nReq=32 sn=82
00:49:57.775 INF Delivered batch. nReq=32 sn=82
00:49:57.804 INF Handling PREPREPARE. nReq=33 senderID=3 sn=83
00:49:57.830 INF Committed entry. latency=0 nReq=33 sn=83
00:49:57.830 INF Delivered batch. nReq=33 sn=83
00:49:58.702 INF Handling PREPREPARE. nReq=32 senderID=0 sn=84
00:49:58.717 INF Committed entry. latency=0 nReq=32 sn=84
00:49:58.718 INF Delivered batch. nReq=32 sn=84
00:49:58.740 INF Sending PREPREPARE. nReq=32 senderID=1 sn=85 view=0
00:49:58.771 INF Committed entry. latency=0 nReq=32 sn=85
00:49:58.772 INF Delivered batch. nReq=32 sn=85
00:49:58.790 INF Handling PREPREPARE. nReq=32 senderID=2 sn=86
00:49:58.809 INF Committed entry. latency=0 nReq=32 sn=86
00:49:58.809 INF Delivered batch. nReq=32 sn=86
00:49:58.821 INF Handling PREPREPARE. nReq=32 senderID=3 sn=87
00:49:58.856 INF Committed entry. latency=0 nReq=32 sn=87
00:49:58.856 INF Delivered batch. nReq=32 sn=87
00:49:59.688 INF Handling PREPREPARE. nReq=32 senderID=0 sn=88
00:49:59.716 INF Committed entry. latency=0 nReq=32 sn=88
00:49:59.716 INF Delivered batch. nReq=32 sn=88
00:49:59.735 INF Sending PREPREPARE. nReq=33 senderID=1 sn=89 view=0
00:49:59.763 INF Committed entry. latency=0 nReq=33 sn=89
00:49:59.764 INF Delivered batch. nReq=33 sn=89
00:49:59.772 INF Handling PREPREPARE. nReq=33 senderID=2 sn=90
00:49:59.785 INF Committed entry. latency=0 nReq=33 sn=90
00:49:59.786 INF Delivered batch. nReq=33 sn=90
00:49:59.814 INF Handling PREPREPARE. nReq=32 senderID=3 sn=91
00:49:59.835 INF Committed entry. latency=0 nReq=32 sn=91
00:49:59.836 INF Delivered batch. nReq=32 sn=91
00:50:00.691 INF Handling PREPREPARE. nReq=32 senderID=0 sn=92
00:50:00.714 INF Committed entry. latency=0 nReq=32 sn=92
00:50:00.714 INF Delivered batch. nReq=32 sn=92
00:50:00.740 INF Sending PREPREPARE. nReq=32 senderID=1 sn=93 view=0
00:50:00.766 INF Handling PREPREPARE. nReq=31 senderID=2 sn=94
00:50:00.768 INF Committed entry. latency=0 nReq=32 sn=93
00:50:00.779 INF Delivered batch. nReq=32 sn=93
00:50:00.794 INF Committed entry. latency=0 nReq=31 sn=94
00:50:00.794 INF Delivered batch. nReq=31 sn=94
00:50:00.829 INF Handling PREPREPARE. nReq=32 senderID=3 sn=95
00:50:00.845 INF Committed entry. latency=0 nReq=32 sn=95
00:50:00.845 INF Delivered batch. nReq=32 sn=95
00:50:01.702 INF Handling PREPREPARE. nReq=32 senderID=0 sn=96
00:50:01.727 INF Committed entry. latency=0 nReq=32 sn=96
00:50:01.728 INF Delivered batch. nReq=32 sn=96
00:50:01.757 INF Sending PREPREPARE. nReq=31 senderID=1 sn=97 view=0
00:50:01.768 INF Handling PREPREPARE. nReq=32 senderID=2 sn=98
00:50:01.791 INF Committed entry. latency=0 nReq=31 sn=97
00:50:01.792 INF Delivered batch. nReq=31 sn=97
00:50:01.810 INF Committed entry. latency=0 nReq=32 sn=98
00:50:01.810 INF Delivered batch. nReq=32 sn=98
00:50:01.853 INF Handling PREPREPARE. nReq=31 senderID=3 sn=99
00:50:01.884 INF Committed entry. latency=0 nReq=31 sn=99
00:50:01.885 INF Delivered batch. nReq=31 sn=99
00:50:02.695 INF Handling PREPREPARE. nReq=32 senderID=0 sn=100
00:50:02.748 INF Sending PREPREPARE. nReq=33 senderID=1 sn=101 view=0
00:50:02.769 INF Committed entry. latency=0 nReq=32 sn=100
00:50:02.770 INF Delivered batch. nReq=32 sn=100
00:50:02.797 INF Committed entry. latency=0 nReq=33 sn=101
00:50:02.797 INF Delivered batch. nReq=33 sn=101
00:50:02.826 INF Handling PREPREPARE. nReq=33 senderID=2 sn=102
00:50:02.872 INF Handling PREPREPARE. nReq=34 senderID=3 sn=103
00:50:02.902 INF Committed entry. latency=0 nReq=33 sn=102
00:50:02.903 INF Delivered batch. nReq=33 sn=102
00:50:02.906 INF Committed entry. latency=0 nReq=34 sn=103
00:50:02.909 INF Delivered batch. nReq=34 sn=103
00:50:03.699 INF Handling PREPREPARE. nReq=33 senderID=0 sn=104
00:50:03.726 INF Committed entry. latency=0 nReq=33 sn=104
00:50:03.726 INF Delivered batch. nReq=33 sn=104
00:50:03.746 INF Sending PREPREPARE. nReq=32 senderID=1 sn=105 view=0
00:50:03.758 INF Handling PREPREPARE. nReq=32 senderID=2 sn=106
00:50:03.796 INF Committed entry. latency=0 nReq=32 sn=105
00:50:03.799 INF Delivered batch. nReq=32 sn=105
00:50:03.807 INF Committed entry. latency=0 nReq=32 sn=106
00:50:03.807 INF Delivered batch. nReq=32 sn=106
00:50:03.826 INF Handling PREPREPARE. nReq=31 senderID=3 sn=107
00:50:03.848 INF Committed entry. latency=0 nReq=31 sn=107
00:50:03.849 INF Delivered batch. nReq=31 sn=107
00:50:04.703 INF Handling PREPREPARE. nReq=32 senderID=0 sn=108
00:50:04.743 INF Committed entry. latency=0 nReq=32 sn=108
00:50:04.743 INF Delivered batch. nReq=32 sn=108
00:50:04.760 INF Sending PREPREPARE. nReq=32 senderID=1 sn=109 view=0
00:50:04.791 INF Handling PREPREPARE. nReq=32 senderID=2 sn=110
00:50:04.804 INF Committed entry. latency=0 nReq=32 sn=109
00:50:04.804 INF Delivered batch. nReq=32 sn=109
00:50:04.843 INF Committed entry. latency=0 nReq=32 sn=110
00:50:04.843 INF Delivered batch. nReq=32 sn=110
00:50:04.875 INF Handling PREPREPARE. nReq=33 senderID=3 sn=111
00:50:04.901 INF Committed entry. latency=0 nReq=33 sn=111
00:50:04.904 INF Delivered batch. nReq=33 sn=111
00:50:05.712 INF Handling PREPREPARE. nReq=32 senderID=0 sn=112
00:50:05.756 INF Committed entry. latency=0 nReq=32 sn=112
00:50:05.757 INF Delivered batch. nReq=32 sn=112
00:50:05.769 INF Sending PREPREPARE. nReq=32 senderID=1 sn=113 view=0
00:50:05.802 INF Handling PREPREPARE. nReq=32 senderID=2 sn=114
00:50:05.864 INF Committed entry. latency=0 nReq=32 sn=113
00:50:05.872 INF Delivered batch. nReq=32 sn=113
00:50:05.877 INF Handling PREPREPARE. nReq=32 senderID=3 sn=115
00:50:05.897 INF Committed entry. latency=0 nReq=32 sn=114
00:50:05.898 INF Delivered batch. nReq=32 sn=114
00:50:05.966 INF Committed entry. latency=0 nReq=32 sn=115
00:50:05.968 INF Delivered batch. nReq=32 sn=115
00:50:06.711 INF Handling PREPREPARE. nReq=32 senderID=0 sn=116
00:50:06.734 INF Committed entry. latency=0 nReq=32 sn=116
00:50:06.735 INF Delivered batch. nReq=32 sn=116
00:50:06.757 INF Sending PREPREPARE. nReq=31 senderID=1 sn=117 view=0
00:50:06.802 INF Committed entry. latency=0 nReq=31 sn=117
00:50:06.802 INF Delivered batch. nReq=31 sn=117
00:50:06.803 INF Handling PREPREPARE. nReq=31 senderID=2 sn=118
00:50:06.846 INF Committed entry. latency=0 nReq=31 sn=118
00:50:06.847 INF Delivered batch. nReq=31 sn=118
00:50:06.910 INF Handling PREPREPARE. nReq=33 senderID=3 sn=119
00:50:06.951 INF Committed entry. latency=0 nReq=33 sn=119
00:50:06.951 INF Delivered batch. nReq=33 sn=119
00:50:07.720 INF Handling PREPREPARE. nReq=32 senderID=0 sn=120
00:50:07.777 INF Sending PREPREPARE. nReq=33 senderID=1 sn=121 view=0
00:50:07.811 INF Committed entry. latency=0 nReq=32 sn=120
00:50:07.812 INF Delivered batch. nReq=32 sn=120
00:50:07.901 INF Handling PREPREPARE. nReq=33 senderID=2 sn=122
00:50:07.949 INF Committed entry. latency=0 nReq=33 sn=121
00:50:07.963 INF Delivered batch. nReq=33 sn=121
00:50:07.965 INF Committed entry. latency=0 nReq=33 sn=122
00:50:07.975 INF Delivered batch. nReq=33 sn=122
00:50:08.031 INF Handling PREPREPARE. nReq=32 senderID=3 sn=123
00:50:08.064 INF Committed entry. latency=0 nReq=32 sn=123
00:50:08.064 INF Delivered batch. nReq=32 sn=123
00:50:08.745 INF Handling PREPREPARE. nReq=32 senderID=0 sn=124
00:50:08.782 INF Committed entry. latency=0 nReq=32 sn=124
00:50:08.783 INF Delivered batch. nReq=32 sn=124
00:50:08.797 INF Sending PREPREPARE. nReq=33 senderID=1 sn=125 view=0
00:50:08.842 INF Handling PREPREPARE. nReq=33 senderID=2 sn=126
00:50:08.872 INF Committed entry. latency=0 nReq=33 sn=125
00:50:08.873 INF Delivered batch. nReq=33 sn=125
00:50:08.890 INF Handling PREPREPARE. nReq=32 senderID=3 sn=127
00:50:08.907 INF Committed entry. latency=0 nReq=33 sn=126
00:50:08.908 INF Delivered batch. nReq=33 sn=126
00:50:08.943 INF Committed entry. latency=0 nReq=32 sn=127
00:50:08.943 INF Delivered batch. nReq=32 sn=127
00:50:09.710 INF Handling PREPREPARE. nReq=9 senderID=0 sn=128
00:50:09.755 INF Committed entry. latency=0 nReq=9 sn=128
00:50:09.756 INF Delivered batch. nReq=9 sn=128
00:50:09.778 INF Sending PREPREPARE. nReq=7 senderID=1 sn=129 view=0
00:50:09.783 INF Handling PREPREPARE. nReq=7 senderID=2 sn=130
00:50:09.809 INF Committed entry. latency=0 nReq=7 sn=129
00:50:09.833 INF Delivered batch. nReq=7 sn=129
00:50:09.834 INF Delivered batch. nReq=7 sn=130
00:50:09.831 INF Committed entry. latency=0 nReq=7 sn=130
00:50:09.875 INF Handling PREPREPARE. nReq=4 senderID=3 sn=131
00:50:09.897 INF Committed entry. latency=0 nReq=4 sn=131
00:50:09.897 INF Delivered batch. nReq=4 sn=131
00:50:10.030 INF Connection terminated. error="rpc error: code = Canceled desc = context canceled" address=127.0.0.1:41070
00:50:10.050 INF Finished sending bucket assignments to client. clId=0
00:50:10.708 INF Handling PREPREPARE. nReq=0 senderID=0 sn=132
00:50:10.720 INF Committed entry. latency=0 nReq=0 sn=132
00:50:10.720 INF Delivered batch. nReq=0 sn=132
00:50:10.780 INF Handling PREPREPARE. nReq=0 senderID=2 sn=134
00:50:10.780 INF Sending PREPREPARE. nReq=0 senderID=1 sn=133 view=0
00:50:10.786 INF Committed entry. latency=0 nReq=0 sn=134
00:50:10.793 INF Committed entry. latency=0 nReq=0 sn=133
00:50:10.793 INF Delivered batch. nReq=0 sn=133
00:50:10.794 INF Delivered batch. nReq=0 sn=134
00:50:10.874 INF Handling PREPREPARE. nReq=0 senderID=3 sn=135
00:50:10.882 INF Committed entry. latency=0 nReq=0 sn=135
00:50:10.882 INF Delivered batch. nReq=0 sn=135
00:50:10.991 INF Stopping Tracer. events=247 fileName=experiment-output/0000/slave-003/peer.trc
00:50:10.995 INF Stopping profiler.
==================
WARNING: DATA RACE
Read at 0x00c0007a25d0 by goroutine 89:
  github.com/hyperledger-labs/mirbft/tracing.(*BufferedTrace).Stop()
      /opt/gopath/src/github.com/hyperledger-labs/mirbft/tracing/bufferedtrace.go:238 +0x30e
  github.com/hyperledger-labs/mirbft/tracing.(*BufferedTrace).StopOnSignal.func1()
      /opt/gopath/src/github.com/hyperledger-labs/mirbft/tracing/bufferedtrace.go:299 +0x4e

Previous write at 0x00c0007a25d0 by goroutine 88:
  github.com/hyperledger-labs/mirbft/tracing.(*BufferedTrace).Event()
      /opt/gopath/src/github.com/hyperledger-labs/mirbft/tracing/bufferedtrace.go:106 +0x2cd
  github.com/hyperledger-labs/mirbft/profiling.StartCPUTracing.func1()
      /opt/gopath/src/github.com/hyperledger-labs/mirbft/profiling/cpuusage.go:31 +0x95

Goroutine 89 (running) created at:
  github.com/hyperledger-labs/mirbft/tracing.(*BufferedTrace).StopOnSignal()
      /opt/gopath/src/github.com/hyperledger-labs/mirbft/tracing/bufferedtrace.go:293 +0x178
  main.setUpTracing()
      /opt/gopath/src/github.com/hyperledger-labs/mirbft/cmd/orderingpeer/main.go:204 +0xf5
  main.main()
      /opt/gopath/src/github.com/hyperledger-labs/mirbft/cmd/orderingpeer/main.go:98 +0x9e4

Goroutine 88 (running) created at:
  github.com/hyperledger-labs/mirbft/profiling.StartCPUTracing()
      /opt/gopath/src/github.com/hyperledger-labs/mirbft/profiling/cpuusage.go:28 +0xb9
  main.setUpTracing()
      /opt/gopath/src/github.com/hyperledger-labs/mirbft/cmd/orderingpeer/main.go:196 +0x85
  main.main()
      /opt/gopath/src/github.com/hyperledger-labs/mirbft/cmd/orderingpeer/main.go:98 +0x9e4
==================
00:50:11.003 INF Trace data written.
00:50:11.095 INF Profile data written. filename=experiment-output/0000/slave-003/prof.mutex name=mutex
00:50:11.415 INF Profile data written. filename=experiment-output/0000/slave-003/prof.cpu name=cpu
00:50:11.591 INF Profile data written. filename=experiment-output/0000/slave-003/prof.block name=block
