{"level":"debug","Logging":"info","time":"2024-02-26T00:36:52+08:00","message":"Config"}
{"level":"debug","UseTLS":true,"time":"2024-02-26T00:36:52+08:00","message":"Config"}
{"level":"debug","CACertFile":"tls-data/ca.pem","time":"2024-02-26T00:36:52+08:00","message":"Config"}
{"level":"debug","KeyFile":"tls-data/auth.key","time":"2024-02-26T00:36:52+08:00","message":"Config"}
{"level":"debug","CertFile":"tls-data/auth.pem","time":"2024-02-26T00:36:52+08:00","message":"Config"}
{"level":"debug","PriorityConnections":2,"time":"2024-02-26T00:36:52+08:00","message":"Config"}
{"level":"debug","BasicConnections":4,"time":"2024-02-26T00:36:52+08:00","message":"Config"}
{"level":"debug","TestConnections":false,"time":"2024-02-26T00:36:52+08:00","message":"Config"}
{"level":"debug","ExcessConnections":1,"time":"2024-02-26T00:36:52+08:00","message":"Config"}
{"level":"debug","ConnectionTestMsgs":4,"time":"2024-02-26T00:36:52+08:00","message":"Config"}
{"level":"debug","ConnectionTestPayload":131072,"time":"2024-02-26T00:36:52+08:00","message":"Config"}
{"level":"debug","OutMessageBufsize":1024,"time":"2024-02-26T00:36:52+08:00","message":"Config"}
{"level":"debug","OutMessageBufsize":1,"time":"2024-02-26T00:36:52+08:00","message":"Config"}
{"level":"debug","ThroughputCap":131072000,"time":"2024-02-26T00:36:52+08:00","message":"Config"}
{"level":"debug","StragglerTolerance":1000,"time":"2024-02-26T00:36:52+08:00","message":"Config"}
{"level":"debug","BatchSizeIncrement":256,"time":"2024-02-26T00:36:52+08:00","message":"Config"}
{"level":"debug","Orderer":"Pbft","time":"2024-02-26T00:36:52+08:00","message":"Config"}
{"level":"debug","Manager":"Mir","time":"2024-02-26T00:36:52+08:00","message":"Config"}
{"level":"debug","Failures":0,"time":"2024-02-26T00:36:52+08:00","message":"Config"}
{"level":"debug","CrashTiming":"EpochStart","time":"2024-02-26T00:36:52+08:00","message":"Config"}
{"level":"debug","CheckpointInterval":256,"time":"2024-02-26T00:36:52+08:00","message":"Config"}
{"level":"debug","WatermarkWindowSize":256,"time":"2024-02-26T00:36:52+08:00","message":"Config"}
{"level":"debug","EpochLength":256,"time":"2024-02-26T00:36:52+08:00","message":"Config"}
{"level":"debug","SegmentLength":64,"time":"2024-02-26T00:36:52+08:00","message":"Config"}
{"level":"debug","WaitForCheckpoints":true,"time":"2024-02-26T00:36:52+08:00","message":"Config"}
{"level":"debug","ClientWatermarkWindowSize":4194304,"time":"2024-02-26T00:36:52+08:00","message":"Config"}
{"level":"debug","ClientRequestBacklogSize":4194304,"time":"2024-02-26T00:36:52+08:00","message":"Config"}
{"level":"debug","RandomSeed":27684,"time":"2024-02-26T00:36:52+08:00","message":"Config"}
{"level":"debug","NodeToLeaderRatio":1,"time":"2024-02-26T00:36:52+08:00","message":"Config"}
{"level":"debug","LeaderPolicy":"Simple","time":"2024-02-26T00:36:52+08:00","message":"Config"}
{"level":"debug","DefaultLeaderBan":2,"time":"2024-02-26T00:36:52+08:00","message":"Config"}
{"level":"debug","NumBuckets":64,"time":"2024-02-26T00:36:52+08:00","message":"Config"}
{"level":"debug","BatchSize":1000,"time":"2024-02-26T00:36:52+08:00","message":"Config"}
{"level":"debug","DisabledViewChange":false,"time":"2024-02-26T00:36:52+08:00","message":"Config"}
{"level":"debug","ViewChangeTimeout":60000,"time":"2024-02-26T00:36:52+08:00","message":"Config"}
{"level":"debug","ClientTraceSampling":10,"time":"2024-02-26T00:36:52+08:00","message":"Config"}
{"level":"debug","EventBufferSize":2097152,"time":"2024-02-26T00:36:52+08:00","message":"Config"}
{"level":"debug","TraceSampling":1,"time":"2024-02-26T00:36:52+08:00","message":"Config"}
{"level":"debug","ClientsPerProcess":1,"time":"2024-02-26T00:36:52+08:00","message":"Config"}
{"level":"debug","RequestsPerClient":7680,"time":"2024-02-26T00:36:52+08:00","message":"Config"}
{"level":"debug","ClientRunTime":30000,"time":"2024-02-26T00:36:52+08:00","message":"Config"}
{"level":"debug","RequestRate":128,"time":"2024-02-26T00:36:52+08:00","message":"Config"}
{"level":"debug","HardRequestRateLimit":false,"time":"2024-02-26T00:36:52+08:00","message":"Config"}
{"level":"debug","RequestPayloadSize":500,"time":"2024-02-26T00:36:52+08:00","message":"Config"}
{"level":"debug","SignRequests":true,"time":"2024-02-26T00:36:52+08:00","message":"Config"}
{"level":"debug","ClientPrivKeyFile":"tls-data/client-ecdsa-256.key","time":"2024-02-26T00:36:52+08:00","message":"Config"}
{"level":"debug","ClientPubKeyFile":"tls-data/client-ecdsa-256.pem","time":"2024-02-26T00:36:52+08:00","message":"Config"}
{"level":"debug","PrecomputeRequests":false,"time":"2024-02-26T00:36:52+08:00","message":"Config"}
{"level":"debug","RequestHandlerThreads":32,"time":"2024-02-26T00:36:52+08:00","message":"Config"}
{"level":"debug","RequestInputChannelBuffer":8192,"time":"2024-02-26T00:36:52+08:00","message":"Config"}
{"level":"debug","BatchVerifier":"external","time":"2024-02-26T00:36:52+08:00","message":"Config"}
00:36:52.669 INF Registered with discovery server. numPeers=4 ownID=0
00:36:52.670 INF Profiling enabled.
00:36:52.670 INF Setting up profiling.
00:36:52.670 INF Started Profiler: CPU
00:36:52.671 INF Started Profiler: BLOCK
00:36:52.671 INF Started Profiler: MUTEX
00:36:52.671 INF Profiler will stop on signal. exit=true
00:36:52.684 INF Tracing will stop on signal. exit=false
00:36:52.685 INF Started tracing. traceFile=experiment-output/0000/slave-004/peer.trc
00:36:52.686 INF Listening for connections. port=10000 useTLS=true
00:36:52.689 INF Connecting to peer. addr=127.0.0.1:10022 basicConns=4 priorityConns=2
00:36:52.689 INF Connecting to peer. addr=127.0.0.1:10011 basicConns=4 priorityConns=2
00:36:52.695 INF Connecting to peer. addr=127.0.0.1:10033 basicConns=4 priorityConns=2
00:36:52.713 INF Connecting to peer. addr=127.0.0.1:10000 basicConns=4 priorityConns=2
00:49:30.234 INF Stopping profiler.
00:49:30.235 INF Stopping Tracer. events=1507 fileName=experiment-output/0000/slave-004/peer.trc
==================
WARNING: DATA RACE
Read at 0x00c000750b50 by goroutine 89:
  github.com/hyperledger-labs/mirbft/tracing.(*BufferedTrace).Stop()
      /opt/gopath/src/github.com/hyperledger-labs/mirbft/tracing/bufferedtrace.go:238 +0x30e
  github.com/hyperledger-labs/mirbft/tracing.(*BufferedTrace).StopOnSignal.func1()
      /opt/gopath/src/github.com/hyperledger-labs/mirbft/tracing/bufferedtrace.go:299 +0x4e

Previous write at 0x00c000750b50 by goroutine 88:
  github.com/hyperledger-labs/mirbft/tracing.(*BufferedTrace).Event()
      /opt/gopath/src/github.com/hyperledger-labs/mirbft/tracing/bufferedtrace.go:106 +0x2cd
  github.com/hyperledger-labs/mirbft/profiling.StartCPUTracing.func1()
      /opt/gopath/src/github.com/hyperledger-labs/mirbft/profiling/cpuusage.go:31 +0x95

Goroutine 89 (running) created at:
  github.com/hyperledger-labs/mirbft/tracing.(*BufferedTrace).StopOnSignal()
      /opt/gopath/src/github.com/hyperledger-labs/mirbft/tracing/bufferedtrace.go:293 +0x178
  main.setUpTracing()
      /opt/gopath/src/github.com/hyperledger-labs/mirbft/cmd/orderingpeer/main.go:204 +0xf5
  main.main()
      /opt/gopath/src/github.com/hyperledger-labs/mirbft/cmd/orderingpeer/main.go:98 +0x9e4

Goroutine 88 (running) created at:
  github.com/hyperledger-labs/mirbft/profiling.StartCPUTracing()
      /opt/gopath/src/github.com/hyperledger-labs/mirbft/profiling/cpuusage.go:28 +0xb9
  main.setUpTracing()
      /opt/gopath/src/github.com/hyperledger-labs/mirbft/cmd/orderingpeer/main.go:196 +0x85
  main.main()
      /opt/gopath/src/github.com/hyperledger-labs/mirbft/cmd/orderingpeer/main.go:98 +0x9e4
==================
00:49:30.303 INF Trace data written.
00:49:30.323 INF Profile data written. filename=experiment-output/0000/slave-004/prof.mutex name=mutex
00:49:30.536 INF Profile data written. filename=experiment-output/0000/slave-004/prof.cpu name=cpu
00:49:30.569 INF Profile data written. filename=experiment-output/0000/slave-004/prof.block name=block
